<rss xmlns:atom="http://www.w3.org/2005/Atom" xmlns:content="http://purl.org/rss/1.0/modules/content/" xmlns:dc="http://purl.org/dc/elements/1.1/" xmlns:sy="http://purl.org/rss/1.0/modules/syndication/" xmlns:media="http://search.yahoo.com/mrss/" version="2.0">
<channel>
<title>
<![CDATA[ Diario Correo ]]>
</title>
<link>https://diariocorreo.pe</link>
<atom:link href="https://diariocorreo.pe/arc/outboundfeeds/rss/" rel="self" type="application/rss+xml"/>
<description>
<![CDATA[ Diario Correo News Feed ]]>
</description>
<lastBuildDate>Wed, 19 Feb 2025 09:32:29 +0000</lastBuildDate>
<language>es</language>
<ttl>1</ttl>
<sy:updatePeriod>hourly</sy:updatePeriod>
<sy:updateFrequency>1</sy:updateFrequency>
<item>
<title>
<![CDATA[ Junín espera la llegada de más de 200 mil turistas por carnavales ]]>
</title>
<link>https://diariocorreo.pe/edicion/huancayo/junin-espera-la-llegada-de-mas-de-200-mil-turistas-por-carnavales-noticia/</link>
<guid isPermaLink="true">https://diariocorreo.pe/edicion/huancayo/junin-espera-la-llegada-de-mas-de-200-mil-turistas-por-carnavales-noticia/</guid>
<dc:creator>
<![CDATA[ Redacción Diario Correo ]]>
</dc:creator>
<description>
<![CDATA[ Se invitó a los turistas a nivel nacional a ser parte de las festividades de las diversas provincias de la región. ]]>
</description>
<pubDate>Wed, 19 Feb 2025 05:11:21 +0000</pubDate>
<content:encoded>
<![CDATA[ <p><b>El Carnaval de Junín 2025 que está lleno de color y tradición fue lanzado oficialmente en una ceremonia en la sede de PromPerú en Lima. Allí participaron diversas delegaciones de distintas ciudades como Tarma, Satipo, Jauja y Huayucachi (Huancayo). Cada una de ellas llegó con majestuosos trajes típicos, listos para exhibir lo mejor de sus danzas y costumbres en una de las festividades más esperadas del año.</b></p><img src="https://diariocorreo.pe/resizer/v2/S4MVIQ5KSNBIJLJRISAK4RI62E.JPG?width=3008&height=2000&auth=b264bb7e1bba952734320ddd330a6aba8fdf207de4805d99a5740adc3511089a&smart=true" alt="" height="2000" width="3008"/><p>Las celebraciones, que iniciaron la semana pasada con la “Ruta del Huaylas”, se extenderán hasta abril, ofreciendo a los visitantes una experiencia única de música, danza y gastronomía. Se espera la llegada de más de 200,000 turistas, tanto nacionales como extranjeros, para lo cual se han habilitado más de dos mil establecimientos de hospedaje, incluyendo alojamientos en comunidades nativas que brindarán una inmersión cultural auténtica.</p><img src="https://diariocorreo.pe/resizer/v2/6M5MRG2OWNFF7BMB3TJHRLI2DI.JPG?width=3008&height=2000&auth=676e782c3223ea5c7c40ead86a83e7fc18789d4dbfbea0eb07b4e267cca48b42&smart=true" alt="" height="2000" width="3008"/><p>El Carnaval de Junín no solo es una fiesta de alegría, sino también un testimonio del legado cultural de la región. Entre las danzas emblemáticas que se presentarán destacan: La Chonguinada, La Huaconada de Mito, reconocida como Patrimonio Cultural de la Humanidad por la UNESCO, La Huayligia y El Huaylarsh Wanka</p><img src="https://diariocorreo.pe/resizer/v2/CFVQRLA2K5FQRMALTCO2JVQTCU.JPG?width=3008&height=2000&auth=d3e53b3f85c0efe125d454169993b8e6754747a83ec64c786f5d165ae37b75ea&smart=true" alt="" height="2000" width="3008"/><p>Además, tres eventos culturales de la región están en proceso de ser declarados Patrimonio Cultural de la Nación, lo que refuerza el compromiso de preservar y difundir las tradiciones ancestrales del pueblo juninense.</p><img src="https://diariocorreo.pe/resizer/v2/DM647WSLORDCFESBH3FJ56BO7U.JPG?width=1968&height=1312&auth=f184d7faae6e0c100689d16fd086f10e9c5f54e97e20cd591f3ccde400a05e79&smart=true" alt="" height="1312" width="1968"/><p>Este 2025, el Carnaval de Junín promete ser una celebración inolvidable, donde la música, la danza y el espíritu festivo de su gente se unirán para mostrar al mundo la riqueza cultural del Perú.</p><img src="https://diariocorreo.pe/resizer/v2/2QDHNMFXL5CPZGB3DH3GLECPOA.JPG?width=3008&height=2000&auth=87fb03b0411e95091036259feafb3de1b22d37d5cd42cca38f7db0c3a8c59345&smart=true" alt="" height="2000" width="3008"/><h1><b>Un verdadero talento</b></h1><p>Con tan solo 4 años, Tamaya Rodríguez se ha convertido en la estrella más joven del Carnaval de Junín 2025. A pesar de su corta edad y su estatura de poco más de un metro, esta talentosa niña del distrito de Sapallanga (Huancayo) deslumbra con su destreza en el zapateo y su gracia al interpretar la tradicional danza Akshu Tatay.</p><img src="https://diariocorreo.pe/resizer/v2/K6J4FHYBABB5HL5SDMBIAJJJJU.JPG?width=3008&height=2000&auth=22563512ae1b171f8872e77cd5cfc48a5f382b5381ac41c90f9d676eab3092e9&smart=true" alt="" height="2000" width="3008"/><p>Su presentación en el estrado principal generó emoción entre los asistentes, quienes quedaron cautivados por su energía, ritmo y alegría contagiosa. Tamaya es una pieza clave en el elenco de danzantes de su comunidad, destacándose como una promesa del folclore andino.</p> ]]>
</content:encoded>
<media:content url="https://diariocorreo.pe/resizer/v2/KIMO2HV36RFPBIXBDUYZAT43OY.JPG?width=3008&height=2000&auth=49b1138f310ca0df9f7cdac094a71d352a6b0a18a89cddcd4887a9efb635ab93&smart=true" type="image/jpeg" height="2000" width="3008"/>
</item>
<item>
<title>
<![CDATA[ Chanchamayo: Seis meses de prisión preventiva para sujeto por robar a mototaxista ]]>
</title>
<link>https://diariocorreo.pe/edicion/huancayo/chanchamayo-seis-meses-de-prision-preventiva-para-sujeto-por-robar-a-mototaxista-noticia/</link>
<guid isPermaLink="true">https://diariocorreo.pe/edicion/huancayo/chanchamayo-seis-meses-de-prision-preventiva-para-sujeto-por-robar-a-mototaxista-noticia/</guid>
<dc:creator>
<![CDATA[ Mario Aquino ]]>
</dc:creator>
<description>
<![CDATA[ Junto a un menor asaltaron a mototaxista amenazándolo con un cuchillo ]]>
</description>
<pubDate>Wed, 19 Feb 2025 04:43:04 +0000</pubDate>
<content:encoded>
<![CDATA[ <p><b>La Segunda Fiscalía Provincial Penal Corporativa de Satipo a cargo de la Fiscal Provincial Ida Romero Anchiraico, obtuvo 06 meses de prisión preventiva contra Martín V. Q. (19) por el delito de robo agravado y la Fiscal Adjunta Provincial Fátima Lizeth Paz Espinoza de la Fiscalía Provincial de Familia de Satipo obtuvo 40 días de internamiento preventivo a favor de M. C. Z. de 16 años por el mismo delito, en agravio de Jesús L. Q. (43), ocurrido en la provincia de Satipo.</b></p><p>El hecho ocurrió 14 de febrero, aproximadamente a las 13:00 horas, cuando Jesús L. Q. quien conducía su mototaxi fue abordado por Martin V. Q. y su cómplice menor de edad cerca del centro de convenciones de Satipo, el investigado le solicitó una carrera hacia Mazamari y pagaría 30 soles por el servicio.</p><p>Al llegar al centro poblado Sanibeni, el menor de edad le dijo para cambiar de ruta hacia una zona donde se encontraría con su mamá, al llegar a un descampado Martín V. Q. sacó un cuchillo y lo amenazó de muerte, mientras que el menor de edad se apoderó del dinero que se encontraba en la motokar, además de todos los sencillos que se encontraba en el bolsillo de la víctima, el investigado se apropió de 200 soles y un celular, para luego huir del lugar con su cómplice.</p><p>Los representantes del Ministerio Público al conocer la denuncia iniciaron inmediatamente las diligencias urgentes e inaplazables y presentaron elementos de convicción como el acta de deslacrado, acta de Reconocimiento Físico en Rueda del investigado, el acta de intervención policial, la declaración del agraviado, entre otros. El investigado Martín V. Q. (19) se encuentra recluido en el penal de Rio Negro – Satipo, mientras tanto, el menor de edad se encuentra internado en el Centro Juvenil de Diagnóstico y Rehabilitación de Menores de El Tambo – Huancayo, donde llevaran su proceso.</p> ]]>
</content:encoded>
<media:content url="https://diariocorreo.pe/resizer/v2/VLYQ7D47YNCGRAS7GSZEBEI6FM.jpeg?width=1196&height=1600&auth=34fe8433034f9b8da242bca49f72433ec9002af2b4586c6c1cba2c18f5f039cf&smart=true" type="image/jpeg" height="1600" width="1196"/>
</item>
<item>
<title>
<![CDATA[ Ministerio del Interior sobre demora en captura de Vladimir Cerrón: “El trabajo de un pesquisa es silencioso” ]]>
</title>
<link>https://diariocorreo.pe/politica/ministerio-del-interior-sobre-demora-en-captura-de-vladimir-cerron-el-trabajo-de-un-pesquisa-es-silencioso-noticia/</link>
<guid isPermaLink="true">https://diariocorreo.pe/politica/ministerio-del-interior-sobre-demora-en-captura-de-vladimir-cerron-el-trabajo-de-un-pesquisa-es-silencioso-noticia/</guid>
<dc:creator>
<![CDATA[ Redacción Diario Correo ]]>
</dc:creator>
<description>
<![CDATA[ El vocero del Mininter afirma que continúan los trabajos para dar con el paradero del prófugo líder de Perú Libre. "Estamos seguros de que muy pronto tendremos noticias", asegura. ]]>
</description>
<pubDate>Wed, 19 Feb 2025 03:56:07 +0000</pubDate>
<content:encoded>
<![CDATA[ <ul><li><a href="https://diariocorreo.pe/edicion/huancayo/juntan-firmas-para-mocion-de-censura-contra-el-ministro-del-interior-noticia/">Juntan firmas para moción de censura contra el ministro del Interior</a></li><li><a href="https://diariocorreo.pe/politica/ministro-del-interior-yo-no-me-guio-de-las-encuestas-ni-trabajo-en-base-a-ellas-noticia/">Ministro del Interior: “Yo no me guío de las encuestas ni trabajo en base a ellas”</a></li></ul><p><b>El vocero del Ministerio del Interior, Carlos López Aedo, se pronunció respecto a Vladimir Cerrón, pues se encuentra prófugo de la justicia por más de 500 días. Por ese motivo, brindó detalles de lo que está realizando dicha cartera, encabezada por Juan José Santiváñez.</b></p><p>El general en retiro aclaró que varios casos policiales se pueden complicar en el transcurso de las investigaciones, ya que algunos pueden ser resueltos en un solo día, mientras que otros pueden tardar meses.</p><p>“<i>Existen muchos casos policiales en el que se puede capturar al día siguiente o al año siguiente. El trabajo de un pesquisa es silencioso, una de sus virtudes es la paciencia y en este caso estamos seguros de que muy pronto tendremos noticias tal como nos han informado nuestros altos mandos policiales</i>”, declaró López Aedo a Exitosa.</p><p>Asimismo, el vocero del Mininter informó que las respectivas unidades especiales como la de inteligencia e investigación criminal realizan operativos de la mano de fuentes humanas que brindan información.</p><p>“<i>Ha habido varios operativos, como es de conocimiento público, para dar con ubicación y su captura. Se continúa con ese trabajo hay un equipo especial de la policía judicial que es el equipo de capturas y una unidad de investigación criminal y de inteligencia que continúan trabajando con fuentes humanas y tecnológicas a través de las redes para poder ubicarlo y capturarlo, esperamos que muy pronto sea</i>”, agregó.</p><h2><b>Juan José Santiváñez presentó al coronel Carlos López Aedo como nuevo vocero oficial del Mininter</b></h2><p>Este último lunes, durante una conferencia de prensa, el ministro del Interior, Juan José Santiváñez, presentó al coronel PNP Carlos López Aedo como su nuevo vocero oficial.</p><p>Santiváñez dijo que López Aedo será el encargado de informar a la ciudadanía sobre las acciones principales de dicho sector, al igual que los operativos policiales y el avance en casos relevantes y de interés.</p><p>En su primer reporte del 10 al 16 de febrero, López Aedo, quien fue nombrado Director de Asuntos Internacionales de la Policía Nacional del Perú (PNP) en 2024, indicó que han detenido en flagrancia a 6225 personas, también incautaron 181 armas de fuego.</p><p>Agregó también que capturaron a 1499 requisitoriados y se desarticularon 295 bandas criminales.</p><p>Cabe señalar que en la pandemia del Covid-19, Carlos López Aedo desempeñó el cargo de director de Comunicación e Imagen de la PNP. Luego de director de Asuntos Internacionales de la Policía Nacional del Perú (PNP) y como jefe del Escuadrón Verde.</p><h2><mark class="hl_yellow"><b>TE PUEDE INTERESAR</b></mark></h2><ul><li><a href="https://diariocorreo.pe/politica/ministro-santivanez-pide-inhabilitar-por-10-anos-a-la-fiscal-de-la-nacion-delia-espinoza-noticia/"><b>Ministro Santiváñez pide inhabilitar por 10 años a la fiscal de la Nación, Delia Espinoza</b></a></li><li><a href="https://diariocorreo.pe/politica/ministros-adrianzen-y-quero-no-asistieron-a-citacion-del-congreso-noticia/"><b>Ministros Adrianzén y Quero no asistieron a citación del Congreso</b></a></li><li><a href="https://diariocorreo.pe/edicion/la-libertad/lluvias-dejan-seis-muertos-en-la-sierra-de-la-libertad-peru-noticia/"><b>Lluvias dejan seis muertos en la sierra de La Libertad</b></a></li><li><a href="https://diariocorreo.pe/edicion/huancayo/la-oroya-buscan-a-conductor-y-cuatro-pasajeros-que-fueron-tragados-por-el-rio-mantaro-noticia/"><b>La Oroya: Buscan a conductor y cuatro pasajeros que fueron tragados por el río Mantaro</b></a></li><li><a href="https://diariocorreo.pe/edicion/huancayo/la-oroya-tras-accidente-madre-tiene-la-esperanza-de-hallar-con-vida-a-su-hija-noticia/"><b>La Oroya: Tras accidente madre tiene la esperanza de hallar con vida a su hija</b></a></li></ul> ]]>
</content:encoded>
<media:content url="https://diariocorreo.pe/resizer/v2/FWI6SMDRIJFXDD4SIYVY5T232M.jpg?width=1200&height=900&auth=c905c4061330e81698420488cbaecc8ba14e10627d0164a67dfa08008292e0aa&smart=true" type="image/jpeg" height="900" width="1200">
<media:description type="plain">
<![CDATA[ Vladimir Cerrón sigue prófugo de la justicia. (Foto: GEC) ]]>
</media:description>
<media:credit role="author" scheme="urn:ebu">GEC</media:credit>
</media:content>
</item>
<item>
<title>
<![CDATA[ Minjus rechaza cambios en la Ley de Extinción de Dominio ]]>
</title>
<link>https://diariocorreo.pe/politica/minjus-rechaza-cambios-en-la-ley-de-extincion-de-dominio-ministerio-de-justicia-y-derechos-humanos-noticia/</link>
<guid isPermaLink="true">https://diariocorreo.pe/politica/minjus-rechaza-cambios-en-la-ley-de-extincion-de-dominio-ministerio-de-justicia-y-derechos-humanos-noticia/</guid>
<dc:creator>
<![CDATA[ Redacción Diario Correo ]]>
</dc:creator>
<description>
<![CDATA[ El Ministerio de Justicia y Derechos Humanos (Minjus) reiteró su rechazo a la propuesta del Congreso para modificar la Ley de Extinción de Dominio, advirtiendo que estos cambios podrían beneficiar a organizaciones criminales y delincuentes dedicados al lavado de activos. ]]>
</description>
<pubDate>Wed, 19 Feb 2025 03:29:26 +0000</pubDate>
<content:encoded>
<![CDATA[ <p><b>El Ministerio de Justicia y Derechos Humanos (Minjus) reiteró su rechazo a la propuesta del Congreso para modificar la Ley de Extinción de Dominio, advirtiendo que estos cambios podrían beneficiar a organizaciones criminales y delincuentes dedicados al lavado de activos.</b></p><p>A través de un comunicado, el Minjus destacó que, desde 2019, el Programa Nacional de Bienes Incautados (Pronabi) ha administrado y gestionado bienes recuperados del crimen, evitando que sigan en manos de redes delictivas. Según sus cifras, en los últimos años se ha registrado un aumento significativo en la recuperación de bienes, alcanzando un crecimiento del 44 % en 2024.</p><p>La entidad subrayó que cualquier intento de reducir el alcance de la normativa afectaría directamente la lucha contra la corrupción, el lavado de activos y el crimen organizado. Finalmente, reafirmó su compromiso de seguir combatiendo estos delitos en defensa de la seguridad ciudadana.</p><p><blockquote class="twitter-tweet"><p lang="es" dir="ltr">Ante la propuesta normativa del Congreso de la República que propone modificar el proceso de extinción de dominio contemplado en el Decreto Legislativo n.° 1373, el Ministerio de Justicia y Derechos Humanos ratifica y reitera su posición expresada el 17 de diciembre de 2024,… <a href="https://t.co/pRQDKuFs8t">pic.twitter.com/pRQDKuFs8t</a></p>&mdash; Ministerio de Justicia y Derechos Humanos (@MinjusDH_Peru) <a href="https://twitter.com/MinjusDH_Peru/status/1891986510397767903?ref_src=twsrc%5Etfw">February 18, 2025</a></blockquote> <script async src="https://platform.twitter.com/widgets.js" charset="utf-8"></script></p><h2><b>Fiscal de la Nación alerta que cambios en Ley de Extinción de Dominio favorecerían a criminales</b></h2><p>La fiscal de la Nación, Delia Espinoza, advirtió que la propuesta para modificar la Ley de Extinción de Dominio pondría en riesgo la lucha contra la corrupción y el crimen organizado. Según Espinoza, los cambios limitarían la recuperación de bienes ilícitos y permitirían que los delincuentes oculten sus activos antes de una sentencia firme.</p><p>Además, alertó que una demanda ante el Tribunal Constitucional podría afectar más de 5500 casos en curso. Recordó que la ley ha permitido recuperar más de 560 millones de soles en bienes y dinero de origen ilícito.</p><p><blockquote class="twitter-tweet"><p lang="es" dir="ltr">🚨 <a href="https://twitter.com/hashtag/Urgente?src=hash&amp;ref_src=twsrc%5Etfw">#Urgente</a> | Fiscal de la Nación, Delia Espinoza Valenzuela, alerta que la lucha contra la corrupción y la delincuencia está en riesgo. Quieren modificar la Ley de Extinción de Dominio, limitando la recuperación de bienes ilícitos, favoreciendo la impunidad. <a href="https://t.co/Ygu5uI1uTy">pic.twitter.com/Ygu5uI1uTy</a></p>&mdash; Ministerio Público (@FiscaliaPeru) <a href="https://twitter.com/FiscaliaPeru/status/1891951347085238441?ref_src=twsrc%5Etfw">February 18, 2025</a></blockquote> <script async src="https://platform.twitter.com/widgets.js" charset="utf-8"></script></p><p><br/></p><h2><mark class="hl_yellow"><b>TE PUEDE INTERESAR</b></mark></h2><ul><li><a href="https://diariocorreo.pe/politica/ministro-santivanez-pide-inhabilitar-por-10-anos-a-la-fiscal-de-la-nacion-delia-espinoza-noticia/"><b>Ministro Santiváñez pide inhabilitar por 10 años a la fiscal de la Nación, Delia Espinoza</b></a></li><li><a href="https://diariocorreo.pe/politica/ministros-adrianzen-y-quero-no-asistieron-a-citacion-del-congreso-noticia/"><b>Ministros Adrianzén y Quero no asistieron a citación del Congreso</b></a></li><li><a href="https://diariocorreo.pe/edicion/la-libertad/lluvias-dejan-seis-muertos-en-la-sierra-de-la-libertad-peru-noticia/"><b>Lluvias dejan seis muertos en la sierra de La Libertad</b></a></li><li><a href="https://diariocorreo.pe/edicion/huancayo/la-oroya-buscan-a-conductor-y-cuatro-pasajeros-que-fueron-tragados-por-el-rio-mantaro-noticia/"><b>La Oroya: Buscan a conductor y cuatro pasajeros que fueron tragados por el río Mantaro</b></a></li><li><a href="https://diariocorreo.pe/edicion/huancayo/la-oroya-tras-accidente-madre-tiene-la-esperanza-de-hallar-con-vida-a-su-hija-noticia/"><b>La Oroya: Tras accidente madre tiene la esperanza de hallar con vida a su hija</b></a></li></ul> ]]>
</content:encoded>
<media:content url="https://diariocorreo.pe/resizer/v2/TLZLG5CCENH4ZNU7Z7OLE6ZIUM.jpg?width=1200&height=800&auth=5c00afa7dfda7484668b2e90e625cc0143fdc61514a1e387304062c00238e484&smart=true" type="image/jpeg" height="800" width="1200">
<media:description type="plain">
<![CDATA[ INPE advierte plantón en el Ministerio de Justicia. Foto: gob.pe ]]>
</media:description>
<media:credit role="author" scheme="urn:ebu">MANUEL MELGAR</media:credit>
</media:content>
</item>
<item>
<title>
<![CDATA[ Rafael López Aliaga acusa al alcalde de Puente Piedra de impedir instalación de pozos de agua ]]>
</title>
<link>https://diariocorreo.pe/edicion/lima/rafael-lopez-aliaga-acusa-al-alcalde-de-puente-piedra-de-impedir-instalacion-de-pozos-de-agua-noticia/</link>
<guid isPermaLink="true">https://diariocorreo.pe/edicion/lima/rafael-lopez-aliaga-acusa-al-alcalde-de-puente-piedra-de-impedir-instalacion-de-pozos-de-agua-noticia/</guid>
<dc:creator>
<![CDATA[ Redacción Diario Correo ]]>
</dc:creator>
<description>
<![CDATA[ El alcalde de Lima aseguró que Rennán Espinoza se opone "a que se lleve agua a la gente". ]]>
</description>
<pubDate>Wed, 19 Feb 2025 02:53:37 +0000</pubDate>
<content:encoded>
<![CDATA[ <ul><li> <a href="https://diariocorreo.pe/politica/rafael-lopez-aliaga-volveria-a-firmar-contrato-a-favor-de-oas-noticia/">Rafael López Aliaga volvería a firmar contrato a favor de OAS</a></li><li> <a href="https://diariocorreo.pe/edicion/lima/rafael-lopez-aliaga-sobre-extincion-del-proyecto-especial-legado-es-pesimo-noticia/">Rafael López Aliaga sobre extinción del Proyecto Especial Legado: “Es pésimo”</a></li></ul><p><b>El alcalde de Lima, Rafael López Aliaga, afirmó que el alcalde de Puente Piedra, Rennán Espinoza, no permite la ejecución de obras para la instalación de puntos de agua de emergencia en dicho distrito.</b></p><p>“<i>Su alcalde, Rennán Espinoza, [está] llevándose [u] oponiéndose a que se lleve agua a la gente. Por favor, sé más machito, pues compadre, da la cara. […] Es que bien cobarde, manda toda su fiscalización, a toda su gente para levantar, quería levantarse este equipo también, quería llevárselo. Se ha llevado herramientas de Fundación Lima. Está denunciado penalmente este señor. Yo no voy a parar hasta verlo en la cárcel</i>”, sostuvo el burgomaestre.</p><p>Dichas declaraciones las brindó López Aliaga durante el discurso que brindó luego de colocar la primera piedra del nuevo punto del programa Agua de Emergencia. </p><p>Esta iniciativa permitirá dotar de este recurso básico a miles de familias de la zona alta de La Grama, en Puente Piedra. </p><h2><b>Rafael López Aliaga volvería a firmar contrato a favor de OAS</b></h2><p>El alcalde de Lima, Rafael López Aliaga, aseguró que volvería a firmar el contrato&nbsp;a favor de iniciar la concesión de peajes a la empresa brasileña OAS que fue relacionada con Odebrecht.</p><p>Después de haber criticado la gestión de Susana Villaran por la obra de Línea Amarilla con OAS, López Aliaga reconoció el 13 de febrero que en 2009, en su cargo de regidor, votó a favor, luego de que el congresista José Luna revelara el contrato con su firma.</p><p>En el programa de Exitosa, la autoridad edil indicó que no se habría podido rechazar dicha propuesta, considerando lo que se aprobó en sesión de concejo y se evaluó por diversas gerencias antes de ser sometida.</p><p><i>“El tema de la inversión de OAS, yo lo volvería a firmar (...) Yo no voy a rechazar 600 millones de dólares, sabiendo que lo que se aprobó en consejo, es que van a cobrar en 10 años (...) En 2009, 600 millones de dólares cobrar los peajes al décimo año, esa es la cosa aprobada por mí”,</i>&nbsp;declaró en el programa radial.</p><p>Por su parte, nuevamente responsabilizó a Villaran por este contrato y la acuso de modificar el contrato original, ello al extender la concesión por diez años y al aumentar el costo del peaje. Del mismo modo, la calificó como una “ladrona” y una “desgraciada”.</p><p><i>“(Susana Villarán) le metió 10 años más al contrato, no era necesario. Tercero, eleva el peaje de S/3 a S/4 (...) Esta desgraciada quita el Metropolitana. Desgraciada ella por ladrona, por ‘chora’. Ella y sus cómplices (...)”</i>, agregó a nuestro medio.</p><h2><mark class="hl_yellow"><b>TE PUEDE INTERESAR</b></mark></h2><ul><li><a href="https://diariocorreo.pe/politica/ministro-santivanez-pide-inhabilitar-por-10-anos-a-la-fiscal-de-la-nacion-delia-espinoza-noticia/"><b>Ministro Santiváñez pide inhabilitar por 10 años a la fiscal de la Nación, Delia Espinoza</b></a></li><li><a href="https://diariocorreo.pe/politica/ministros-adrianzen-y-quero-no-asistieron-a-citacion-del-congreso-noticia/"><b>Ministros Adrianzén y Quero no asistieron a citación del Congreso</b></a></li><li><a href="https://diariocorreo.pe/edicion/la-libertad/lluvias-dejan-seis-muertos-en-la-sierra-de-la-libertad-peru-noticia/"><b>Lluvias dejan seis muertos en la sierra de La Libertad</b></a></li><li><a href="https://diariocorreo.pe/edicion/huancayo/la-oroya-buscan-a-conductor-y-cuatro-pasajeros-que-fueron-tragados-por-el-rio-mantaro-noticia/"><b>La Oroya: Buscan a conductor y cuatro pasajeros que fueron tragados por el río Mantaro</b></a></li><li><a href="https://diariocorreo.pe/edicion/huancayo/la-oroya-tras-accidente-madre-tiene-la-esperanza-de-hallar-con-vida-a-su-hija-noticia/"><b>La Oroya: Tras accidente madre tiene la esperanza de hallar con vida a su hija</b></a></li></ul><p><br/></p><p><br/></p> ]]>
</content:encoded>
<media:content url="https://diariocorreo.pe/resizer/v2/ZCUS4KR2JZDZVLBJ3JMV3VTRPQ.jpeg?width=1000&height=600&auth=63c63cb718aa45d0160306a744895c0411c6c221e35add1a10e5d323a1c07fb9&smart=true" type="image/jpeg" height="600" width="1000">
<media:description type="plain">
<![CDATA[ (Foto: gob.pe) ]]>
</media:description>
</media:content>
</item>
<item>
<title>
<![CDATA[ Van 12 bandas para el Concurso de Baile de Negritos Tradicionales de Ica ]]>
</title>
<link>https://diariocorreo.pe/edicion/ica/van-12-bandas-para-el-concurso-de-baile-de-negritos-tradicionales-de-ica-noticia/</link>
<guid isPermaLink="true">https://diariocorreo.pe/edicion/ica/van-12-bandas-para-el-concurso-de-baile-de-negritos-tradicionales-de-ica-noticia/</guid>
<dc:creator>
<![CDATA[ José Chacaliaza Ramos ]]>
</dc:creator>
<description/>
<pubDate>Wed, 19 Feb 2025 02:41:15 +0000</pubDate>
<content:encoded>
<![CDATA[ <p><b>Bajo el lema “Volviendo al Origen”, del 07 al 17 de marzo se realizará la 60° Edición del Festival Internacional de la Vendimia de Ica 2025. La celebración especial garantiza un festival que rescatará la </b><a href="https://diariocorreo.pe/edicion/ica/palpa-cuadrilla-de-negritos-cautivan-en-la-bajada-de-reyes-magos-noticia/" target="_self" rel="" title="https://diariocorreo.pe/edicion/ica/palpa-cuadrilla-de-negritos-cautivan-en-la-bajada-de-reyes-magos-noticia/"><b>tradición y la cultura,</b></a><b> ofreciendo un programa que reúne cerca de 40 actividades en el campo ferial de Ica, la Ruta de Lagares y </b><a href="https://diariocorreo.pe/edicion/ica/ica-cuadrillas-de-negritos-danzaron-en-templos-para-adorar-al-nino-jesus-noticia/" target="_self" rel="" title="https://diariocorreo.pe/edicion/ica/ica-cuadrillas-de-negritos-danzaron-en-templos-para-adorar-al-nino-jesus-noticia/"><b>en las campiñas.</b></a></p><h2><b>Tradición y cultura</b></h2><p>Desde la Comisión del FIVI 2025, se detalló que entre las actividades ya se cuentan con 12 increíbles bandas de negritos para participar en el Concurso de Baile de Negritos Tradicionales de Ica. Se desarrollará el 7 y 9 de marzo en el Campo Ferial de Ica “Alfredo Elías Vargas”, hasta dónde puede llegar la población a visitar a su banda favorita.</p><p>La experiencia inolvidable garantizará que la ciudadanía pueda deleitarse con el talento y pasión de los negritos, como parte de la celebración de la tradición y cultura de Ica. El FIVI 2025 tendrá un despliegue de arte, historia y emoción.</p><h2><b>VIDEO RECOMENDADO</b></h2><p><iframe width="560" height="315" src="https://www.youtube.com/embed/9nrfyaYYz4g?si=zAJumZo4iQPNbs5X" title="YouTube video player" frameborder="0" allow="accelerometer; autoplay; clipboard-write; encrypted-media; gyroscope; picture-in-picture; web-share" referrerpolicy="strict-origin-when-cross-origin" allowfullscreen></iframe></p> ]]>
</content:encoded>
<media:content url="https://diariocorreo.pe/resizer/v2/Z6BG2ORV3VFWHHKFLSI7H2BN7U.jpg?width=2048&height=1532&auth=c7abe621dcd91a25b2e98f707b98ab235c414726b1a0c322070cd7c8af588a1e&smart=true" type="image/jpeg" height="1532" width="2048"/>
</item>
<item>
<title>
<![CDATA[ Fiscalía investiga presuntas irregularidades en la contratación de funcionaria de la Contraloría ]]>
</title>
<link>https://diariocorreo.pe/politica/fiscalia-investiga-presuntas-irregularidades-en-la-contratacion-de-funcionaria-de-la-contraloria-noticia/</link>
<guid isPermaLink="true">https://diariocorreo.pe/politica/fiscalia-investiga-presuntas-irregularidades-en-la-contratacion-de-funcionaria-de-la-contraloria-noticia/</guid>
<dc:creator>
<![CDATA[ Redacción Diario Correo ]]>
</dc:creator>
<description>
<![CDATA[ El Ministerio Público ha abierto una investigación preliminar por presuntas irregularidades en la designación y pago de remuneraciones de Vanessa Walde, quien ocupa el cargo de subgerente de Fiscalización en la Contraloría General de la República. ]]>
</description>
<pubDate>Wed, 19 Feb 2025 02:38:37 +0000</pubDate>
<content:encoded>
<![CDATA[ <p><b>El Ministerio Público ha abierto una investigación preliminar por presuntas irregularidades en la designación y pago de remuneraciones de Vanessa Walde, quien ocupa el cargo de subgerente de Fiscalización en la Contraloría General de la República.</b></p><p>La indagación está a cargo del fiscal provincial Raúl Ernesto Martínez Huamán, del quinto despacho de la Segunda Fiscalía Provincial Corporativa Especializada en Delitos de Corrupción de Funcionarios de Lima Centro. Se investiga la posible comisión de los delitos de negociación incompatible y cobro indebido, luego de que un reportaje de Cuarto Poder revelara que Walde habría sido nombrada sin cumplir los requisitos exigidos y que seguiría percibiendo su sueldo pese a encontrarse fuera del país desde el 14 de enero.</p><p>El fiscal adjunto Leonardo Alex Rosales Zavala ha ordenado diligencias preliminares, incluyendo la recopilación de documentos en la sede principal de la Contraloría, con el objetivo de esclarecer si hubo irregularidades en su contratación y pagos.</p><p>Además, se ha puesto en la mira un informe firmado por Walde en el que se descartaban indicios de enriquecimiento ilícito en las cuentas de la presidenta Dina Boluarte. La funcionaria es hija del exjuez supremo Vicente Walde Jáuregui, y la Fiscalía busca determinar si su nombramiento estuvo influenciado por intereses ajenos a la función pública.</p><p><blockquote class="twitter-tweet"><p lang="es" dir="ltr">🚨 <a href="https://twitter.com/hashtag/Fiscal%C3%ADaAct%C3%BAa?src=hash&amp;ref_src=twsrc%5Etfw">#FiscalíaActúa</a> | Segunda Fiscalía Provincial Corporativa Especializada en Delitos de Corrupción de Funcionarios de Lima Centro (Quinto Despacho) inició investigación preliminar para esclarecer las presuntas irregularidades en la designación y remuneración de la subgerente de… <a href="https://t.co/9qu3HL6XSh">pic.twitter.com/9qu3HL6XSh</a></p>&mdash; Ministerio Público (@FiscaliaPeru) <a href="https://twitter.com/FiscaliaPeru/status/1891983492269080759?ref_src=twsrc%5Etfw">February 18, 2025</a></blockquote> <script async src="https://platform.twitter.com/widgets.js" charset="utf-8"></script></p><h2><mark class="hl_yellow"><b>TE PUEDE INTERESAR</b></mark></h2><ul><li><a href="https://diariocorreo.pe/politica/ministro-santivanez-pide-inhabilitar-por-10-anos-a-la-fiscal-de-la-nacion-delia-espinoza-noticia/"><b>Ministro Santiváñez pide inhabilitar por 10 años a la fiscal de la Nación, Delia Espinoza</b></a></li><li><a href="https://diariocorreo.pe/politica/ministros-adrianzen-y-quero-no-asistieron-a-citacion-del-congreso-noticia/"><b>Ministros Adrianzén y Quero no asistieron a citación del Congreso</b></a></li><li><a href="https://diariocorreo.pe/edicion/la-libertad/lluvias-dejan-seis-muertos-en-la-sierra-de-la-libertad-peru-noticia/"><b>Lluvias dejan seis muertos en la sierra de La Libertad</b></a></li><li><a href="https://diariocorreo.pe/edicion/huancayo/la-oroya-buscan-a-conductor-y-cuatro-pasajeros-que-fueron-tragados-por-el-rio-mantaro-noticia/"><b>La Oroya: Buscan a conductor y cuatro pasajeros que fueron tragados por el río Mantaro</b></a></li><li><a href="https://diariocorreo.pe/edicion/huancayo/la-oroya-tras-accidente-madre-tiene-la-esperanza-de-hallar-con-vida-a-su-hija-noticia/"><b>La Oroya: Tras accidente madre tiene la esperanza de hallar con vida a su hija</b></a></li></ul> ]]>
</content:encoded>
<media:content url="https://diariocorreo.pe/resizer/v2/U767HOWO4BF6HBPH5MEQFRR65E.jpg?width=1200&height=800&auth=05ea3204d17f25fef58a99fc19299a6a9f7436eada2d021f2873fe90312883a8&smart=true" type="image/jpeg" height="800" width="1200">
<media:description type="plain">
<![CDATA[ La indagación está a cargo del fiscal provincial Raúl Ernesto Martínez Huamán, del quinto despacho de la Segunda Fiscalía Provincial Corporativa Especializada en Delitos de Corrupción de Funcionarios de Lima Centro. (Foto: Difusión) ]]>
</media:description>
</media:content>
</item>
<item>
<title>
<![CDATA[ Gustavo Adrianzén tras denuncia presentada por Santiváñez contra fiscal de la Nación: “Está en todo su derecho” ]]>
</title>
<link>https://diariocorreo.pe/politica/gustavo-adrianzen-tras-denuncia-presentada-por-santivanez-contra-fiscal-de-la-nacion-esta-en-todo-su-derecho-noticia/</link>
<guid isPermaLink="true">https://diariocorreo.pe/politica/gustavo-adrianzen-tras-denuncia-presentada-por-santivanez-contra-fiscal-de-la-nacion-esta-en-todo-su-derecho-noticia/</guid>
<dc:creator>
<![CDATA[ Redacción Diario Correo ]]>
</dc:creator>
<description>
<![CDATA[ El Premier aseguró que la denuncia constitucional presentada por Juan José Santiváñez no fue en su condición de ministro, sino en “términos personales”. ]]>
</description>
<pubDate>Wed, 19 Feb 2025 01:57:44 +0000</pubDate>
<content:encoded>
<![CDATA[ <ul><li> <a href="https://diariocorreo.pe/edicion/lima/gustavo-adrianzen-confirma-que-presidente-del-ipd-propuso-eliminar-el-proyecto-legado-noticia/">Gustavo Adrianzén confirma que presidente del IPD propuso eliminar el Proyecto Legado</a></li><li> <a href="https://diariocorreo.pe/politica/gustavo-adrianzen-sobre-colapso-de-puente-en-chancay-no-vamos-a-permitir-la-impunidad-noticia/">Gustavo Adrianzén sobre colapso de puente en Chancay: “No vamos a permitir la impunidad”</a></li></ul><p><b>Gustavo Adrianzén respaldo la denuncia constitucional presentada por el ministro del Interior, Juan José Santiváñez, contra la fiscal de la Nación, Delia Espinoza, ante el Congreso por el presunto delito de abuso de autoridad e infracción a la Carta Magna.</b></p><p>El Premier dijo que dicha denuncia fue presentada por Santiváñez no en su condición de ministro, sino en “términos personales”, pues considera que se siente afectado por la revelación “indebida” de información de un proceso reservado.</p><p>“<i>La denuncia constitucional que ha interpuesto el señor ministro del Interior es personal, no en su condición de ministro porque se siente afectado por información personal que habría sido divulgada indebidamente en un proceso que es reservado</i>”, sostuvo.</p><p>“<i>Está en todo su derecho de hacerlo y queda esperar que la administración de justicia, con un debido proceso, pueda resolver este tema. La denuncia fue interpuesta en términos personales por el ministro</i>”, agregó Santiváñez tras reunirse con los alcaldes de Tacna, Arequipa, Moquegua y Puno.</p><h2><b>Juan José Santiváñez defendió denuncia contra fiscal de la Nación: “Ningún funcionario es absolutamente indispensable”</b></h2><p><b>El ministro del Interior, Juan José Santiváñez, respaldó la denuncia constitucional presentada contra la fiscal de la Nación, Delia Espinoza, quien es acusada del presunto delito de abuso de autoridad. Dicha denuncia se basa en la presunta divulgación de información reservada respecto a una investigación en curso.</b></p><p>Asimismo, el titular del Mininter solicitó que Espinoza sea inhabilitada por diez años para ejercer cargos públicos.</p><p>De acuerdo con Santiváñez, la fiscal habría infringido la Ley de Carrera Fiscal y la Constitución al permitir la difusión de la providencia número 70, este documento tendría información de carácter reservado.</p><p>“<i>Las instituciones no somos personas. El Ministerio del Interior va a seguir trabajando esté o no esté este ministro. La Fiscalía de la Nación igual. Lo que hemos hecho es interponer una denuncia constitucional por la afectación al artículo 159 de la Constitución, numeral 2 y 4, en lo que refiere a lo que constituye una garantía del derecho al debido proceso y a la violación de todas las investigaciones cuando las hace públicas. Termina un funcionario denunciado e inmediatamente todo está en los medios de comunicación porque la fiscalía lo comparte, aun cuando el artículo 46 y 47 del Ministerio Público indica que las investigaciones son reservadas</i>”, expreso en una conferencia de prensa.</p><p>“<i>Lo que se ha hecho es hacer ejercicio legítimo de un derecho. Esté o no esté la señora, la fiscalía va a continuar, va a seguir trabajando. Ningún funcionario es absolutamente indispensable. Reitero, las instituciones son instituciones, no personas</i>”, añadió Juan José Santiváñez.</p><h2><b>Juan José Santiváñez presenta denuncia constitucional contra la fiscal de la Nación</b></h2><p>El ministro del Interior, Juan José Santiváñez, presentó una denuncia constitucional contra la fiscal de la Nación, Delia Espinoza, ante la Subcomisión de Acusaciones Constitucionales del Congreso.</p><p>Dicho documento, que consta de 56 páginas, Santiváñez solicitó la inhabilitación de Espinoza por un período de hasta diez años.</p><p>La denuncia está relacionada con la investigación contra el titular del Mininter por presunto abuso de autoridad.</p><p>“<i>Solicito se declare la responsabilidad de la autoridad denunciada, al cometer infracción a la Constitución y se proceda con su inhabilitación para el ejercicio del cargo público por diez años</i>”, se lee en el documento.</p><p>De acuerdo con el titular del Mininter, la fiscal habría incurrido en infracción constitucional tras divulgar información reservada sobre el caso.</p><p>El texto indica que la fiscal habría difundido detalles de la investigación mediante la providencia número 70, sin respetar el carácter confidencial del proceso.</p><p>Santiváñez indica que dicha divulgación demuestra un desconocimiento de la normativa legal por parte de Delia Espinoza y la acusa por utilizar la información con fines mediáticos.</p><p>La Subcomisión de Acusaciones Constitucionales tendrá que evaluar la denuncia y determinarán si procede iniciar el proceso para una posible inhabilitación a la fiscal de la Nación.</p><h2><mark class="hl_yellow"><b>TE PUEDE INTERESAR</b></mark></h2><ul><li><a href="https://diariocorreo.pe/politica/ministro-santivanez-pide-inhabilitar-por-10-anos-a-la-fiscal-de-la-nacion-delia-espinoza-noticia/"><b>Ministro Santiváñez pide inhabilitar por 10 años a la fiscal de la Nación, Delia Espinoza</b></a></li><li><a href="https://diariocorreo.pe/politica/ministros-adrianzen-y-quero-no-asistieron-a-citacion-del-congreso-noticia/"><b>Ministros Adrianzén y Quero no asistieron a citación del Congreso</b></a></li><li><a href="https://diariocorreo.pe/edicion/la-libertad/lluvias-dejan-seis-muertos-en-la-sierra-de-la-libertad-peru-noticia/"><b>Lluvias dejan seis muertos en la sierra de La Libertad</b></a></li><li><a href="https://diariocorreo.pe/edicion/huancayo/la-oroya-buscan-a-conductor-y-cuatro-pasajeros-que-fueron-tragados-por-el-rio-mantaro-noticia/"><b>La Oroya: Buscan a conductor y cuatro pasajeros que fueron tragados por el río Mantaro</b></a></li><li><a href="https://diariocorreo.pe/edicion/huancayo/la-oroya-tras-accidente-madre-tiene-la-esperanza-de-hallar-con-vida-a-su-hija-noticia/"><b>La Oroya: Tras accidente madre tiene la esperanza de hallar con vida a su hija</b></a></li></ul><p><br/></p> ]]>
</content:encoded>
<media:content url="https://diariocorreo.pe/resizer/v2/Q5NFX4E7XNC4VA3GGA7I44XG6I.jpg?width=2048&height=1365&auth=5e8e780bced3159c885205e9abd851db8b433763dfe5cc1042971edca4a4cf7c&smart=true" type="image/jpeg" height="1365" width="2048">
<media:description type="plain">
<![CDATA[ (Foto: PCM) ]]>
</media:description>
<media:credit role="author" scheme="urn:ebu">JUANPA AZABACHE</media:credit>
</media:content>
</item>
<item>
<title>
<![CDATA[ ¿Cuánto obtuvo de rating El Reventonazo de la Chola en su estreno? ]]>
</title>
<link>https://diariocorreo.pe/espectaculos/cuanto-obtuvo-de-rating-el-reventonazo-de-la-chola-en-su-estreno-farandula-celebs-noticia/</link>
<guid isPermaLink="true">https://diariocorreo.pe/espectaculos/cuanto-obtuvo-de-rating-el-reventonazo-de-la-chola-en-su-estreno-farandula-celebs-noticia/</guid>
<dc:creator>
<![CDATA[ Redacción Diario Correo ]]>
</dc:creator>
<description>
<![CDATA[ La nueva temporada de El Reventonazo del verano debutó con éxito y lideró el rating del último sábado. El programa de Ernesto Pimentel, en su icónico personaje de La Chola Chabuca, alcanzó 9,4 puntos de sintonía, superando a JB en ATV, que obtuvo 5 puntos, y a El gran chef, que registró apenas 3,4. ]]>
</description>
<pubDate>Wed, 19 Feb 2025 01:44:23 +0000</pubDate>
<content:encoded>
<![CDATA[ <p><b>La nueva temporada de El Reventonazo del verano debutó con éxito y lideró el rating del último sábado. El programa de Ernesto Pimentel, en su icónico personaje de La Chola Chabuca, alcanzó 9,4 puntos de sintonía, superando a JB en ATV, que obtuvo 5 puntos, y a El gran chef, que registró apenas 3,4.</b></p><p>Tras conocer los resultados, Pimentel agradeció el respaldo del público y destacó la importancia de ofrecer un espacio de humor y entretenimiento familiar. <mark class="hl_yellow"><i><b>“Más allá de los números, estamos felices de seguir llevando alegría y música a los hogares peruanos”, </b></i></mark>comentó.</p><p>El estreno incluyó un especial por el Día de San Valentín y la participación de los actores de Al fondo hay sitio, Franco Pennano y Guadalupe Farfán, además del cantante Segundo Rosero junto a su hijo Marko. También estuvieron Carlos Vílchez y Mónica Cabrejos, entre otros invitados.</p><p>Pese a las dificultades climáticas que enfrentaron durante la grabación en exteriores debido a la lluvia, el programa logró cumplir con su promesa de brindar diversión sin interrupciones.</p><p>En esta temporada, El Reventonazo del verano sigue contando con un elenco de comediantes como Manolo Rojas, Fernando Armas, Kike Suero, Nabito, Flautín y Marcela Luna.</p><h2><mark class="hl_yellow"><b>TE PUEDE INTERESAR</b></mark></h2><ul><li><a href="https://diariocorreo.pe/espectaculos/confirmado-shakira-se-presentara-hoy-en-el-estadio-nacional-de-lima-concierto-tour-las-mujeres-ya-no-lloran-celebs-colombia-masterlive-peru-farandula-noticia/"><b>¡Confirmado! Shakira se presentará hoy en el Estadio Nacional</b></a></li><li><a href="https://diariocorreo.pe/espectaculos/confirmado-shakira-se-presentara-hoy-en-el-estadio-nacional-de-lima-concierto-tour-las-mujeres-ya-no-lloran-celebs-colombia-masterlive-peru-farandula-noticia/"><b>Masterlive Perú coordina con el equipo de Shakira nueva fecha tras cancelación de concierto</b></a></li><li><a href="https://diariocorreo.pe/espectaculos/confirmado-shakira-se-presentara-hoy-en-el-estadio-nacional-de-lima-concierto-tour-las-mujeres-ya-no-lloran-celebs-colombia-masterlive-peru-farandula-noticia/"><b>Grupo Ádammo, banda de rock: “Ádammo somos los cuatro, no hemos tenido conflictos por eso” (Entrevista)</b></a></li><li><a href="https://diariocorreo.pe/espectaculos/confirmado-shakira-se-presentara-hoy-en-el-estadio-nacional-de-lima-concierto-tour-las-mujeres-ya-no-lloran-celebs-colombia-masterlive-peru-farandula-noticia/"><b>Shakira envía mensaje a sus fans tras postergar conciertos en Lima: “Me dan tanta fuerza”</b></a></li><li><a href="https://diariocorreo.pe/espectaculos/confirmado-shakira-se-presentara-hoy-en-el-estadio-nacional-de-lima-concierto-tour-las-mujeres-ya-no-lloran-celebs-colombia-masterlive-peru-farandula-noticia/"><b>Astrid Armas Barrientos es la Reina Carnaval Bicentenario en Catacaos</b></a></li></ul> ]]>
</content:encoded>
<media:content url="https://diariocorreo.pe/resizer/v2/GGTKTTW7AJCUXG2KHNMKH55PVM.png?width=1280&height=800&auth=c978b8bede458028721ff517e0ea2f4b4ab75b70ca458061b9f8d7b05b28ad5e&smart=true" type="image/png" height="800" width="1280">
<media:description type="plain">
<![CDATA[ En esta temporada, El Reventonazo del verano sigue contando con un elenco de comediantes como Manolo Rojas, Fernando Armas, Kike Suero, Nabito, Flautín y Marcela Luna. ]]>
</media:description>
</media:content>
</item>
<item>
<title>
<![CDATA[ Gustavo Adrianzén sobre investigación a Dina Boluarte: “Sería descabellado que inicien una denuncia” ]]>
</title>
<link>https://diariocorreo.pe/politica/gustavo-adrianzen-sobre-investigacion-a-boluarte-seria-descabellado-que-inicien-una-denuncia-noticia/</link>
<guid isPermaLink="true">https://diariocorreo.pe/politica/gustavo-adrianzen-sobre-investigacion-a-boluarte-seria-descabellado-que-inicien-una-denuncia-noticia/</guid>
<dc:creator>
<![CDATA[ Redacción Diario Correo ]]>
</dc:creator>
<description>
<![CDATA[ El presidente del Consejo de Ministros, Gustavo Adrianzén, respaldó a la presidenta Dina Boluarte ante la investigación fiscal por presunto enriquecimiento ilícito, señalando que no existirían motivos para continuar con el proceso. ]]>
</description>
<pubDate>Wed, 19 Feb 2025 01:14:56 +0000</pubDate>
<content:encoded>
<![CDATA[ <p><b>El presidente del Consejo de Ministros, Gustavo Adrianzén, respaldó a la presidenta Dina Boluarte ante la investigación fiscal por presunto enriquecimiento ilícito, señalando que no existirían motivos para continuar con el proceso.</b></p><p>Desde Tacna, Adrianzén destacó el informe de la Contraloría, revelado por Cuarto Poder, que descartó la existencia de un desbalance patrimonial en las cuentas de Boluarte.</p><p><mark class="hl_yellow"><i><b>“Si la Contraloría ha emitido un informe en relación con la investigación de un presunto desbalance patrimonial de la presidenta y como consecuencia de esa investigación se ha determinado que ese presunto desbalance no existe, yo no veo ninguna razón sobre esa decisión”, </b></i></mark>sostuvo.</p><p>Pese a este pronunciamiento, el Ministerio Público continúa evaluando la evolución patrimonial de la mandataria, quien declaró S/160,415 en 2021 y registró S/792,167 en 2024, un incremento de S/631,000 en tres años.</p><p>La Contraloría, a través de un comunicado, aseguró que la revisión se realizó con transparencia y que el equipo a cargo del análisis se mantuvo sin cambios durante el proceso.</p><h2><mark class="hl_yellow"><b>TE PUEDE INTERESAR</b></mark></h2><ul><li><a href="https://diariocorreo.pe/politica/ministro-santivanez-pide-inhabilitar-por-10-anos-a-la-fiscal-de-la-nacion-delia-espinoza-noticia/"><b>Ministro Santiváñez pide inhabilitar por 10 años a la fiscal de la Nación, Delia Espinoza</b></a></li><li><a href="https://diariocorreo.pe/politica/ministros-adrianzen-y-quero-no-asistieron-a-citacion-del-congreso-noticia/"><b>Ministros Adrianzén y Quero no asistieron a citación del Congreso</b></a></li><li><a href="https://diariocorreo.pe/edicion/la-libertad/lluvias-dejan-seis-muertos-en-la-sierra-de-la-libertad-peru-noticia/"><b>Lluvias dejan seis muertos en la sierra de La Libertad</b></a></li><li><a href="https://diariocorreo.pe/edicion/huancayo/la-oroya-buscan-a-conductor-y-cuatro-pasajeros-que-fueron-tragados-por-el-rio-mantaro-noticia/"><b>La Oroya: Buscan a conductor y cuatro pasajeros que fueron tragados por el río Mantaro</b></a></li><li><a href="https://diariocorreo.pe/edicion/huancayo/la-oroya-tras-accidente-madre-tiene-la-esperanza-de-hallar-con-vida-a-su-hija-noticia/"><b>La Oroya: Tras accidente madre tiene la esperanza de hallar con vida a su hija</b></a></li></ul> ]]>
</content:encoded>
<media:content url="https://diariocorreo.pe/resizer/v2/BC64JC2MCVADZMFHNAJ3MYEIZQ.jpg?width=2048&height=1365&auth=61e54fd0d3d8db5a0e5262139b39b71dc64a97488e35aa12024eed8cf21a7a1b&smart=true" type="image/jpeg" height="1365" width="2048">
<media:description type="plain">
<![CDATA[ Desde Tacna, Adrianzén destacó el informe de la Contraloría, revelado por Cuarto Poder, que descartó la existencia de un desbalance patrimonial en las cuentas de Boluarte. (Foto: PCM) ]]>
</media:description>
<media:credit role="author" scheme="urn:ebu">JUANPA AZABACHE</media:credit>
</media:content>
</item>
<item>
<title>
<![CDATA[ Ica: intervienen a dos madres por intentar ingresar chips y USB al penal de Cachiche ]]>
</title>
<link>https://diariocorreo.pe/edicion/ica/ica-intervienen-a-dos-madres-por-intentar-ingresar-chips-y-usb-al-penal-de-cachiche-noticia/</link>
<guid isPermaLink="true">https://diariocorreo.pe/edicion/ica/ica-intervienen-a-dos-madres-por-intentar-ingresar-chips-y-usb-al-penal-de-cachiche-noticia/</guid>
<dc:creator>
<![CDATA[ Redacción Diario Correo ]]>
</dc:creator>
<description/>
<pubDate>Tue, 18 Feb 2025 15:00:00 +0000</pubDate>
<content:encoded>
<![CDATA[ <p><b>Dos mujeres fueron intervenidas en el </b><a href="https://diariocorreo.pe/edicion/ica/ica-operativo-conjunto-entre-policia-e-inpe-en-penal-culmina-con-decomisos-noticia/" target="_blank"><b>Penal de Cachiche</b></a><b>, en Ica, cuando intentaban ingresar dispositivos electrónicos prohibidos durante la jornada de visita femenina el pasado sábado 15 de febrero. Ambas llevaban consigo artículos de comunicación ocultos en sus pertenencias mientras se dirigían a visitar a sus hijos internos en el </b><a href="https://diariocorreo.pe/edicion/ica/ica-policia-e-inpe-realizaron-operativo-de-requisa-en-penal-noticia/" target="_blank"><b>establecimiento penitenciario</b></a><b>.</b></p><h2><b>Contrabando penitenciario</b> </h2><p>La primera intervención ocurrió a las 9:04 a. m. en el cubículo 1 de revisión. Carmen Rosa Goyoneche de Lara, de 67 años, fue descubierta con un USB de 16 GB color plomo escondido en su monedero marrón. Según el reporte penitenciario, la mujer tenía previsto visitar a Víctor Lara Goyoneche, quien cumple condena en el penal. La rápida acción del personal de seguridad permitió evitar el ingreso del dispositivo de almacenamiento, que podría haber sido utilizado para fines ilícitos.</p><p>Minutos después, a las 9:31 a. m., en otro punto de revisión, las agentes penitenciarias detectaron dos chips de operadores distintos en el monedero blanco de María Violeta Mendoza Salazar, de 59 años. La mujer se dirigía a visitar a Pedro Alayo Mendoza, otro interno del penal de Cachiche. La intervención inmediata permitió evitar el ingreso de los chips, dispositivos comúnmente utilizados para mantener comunicaciones no autorizadas desde el interior del penal.</p><p>Estas intervenciones se enmarcan en la estrategia “Cárceles Seguras”, implementada por el Instituto Nacional Penitenciario (INPE) para evitar el ingreso de artículos ilegales a los centros penitenciarios y prevenir actividades delictivas coordinadas desde el interior de las cárceles.</p><h2><b>VIDEO RECOMENDADO</b></h2><p><iframe width="560" height="315" src="https://www.youtube.com/embed/CSeeFmkkhc0?si=4L-Gevw1hvqpqFkq" title="YouTube video player" frameborder="0" allow="accelerometer; autoplay; clipboard-write; encrypted-media; gyroscope; picture-in-picture; web-share" referrerpolicy="strict-origin-when-cross-origin" allowfullscreen></iframe></p> ]]>
</content:encoded>
<media:content url="https://diariocorreo.pe/resizer/v2/YH45WEPKBJCU5IJ43DORO7BBHU.jpg?width=1904&height=1080&auth=5c4ed921acde60a711a30c72159bcf5939f60a5687fc81eb619fa77604f28789&smart=true" type="image/jpeg" height="1080" width="1904"/>
</item>
<item>
<title>
<![CDATA[ Ica: vecinos de Yaurilla exigen solución urgente ante colapso de desagüe ]]>
</title>
<link>https://diariocorreo.pe/edicion/ica/ica-vecinos-de-yaurilla-exigen-solucion-urgente-ante-colapso-de-desague-noticia/</link>
<guid isPermaLink="true">https://diariocorreo.pe/edicion/ica/ica-vecinos-de-yaurilla-exigen-solucion-urgente-ante-colapso-de-desague-noticia/</guid>
<dc:creator>
<![CDATA[ Redacción Diario Correo ]]>
</dc:creator>
<description/>
<pubDate>Tue, 18 Feb 2025 14:45:00 +0000</pubDate>
<content:encoded>
<![CDATA[ <p><b>Vecinos de la avenida San Martín, en la parte baja del centro poblado de Yaurilla, </b><a href="https://diariocorreo.pe/edicion/ica/ica-lluvias-intensas-azotan-y-dejan-miles-de-viviendas-afectadas-noticia/" target="_blank"><b>distrito de Los Aquijes</b></a><b>, denuncian la falta de acción por parte de la municipalidad ante el </b><a href="https://diariocorreo.pe/edicion/ica/distrito-de-subtanjalla-familias-del-asentamiento-humano-temistocles-rocha-afectadas-por-aguas-servidas-noticia/" target="_blank"><b>colapso del desagüe</b></a><b> ocurrido el pasado 12 de febrero.</b></p><h2><b>Emergencia ambiental</b></h2><p>Aseguran que, hasta la fecha, no se ha realizado ninguna intervención para solucionar este grave problema, el cual afecta al medio ambiente y pone en riesgo la salud de los moradores, quienes deben soportar olores nauseabundos en sus hogares.</p><p>“Todos los años es esta problemática, peor en temporada de calor. No se pueden usar los servicios higiénicos, ni para bañarse”, declaró una vecina, explicando que la causa sería la falta de rebombeo de las aguas servidas, lo que ha provocado que un buzón permanezca colapsado desde hace varios días.</p><p>El problema se ha vuelto recurrente en los últimos cuatro años, especialmente porque esta área recibe las aguas residuales de la parte alta de Yaurilla y de la urbanización Piedras de Buena Vista. Según los vecinos, cuando solicitaron una solución al alcalde Edward Amoroto, este mencionó que no había presupuesto para una intervención permanente.</p><p>“No hay presupuesto”, fue la respuesta del alcalde, según comentó un vecino afectado. Esta situación ha llevado a algunos a cerrar sus baños, lo que incluso ha afectado el servicio de agua potable en sus viviendas, empeorando las condiciones de salubridad en la zona.</p><p>Los afectados han solicitado mayor empatía y acción por parte de las autoridades distritales para solucionar este problema que pone en riesgo su salud. Una exdirigente vecinal advirtió que, de no tomarse medidas, los moradores tomarían acciones drásticas, como clausurar las conexiones provenientes de la urbanización vecina, ya que estas contribuyen al colapso de la cámara de rebombeo al exceder su capacidad.</p><h2><b>VIDEO RECOMENDADO</b></h2><p><iframe width="560" height="315" src="https://www.youtube.com/embed/CSeeFmkkhc0?si=4L-Gevw1hvqpqFkq" title="YouTube video player" frameborder="0" allow="accelerometer; autoplay; clipboard-write; encrypted-media; gyroscope; picture-in-picture; web-share" referrerpolicy="strict-origin-when-cross-origin" allowfullscreen></iframe></p> ]]>
</content:encoded>
<media:content url="https://diariocorreo.pe/resizer/v2/7IVTWZDZR5CQLKRZ6S3KM6XMKA.jpeg?width=688&height=398&auth=2e042d3fa5b395e7625db208f2c51af834168bdb43de4344dc6577a81c5aa075&smart=true" type="image/jpeg" height="398" width="688"/>
</item>
<item>
<title>
<![CDATA[ Ica: Bienes Nacionales había dado visto bueno para construir cauce en Yaurilla y Llaxta ]]>
</title>
<link>https://diariocorreo.pe/edicion/ica/ica-bienes-nacionales-habia-dado-visto-bueno-para-construir-cauce-y-evitar-desastre-en-yaurilla-y-urb-las-piedras-de-buenavista-noticia/</link>
<guid isPermaLink="true">https://diariocorreo.pe/edicion/ica/ica-bienes-nacionales-habia-dado-visto-bueno-para-construir-cauce-y-evitar-desastre-en-yaurilla-y-urb-las-piedras-de-buenavista-noticia/</guid>
<dc:creator>
<![CDATA[ Redacción Diario Correo ]]>
</dc:creator>
<description/>
<pubDate>Tue, 18 Feb 2025 14:30:00 +0000</pubDate>
<content:encoded>
<![CDATA[ <p><b>Las consecuencias devastadoras que ocasionaron los </b><a href="https://diariocorreo.pe/edicion/ica/ica-lluvias-intensas-azotan-y-dejan-miles-de-viviendas-afectadas-noticia/" target="_blank"><b>huaicos </b></a><b>en los sectores de </b><a href="https://diariocorreo.pe/edicion/ica/ica-huaicos-afectan-por-tercer-ano-consecutivo-al-centro-poblado-de-yaurilla-noticia/" target="_blank"><b>Yaurilla </b></a><b>y en la urbanización Las Piedras de Buenavista podrían haberse prevenido. Sin embargo, los moradores de ambas zonas del distrito de Los Aquijes señalan que hubo dejadez por parte del municipio.</b></p><h2><b>Posición de pobladores</b></h2><p>Afirman que la Superintendencia de Bienes Nacionales (SBN) remitió el 4 de junio de 2024 un oficio a la gerencia municipal del distrito de Los Aquijes con los pasos a seguir para acceder a la cesión de uso del sector de la quebrada de Yaurilla.</p><p>El mencionado documento, identificado como Oficio Nro. 04403-2024/SBN-DGPE-SDAPE, especificaba que el sector de la quebrada de Yaurilla se encontraba inscrito en la partida registral No. 11160180 a favor del Estado Peruano. Asimismo, alertaba sobre el nivel de riesgo muy alto de la zona y recomendaba la ejecución de un proyecto de mitigación de impacto por inundaciones para evitar desastres naturales.</p><p>Pese a la advertencia y a la facilidad brindada por la SBN para gestionar la cesión de uso, el documento parece haber sido ignorado por la gestión municipal. En febrero de 2025, huaicos de gran magnitud afectaron gravemente a la población del centro poblado de Yaurilla y la urbanización Las Piedras de Buenavista, evidenciando la falta de medidas preventivas oportunas.</p><p>Frente a esta situación, los vecinos de ambos sectores han expresado su indignación y han elevado su denuncia a los medios de comunicación locales y nacionales. Exigen que el alcalde distrital de Los Aquijes, Edward Alberto Amoroto Ramos, tome en cuenta el documento emitido por la SBN el año anterior y actúe en consecuencia para prevenir futuros desastres.</p><p>Recientemente, ante las intensas lluvias, el alcalde distrital realizó una inspección en los puntos críticos del sector de Alto Yaurilla, evaluando los daños causados por las precipitaciones, donde se han iniciado trabajos de descolmatación en las canteras con maquinaria pesada para reducir riesgos adicionales. Además, informó que la Plataforma de Defensa Civil está en alerta permanente para atender cualquier emergencia que pueda presentarse.</p><h2><b>VIDEO RECOMENDADO</b></h2><p><iframe width="560" height="315" src="https://www.youtube.com/embed/CSeeFmkkhc0?si=4L-Gevw1hvqpqFkq" title="YouTube video player" frameborder="0" allow="accelerometer; autoplay; clipboard-write; encrypted-media; gyroscope; picture-in-picture; web-share" referrerpolicy="strict-origin-when-cross-origin" allowfullscreen></iframe></p> ]]>
</content:encoded>
<media:content url="https://diariocorreo.pe/resizer/v2/YHQASISCLFE3XB6OCGFY6PB76Y.jpeg?width=456&height=257&auth=3ccbb54642c1ede991319c71447b0fe250fcaa2176eaed17183fc6e0857e8f2c&smart=true" type="image/jpeg" height="257" width="456"/>
</item>
<item>
<title>
<![CDATA[ Fiscalía solicita 25 años de prisión para Vladimir Cerrón y 20 años para Guido Bellido y Guillermo Bermejo ]]>
</title>
<link>https://diariocorreo.pe/politica/fiscalia-solicita-25-anos-de-prision-para-vladimir-cerron-y-20-anos-para-guido-bellido-y-guillermo-bermejo-noticia/</link>
<guid isPermaLink="true">https://diariocorreo.pe/politica/fiscalia-solicita-25-anos-de-prision-para-vladimir-cerron-y-20-anos-para-guido-bellido-y-guillermo-bermejo-noticia/</guid>
<dc:creator>
<![CDATA[ Redacción Diario Correo ]]>
</dc:creator>
<description>
<![CDATA[ Cabe indicar que los parlamentarios son acusados por la presunta afiliación a Sendero Luminoso. ]]>
</description>
<pubDate>Wed, 19 Feb 2025 01:02:33 +0000</pubDate>
<content:encoded>
<![CDATA[ <ul><li> <a href="https://diariocorreo.pe/politica/dina-boluarte-juez-juan-carlos-checkley-valida-plazo-de-caso-cofre-juan-portugal-vladimir-cerron-noticia/">Dina Boluarte: Juez Juan Carlos Checkley valida plazo de Caso “Cofre”&nbsp;</a></li><li> <a href="https://diariocorreo.pe/edicion/huancayo/vladimir-cerron-pedira-el-cese-de-prision-preventiva-luego-de-ser-anulada-su-sentencia-noticia/">Vladimir Cerrón pedirá el cese de prisión preventiva luego de ser anulada su sentencia</a></li></ul><p><b>El Ministerio Público solicitó penas de hasta 25 años de cárcel para Vladimir Cerrón y los congresistas Guido Bellido y Guillermo Bermejo, acusados de la presunta afiliación a la organización terrorista Sendero Luminoso. </b></p><p>En caso prospere el pedido fiscal, el prófugo líder de Perú Libre enfrentaría una condena de 25 años, mientras que Bellido y Bermejo recibirían penas de 20 años.</p><p>De acuerdo con la investigación, la Fiscalía señala que los tres procesador habrían tenido vínculos con la organización subversiva entre 2016 y 2018.</p><p>A Vladimir Cerrón se le imputa haber tenido comunicación con Víctor Quispe Palomino, alias “Camarada José”, mediante Alex José Pimentel Vidal, señalado como parte del aparato de propaganda terrorista.</p><p>“<i>El problema es que él tiene ideales muy fuertes que conllevan a grandes cambios en el país y por ahí la persecución está preparando terreno</i>”, indicó el parlamentario Flavio Cruz, quien considera que esta acusación tiene motivaciones políticas para excluir a Cerrón Rojas de las futuras elecciones.</p><p>En ese sentido, la Fiscalía manifiesta que los parlamentarios Bellido y Bermejo habrían viajado al VRAEM para mantener una reunión con los miembros de Sendero Luminoso.</p><p>Cabe señalar que Guido Bellido es investigado por su presunta participación en actividades de dicha organización entre 2017 y 2018.</p><p>A parte de la pena de prisión, el Ministerio Público solicitó la inhabilitación de los tres implicados para ejercer cargos públicos. </p><h2><mark class="hl_yellow"><b>TE PUEDE INTERESAR</b></mark></h2><ul><li><a href="https://diariocorreo.pe/politica/ministro-santivanez-pide-inhabilitar-por-10-anos-a-la-fiscal-de-la-nacion-delia-espinoza-noticia/"><b>Ministro Santiváñez pide inhabilitar por 10 años a la fiscal de la Nación, Delia Espinoza</b></a></li><li><a href="https://diariocorreo.pe/politica/ministros-adrianzen-y-quero-no-asistieron-a-citacion-del-congreso-noticia/"><b>Ministros Adrianzén y Quero no asistieron a citación del Congreso</b></a></li><li><a href="https://diariocorreo.pe/edicion/la-libertad/lluvias-dejan-seis-muertos-en-la-sierra-de-la-libertad-peru-noticia/"><b>Lluvias dejan seis muertos en la sierra de La Libertad</b></a></li><li><a href="https://diariocorreo.pe/edicion/huancayo/la-oroya-buscan-a-conductor-y-cuatro-pasajeros-que-fueron-tragados-por-el-rio-mantaro-noticia/"><b>La Oroya: Buscan a conductor y cuatro pasajeros que fueron tragados por el río Mantaro</b></a></li><li><a href="https://diariocorreo.pe/edicion/huancayo/la-oroya-tras-accidente-madre-tiene-la-esperanza-de-hallar-con-vida-a-su-hija-noticia/"><b>La Oroya: Tras accidente madre tiene la esperanza de hallar con vida a su hija</b></a></li></ul><p><br/></p> ]]>
</content:encoded>
<media:content url="https://diariocorreo.pe/resizer/v2/BHHZ6PYYWBGYVCJLMNN5CBV3JM.png?width=1280&height=720&auth=b86eaf684365a9c893ae68b93e2ce6b81b3a6a750daf20791b10360cbe4f8c33&smart=true" type="image/png" height="720" width="1280"/>
</item>
<item>
<title>
<![CDATA[ Sujeto que atentó contra la Piedra de los 12 Ángulos podría recibir hasta ocho años de prisión (VIDEO) ]]>
</title>
<link>https://diariocorreo.pe/edicion/cusco/sujeto-que-atento-contra-la-piedra-de-los-12-angulos-puede-ir-ocho-anos-preso-video-noticia/</link>
<guid isPermaLink="true">https://diariocorreo.pe/edicion/cusco/sujeto-que-atento-contra-la-piedra-de-los-12-angulos-puede-ir-ocho-anos-preso-video-noticia/</guid>
<dc:creator>
<![CDATA[ Juan Sequeiros ]]>
</dc:creator>
<description>
<![CDATA[ Año a año, millones de visitantes nacionales y extranjeros llegan a Cusco, atraídos por su cultura, gastronomía y, sobre todo, por los restos arqueológicos heredados de los incas. Sin embargo, una pequeña parte de estos turistas no respeta los espacios considerados sagrados para los cusqueños y transgrede el patrimonio cultural de todos los peruanos. ]]>
</description>
<pubDate>Wed, 19 Feb 2025 00:47:00 +0000</pubDate>
<content:encoded>
<![CDATA[ <ul><li><a href="https://diariocorreo.pe/edicion/cusco/cusco-delincuente-ataca-la-piedra-de-los-12-angulos-causando-un-dano-irreversible-video-noticia/"><b>Cusco: Delincuente ataca la Piedra de los 12 Ángulos causando un daño irreversible (VIDEO)</b></a></li><li><a href="https://diariocorreo.pe/edicion/cusco/detienen-a-sujeto-que-dio-martillazos-a-la-piedra-de-los-12-angulos-en-cusco-video-noticia/"><b>Detienen a sujeto que dio martillazos a la Piedra de los 12 Ángulos, en Cusco (VIDEO)</b></a></li></ul><p><b>Año a año, millones de visitantes nacionales y extranjeros llegan a Cusco, atraídos por su cultura, gastronomía y, sobre todo, por los restos arqueológicos heredados de los incas. Sin embargo, una pequeña parte de estos turistas no respeta los espacios considerados sagrados para los cusqueños y transgrede el patrimonio cultural de todos los peruanos.</b></p><p>Esto ocurrió la madrugada del último martes, cuando un hombre, natural de Lima, atacó sin piedad <a href="https://diariocorreo.pe/edicion/cusco/fiscalia-inicia-investigacion-contra-sujeto-que-atento-contra-la-piedra-de-los-12-angulos-en-cusco-noticia/" target="_blank"><b>la famosa Piedra de los 12 Ángulos</b></a>, ubicada a escasos metros de la Plaza Mayor de Cusco. Según información oficial del Ministerio de Cultura, la estructura ha sufrido seis desportillamientos, lo que ha causado un daño irreversible al bien patrimonial.</p><p>La alerta se dio luego de que agentes de la Policía y Serenazgo fueran advertidos sobre el irracional accionar de Roysi Melanio Gabriel (30), quien fue grabado sacando un martillo de su mochila y asestando varios golpes a la piedra, ocasionando fracturas en su superficie.</p><p>Según el coronel PNP Walter Poma, jefe de la División de Investigación de Crímenes del Cusco, se desplegó un rápido operativo policial que permitió capturar al sujeto en flagrancia la misma mañana de los hechos. “Se encontraba con síntomas de haber ingerido alcohol y alguna otra sustancia. Es natural de Lima, pero su DNI indica que reside en el Valle Sagrado de los Incas. Se está investigando si tiene antecedentes”, precisó.</p><p>Por su parte, la Tercera Fiscalía Provincial Penal Corporativa de Cusco, a cargo del fiscal Jherson Zegarra, dispuso que la Dirección Desconcentrada de Cultura evalúe el impacto y daño causados al monumento arqueológico, a fin de determinar la gravedad del atentado y la sanción correspondiente para el detenido.</p><p>Mientras tanto, un equipo técnico especializado de la Subdirección de Defensa del Patrimonio Cultural se trasladó al lugar para realizar una evaluación técnica y científica de los daños. “De acuerdo con la normatividad vigente, este hecho constituye un atentado de lesa cultura. Pediremos la máxima sanción porque el daño al patrimonio es irreversible”, declaró el director de Cultura de Cusco, Jorge Moya, quien además señaló que el caso será llevado a la Procuraduría Pública del Ministerio de Cultura.</p><p><b>Reclamos por falta de protección</b></p><p>Tras el ataque, cusqueños, peruanos y turistas extranjeros condenaron el hecho, recordando que no es la primera vez que se atenta contra sitios considerados Patrimonio Cultural de la Nación. Muchos hicieron hincapié en la necesidad de reforzar la seguridad en estos espacios.</p><p>Una de las voces más críticas fue la del reconocido historiador cusqueño Martín Romero, quien responsabilizó a las autoridades por la falta de políticas de prevención ante este tipo de agresiones contra el patrimonio.</p><p>“La calle Hatunrumiyoc, donde se encuentra la Piedra de los 12 Ángulos, está en total descuido. Está saturada de vendedores, ‘jaladores’ y delincuentes. Ya ni se puede transitar por la cantidad de gente tocando las piedras y dañándolas. Incluso hay un ‘inca’ ebrio que supuestamente cuida los restos, pero solo agrede a las personas y genera un mal aspecto”, afirmó.</p><p>Romero también criticó al Ministerio de Cultura y a la Dirección Desconcentrada de Cultura de Cusco, señalando que priorizan la recaudación de dinero por el turismo en lugar de garantizar la seguridad del patrimonio cultural.</p><p>Ante estos reclamos, Cultura Cusco anunció que convocará una mesa técnica de trabajo para establecer un plan de acción que refuerce la protección del centro histórico de la ciudad. A la reunión asistirán representantes de la Municipalidad de Cusco, el Poder Judicial, la Policía, el Ministerio Público y otras instituciones clave para la defensa del patrimonio.</p><p><b>Dato</b></p><ul><li>Según el Código Penal Peruano, los delitos contra el patrimonio cultural incluyen actos que dañan o ponen en riesgo los bienes históricos del país. Quien destruya, altere, retire del país o comercialice bienes de nuestro patrimonio cultural prehispánico puede recibir una pena privativa de la libertad de entre tres y ocho años, además de una multa de 180 a 365 días.</li></ul><p><iframe src="https://www.facebook.com/plugins/video.php?height=476&href=https%3A%2F%2Fwww.facebook.com%2FCorreoPeru%2Fvideos%2F1150026766801395%2F&show_text=false&width=267&t=0" width="267" height="476" style="border:none;overflow:hidden" scrolling="no" frameborder="0" allowfullscreen="true" allow="autoplay; clipboard-write; encrypted-media; picture-in-picture; web-share" allowFullScreen="true"></iframe></p><h2><mark class="hl_yellow"><b>TE PUEDE INTERESAR</b></mark></h2><ul><li><a href="https://diariocorreo.pe/politica/ministro-santivanez-pide-inhabilitar-por-10-anos-a-la-fiscal-de-la-nacion-delia-espinoza-noticia/"><b>Ministro Santiváñez pide inhabilitar por 10 años a la fiscal de la Nación, Delia Espinoza</b></a></li><li><a href="https://diariocorreo.pe/politica/ministros-adrianzen-y-quero-no-asistieron-a-citacion-del-congreso-noticia/"><b>Ministros Adrianzén y Quero no asistieron a citación del Congreso</b></a></li><li><a href="https://diariocorreo.pe/edicion/la-libertad/lluvias-dejan-seis-muertos-en-la-sierra-de-la-libertad-peru-noticia/"><b>Lluvias dejan seis muertos en la sierra de La Libertad</b></a></li><li><a href="https://diariocorreo.pe/edicion/huancayo/la-oroya-buscan-a-conductor-y-cuatro-pasajeros-que-fueron-tragados-por-el-rio-mantaro-noticia/"><b>La Oroya: Buscan a conductor y cuatro pasajeros que fueron tragados por el río Mantaro</b></a></li><li><a href="https://diariocorreo.pe/edicion/huancayo/la-oroya-tras-accidente-madre-tiene-la-esperanza-de-hallar-con-vida-a-su-hija-noticia/"><b>La Oroya: Tras accidente madre tiene la esperanza de hallar con vida a su hija</b></a></li></ul> ]]>
</content:encoded>
<media:content url="https://diariocorreo.pe/resizer/v2/S5LJHCRMC5AQ5BANMF2FBOZXQU.png?width=1280&height=720&auth=3e332b6a2a20262fa2622659792b68e0efffe1c1707360bca2a16274bfab68cc&smart=true" type="image/png" height="720" width="1280">
<media:description type="plain">
<![CDATA[ Hombre natural de Lima fue detenido en flagrancia, confirman que causó daños irreversibles en el patrimonio cultural y su accionar ha encendido las alarmas sobre la protección del legado histórico en todo Cusco ]]>
</media:description>
</media:content>
</item>
<item>
<title>
<![CDATA[ Daniel Urresti: PJ rechaza hábeas corpus que buscaba declarar nulidad de sentencia por caso Bustíos ]]>
</title>
<link>https://diariocorreo.pe/politica/daniel-urresti-pj-rechaza-habeas-corpus-que-buscaba-declarar-nulidad-de-sentencia-por-caso-bustios-noticia/</link>
<guid isPermaLink="true">https://diariocorreo.pe/politica/daniel-urresti-pj-rechaza-habeas-corpus-que-buscaba-declarar-nulidad-de-sentencia-por-caso-bustios-noticia/</guid>
<dc:creator>
<![CDATA[ Redacción Diario Correo ]]>
</dc:creator>
<description>
<![CDATA[ El excandidato presidencial buscaba la anulación de su condena de 12 años de cárcel por homicidio y tentativa de homicidio. ]]>
</description>
<pubDate>Wed, 19 Feb 2025 00:13:57 +0000</pubDate>
<content:encoded>
<![CDATA[ <ul><li><a href="https://diariocorreo.pe/politica/caso-hugo-bustios-poder-judicial-ratifica-condena-de-12-anos-de-prision-para-daniel-urresti-noticia/">Caso Hugo Bustíos: Poder Judicial ratifica condena de 12 años de prisión para Daniel Urresti</a></li><li><a href="https://diariocorreo.pe/edicion/lima/sobrino-de-daniel-urresti-denuncia-robo-de-equipos-valorizados-en-s100-mil-en-san-miguel-peru-pnp-noticia/">Sobrino de Daniel Urresti denuncia robo de equipos valorizados en S/100 mil en San Miguel (VIDEO)</a></li></ul><p><b>El Poder Judicial decidió rechazar la demanda de hábeas corpus interpuesta por Ángel Soria Fuerte, defensa legal de Daniel Urresti, contra los jueces superiores de la Tercera Sala Penal Liquidadora Transitoria y los jueces supremos de la Sala Transitoria de la Corte Suprema.</b></p><p>La defensa del excongresista buscaba anular la sentencia del 12 de abril de 2023, que fue emitida por la Tercera Sala Penal Superior Nacional Liquidadora Transitoria, que declaró a Urresti culpable como coautor del asesinato del periodista Hugo Bustíos, además, del intento de homicidio de Eduardo Yeny Rojas Arce.</p><p>El abogado del también exministro sustentó la demanda en una presunta vulneración de los principios fundamentales del debido proceso como la legalidad, la presunción de inocencia y la imparcialidad del tribunal.</p><p>No obstante, el juez Jhonathan Valencia López, titular del Segundo Juzgado Constitucional de Lima, declaró improcedente dicha demanda indicando que no se vulneraron los derechos constitucionales del excandidato presidencial y que las cuestiones planteadas son propias de la jurisdicción ordinaria, no constitucional.</p><p><blockquote class="twitter-tweet"><p lang="es" dir="ltr"><a href="https://twitter.com/hashtag/Lo%C3%BAltimo?src=hash&amp;ref_src=twsrc%5Etfw">#Loúltimo</a> 2°Juz. Constitucional de la <a href="https://twitter.com/CSJdeLima?ref_src=twsrc%5Etfw">@CSJdeLima</a> declaró improcedente el HC a favor de Daniel Urresti contra jueces de 3° Sala Penal Liquidadora Transitoria de <a href="https://twitter.com/csnjpeOficial?ref_src=twsrc%5Etfw">@csnjpeOficial</a> y de jueces supremos de la Sala Penal Transitoria del <a href="https://twitter.com/Poder_Judicial_?ref_src=twsrc%5Etfw">@Poder_Judicial_</a> <a href="https://t.co/AiPnMHJBbv">https://t.co/AiPnMHJBbv</a> <a href="https://t.co/9raPs99VoE">pic.twitter.com/9raPs99VoE</a></p>&mdash; Corte Superior de Justicia de Lima (@CSJdeLima) <a href="https://twitter.com/CSJdeLima/status/1891971281152606634?ref_src=twsrc%5Etfw">February 18, 2025</a></blockquote> <script async src="https://platform.twitter.com/widgets.js" charset="utf-8"></script></p><h2><b>EL CASO</b></h2><p>El crimen del periodista Hugo Bustíos ocurrió el 24 de noviembre de 1988. La Fiscalía sostiene que el hombre de prensa fue asesinado por miembros de la base militar del Ejército del Perú de Castropampa en Huanta, región Ayacucho, quienes se encontraban vestidos de civil.</p><p>Hugi Bustíos recibió impactos de bala y fue detonado con un explosivo mientras agonizaba; mientras su colega Eduardo Rojas Arce logró huir malherido.</p><p>Sin embargo, en 2018, Daniel Urresti fue absuelto, aunque en 2019, la Sala Penal Permanente de la Corte Suprema de Justicia declaró nula la sentencia que absolvió a Urresti y se realizó un nuevo juicio oral. Así, el año pasado, la Tercera Sala Penal Superior Nacional Liquidadora Transitoria, lo condenó a 12 años de prisión.</p><h2><mark class="hl_yellow"><b>TE PUEDE INTERESAR</b></mark></h2><ul><li><a href="https://diariocorreo.pe/politica/ministro-santivanez-pide-inhabilitar-por-10-anos-a-la-fiscal-de-la-nacion-delia-espinoza-noticia/"><b>Ministro Santiváñez pide inhabilitar por 10 años a la fiscal de la Nación, Delia Espinoza</b></a></li><li><a href="https://diariocorreo.pe/politica/ministros-adrianzen-y-quero-no-asistieron-a-citacion-del-congreso-noticia/"><b>Ministros Adrianzén y Quero no asistieron a citación del Congreso</b></a></li><li><a href="https://diariocorreo.pe/edicion/la-libertad/lluvias-dejan-seis-muertos-en-la-sierra-de-la-libertad-peru-noticia/"><b>Lluvias dejan seis muertos en la sierra de La Libertad</b></a></li><li><a href="https://diariocorreo.pe/edicion/huancayo/la-oroya-buscan-a-conductor-y-cuatro-pasajeros-que-fueron-tragados-por-el-rio-mantaro-noticia/"><b>La Oroya: Buscan a conductor y cuatro pasajeros que fueron tragados por el río Mantaro</b></a></li><li><a href="https://diariocorreo.pe/edicion/huancayo/la-oroya-tras-accidente-madre-tiene-la-esperanza-de-hallar-con-vida-a-su-hija-noticia/"><b>La Oroya: Tras accidente madre tiene la esperanza de hallar con vida a su hija</b></a></li></ul><p><br/></p><p><br/></p> ]]>
</content:encoded>
<media:content url="https://diariocorreo.pe/resizer/v2/OAXANOFPIBE5LEVDOX6KUNF7HY.jfif?width=1600&height=1067&auth=3dc3689d208f363e2d72c6b3f4741082121a579e4f7e381f66d74813cbc8896a&smart=true" type="image/jpeg" height="1067" width="1600">
<media:description type="plain">
<![CDATA[ Daniel Urresti durante la lectura de su sentencia, el último 12 de abril 2023. (Foto: Andrés Paredes @photo.gec) ]]>
</media:description>
</media:content>
</item>
<item>
<title>
<![CDATA[ Elmer Schialer: No hay impedimentos legales para que Julio Demartini sea embajador en el Vaticano ]]>
</title>
<link>https://diariocorreo.pe/politica/elmer-schialer-no-hay-impedimentos-legales-para-que-julio-demartini-sea-embajador-en-el-vaticano-noticia/</link>
<guid isPermaLink="true">https://diariocorreo.pe/politica/elmer-schialer-no-hay-impedimentos-legales-para-que-julio-demartini-sea-embajador-en-el-vaticano-noticia/</guid>
<dc:creator>
<![CDATA[ Redacción Diario Correo ]]>
</dc:creator>
<description>
<![CDATA[ El canciller Elmer Schialer aseguró que no existen obstáculos legales para que el exministro de Desarrollo e Inclusión Social, Julio Demartini, asuma como embajador del Perú en el Vaticano. Esta declaración llega luego de conocerse que la presidenta Dina Boluarte ya habría firmado su designación. ]]>
</description>
<pubDate>Wed, 19 Feb 2025 00:02:51 +0000</pubDate>
<content:encoded>
<![CDATA[ <p><b>El canciller Elmer Schialer aseguró que no existen obstáculos legales para que el exministro de Desarrollo e Inclusión Social, Julio Demartini, asuma como embajador del Perú en el Vaticano. Esta declaración llega luego de conocerse que la presidenta Dina Boluarte ya habría firmado su designación.</b></p><p>Schialer explicó en una entrevista con RPP que la decisión aún debe ser tratada por los canales diplomáticos con la Santa Sede, pero reiteró que no ve impedimentos jurídicos en el nombramiento.</p><p>Sobre las investigaciones que enfrenta Demartini por presuntas irregularidades en el programa Qali Warma, el canciller sostuvo que no hay acusaciones en su contra a nivel internacional y que su situación legal en el país no afecta su postulación.</p><p>Ahora, el Gobierno espera la respuesta oficial del Vaticano para concretar el nombramiento del exministro como representante diplomático.</p><p><br/></p><h2><mark class="hl_yellow"><b>TE PUEDE INTERESAR</b></mark></h2><ul><li><a href="https://diariocorreo.pe/politica/ministro-santivanez-pide-inhabilitar-por-10-anos-a-la-fiscal-de-la-nacion-delia-espinoza-noticia/"><b>Ministro Santiváñez pide inhabilitar por 10 años a la fiscal de la Nación, Delia Espinoza</b></a></li><li><a href="https://diariocorreo.pe/politica/ministros-adrianzen-y-quero-no-asistieron-a-citacion-del-congreso-noticia/"><b>Ministros Adrianzén y Quero no asistieron a citación del Congreso</b></a></li><li><a href="https://diariocorreo.pe/edicion/la-libertad/lluvias-dejan-seis-muertos-en-la-sierra-de-la-libertad-peru-noticia/"><b>Lluvias dejan seis muertos en la sierra de La Libertad</b></a></li><li><a href="https://diariocorreo.pe/edicion/huancayo/la-oroya-buscan-a-conductor-y-cuatro-pasajeros-que-fueron-tragados-por-el-rio-mantaro-noticia/"><b>La Oroya: Buscan a conductor y cuatro pasajeros que fueron tragados por el río Mantaro</b></a></li><li><a href="https://diariocorreo.pe/edicion/huancayo/la-oroya-tras-accidente-madre-tiene-la-esperanza-de-hallar-con-vida-a-su-hija-noticia/"><b>La Oroya: Tras accidente madre tiene la esperanza de hallar con vida a su hija</b></a></li></ul> ]]>
</content:encoded>
<media:content url="https://diariocorreo.pe/resizer/v2/VLEUVRP34ZDANCZZYGTB2ZZH3A.png?width=1200&height=800&auth=990c02573ba00701fb9878d4319e7e3ecfdcf9900d9ed2b283cd2bf00f060333&smart=true" type="image/png" height="800" width="1200">
<media:description type="plain">
<![CDATA[ Schialer explicó en una entrevista que la decisión aún debe ser tratada por los canales diplomáticos con la Santa Sede, pero reiteró que no ve impedimentos jurídicos en el nombramiento. Foto: captura Canal N ]]>
</media:description>
</media:content>
</item>
<item>
<title>
<![CDATA[ Prefectura de La Libertad fortalece organismo para evitar conflictos sociales ]]>
</title>
<link>https://diariocorreo.pe/edicion/la-libertad/prefectura-de-la-libertad-fortalece-organismo-para-evitar-conflictos-sociales-peru-noticia/</link>
<guid isPermaLink="true">https://diariocorreo.pe/edicion/la-libertad/prefectura-de-la-libertad-fortalece-organismo-para-evitar-conflictos-sociales-peru-noticia/</guid>
<dc:creator>
<![CDATA[ Redacción Diario Correo ]]>
</dc:creator>
<description>
<![CDATA[ El prefecto regional de La Libertad, Carlos Rodríguez Rodríguez, aseveró que está empeñado en fortalecer el Comité de Prevención y Gestión de Conflictos Sociales (COPREGESCON). ]]>
</description>
<pubDate>Tue, 18 Feb 2025 23:47:29 +0000</pubDate>
<content:encoded>
<![CDATA[ <p><b>El prefecto regional de La Libertad, </b><a href="https://diariocorreo.pe/edicion/la-libertad/prefecto-regional-de-la-libertad-de-acuerdo-con-los-soldados-en-las-calles-trujillo-peru-noticia/"><b>Carlos Rodríguez Rodríguez</b></a><b>, aseveró que está empeñado en fortalecer el Comité de Prevención y Gestión de Conflictos Sociales (COPREGESCON).</b></p><q><b>VER MÁS: </b><a href="https://diariocorreo.pe/edicion/la-libertad/a-comuna-del-ande-le-dieron-s-1000-para-prevencion-la-libertad-peru-noticia/"><mark class="hl_yellow"><i><b>La Libertad: A comuna del ande le dieron S/ 1,000 para prevención</b></i></mark></a></q><p>Según la autoridad, se articulan acciones para atender de manera oportuna y eficaz las demandas de la población en las entidades públicas de la región.</p><p>El COPREGESCON, organismo liderado por la Prefectura Regional, es un espacio de coordinación para prevenir y gestionar conflictos sociales, explicó.</p><p>Rodríguez, además, demandó a los alcaldes de la provincia de Trujillo a suspender de manera temporal las licencias para realizar espectáculos no deportivos.</p><q><b>PUEDE LEER: </b><a href="https://diariocorreo.pe/edicion/la-libertad/contraloria-advierte-que-mejoramiento-de-parque-en-huanchaco-tiene-plazo-vencido-y-varios-trabajos-inconclusos-la-libertad-trujillo-noticia/"><mark class="hl_yellow"><i><b>Trujillo: Contraloría advierte que mejoramiento de parque en Huanchaco tiene plazo vencido y varios trabajos inconclusos</b></i></mark></a></q><p>La autoridad política, que representa al Poder Ejecutivo en la región La Libertad, dijo a la vez que sería necesario saber cuál es el grado de avance de las municipalidades en la implementación de este acuerdo. &nbsp;Agregó que hay municipalidades que otorgan licencias hasta las 4 y 5 de la madrugada y administrados incluso que exceden esas horas.</p><p>La autoridad regional explicó a la vez que la Prefectura otorga las garantías del orden público para estas actividades hasta las 2 y 3 de la madrugada, por lo que las municipalidades deben otorgar las licencias sólo hasta esa hora, a fin de que haya uniformidad en la aplicación de la norma.</p><h2><mark class="hl_yellow"><i><b>LE PUEDE INTERESAR</b></i></mark></h2><ul><li><a href="https://diariocorreo.pe/edicion/la-libertad/giancarlo-toribio-regidor-de-la-municipalidad-provincial-de-trujillo-han-tergiversado-mi-propuesta-de-ordenanza-peru-noticia/"><i><b>Giancarlo Toribio, regidor de la Municipalidad Provincial de Trujillo: “Han tergiversado mi propuesta de ordenanza”</b></i></a></li><li><a href="https://diariocorreo.pe/edicion/la-libertad/auditaran-el-proyecto-especial-chavimochic-y-la-gerencia-de-infraestructura-la-libertad-peru-noticia/#google_vignette"><i><b>La Libertad: Auditarán el Proyecto Especial Chavimochic y la gerencia de Infraestructura</b></i></a></li><li><a href="https://diariocorreo.pe/edicion/la-libertad/martin-camacho-no-expone-su-plan-de-trabajo-2025-peru-la-libertad-noticia/"><i><b>La Libertad: Martín Camacho no expone su plan de trabajo 2025</b></i></a></li><li><a href="https://diariocorreo.pe/edicion/la-libertad/cesar-acuna-afirma-que-en-trujillo-no-hay-secuestros-solo-extorsion-video-noticia/"><i><b>César Acuña afirma que en Trujillo no hay secuestros, solo extorsión (VIDEO)</b></i></a></li><li><a href="https://diariocorreo.pe/edicion/la-libertad/la-libertad-la-libertad-dirigencia-del-apra-dice-que-traidores-no-postularan-por-ese-partido-el-2026-noticia/#google_vignette"><i><b>La Libertad: Dirigencia del Apra dice que “traidores” no postularán por ese partido el 2026</b></i></a></li><li><a href="https://diariocorreo.pe/edicion/la-libertad/ever-cadenillas-arremete-contra-opositores-a-cesar-acuna-la-libertad-peru-noticia/"><i><b>Ever Cadenillas arremete contra opositores a César Acuña</b></i></a></li><li><a href="https://diariocorreo.pe/edicion/la-libertad/mario-reyna-alcalde-de-trujillo-se-reune-con-dirigentes-de-app-la-libertad-peru-noticia/"><i><b>Mario Reyna, alcalde de Trujillo, se reúne con dirigentes de APP</b></i></a></li><li><a href="https://diariocorreo.pe/edicion/la-libertad/elias-rodriguez-lider-de-podemos-peru-en-la-libertad-la-gestion-de-cesar-acuna-esta-fracasando-la-libertad-peru-noticia/"><i><b>Elías Rodríguez, líder de Podemos Perú en La Libertad: “La gestión de César Acuña está fracasando”</b></i></a></li><li><a href="https://diariocorreo.pe/edicion/la-libertad/confirman-graves-danos-a-totorales-de-huanchaco-la-libertad-peru-trujillo-noticia/"><i><b>La Libertad: Confirman graves daños a totorales de Huanchaco</b></i></a></li></ul> ]]>
</content:encoded>
<media:content url="https://diariocorreo.pe/resizer/v2/Q7W4WUBKCVDO5NEGBTKZHUQKRM.jpg?width=1280&height=720&auth=da724cb1e7108c6b8de64a2161bcc26099bbd03441badcbd42f0c506c18710b3&smart=true" type="image/jpeg" height="720" width="1280">
<media:description type="plain">
<![CDATA[ Prefecto Carlos Rodríguez Rodríguez se reunió con otras autoridades en la ciudad de Trujillo. ]]>
</media:description>
</media:content>
</item>
<item>
<title>
<![CDATA[ Puno: Arrestan y castigan a 5 presuntos delincuentes acusados de robos y asaltos ]]>
</title>
<link>https://diariocorreo.pe/edicion/puno/puno-arrestan-y-castigan-a-5-presuntos-delincuentes-acusados-de-robos-y-asaltos-noticia/</link>
<guid isPermaLink="true">https://diariocorreo.pe/edicion/puno/puno-arrestan-y-castigan-a-5-presuntos-delincuentes-acusados-de-robos-y-asaltos-noticia/</guid>
<dc:creator>
<![CDATA[ Redacción Diario Correo ]]>
</dc:creator>
<description>
<![CDATA[ Los acusados fueron castigados y llevados hasta la plaza principal de este distrito, donde con carteles en el pecho fueron paseados. ]]>
</description>
<pubDate>Tue, 18 Feb 2025 23:32:24 +0000</pubDate>
<content:encoded>
<![CDATA[ <p><b>Los pobladores del distrito de Caminaca, provincia de Azángaro, arrestaron a 5 individuos acusados de cometer robos y asaltos en diferentes comunidades. Uno de los supuestos ladrones habría huido.</b></p><p>Según los agraviados, en los últimos días, los delincuentes venían cometiendo robos y asaltos en viviendas de las diferentes comunidades, por lo que los pobladores se organizaron y lograron atrapar a 5 sujetos, quienes integrarían la presunta banda delincuencial.</p><p>Los acusados fueron castigados y llevados hasta la plaza principal de este distrito, donde con carteles en el pecho fueron paseados. Los sujetos, quienes habrían confesado, son de la zona, dijeron.</p><p>Posteriormente llegaron al lugar la fiscal de turno y los policías, quienes trasladaron a los sospechosos hasta la comisaría del distrito de Arapa con el objeto de continuar con las diligencias que corresponde.</p><p>Según los agraviados, los ladrones habrían ingresado a varias viviendas de donde robaron víveres, artefactos, dinero y otros. Los policías dijeron que en la dependencia policial se realizará la identificación y otras diligencias.</p><img src="https://diariocorreo.pe/resizer/v2/DP27LYBLBZBAXHTLHRFQ2ONTNA.jpeg?width=1280&height=720&auth=062646d21850a0cf4b9083a42c9a1cce76bf81c6bd2844992462bc0f050955c4&smart=true" alt="" height="720" width="1280"/><img src="https://diariocorreo.pe/resizer/v2/HM3BIGDEQVDXHCY26ZETJEYLY4.jpeg?width=1280&height=720&auth=5a97a2a9ef6e8dc7f8684730d13290a4cbab7a7e2c0b402ee3cd9234ade8f897&smart=true" alt="" height="720" width="1280"/><img src="https://diariocorreo.pe/resizer/v2/WKAOKFFHOZABVFG6MJJFA5DDUA.jpeg?width=1599&height=1200&auth=194495667a8c23e6aba85381cef72e4fcbb4fcb213d614651dd4c59a08fd6415&smart=true" alt="" height="1200" width="1599"/> ]]>
</content:encoded>
<media:content url="https://diariocorreo.pe/resizer/v2/WCL5Q5QTT5E2RMBMYC3YMVGYDA.jpeg?width=1280&height=720&auth=dabbec7921a31505bb0114d24001fc1cda597d130b77067e38fa7e242be73493&smart=true" type="image/jpeg" height="720" width="1280"/>
</item>
<item>
<title>
<![CDATA[ Huánuco: delincuentes armados asaltan a madre de familia a plena luz del día ]]>
</title>
<link>https://diariocorreo.pe/edicion/huanuco/huanuco-delincuentes-armados-asaltan-a-madre-de-familia-a-plena-luz-del-dia-noticia/</link>
<guid isPermaLink="true">https://diariocorreo.pe/edicion/huanuco/huanuco-delincuentes-armados-asaltan-a-madre-de-familia-a-plena-luz-del-dia-noticia/</guid>
<dc:creator>
<![CDATA[ Arelia Luna ]]>
</dc:creator>
<description>
<![CDATA[ Huánuco: Mujer sufre robo mientras cargaba a su bebé ]]>
</description>
<pubDate>Tue, 31 Dec 2024 22:58:08 +0000</pubDate>
<content:encoded>
<![CDATA[ <p><b>A plena luz del día en la cuadra 5 del Jr. Huallayco de la cuidad de Huánuco, una madre de familia que caminaba llevando en brazos a su bebé de un año y medio de edad, fue asaltada por dos delincuentes que estaban provistos con armas de fuego y se movilizaban con una moto.</b></p><p>El hecho ocurrió a eso de las 3 de la tarde del 31 de diciembre del 2024, cuando Cinthia Román, luego de haber realizado sus compras por Año Nuevo y retirado de la agencia del Banco de Crédito del Perú (BCP), ubicado entre Jr. Huánuco y Dos de Mayo la suma de 10 mil soles, fue interceptada por los delincuentes en la cuadra 5 del Jr. Huallayco.</p><p>Uno de los delincuentes al forcejar la cartera con su víctima, hizo un disparo al aire e intentó arrebatarle a su menor hija, para que la madre pueda soltar la cartera donde tenía el dinero que iba a servir para el pago a unos proveedores, la mujer al ver que intentaban hacer daño a su hija y a la otra menor que la acompañaba decidió dejarlos ir con su pertenencia.</p><p><b>HUYERON</b></p><p>Los malditos inmediatamente huyeron por rumbo desconocido a bordo de la moto lineal, portaban cascos que le cubrían parte del rostro, para no ser identificados. Las compras de la víctima como flores amarillas, uvas, bombardas y las asas de su cartera quedaron sobre el piso de la cuadra 5 del Jr. Huallayco.</p><p>Tras este asalto, Cinthia Román, realizó diversas llamadas para bloquear sus tarjetas de las entidades financieras, mientras algunos vecinos de la zona llamaron a Serenazo de la comuna de huanuqueña y Policías, quienes después de media hora se hicieron presente hasta el lugar de los hechos.</p><p><b>VEA ESTO TAMBIÉN:</b></p><ul><li><a href="https://diariocorreo.pe/edicion/huanuco/huanuco-intenta-asesinar-a-su-pareja-disparandole-en-el-rostro-noticia/">Huánuco: intenta asesinar a su pareja disparándole en el rostro</a></li><li><a href="https://diariocorreo.pe/edicion/huanuco/automovil-se-despista-y-cae-al-abismo-en-huanuco-noticia/">Automóvil se despista y cae al abismo en Huánuco</a></li></ul> ]]>
</content:encoded>
<media:content url="https://diariocorreo.pe/resizer/v2/WLEFMOGPTFC5RC5FLOACN6CSDY.jfif?width=451&height=256&auth=64e5f2000a34b087128c8cd25ac0fa60488951579ba20e710c52d90892a358d6&smart=true" type="image/jpeg" height="256" width="451">
<media:description type="plain">
<![CDATA[ Huánuco: Mujer sufre robo mientras cargaba a su bebé. Hombre armados la interceptaron a la salida de un banco ]]>
</media:description>
</media:content>
</item>
<item>
<title>
<![CDATA[ Salhuana responsabilizó a personal administrativo tras aumento de presupuesto para menús del Congreso ]]>
</title>
<link>https://diariocorreo.pe/politica/salhuana-responsabilizo-a-personal-administrativo-tras-aumento-de-presupuesto-para-menus-del-congreso-noticia/</link>
<guid isPermaLink="true">https://diariocorreo.pe/politica/salhuana-responsabilizo-a-personal-administrativo-tras-aumento-de-presupuesto-para-menus-del-congreso-noticia/</guid>
<dc:creator>
<![CDATA[ Redacción Diario Correo ]]>
</dc:creator>
<description>
<![CDATA[ "Son temas técnicos que escapan de la Mesa Directiva pero que los hace el personal técnico del Congreso de la República", expresó el presidente del Congreso. ]]>
</description>
<pubDate>Tue, 18 Feb 2025 23:16:29 +0000</pubDate>
<content:encoded>
<![CDATA[ <ul><li><a href="https://diariocorreo.pe/politica/eduardo-salhuana-presento-proyecto-de-ley-para-declarar-en-emergencia-a-la-policia-nacional-del-peru-noticia/">Eduardo Salhuana presentó proyecto de ley para declarar en emergencia a la Policía Nacional del Perú</a></li><li><a href="https://diariocorreo.pe/politica/eduardo-salhuana-defiende-uso-de-terreno-cedido-al-congreso-y-niega-plan-de-esparcimiento-noticia/">Eduardo Salhuana defiende uso de terreno cedido al Congreso y niega plan de esparcimiento</a></li></ul><p><b>El presidente del Congreso, Eduardo Salhuana, señaló que es responsabilidad del personal administrativo el aumento en el presupuesto del servicio de alimentación dentro del Legislativo, al indicar que se tratan de temas “técnicos que escapan a la Mesa Directiva”.</b></p><p>Durante una conferencia de prensa de este martes, Salhuana se pronunció luego de la publicación del comunicado del Parlamento donde admiten que se le otorgan “menús” a los legisladores y trabajadores los días de pleno.</p><p>Al ser consultado sobre quien fue el responsable de aumentar las cantidades de alimento, personal o dinero, Salhuana dijo: “Evidentemente los temas técnicos los formula la Dirección General de Administración (DGA) con la oficina de administración y abastecimiento”.</p><p>Asimismo, se refirió sobre el aumento de las cantidades de carne, como lo informó “Cuarto Poder”.</p><p>“<i>Eso de 120 a 130 gramos es sin dunda alguna una recomendación del área de nutrición. Son temas técnicos que escapan de la Mesa Directiva pero que los hace el personal técnico del Congreso de la República</i>”, sostuvo.</p><p>“<i>En el año 2021 que se firmó el contrato estábamos en pandemia y las sesiones eran principalmente virtuales y estamos ahora 2025 con sesiones básicamente presenciales y eso explica por qué la empresa que tendría que plantear la atención tendría que atender con mayor número de personal</i>”, manifestó.</p><p>No obstante, el titular del Congreso reconoció que, antes de la firma del contrato para marzo de este año, el tema será revisado por la Mesa Directiva.</p><p>“<i>Nosotros recibimos el informe, tratándose de este tema, de la DGA. Revisamos si es lo correcto y si es así lo aprobamos y se firmará el contrato, pero siempre se tendrá en cuenta las observaciones de la prensa o la ciudadanía</i>”, expresó.</p><p>Además, Salhuana cuestionó a quienes criticaron al Congreso de la República debido al aumento en el monto estimado para el servicio de alimentación.</p><p>“<i>También a otros parlamentarios que a costa del Congreso vienen o pretenden hacer campaña electoral. Pido que piensen en el Congreso, en la institución, que piensen en respetar la institucionalidad y el sistema democrático. Creo que son personalidades suficientemente inteligentes para plantear alternativas y no hacer campaña electoral para pretender retornar al Congreso agraviando y hablando mal de esta importante institución para la democracia en el país</i>”, finalizó.</p><h2><mark class="hl_yellow"><b>TE PUEDE INTERESAR</b></mark></h2><ul><li><a href="https://diariocorreo.pe/politica/ministro-santivanez-pide-inhabilitar-por-10-anos-a-la-fiscal-de-la-nacion-delia-espinoza-noticia/"><b>Ministro Santiváñez pide inhabilitar por 10 años a la fiscal de la Nación, Delia Espinoza</b></a></li><li><a href="https://diariocorreo.pe/politica/ministros-adrianzen-y-quero-no-asistieron-a-citacion-del-congreso-noticia/"><b>Ministros Adrianzén y Quero no asistieron a citación del Congreso</b></a></li><li><a href="https://diariocorreo.pe/edicion/la-libertad/lluvias-dejan-seis-muertos-en-la-sierra-de-la-libertad-peru-noticia/"><b>Lluvias dejan seis muertos en la sierra de La Libertad</b></a></li><li><a href="https://diariocorreo.pe/edicion/huancayo/la-oroya-buscan-a-conductor-y-cuatro-pasajeros-que-fueron-tragados-por-el-rio-mantaro-noticia/"><b>La Oroya: Buscan a conductor y cuatro pasajeros que fueron tragados por el río Mantaro</b></a></li><li><a href="https://diariocorreo.pe/edicion/huancayo/la-oroya-tras-accidente-madre-tiene-la-esperanza-de-hallar-con-vida-a-su-hija-noticia/"><b>La Oroya: Tras accidente madre tiene la esperanza de hallar con vida a su hija</b></a></li></ul> ]]>
</content:encoded>
<media:content url="https://diariocorreo.pe/resizer/v2/64PKDMK42VFNDHGNEYZUICIKPU.jpg?width=2048&height=1365&auth=49578dd708b544313d8eb77fc3a4338717884b5036998d625cbc35ba8af85d4c&smart=true" type="image/jpeg" height="1365" width="2048">
<media:description type="plain">
<![CDATA[ (Foto: Congreso) ]]>
</media:description>
<media:credit role="author" scheme="urn:ebu">ERNESTO ARIAS</media:credit>
</media:content>
</item>
<item>
<title>
<![CDATA[ Arequipa: Niña de 3 años fallece y se investiga agresión sexual ]]>
</title>
<link>https://diariocorreo.pe/edicion/arequipa/arequipa-nina-de-3-anos-fallece-y-se-investiga-agresion-sexual-noticia/</link>
<guid isPermaLink="true">https://diariocorreo.pe/edicion/arequipa/arequipa-nina-de-3-anos-fallece-y-se-investiga-agresion-sexual-noticia/</guid>
<dc:creator>
<![CDATA[ Melanie Pariapaza ]]>
</dc:creator>
<description>
<![CDATA[ Tras más de dos semanas de estar internada en el hospital Honorio Delgado Espinoza, la menor de 3 años y 11 meses que fue presuntamente agredida sexualmente por su tío falleció hoy (18 de febrero) aproximadamente a las 14:15 horas. ]]>
</description>
<pubDate>Tue, 18 Feb 2025 23:06:03 +0000</pubDate>
<content:encoded>
<![CDATA[ <ul><li><a href="https://diariocorreo.pe/edicion/arequipa/arequipa-capturan-a-tres-personas-dentro-del-cementerio-la-apacheta-noticia/"><b>Arequipa: Capturan a tres personas dentro del cementerio La Apacheta</b></a></li><li><a href="https://diariocorreo.pe/edicion/arequipa/arequipa-capturan-a-tres-personas-dentro-del-cementerio-la-apacheta-noticia/"><b>Comerciantes de Avelino Cáceres en Arequipa reducen “gota a gota”</b></a></li><li><a href="https://diariocorreo.pe/edicion/arequipa/arequipa-capturan-a-tres-personas-dentro-del-cementerio-la-apacheta-noticia/"><b>Capturan a policía sentenciado por pedir coima de 30 mil soles</b></a></li></ul><p><b>Tras más de dos semanas de estar internada en el hospital Honorio Delgado Espinoza, la menor de 3 años y 11 meses que fue presuntamente agredida sexualmente por su tío falleció hoy (18 de febrero) aproximadamente a las 14:15 horas.</b></p><q><b>MIRA: </b><a href="https://diariocorreo.pe/edicion/arequipa/arequipa-incautan-armas-de-fuego-municiones-y-31-kilos-de-marihuana-en-un-almacen-del-centro-comercial-la-isla-noticia/" target="_blank"><b>Arequipa: Incautan armas de fuego, municiones y 31 kilos de marihuana en un almacén del centro comercial La Isla</b></a></q><p><b>La menor fue intervenida quirúrgicamente con una craneotomia descomprensiva</b> por un hematoma qué presentaba en el hemisferio izquierdo de su cerebro. Sin embargo, la menor no presentó mejoras en los últimos días y falleció tras una presunta muerte cerebral.</p><p>El cuerpo de la niña fue trasladado hacia la morgue central de Arequipa para realizar las diligencias del caso. </p><p><b>La menor fue víctima de una agresión sexual en el distrito de La Joya</b>, el pasado sábado 1 de febrero. Ese mismo día ingresó en la noche al hospital Honorio Delgado Espinoza en donde se le diagnosticó Traumatismo Encéfalo Craneano (TEC), además se alertó de diversos moretones y mordidas en el cuerpo. Los primeros exámenes realizados a la niña confirmaron la agresión sexual.</p><p><b>El principal sospechoso del caso es el hermanastro de la madre</b>, quien es un adolescente de 15 años que lamentablemente hasta el momento está no habido.</p><h1><mark class="hl_yellow"><b>VIDEO RECOMENDADO</b></mark></h1><p><iframe width="560" height="315" src="https://www.youtube.com/embed/SoASz7yRegQ?si=qbIaRpcWtFSbPAc5" title="YouTube video player" frameborder="0" allow="accelerometer; autoplay; clipboard-write; encrypted-media; gyroscope; picture-in-picture; web-share" referrerpolicy="strict-origin-when-cross-origin" allowfullscreen></iframe></p> ]]>
</content:encoded>
<media:content url="https://diariocorreo.pe/resizer/v2/WTCORYA7HNE25HZISKWF3M2JXU.jpg?width=1550&height=1015&auth=c8b94238afc08e11551a216a2970c4134b1b81312bc785600f0585f4481d19ff&smart=true" type="image/jpeg" height="1015" width="1550">
<media:description type="plain">
<![CDATA[ Hospital Honorio Delgado Espinoza. Foto: GEC. ]]>
</media:description>
</media:content>
</item>
<item>
<title>
<![CDATA[ Ingeniera civil es contratada en proyecto de cadena de papa por más de 22 mil soles en Huánuco ]]>
</title>
<link>https://diariocorreo.pe/edicion/huanuco/ingeniera-civil-es-contratada-en-proyecto-de-cadena-de-papa-por-mas-de-22-mil-soles-en-huanuco-noticia/</link>
<guid isPermaLink="true">https://diariocorreo.pe/edicion/huanuco/ingeniera-civil-es-contratada-en-proyecto-de-cadena-de-papa-por-mas-de-22-mil-soles-en-huanuco-noticia/</guid>
<dc:creator>
<![CDATA[ Arelia Luna ]]>
</dc:creator>
<description>
<![CDATA[ Deja mucho que desear la contratación de un profesional que no cumple a cabalidad su labor o no reúne el perfil ]]>
</description>
<pubDate>Tue, 18 Feb 2025 23:05:49 +0000</pubDate>
<content:encoded>
<![CDATA[ <ul><li><a href="https://diariocorreo.pe/edicion/huanuco/alcalde-y-viceministro-de-cultura-verifican-capilla-de-huayopampa-y-angorragra-noticia/">Alcalde y viceministro de Cultura verifican capilla de Huayopampa y Angorragra</a></li><li><a href="https://diariocorreo.pe/edicion/huanuco/sentencian-a-30-anos-de-carcel-a-sujeto-que-abuso-de-nina-de-7-anos-en-huanuco-noticia/">Sentencian a 30 años de cárcel a sujeto que abusó de niña de 7 años en Huánuco</a></li><li><a href="https://diariocorreo.pe/edicion/huanuco-intensas-lluvias-y-nevadas-afectan-mas-de-126-hectareas-de-cultivos-noticia/">Huánuco: intensas lluvias y nevadas afectan más de 126 hectáreas de cultivos</a></li></ul><p><b>Los cuestionamientos vergonzosos e irregulares en la Dirección Regional de Agricultura (DRA) continúan, esta vez revelaron la contratación de una Ingeniera Civil, para el servicio de asistente II de supervisión para el proyecto de servicio agrario en la cadena productiva de papa por un monto de más de 22 mil soles.</b></p><p>Según la denuncia pública que hace el activista Límber Rodríguez, es el caso de la ingeniera civil Greysi Emperatriz Ramírez, quien ha sido contratada para el serio de asistente II de supervisión para el proyecto “Mejoramiento de los servicios agrarios de la cadena productiva de la papa en 6 provincias del departamento de Huánuco” que se ejecuta desde el 2024 con un presupuesto de casi 38 millones de soles.</p><p><b>ASISTENTE DE SUPERVISIÓN</b></p><p>Como parte de este proyecto se han instalado 127 parcelas demostrativas, abarcando 50 hectáreas, para mejorar la producción de papa nativa en Yarowilca, Dos de Mayo, Ambo, Huánuco, Pachitea y Huamalíes. Y como asistente de supervisión para este proyecto agrario ha sido contratada la mencionada ingeniera civil con un pago de 22 mil 500 soles. </p><img src="https://diariocorreo.pe/resizer/v2/MPFAVKTVVJEZHCO7GCQ2362S3Y.jfif?width=1600&height=1535&auth=0a10129daa2eb11b780a08c0c136f75d0690c15cc310ba4851ede17505126970&smart=true" alt="Prueba: deja mucho que desear la contratación de un profesional que no cumple a cabalidad su labor o no reúne el perfil del caso" height="1535" width="1600"/><p>Ante esta denuncia pública, el director de Agricultura Yarushel Valenzuela Segura, a la fecha no ha hecho ninguna aclaración como si lo hizo con el caso de la contratación de bachiller en Administración de Empresas Katherine Magril Paredes Campos, por el concepto de “Servicio de comunicador social para el proyecto Ganado Vacuno”, por una paga de 12 mil 500 soles.</p><p><b>ACLARACIÓN </b></p><p>A través de un pronunciamiento, el director de Agricultura, defendió la contratación de Paredes Campos asegurando que se hizo “de manera regular y transparente” y que “el término de referencia de la orden de servicio incluía explícitamente la posibilidad de contratar profesionales de las carreras de Comunicación Social, carreras administrativas y afines”.</p><p>Con relación al monto de 12 mil 500 soles que percibió la bachiller en Administración Paredes Campos, la DRA precisó que fue por el periodo de cinco meses: de agosto a diciembre del 2024, a razón de 2 500 soles mensuales. </p><p><b>ORDEN DE SERVICIO USURPANDO FUNCIONES</b></p><p>Sin embargo, en la orden de servicio revela que son propias de un comunicador social: elaborar y publicar como mínimo 4 notas informativas en el Facebook institucional (DRA) sobre las actividades del proyecto mejoramiento de la capacidad productiva de ganado vacuno mediante transferencia tecnológica integral en las provincias de Dos de Mayo, Yarowilca, Huamalíes y Lauricocha.</p><p>Indica en el documento elaborar como mínimo un video y una base audiovisual de actividades del proyecto que incluya fotografías y videos editados con diseño artístico y “un machote listo para su impresión” (la impresión de prueba de una publicación: libro, revista, etc.).</p><p>Además, la proveedora debía “realizar como mínimo 2 diseños gráficos, para la difusión y realización de eventos programados en el proyecto”. Esta tarea es propia de un comunicador social, pero también de un diseñador gráfico. Y todas las demás descritas en la Orden de Servicio n.º 0000617 son muy ajenas a la formación profesional de un administrador de empresas.</p> ]]>
</content:encoded>
<media:content url="https://diariocorreo.pe/resizer/v2/BTJDLSADQZHSTAKNEMUZBCUJSU.jfif?width=642&height=681&auth=bac971fe822a0ef11e9784451833a9b1ba55f32d30a50d69289e437b49336bcd&smart=true" type="image/jpeg" height="681" width="642">
<media:description type="plain">
<![CDATA[ Deja mucho que desear la contratación de un(a) profesional que no cumple a cabalidad su labor o no reúne el perfil para el puesto ]]>
</media:description>
</media:content>
</item>
<item>
<title>
<![CDATA[ La Libertad: Karla Otiniano es coronada como “Señora Puémape 2025” ]]>
</title>
<link>https://diariocorreo.pe/edicion/la-libertad/karla-otiniano-es-coronada-como-senora-puemape-2025-la-libertad-peru-noticia/</link>
<guid isPermaLink="true">https://diariocorreo.pe/edicion/la-libertad/karla-otiniano-es-coronada-como-senora-puemape-2025-la-libertad-peru-noticia/</guid>
<dc:creator>
<![CDATA[ Redacción Diario Correo ]]>
</dc:creator>
<description>
<![CDATA[ Con motivo de las celebraciones de verano, cada distrito y provincia presentan a sus respectivas reinas. En esta oportunidad, Karla Fernanda Otiniano Plasencia ha sido coronada como la “Señora Puémape 2025″, cargo con el que representará a su distrito en el concurso “Veranea San Pedro de Lloc 2025″, organizado por la Municipalidad Provincial de Pacasmayo. ]]>
</description>
<pubDate>Tue, 18 Feb 2025 22:51:38 +0000</pubDate>
<content:encoded>
<![CDATA[ <p><b>Con motivo de las celebraciones de verano, cada distrito y provincia presentan a sus respectivas reinas. En esta oportunidad, </b><a href="https://diariocorreo.pe/edicion/la-libertad/karla-otiniano-es-coronada-como-senora-puemape-2025-la-libertad-peru-noticia/"><b>Karla Fernanda Otiniano Plasencia</b></a><b> ha sido coronada como la “Señora Puémape 2025″, cargo con el que representará a su distrito en el concurso “Veranea San Pedro de Lloc 2025″, organizado por la Municipalidad Provincial de Pacasmayo.</b></p><q><b>VER MÁS: </b><a href="https://diariocorreo.pe/edicion/la-libertad/coronan-a-reinas-trujillanas-en-una-noche-de-gala-la-libertad-peru-noticia/"><mark class="hl_yellow"><i><b>La Libertad: Coronan a reinas trujillanas en una noche de gala</b></i></mark></a></q><p>Karla Fernanda es arquitecta de profesión y empresaria peruana, destacándose por su capacidad para construir sueños, tanto en su carrera como en su vida personal. Como madre de dos niñas, encuentra en ellas su mayor inspiración, combinando su talento para identificar oportunidades con una mentalidad innovadora y un carácter fuerte que la impulsa a tomar decisiones audaces. Además, su compromiso con la comunidad se refleja en diversas obras sociales en las que participa activamente.</p><p><i><b>“Me siento muy satisfecha como arquitecta, al aportar a la Asociación de Vivienda de Puémape con el diseño de un malecón, proyecto que revalorará el sector y fomentará el turismo, gastronomía y actividades que promueven un desarrollo sostenible, económico e inclusivo para la provincia. Puémape es una perla escondida que debe ser mostrada”, </b></i>expresó Karla Otiniano tras recibir la corona.</p><img src="https://diariocorreo.pe/resizer/v2/XW6JRV6UOBCLXIVEFHSOSPCE7A.jpeg?width=1200&height=1600&auth=5e3d7f6d3f86317f46eccd1347fb7e908d0df8895ef0365b3af5b5631dc2110c&smart=true" alt="" height="1600" width="1200"/><p>Por su parte, Elmer León Pairazamán, alcalde de San Pedro de Lloc, destacó la importancia de contar con una representante que no solo sobresalga por su belleza, sino también por su desarrollo profesional y su compromiso social. </p><p><i><b>“Estamos contentos de tener a una representante de la belleza local, sabemos que nos representará de la mejor manera”,</b></i> enfatizó.</p><p>El concurso “Veranea San Pedro de Lloc 2025″ es una plataforma que busca resaltar la identidad, cultura y belleza de la región, promoviendo a mujeres que inspiran con su trayectoria y valores. Karla Otiniano Plasencia representará a Puémape con orgullo y determinación, dejando en alto el nombre de su comunidad.</p><h2><mark class="hl_yellow"><i><b>LE PUEDE INTERESAR</b></i></mark></h2><ul><li><a href="https://diariocorreo.pe/edicion/la-libertad/giancarlo-toribio-regidor-de-la-municipalidad-provincial-de-trujillo-han-tergiversado-mi-propuesta-de-ordenanza-peru-noticia/"><i><b>Giancarlo Toribio, regidor de la Municipalidad Provincial de Trujillo: “Han tergiversado mi propuesta de ordenanza”</b></i></a></li><li><a href="https://diariocorreo.pe/edicion/la-libertad/auditaran-el-proyecto-especial-chavimochic-y-la-gerencia-de-infraestructura-la-libertad-peru-noticia/#google_vignette"><i><b>La Libertad: Auditarán el Proyecto Especial Chavimochic y la gerencia de Infraestructura</b></i></a></li><li><a href="https://diariocorreo.pe/edicion/la-libertad/martin-camacho-no-expone-su-plan-de-trabajo-2025-peru-la-libertad-noticia/"><i><b>La Libertad: Martín Camacho no expone su plan de trabajo 2025</b></i></a></li><li><a href="https://diariocorreo.pe/edicion/la-libertad/cesar-acuna-afirma-que-en-trujillo-no-hay-secuestros-solo-extorsion-video-noticia/"><i><b>César Acuña afirma que en Trujillo no hay secuestros, solo extorsión (VIDEO)</b></i></a></li><li><a href="https://diariocorreo.pe/edicion/la-libertad/la-libertad-la-libertad-dirigencia-del-apra-dice-que-traidores-no-postularan-por-ese-partido-el-2026-noticia/#google_vignette"><i><b>La Libertad: Dirigencia del Apra dice que “traidores” no postularán por ese partido el 2026</b></i></a></li><li><a href="https://diariocorreo.pe/edicion/la-libertad/ever-cadenillas-arremete-contra-opositores-a-cesar-acuna-la-libertad-peru-noticia/"><i><b>Ever Cadenillas arremete contra opositores a César Acuña</b></i></a></li><li><a href="https://diariocorreo.pe/edicion/la-libertad/mario-reyna-alcalde-de-trujillo-se-reune-con-dirigentes-de-app-la-libertad-peru-noticia/"><i><b>Mario Reyna, alcalde de Trujillo, se reúne con dirigentes de APP</b></i></a></li><li><a href="https://diariocorreo.pe/edicion/la-libertad/elias-rodriguez-lider-de-podemos-peru-en-la-libertad-la-gestion-de-cesar-acuna-esta-fracasando-la-libertad-peru-noticia/"><i><b>Elías Rodríguez, líder de Podemos Perú en La Libertad: “La gestión de César Acuña está fracasando”</b></i></a></li><li><a href="https://diariocorreo.pe/edicion/la-libertad/confirman-graves-danos-a-totorales-de-huanchaco-la-libertad-peru-trujillo-noticia/"><i><b>La Libertad: Confirman graves daños a totorales de Huanchaco</b></i></a></li></ul><p><br/></p> ]]>
</content:encoded>
<media:content url="https://diariocorreo.pe/resizer/v2/ZL3HDDKAVJE23AE7GC6QBLEHWE.jpg?width=1280&height=720&auth=73ee49aac62f5a576b0206df2ccb687cacb9cde0ab0b90ac40987cdd8721bf42&smart=true" type="image/jpeg" height="720" width="1280">
<media:description type="plain">
<![CDATA[ La flamante reina representará a su distrito en el concurso “Veranea San Pedro de Lloc 2025″, en el marco del carnaval. ]]>
</media:description>
</media:content>
</item>
<item>
<title>
<![CDATA[ Grupo 5 estrena en YouTube su concierto “3 noches en el Estadio Nacional” en formato 4K ]]>
</title>
<link>https://diariocorreo.pe/espectaculos/grupo-5-estrena-en-youtube-su-concierto-3-noches-en-el-estadio-nacional-en-formato-4k-farandula-celebs-noticia/</link>
<guid isPermaLink="true">https://diariocorreo.pe/espectaculos/grupo-5-estrena-en-youtube-su-concierto-3-noches-en-el-estadio-nacional-en-formato-4k-farandula-celebs-noticia/</guid>
<dc:creator>
<![CDATA[ Redacción Diario Correo ]]>
</dc:creator>
<description>
<![CDATA[ El Grupo 5 ha sorprendido a su público con el lanzamiento en YouTube de 3 noches en el Estadio Nacional, un video en 4K que revive su histórico concierto en Lima por sus 51 años de trayectoria. Este espectáculo, que agotó entradas en minutos, reunió a miles de fanáticos que disfrutaron de una puesta en escena de primer nivel. ]]>
</description>
<pubDate>Tue, 18 Feb 2025 22:51:44 +0000</pubDate>
<content:encoded>
<![CDATA[ <p><b>El Grupo 5 ha sorprendido a su público con el lanzamiento en YouTube de </b><i><b>3 noches en el Estadio Nacional</b></i><b>, un video en 4K que revive su histórico concierto en Lima por sus 51 años de trayectoria. Este espectáculo, que agotó entradas en minutos, reunió a miles de fanáticos que disfrutaron de una puesta en escena de primer nivel.</b></p><p>La grabación del concierto fue realizada con cámaras de cine para garantizar una experiencia visual y sonora de alta calidad. Christian Yaipén, vocalista de la agrupación, destacó en redes sociales la producción del material. “Acá podrán ver cosas interesantes, porque está el Grupo 5 en vivo en todo el concierto. Este video está chévere, porque se puede bailar en casa. El sonido está increíble. Hemos cuidado mucho cada detalle”, comentó.</p><p>El show contó con la participación de destacados artistas internacionales como Eddy Herrera, Fonseca, Mike Bahía, Guaynaa, Alberto Barros y Ráfaga. También se sumaron reconocidos exponentes nacionales, entre ellos Mauricio Mesones, Ezio Oliva, Eva Ayllón, Daniela Darcourt y DJ Peligro.</p><p>Con este estreno, el Grupo 5 reafirma su compromiso de seguir llevando la cumbia peruana a nuevas audiencias, consolidándose como una de las agrupaciones más influyentes del género. Ahora, sus seguidores pueden revivir este espectáculo desde la comodidad de su hogar y compartir la experiencia con familia y amigos.</p><p><iframe width="560" height="315" src="https://www.youtube.com/embed/aYLsKb1kdrk?si=5fZVGzXEqTinvJEE" title="YouTube video player" frameborder="0" allow="accelerometer; autoplay; clipboard-write; encrypted-media; gyroscope; picture-in-picture; web-share" referrerpolicy="strict-origin-when-cross-origin" allowfullscreen></iframe></p><h2><mark class="hl_yellow"><b>TE PUEDE INTERESAR</b></mark></h2><ul><li><a href="https://diariocorreo.pe/espectaculos/confirmado-shakira-se-presentara-hoy-en-el-estadio-nacional-de-lima-concierto-tour-las-mujeres-ya-no-lloran-celebs-colombia-masterlive-peru-farandula-noticia/"><b>¡Confirmado! Shakira se presentará hoy en el Estadio Nacional</b></a></li><li><a href="https://diariocorreo.pe/espectaculos/confirmado-shakira-se-presentara-hoy-en-el-estadio-nacional-de-lima-concierto-tour-las-mujeres-ya-no-lloran-celebs-colombia-masterlive-peru-farandula-noticia/"><b>Masterlive Perú coordina con el equipo de Shakira nueva fecha tras cancelación de concierto</b></a></li><li><a href="https://diariocorreo.pe/espectaculos/confirmado-shakira-se-presentara-hoy-en-el-estadio-nacional-de-lima-concierto-tour-las-mujeres-ya-no-lloran-celebs-colombia-masterlive-peru-farandula-noticia/"><b>Grupo Ádammo, banda de rock: “Ádammo somos los cuatro, no hemos tenido conflictos por eso” (Entrevista)</b></a></li><li><a href="https://diariocorreo.pe/espectaculos/confirmado-shakira-se-presentara-hoy-en-el-estadio-nacional-de-lima-concierto-tour-las-mujeres-ya-no-lloran-celebs-colombia-masterlive-peru-farandula-noticia/"><b>Shakira envía mensaje a sus fans tras postergar conciertos en Lima: “Me dan tanta fuerza”</b></a></li><li><a href="https://diariocorreo.pe/espectaculos/confirmado-shakira-se-presentara-hoy-en-el-estadio-nacional-de-lima-concierto-tour-las-mujeres-ya-no-lloran-celebs-colombia-masterlive-peru-farandula-noticia/"><b>Astrid Armas Barrientos es la Reina Carnaval Bicentenario en Catacaos</b></a></li></ul> ]]>
</content:encoded>
<media:content url="https://diariocorreo.pe/resizer/v2/NDPAQP5MJJCMLAHIBNWESLTXPI.jpeg?width=1600&height=1600&auth=41c17a5dd1355c8e623df062cc262641155d6ebd66416113f5adb00cc494cb80&smart=true" type="image/jpeg" height="1600" width="1600">
<media:description type="plain">
<![CDATA[ La grabación del concierto fue realizada con cámaras de cine para garantizar una experiencia visual y sonora de alta calidad. ]]>
</media:description>
</media:content>
</item>
<item>
<title>
<![CDATA[ Alcalde y viceministro de Cultura verifican capilla de Huayopampa y Angorragra ]]>
</title>
<link>https://diariocorreo.pe/edicion/huanuco/alcalde-y-viceministro-de-cultura-verifican-capilla-de-huayopampa-y-angorragra-noticia/</link>
<guid isPermaLink="true">https://diariocorreo.pe/edicion/huanuco/alcalde-y-viceministro-de-cultura-verifican-capilla-de-huayopampa-y-angorragra-noticia/</guid>
<dc:creator>
<![CDATA[ Arelia Luna ]]>
</dc:creator>
<description>
<![CDATA[ Autoridades constatan situación de monumentos históricos ]]>
</description>
<pubDate>Tue, 18 Feb 2025 22:49:26 +0000</pubDate>
<content:encoded>
<![CDATA[ <ul><li><a href="https://diariocorreo.pe/edicion/huanuco/sentencian-a-30-anos-de-carcel-a-sujeto-que-abuso-de-nina-de-7-anos-en-huanuco-noticia/">Sentencian a 30 años de cárcel a sujeto que abusó de niña de 7 años en Huánuco</a></li><li><a href="https://diariocorreo.pe/edicion/huanuco-intensas-lluvias-y-nevadas-afectan-mas-de-126-hectareas-de-cultivos-noticia/">Huánuco: intensas lluvias y nevadas afectan más de 126 hectáreas de cultivos</a></li></ul><p><b>A fin de preservar la identidad histórica del distrito y garantizar la seguridad de la población, el alcalde del distrito de Amarilis, Roger Hidalgo y el viceministro de Cultura, Jamer Chávez, realizaron una visita técnica a diversos puntos estratégicos de la Amarilis, como la histórica capilla de Huayopampa, quebrada de Angorragra y puentes de Huánuco.</b></p><p>El recorrido permitió evaluar el estado de la Capilla de Huayopampa, identificar riesgos en la Quebrada de Angorragra y analizar la situación estructural del Puente Calicanto, estableciendo así un compromiso firme con la recuperación del patrimonio y la prevención de desastres.</p><p><b>COMPROMISOS </b></p><p>El primer punto de la agenda fue la histórica Capilla de Huayopampa, una joya arquitectónica de gran valor patrimonial que ha sido testigo del crecimiento de Amarilis a lo largo de los años. La delegación evaluó su estado actual para trazar un plan de acción que permita su recuperación y conservación.</p><p>“Este es un símbolo de nuestra identidad, una herencia invaluable que no podemos permitir que se pierda en el tiempo. Desde nuestra gestión, estamos comprometidos con su restauración y trabajaremos de la mano con el Ministerio de Cultura para garantizar que futuras generaciones sigan apreciando este legado”, expresó el alcalde Roger Hidalgo.</p><p>Por su parte, el viceministro Jamer Chávez enfatizó la importancia de preservar la historia local y aseguró el respaldo del Gobierno Central en este proceso. “El patrimonio de Amarilis es parte del alma de nuestra nación. La Capilla de Huayopampa no solo es una edificación, es el reflejo de nuestra historia y cultura. Estamos aquí para sumarnos a este esfuerzo y lograr su puesta en valor con el apoyo de todos los sectores involucrados”, sostuvo.</p><q>LE PUEDE INTERESAR: <a href="https://diariocorreo.pe/edicion/huanuco/fiesta-del-carnaval-huanuqueno-sera-hasta-el-5-de-marzo-noticia/">Fiesta del Carnaval Huanuqueño será hasta el 5 de marzo</a></q><p><b>PREVENCIÓN </b></p><p>Posteriormente, la comitiva se trasladó a la Quebrada de Angorragra, un sector identificado como zona de riesgo ante desastres naturales. En este punto, se realizó un análisis técnico para determinar medidas de prevención que permitan salvaguardar a la población.</p><p>“No podemos esperar a que ocurran tragedias para actuar. Estamos tomando decisiones firmes para garantizar la seguridad de nuestras familias, anticipándonos a cualquier emergencia. Amarilis merece vivir sin temor a deslizamientos o inundaciones”, afirmó con determinación el alcalde Hidalgo.</p><p>El viceministro Chávez respaldó esta iniciativa y destacó la necesidad de un enfoque integral en la gestión del territorio. “La prevención es la mejor inversión en seguridad. Desde el Ejecutivo, apoyaremos las gestiones necesarias para mitigar los riesgos y proteger a la población”, manifestó.</p><p><b>RESCATE Y MANTENIMIENTO </b></p><p>El recorrido concluyó en el icónico Puente Calicanto, símbolo del distrito y punto estratégico en la conectividad entre Amarilis y Huánuco. Su estructura fue sometida a una inspección detallada para evaluar acciones de mantenimiento y puesta en valor.</p><p>“Este puente es más que una vía de comunicación; es una pieza fundamental de nuestra historia. Nos aseguraremos de que reciba la atención que merece para fortalecer su estructura y realzar su importancia cultural y turística”, afirmó el alcalde.</p><p>El viceministro de Cultura resaltó el potencial del Puente Calicanto como atractivo turístico y garantizó el apoyo técnico para su preservación. “Un pueblo que cuida sus monumentos es un pueblo que respeta su identidad. Vamos a articular esfuerzos para que este puente siga siendo un emblema de Amarilis”, declaró.</p> ]]>
</content:encoded>
<media:content url="https://diariocorreo.pe/resizer/v2/HHJ5D3M23RBPVK5PVEAXIC2RCM.jfif?width=1600&height=1066&auth=0f12de9e494a92607179f48065446a2067c279c78e0087aa27ae08769200fef7&smart=true" type="image/jpeg" height="1066" width="1600">
<media:description type="plain">
<![CDATA[ Autoridades constatan situación de monumentos históricos en Huánuco ]]>
</media:description>
</media:content>
</item>
<item>
<title>
<![CDATA[ Puno: Reportan 18 inundaciones por desborde de ríos en la región ]]>
</title>
<link>https://diariocorreo.pe/edicion/puno/puno-reportan-18-inundaciones-por-desborde-de-rios-en-la-region-noticia/</link>
<guid isPermaLink="true">https://diariocorreo.pe/edicion/puno/puno-reportan-18-inundaciones-por-desborde-de-rios-en-la-region-noticia/</guid>
<dc:creator>
<![CDATA[ Redacción Diario Correo ]]>
</dc:creator>
<description>
<![CDATA[ El Centro de Operaciones de Emergencia Regional (COER) Puno, informó que durante las últimas 48 horas se han reportado 18 emergencias de inundación por desborde de ríos en diferentes distritos de la región de Puno. ]]>
</description>
<pubDate>Tue, 18 Feb 2025 22:46:48 +0000</pubDate>
<content:encoded>
<![CDATA[ <p><b>El Centro de Operaciones de Emergencia Regional (COER) Puno, informó que durante las últimas 48 horas se han reportado 18 emergencias de inundación por desborde de ríos en diferentes distritos de la región de Puno.</b></p><p>Refieren que los desbordes ocurrieron los días lunes y martes, resultando afectados las viviendas, cultivos de pan llevar y carreteras (vías vecinales), que están en proceso de evaluación por las oficinas de defensa civil de las municipalidades distritales.</p><p>Las emergencias se reportaron en los distritos de Pilcuyo e Ilave de la provincial El Collao; Pomata, Desaguadero, Huacullani y Pisacoma de la provincia de Chucuito; Vilque y Mañazo de la provincia de Puno; Putina de la provincia de San Antonio de Putina; Huatasani e Inchupalla de la provincia de Huancané; Antauta, Cupi y Nuñoa de la provincia de Melgar, y Cabanillas y Cabana de la provincia de San Román.</p><img src="https://diariocorreo.pe/resizer/v2/36TIL2553JE4VMHVDHG3BCNN7Y.jpeg?width=1600&height=1200&auth=bc622863b5b19e1a24ec1b2074401310223011af272a9aa349417297e884bc73&smart=true" alt="" height="1200" width="1600"/><img src="https://diariocorreo.pe/resizer/v2/2O7AKVL6JJHCXLO26BXS2VBUT4.jpeg?width=1280&height=960&auth=9e6a83c5700952d3ca32d717e2ec3284bf04f0c17b16dc6de7a787a5c5a5f666&smart=true" alt="" height="960" width="1280"/><p>Los ríos que se desbordaron son: Zapatilla, Vilque, Conaviri, Pescacha, Challamayo, Pucamayo, Huenque, Condoriri, San Juan, Progreso, Chayajahuira, Callacame, Khellochico, Inchupalla, Larimayo, Antauta, Cabanillas e Illpa.</p><p>Asimismo, recordaron que los días 14 y 16 de febrero también se reportaron inundaciones por desborde de ríos en los sectores de Kahuasiri Alto, Kahuasiri Bajo y Sucre del distrito de Llalli, provincia de Melgar, y en los centros poblados de Caspa, Collpajahuira, Molino, Yacango, Pucará y Urbano Peru Birf del distrito de Juli, provincia de Chucuito. Los afectados piden la presencia de las autoridades para la evaluación de los daños.</p> ]]>
</content:encoded>
<media:content url="https://diariocorreo.pe/resizer/v2/CKSFQS2AZNFOHCBCCXI2MYBK74.jpeg?width=1280&height=577&auth=7848e5a4db8d1d8a217f5546815e4f30780be2beb3fac6201808ae5f4b56ba39&smart=true" type="image/jpeg" height="577" width="1280">
<media:description type="plain">
<![CDATA[ Refieren que los desbordes ocurrieron los días lunes y martes, resultando afectados las viviendas, cultivos de pan llevar y carreteras (vías vecinales). ]]>
</media:description>
</media:content>
</item>
<item>
<title>
<![CDATA[ Sentencian a 30 años de cárcel a sujeto que abusó de niña de 7 años en Huánuco ]]>
</title>
<link>https://diariocorreo.pe/edicion/huanuco/sentencian-a-30-anos-de-carcel-a-sujeto-que-abuso-de-nina-de-7-anos-en-huanuco-noticia/</link>
<guid isPermaLink="true">https://diariocorreo.pe/edicion/huanuco/sentencian-a-30-anos-de-carcel-a-sujeto-que-abuso-de-nina-de-7-anos-en-huanuco-noticia/</guid>
<dc:creator>
<![CDATA[ Arelia Luna ]]>
</dc:creator>
<description>
<![CDATA[ Sentencian a treinta años a sujeto violador ]]>
</description>
<pubDate>Tue, 18 Feb 2025 22:39:33 +0000</pubDate>
<content:encoded>
<![CDATA[ <ul><li><a href="https://diariocorreo.pe/edicion/huanuco/huanuco-revelan-sobrecostos-en-adquisicion-de-18-maquinas-pesadas-noticia/">Huánuco: revelan sobrecostos en adquisición de 18 máquinas pesadas</a></li><li><a href="https://diariocorreo.pe/edicion/huanuco/huanuco-cae-conductor-de-trimovil-implicado-en-asalto-a-mano-armada-noticia/">Huánuco: cae conductor de trimóvil implicado en asalto a mano armada</a></li></ul><p><b>Treinta años de pena privativa de la libertad es la sentencia que logró la Primera Fiscalía Provincial Penal Corporativa de Leoncio Prado, luego de seguir la investigación para lograr una medida que se ajuste al requerimiento de la justicia a favor de una niña de siete años que fue víctima de agresión sexual en octubre del 2010. </b></p><p>El requerimiento acusatorio presentado por el fiscal provincial, Edwin García Palomino, fue declarado consentido por el juzgado que sentenció a Euler Fasanando Pinedo (51) y que; además, ordenó su búsqueda, a nivel nacional, captura e internamiento en el centro penitenciario de Huánuco (Potracancha). </p><p>El sentenciado y la víctima de agresión sexual se conocían. Según la tesis fiscal, Fasanando Pinedo era amigo de su papá. Abusó sexualmente de ella aprovechando un descuido, mientras celebraban en casa del ahora prófugo de la justicia. Por aquel entonces, Euler Fasanando tenía 36 años de edad.</p> ]]>
</content:encoded>
<media:content url="https://diariocorreo.pe/resizer/v2/N4GL5DSO6NEKJJWVQDB7IWD2W4.jfif?width=1280&height=868&auth=3cfa58ef14453edca3ba208bf5bf05e1c2ad6b6bf6825a2efa531433071042b3&smart=true" type="image/jpeg" height="868" width="1280">
<media:description type="plain">
<![CDATA[ Sentencian a treinta años a sujeto violador ]]>
</media:description>
</media:content>
</item>
<item>
<title>
<![CDATA[ Sting envía mensaje a sus fanáticos a pocos días de su concierto en Lima ]]>
</title>
<link>https://diariocorreo.pe/espectaculos/sting-envia-mensaje-a-sus-fanaticos-a-pocos-dias-de-su-concierto-en-lima-noticia/</link>
<guid isPermaLink="true">https://diariocorreo.pe/espectaculos/sting-envia-mensaje-a-sus-fanaticos-a-pocos-dias-de-su-concierto-en-lima-noticia/</guid>
<dc:creator>
<![CDATA[ Redacción Diario Correo ]]>
</dc:creator>
<description>
<![CDATA[ A días de su regreso a Lima, Sting comparte un video en el que expresa su emoción por volver a tocar en el país. ]]>
</description>
<pubDate>Tue, 18 Feb 2025 22:37:20 +0000</pubDate>
<content:encoded>
<![CDATA[ <p><b>El legendario Sting está listo para su regreso a Lima este 26 de febrero en Costa 21, donde presentará su aclamada gira Sting 3.0. A pocos días del concierto, el artista británico ha compartido un mensaje especial dirigido a sus seguidores peruanos, expresando su entusiasmo y ansias por reencontrarse con ellos en este esperado espectáculo.</b></p><p>El reciente paso de Sting por los escenarios ha reafirmado su vigencia y pasión por la música. Hace solo unos días, participó en el evento benéfico <b>FireAid</b>, donde interpretó algunos de sus mayores éxitos y compartió escenario con leyendas como Stevie Wonder y Flea. Su actuación en este evento solidario mostró a un Sting enérgico y comprometido, preparándose para lo que será su show en Lima.</p><p>En el video dirigido a sus fans peruanos, Sting se muestra entusiasmado y motivado, invitando a todos a ser parte de este reencuentro especial. Su gira Sting 3.0, en la que está acompañado por el guitarrista Dominic Miller y el baterista Chris Maas, ha sido aclamada por su frescura y dinamismo, ofreciendo versiones renovadas de clásicos como <i>Every Breath You Take</i>, <i>Message in a Bottle</i> y <i>Englishman in New York</i>.</p><p>El espectáculo en Lima promete una experiencia íntima pero intensa, destacando la fuerza y versatilidad de un formato que ha llevado a Sting a explorar nuevas dimensiones sonoras. Con más de cuatro décadas de carrera, el artista continúa reinventándose y manteniendo un vínculo inquebrantable con su audiencia.</p><p><mark class="hl_yellow"><b>Las entradas para el concierto de Sting en Lima este 26 de febrero en Costa 21 están a la venta a través de Teleticket. </b></mark></p><h2><mark class="hl_yellow"><b>TE PUEDE INTERESAR</b></mark></h2><ul><li><a href="https://diariocorreo.pe/espectaculos/confirmado-shakira-se-presentara-hoy-en-el-estadio-nacional-de-lima-concierto-tour-las-mujeres-ya-no-lloran-celebs-colombia-masterlive-peru-farandula-noticia/">¡Confirmado! Shakira se presentará hoy en el Estadio Nacional</a></li><li><a href="https://diariocorreo.pe/espectaculos/confirmado-shakira-se-presentara-hoy-en-el-estadio-nacional-de-lima-concierto-tour-las-mujeres-ya-no-lloran-celebs-colombia-masterlive-peru-farandula-noticia/">Masterlive Perú coordina con el equipo de Shakira nueva fecha tras cancelación de concierto</a></li><li><a href="https://diariocorreo.pe/espectaculos/confirmado-shakira-se-presentara-hoy-en-el-estadio-nacional-de-lima-concierto-tour-las-mujeres-ya-no-lloran-celebs-colombia-masterlive-peru-farandula-noticia/">Grupo Ádammo, banda de rock: “Ádammo somos los cuatro, no hemos tenido conflictos por eso” (Entrevista)</a></li><li><a href="https://diariocorreo.pe/espectaculos/confirmado-shakira-se-presentara-hoy-en-el-estadio-nacional-de-lima-concierto-tour-las-mujeres-ya-no-lloran-celebs-colombia-masterlive-peru-farandula-noticia/">Shakira envía mensaje a sus fans tras postergar conciertos en Lima: “Me dan tanta fuerza”</a></li><li><a href="https://diariocorreo.pe/espectaculos/confirmado-shakira-se-presentara-hoy-en-el-estadio-nacional-de-lima-concierto-tour-las-mujeres-ya-no-lloran-celebs-colombia-masterlive-peru-farandula-noticia/">Astrid Armas Barrientos es la Reina Carnaval Bicentenario en Catacaos</a></li></ul> ]]>
</content:encoded>
<media:content url="https://diariocorreo.pe/resizer/v2/GIYDCOJNGAYS2MJYKQYDAORSGA.jpg?width=976&height=549&auth=2446253d509285ab945c175aea2c6bffb509c8482a930fbed71d9ba276cade12&smart=true" type="image/jpeg" height="549" width="976"/>
</item>
<item>
<title>
<![CDATA[ Huánuco: intensas lluvias y nevadas afectan más de 126 hectáreas de cultivos ]]>
</title>
<link>https://diariocorreo.pe/edicion/huanuco-intensas-lluvias-y-nevadas-afectan-mas-de-126-hectareas-de-cultivos-noticia/</link>
<guid isPermaLink="true">https://diariocorreo.pe/edicion/huanuco-intensas-lluvias-y-nevadas-afectan-mas-de-126-hectareas-de-cultivos-noticia/</guid>
<dc:creator>
<![CDATA[ Arelia Luna ]]>
</dc:creator>
<description>
<![CDATA[ Cultivos afectados por inclemencias del clima ]]>
</description>
<pubDate>Tue, 18 Feb 2025 22:31:54 +0000</pubDate>
<content:encoded>
<![CDATA[ <ul><li><a href="https://diariocorreo.pe/edicion/huanuco/huanuco-revelan-sobrecostos-en-adquisicion-de-18-maquinas-pesadas-noticia/">Huánuco: revelan sobrecostos en adquisición de 18 máquinas pesadas</a></li><li><a href="https://diariocorreo.pe/edicion/huanuco/huanuco-cae-conductor-de-trimovil-implicado-en-asalto-a-mano-armada-noticia/">Huánuco: cae conductor de trimóvil implicado en asalto a mano armada</a></li></ul><p><b>Las inclemencias de los factores climatológicos, como las intensas lluvias y nevadas están afectando la producción de papa, olluco y cebada, así lo dio a conocer el director de la Agencia Agraria de Huamalíes, Juan Ríos, afirmando que son 126 hectáreas de campos agrícolas que han sido afectadas en esta temporada de invierno en la provincia de Huamalíes.</b></p><p>Entre estas resalta que 17 hectáreas de papa se han perdido por completo, una situación alarmante para los agricultores de la zona. El funcionario detalló que, debido a un huaico en el distrito de Tantamayo, alrededor de 6 hectáreas de papa han sido afectadas por el deslizamiento. </p><p>El seguro agrario catastrófico es la principal medida de apoyo para los campesinos afectados. Este seguro, gestionado por la aseguradora Rímac Seguros, evaluará las pérdidas de los productores agrícolas en Huamalíes, agrego. </p><p>Además de los cultivos, las lluvias también han afectado al sector ganadero, aunque con menores impactos. Aquí resaltó que se viene trabajando el Proyecto Ganado Vacuno, ofreciendo asistencia técnica en inseminación artificial y sanidad para el ganado vacuno.</p> ]]>
</content:encoded>
<media:content url="https://diariocorreo.pe/resizer/v2/JK54E2PF6NCZJIWZZLS2VWDAU4.jfif?width=774&height=578&auth=854206ef29b004719db4be29ab2b15993f16c777cfce5b952d74ddc01b7d7d7e&smart=true" type="image/jpeg" height="578" width="774">
<media:description type="plain">
<![CDATA[ Fenómenos naturales afectan cultivos en Huamalíes ]]>
</media:description>
</media:content>
</item>
<item>
<title>
<![CDATA[ Puente peatonal en Chachapoyas colapsa tras incremento del caudal del río Guabayacu (VIDEO) ]]>
</title>
<link>https://diariocorreo.pe/peru/puente-peatonal-en-chachapoyas-colapsa-tras-incremento-del-caudal-del-rio-guabayacu-video-noticia/</link>
<guid isPermaLink="true">https://diariocorreo.pe/peru/puente-peatonal-en-chachapoyas-colapsa-tras-incremento-del-caudal-del-rio-guabayacu-video-noticia/</guid>
<dc:creator>
<![CDATA[ Redacción Diario Correo ]]>
</dc:creator>
<description>
<![CDATA[ Este hecho dejó aislados a cientos de pobladores de esta parte de la región Amazonas, según informó Canal N. ]]>
</description>
<pubDate>Tue, 18 Feb 2025 22:24:00 +0000</pubDate>
<content:encoded>
<![CDATA[ <p><b>Este martes 18 de febrero, se registrró que un puente peatonal en Chachapoyas colapsó tras el incremento del caudal del río Guabayacu, ubicado en el distrito de la Morada. </b></p><p>Este hecho dejó aislados a cientos de pobladores de esta parte de la región Amazonas, según informó Canal N.</p><p>Esto ocurrió después de que un grupo de personas pasara por el puente y posteriormente se percataron que las bases estaban a punto de destruirse. </p><p>Afortunadamente, no se reportaron víctimas mortales ni heridos.</p><p><blockquote class="twitter-tweet"><p lang="es" dir="ltr">Chachapoyas: El incremento del caudal del río Guabayacu, ubicado en el distrito de la Morada, destruyó un puente peatonal, dejando aislados a cientos de pobladores de esta parte de la región Amazonas<br><br>Mantente informado en la WEB ► <a href="https://t.co/QTAt5w7uQw">https://t.co/QTAt5w7uQw</a> <a href="https://t.co/sh0MWRxMyu">pic.twitter.com/sh0MWRxMyu</a></p>&mdash; Canal N (@canalN_) <a href="https://twitter.com/canalN_/status/1891970612056162349?ref_src=twsrc%5Etfw">February 18, 2025</a></blockquote> <script async src="https://platform.twitter.com/widgets.js" charset="utf-8"></script></p><h2><br/></h2><h2><mark class="hl_yellow"><b>TE PUEDE INTERESAR</b></mark></h2><ul><li><a href="https://diariocorreo.pe/politica/ministro-santivanez-pide-inhabilitar-por-10-anos-a-la-fiscal-de-la-nacion-delia-espinoza-noticia/"><b>Ministro Santiváñez pide inhabilitar por 10 años a la fiscal de la Nación, Delia Espinoza</b></a></li><li><a href="https://diariocorreo.pe/politica/ministros-adrianzen-y-quero-no-asistieron-a-citacion-del-congreso-noticia/"><b>Ministros Adrianzén y Quero no asistieron a citación del Congreso</b></a></li><li><a href="https://diariocorreo.pe/edicion/la-libertad/lluvias-dejan-seis-muertos-en-la-sierra-de-la-libertad-peru-noticia/"><b>Lluvias dejan seis muertos en la sierra de La Libertad</b></a></li><li><a href="https://diariocorreo.pe/edicion/huancayo/la-oroya-buscan-a-conductor-y-cuatro-pasajeros-que-fueron-tragados-por-el-rio-mantaro-noticia/"><b>La Oroya: Buscan a conductor y cuatro pasajeros que fueron tragados por el río Mantaro</b></a></li><li><a href="https://diariocorreo.pe/edicion/huancayo/la-oroya-tras-accidente-madre-tiene-la-esperanza-de-hallar-con-vida-a-su-hija-noticia/"><b>La Oroya: Tras accidente madre tiene la esperanza de hallar con vida a su hija</b></a></li></ul> ]]>
</content:encoded>
<media:content url="https://diariocorreo.pe/resizer/v2/2F6SRB6WEVEEZNIU57K5G7O6TM.png?width=1280&height=720&auth=30f9bb87b64bb4a364133b7d89696549b086adc67377f65aa9593fc5599d9616&smart=true" type="image/png" height="720" width="1280">
<media:description type="plain">
<![CDATA[ (Foto: Captura/Canal N) ]]>
</media:description>
</media:content>
</item>
<item>
<title>
<![CDATA[ La Libertad: Deslizamiento de tierra deja dos fallecidos en la provincia de Pataz ]]>
</title>
<link>https://diariocorreo.pe/edicion/la-libertad/deslizamiento-de-tierra-deja-dos-fallecidos-en-la-provincia-de-pataz-la-libertad-peru-noticia/</link>
<guid isPermaLink="true">https://diariocorreo.pe/edicion/la-libertad/deslizamiento-de-tierra-deja-dos-fallecidos-en-la-provincia-de-pataz-la-libertad-peru-noticia/</guid>
<dc:creator>
<![CDATA[ Redacción Diario Correo ]]>
</dc:creator>
<description>
<![CDATA[ Un deslizamiento de tierra registrado la noche del 14 de febrero en la zona Candelaria del anexo La Soledad, en el distrito de Parcoy, en la provincia de Pataz, dejó dos personas fallecidas y una herida. ]]>
</description>
<pubDate>Tue, 18 Feb 2025 16:06:35 +0000</pubDate>
<content:encoded>
<![CDATA[ <p><b>Un deslizamiento de tierra registrado la noche del 14 de febrero en la zona Candelaria del anexo La Soledad, en el distrito de Parcoy, en la </b><a href="https://diariocorreo.pe/edicion/la-libertad/lluvias-dejan-seis-muertos-en-la-sierra-de-la-libertad-peru-noticia/"><b>provincia de Pataz</b></a><b>, dejó dos personas fallecidas y una herida.</b></p><q><b>VER MÁS: </b><a href="https://diariocorreo.pe/edicion/la-libertad/lluvias-dejan-seis-muertos-en-la-sierra-de-la-libertad-peru-noticia/"><mark class="hl_yellow"><i><b>Lluvias dejan seis muertos en la sierra de La Libertad</b></i></mark></a></q><p>Los pobladores y mineros de la zona lograron rescatar aún con vida de una de ellas. Mientras tanto, la noche del lunes, tras los trabajos de remoción de la tierra lograron ubicar los cadáveres que habían quedado sepultados.</p><p>Según información del Centro de Operaciones de Emergencia Regional La Libertad (COER), con maquinaria de la Municipalidad Distrital de Parcoy, con el apoyo de los pobladores, efectúo labores de limpieza para restablecer el tránsito en la vía afectada.</p><q><b>PUEDE LEER: </b><a href="https://diariocorreo.pe/edicion/la-libertad/hospital-se-inunda-por-lluvias-en-huamachuco-la-libertad-peru-noticia/"><mark class="hl_yellow"><i><b>La Libertad: Hospital se inunda por lluvias en Huamachuco</b></i></mark></a></q><h2><b>Ocho fallecidos</b></h2><p>Las lluvias intensas que caen sobre las provincias de la sierra de La Libertad originaron la muerte de ocho personas en lo que va del año, confirmó el subgerente de Defensa Civil del Gobierno Regional de La Libertad, Wilfredo Agustín Díaz.</p><p><i><b>“El día de ayer (lunes) lo reportaron formalmente, en Parcoy sucedió un deslizamiento que afectó a tres mujeres, rescataron a una de ellas y la evacuaron para darle atención médica. Las otras dos lamentablemente fallecieron. Con estas dos muertes suman ocho en todo este periodo de lluvias en nuestra región”, </b></i>indicó Wilfredo Agustín Díaz, subgerente de Defensa Civil del Gobierno Regional de La Libertad.</p><h2><mark class="hl_yellow"><i><b>LE PUEDE INTERESAR</b></i></mark></h2><ul><li><a href="https://diariocorreo.pe/edicion/la-libertad/giancarlo-toribio-regidor-de-la-municipalidad-provincial-de-trujillo-han-tergiversado-mi-propuesta-de-ordenanza-peru-noticia/"><i><b>Giancarlo Toribio, regidor de la Municipalidad Provincial de Trujillo: “Han tergiversado mi propuesta de ordenanza”</b></i></a></li><li><a href="https://diariocorreo.pe/edicion/la-libertad/auditaran-el-proyecto-especial-chavimochic-y-la-gerencia-de-infraestructura-la-libertad-peru-noticia/#google_vignette"><i><b>La Libertad: Auditarán el Proyecto Especial Chavimochic y la gerencia de Infraestructura</b></i></a></li><li><a href="https://diariocorreo.pe/edicion/la-libertad/martin-camacho-no-expone-su-plan-de-trabajo-2025-peru-la-libertad-noticia/"><i><b>La Libertad: Martín Camacho no expone su plan de trabajo 2025</b></i></a></li><li><a href="https://diariocorreo.pe/edicion/la-libertad/cesar-acuna-afirma-que-en-trujillo-no-hay-secuestros-solo-extorsion-video-noticia/"><i><b>César Acuña afirma que en Trujillo no hay secuestros, solo extorsión (VIDEO)</b></i></a></li><li><a href="https://diariocorreo.pe/edicion/la-libertad/la-libertad-la-libertad-dirigencia-del-apra-dice-que-traidores-no-postularan-por-ese-partido-el-2026-noticia/#google_vignette"><i><b>La Libertad: Dirigencia del Apra dice que “traidores” no postularán por ese partido el 2026</b></i></a></li><li><a href="https://diariocorreo.pe/edicion/la-libertad/ever-cadenillas-arremete-contra-opositores-a-cesar-acuna-la-libertad-peru-noticia/"><i><b>Ever Cadenillas arremete contra opositores a César Acuña</b></i></a></li><li><a href="https://diariocorreo.pe/edicion/la-libertad/mario-reyna-alcalde-de-trujillo-se-reune-con-dirigentes-de-app-la-libertad-peru-noticia/"><i><b>Mario Reyna, alcalde de Trujillo, se reúne con dirigentes de APP</b></i></a></li><li><a href="https://diariocorreo.pe/edicion/la-libertad/elias-rodriguez-lider-de-podemos-peru-en-la-libertad-la-gestion-de-cesar-acuna-esta-fracasando-la-libertad-peru-noticia/"><i><b>Elías Rodríguez, líder de Podemos Perú en La Libertad: “La gestión de César Acuña está fracasando”</b></i></a></li><li><a href="https://diariocorreo.pe/edicion/la-libertad/confirman-graves-danos-a-totorales-de-huanchaco-la-libertad-peru-trujillo-noticia/"><i><b>La Libertad: Confirman graves daños a totorales de Huanchaco</b></i></a></li></ul> ]]>
</content:encoded>
<media:content url="https://diariocorreo.pe/resizer/v2/ZTWPOUJUIJDQJKQLLEKZZ6KQKQ.jpg?width=1280&height=720&auth=7311cc908903b05a5f25454282836869de8300ff7685df39cc43c33389b189de&smart=true" type="image/jpeg" height="720" width="1280">
<media:description type="plain">
<![CDATA[ Incidente se registró en el anexo La Soledad, en el distrito de Parcoy. ]]>
</media:description>
</media:content>
</item>
<item>
<title>
<![CDATA[ Fiscal de la Nación alerta que cambios en Ley de Extinción de Dominio favorecerían a criminales ]]>
</title>
<link>https://diariocorreo.pe/politica/fiscal-de-la-nacion-alerta-que-cambios-en-ley-de-extincion-de-dominio-favorecerian-a-criminales-noticia/</link>
<guid isPermaLink="true">https://diariocorreo.pe/politica/fiscal-de-la-nacion-alerta-que-cambios-en-ley-de-extincion-de-dominio-favorecerian-a-criminales-noticia/</guid>
<dc:creator>
<![CDATA[ Redacción Diario Correo ]]>
</dc:creator>
<description>
<![CDATA[ La fiscal de la Nación, Delia Espinoza, advirtió que la propuesta para modificar la Ley de Extinción de Dominio pondría en riesgo la lucha contra la corrupción y el crimen organizado. Según Espinoza, los cambios limitarían la recuperación de bienes ilícitos y permitirían que los delincuentes oculten sus activos antes de una sentencia firme. ]]>
</description>
<pubDate>Tue, 18 Feb 2025 22:04:42 +0000</pubDate>
<content:encoded>
<![CDATA[ <p><b>La fiscal de la Nación, Delia Espinoza, advirtió que la propuesta para modificar la Ley de Extinción de Dominio pondría en riesgo la lucha contra la corrupción y el crimen organizado. Según Espinoza, los cambios limitarían la recuperación de bienes ilícitos y permitirían que los delincuentes oculten sus activos antes de una sentencia firme.</b></p><p>Además, alertó que una demanda ante el Tribunal Constitucional podría afectar más de 5500 casos en curso. Recordó que la ley ha permitido recuperar más de 560 millones de soles en bienes y dinero de origen ilícito.</p><p><blockquote class="twitter-tweet"><p lang="es" dir="ltr">🚨 <a href="https://twitter.com/hashtag/Urgente?src=hash&amp;ref_src=twsrc%5Etfw">#Urgente</a> | Fiscal de la Nación, Delia Espinoza Valenzuela, alerta que la lucha contra la corrupción y la delincuencia está en riesgo. Quieren modificar la Ley de Extinción de Dominio, limitando la recuperación de bienes ilícitos, favoreciendo la impunidad. <a href="https://t.co/Ygu5uI1uTy">pic.twitter.com/Ygu5uI1uTy</a></p>&mdash; Ministerio Público (@FiscaliaPeru) <a href="https://twitter.com/FiscaliaPeru/status/1891951347085238441?ref_src=twsrc%5Etfw">February 18, 2025</a></blockquote> <script async src="https://platform.twitter.com/widgets.js" charset="utf-8"></script></p><h2><b>Eduardo Arana niega conflicto de poderes tras denuncia de Santiváñez contra fiscal de la Nación</b></h2><p>El ministro de Justicia, Eduardo Arana, aseguró que la denuncia constitucional presentada por el ministro del Interior, Juan José Santiváñez, contra la fiscal de la Nación, Delia Espinoza, debe ser evaluada por el Congreso conforme a los requisitos legales.</p><p>Arana recalcó que cualquier ciudadano tiene derecho a presentar denuncias si estas cumplen con el marco normativo y descartó que esto represente un conflicto entre instituciones.</p><p><i><b>“Descarto cualquier tipo de politización o cualquier hecho que implique de alguna manera que el ejecutivo está invadiendo las esferas del poder judicial y el ministerio público”,&nbsp;</b></i>expresó Arana</p><p>Además, negó que exista un choque de poderes o un conflicto entre ambas instituciones del Estado.</p><h2><mark class="hl_yellow"><b>TE PUEDE INTERESAR</b></mark></h2><ul><li><a href="https://diariocorreo.pe/politica/ministro-santivanez-pide-inhabilitar-por-10-anos-a-la-fiscal-de-la-nacion-delia-espinoza-noticia/"><b>Ministro Santiváñez pide inhabilitar por 10 años a la fiscal de la Nación, Delia Espinoza</b></a></li><li><a href="https://diariocorreo.pe/politica/ministros-adrianzen-y-quero-no-asistieron-a-citacion-del-congreso-noticia/"><b>Ministros Adrianzén y Quero no asistieron a citación del Congreso</b></a></li><li><a href="https://diariocorreo.pe/edicion/la-libertad/lluvias-dejan-seis-muertos-en-la-sierra-de-la-libertad-peru-noticia/"><b>Lluvias dejan seis muertos en la sierra de La Libertad</b></a></li><li><a href="https://diariocorreo.pe/edicion/huancayo/la-oroya-buscan-a-conductor-y-cuatro-pasajeros-que-fueron-tragados-por-el-rio-mantaro-noticia/"><b>La Oroya: Buscan a conductor y cuatro pasajeros que fueron tragados por el río Mantaro</b></a></li><li><a href="https://diariocorreo.pe/edicion/huancayo/la-oroya-tras-accidente-madre-tiene-la-esperanza-de-hallar-con-vida-a-su-hija-noticia/"><b>La Oroya: Tras accidente madre tiene la esperanza de hallar con vida a su hija</b></a></li></ul> ]]>
</content:encoded>
<media:content url="https://diariocorreo.pe/resizer/v2/PVBTSZVJWRDHBLZNEWNXGXR63A.png?width=474&height=285&auth=d4a4fa27b95efc7212b5d1dcd435fb4c730e258dd0fc71d5f1fc87b9a4498501&smart=true" type="image/png" height="285" width="474"/>
</item>
<item>
<title>
<![CDATA[ Astrid Armas Barrientos es la Reina Carnaval Bicentenario en Catacaos ]]>
</title>
<link>https://diariocorreo.pe/espectaculos/astrid-armas-barrientos-es-la-reina-carnaval-bicentenario-catacaos-noticia/</link>
<guid isPermaLink="true">https://diariocorreo.pe/espectaculos/astrid-armas-barrientos-es-la-reina-carnaval-bicentenario-catacaos-noticia/</guid>
<dc:creator>
<![CDATA[ Nilo Vilela Monzón ]]>
</dc:creator>
<description>
<![CDATA[ Astrid Nayelid Armas Barrientos de la bandera Alejandro Taboada se llevó la corona por primera vez a su barrio al ser elegida "Srta. Carnaval del Bicentenario 2025" ]]>
</description>
<pubDate>Mon, 17 Feb 2025 13:24:46 +0000</pubDate>
<content:encoded>
<![CDATA[ <p><b>Astrid Nayelid Armas Barrientos de la bandera Alejandro Taboada se llevó la corona por primera vez a su barrio al ser elegida “Srta. </b><a href="https://diariocorreo.pe/espectaculos/catacaos-elige-hoy-a-su-reina-del-carnaval-bicentenario-noticia/" target="_blank"><b>Carnaval del Bicentenario</b></a><b> 2025”.</b></p><p>Ella demostró dominio en la pasarela, conocimiento de las tradiciones de <b>Catacaos</b> y aplomo en el modelaje, siendo coronada por su antecesora Camila Montenegro Paladines, mientras el alcalde <b>Jhonny Cruz</b>, le impuso la banda.</p><p>Astrid cumplió cumplió su sueño y llevó a la calle Alejandro Taboada, tradicional barrio de Catacaos, su primera corona del Carnaval cataquense, considerado uno de los 5 mejores <b>carnavales</b> del país.</p><p><br/></p><p><mark class="hl_yellow"><b>PUEDES VER: </b></mark><a href="https://diariocorreo.pe/espectaculos/catacaos-elige-hoy-a-su-reina-del-carnaval-bicentenario-noticia/" target="_blank"><mark class="hl_yellow"><u><b>Catacaos elige hoy a su reina del “Carnaval Bicentenario 2025”</b></u></mark></a></p><p><br/></p><h2><b>UNIDAD</b></h2><p>La ganadora, emocionada y con lágrimas en los ojos llamó a que la alegría del carnaval los siga uniendo e integre más a todos los vecinos a quienes instó a sumarse en el esfuerzo de engrandecer la <b>Heroica Villa</b>.</p><p>Mientras tanto Tula Isabella Ordinola Periche de la <b>bandera Multicolor</b> se llevó al barrio “5 esquinas” el cetro de Srta. Simpatía, al ocupar el segundo lugar en la evaluación, sintiéndose orgullosa de haber llevado a su barrio este designación.</p><p>De esta manera Catacaos goza de su tradicional carnaval, junto a las Sociedades Carnavalescas que se preparan para las próximas actividades llenas de alegría y jolgorio.</p> ]]>
</content:encoded>
<media:content url="https://diariocorreo.pe/resizer/v2/ALIJQDQC3JABBB3TU4PNQOCDX4.jpg?width=1600&height=1066&auth=bf57f72ae56b997dda6f50edde0fde7ee9e5dadbfd98d7598dd6b59612f70fb9&smart=true" type="image/jpeg" height="1066" width="1600">
<media:description type="plain">
<![CDATA[ La bandera Verde Alejandro Taboada se lleva por corona por primera vez en Catacaos ]]>
</media:description>
</media:content>
</item>
<item>
<title>
<![CDATA[ Shakira y su conmovedor mensaje al público peruano tras su concierto en Lima: “Gracias eternas” ]]>
</title>
<link>https://diariocorreo.pe/espectaculos/shakira-y-su-conmovedor-mensaje-al-publico-peruano-tras-su-concierto-en-lima-gracias-eternas-noticia/</link>
<guid isPermaLink="true">https://diariocorreo.pe/espectaculos/shakira-y-su-conmovedor-mensaje-al-publico-peruano-tras-su-concierto-en-lima-gracias-eternas-noticia/</guid>
<dc:creator>
<![CDATA[ Redacción Diario Correo ]]>
</dc:creator>
<description>
<![CDATA[ Luego de su paso por nuestra capital, la artista colombiana expresó su agradecimiento a sus fanáticos peruanos. ]]>
</description>
<pubDate>Tue, 18 Feb 2025 21:29:34 +0000</pubDate>
<content:encoded>
<![CDATA[ <ul><li><a href="https://diariocorreo.pe/edicion/lima/shakira-en-lima-reembolsos-para-concierto-cancelado-del-16-de-febrero-inician-este-miercoles-noticia/">Shakira en Lima: reembolsos para concierto cancelado del 16 de febrero inician este miércoles</a></li><li><a href="https://diariocorreo.pe/espectaculos/shakira-en-lima-asi-se-vive-el-concierto-de-la-cantante-colombiana-en-el-estadio-nacional-fotos-noticia/">Shakira en Lima: Así se vive el concierto de la cantante colombiana en el Estadio Nacional (FOTOS)</a></li></ul><p><b>El último lunes, </b><a href="https://diariocorreo.pe/edicion/lima/shakira-en-lima-reembolsos-para-concierto-cancelado-del-16-de-febrero-inician-este-miercoles-noticia/" target="_blank"><b>Shakira</b></a><b> se presentó en el Estadio Nacional, pese a los problemas de salud que la afectaron días antes. La artista colombiana hizo vibrar al público peruano con su repertorio lleno de éxitos.</b></p><p>A través de un mensaje en redes sociales, la cantautora envió un mensaje expresando su gratitud hacia sus fanáticos por su entrega en el show.</p><p>“<mark class="hl_yellow"><i><b>¡Qué belleza mi público peruano! ¡Cuánto amor y cuidados me han dado! ¡Gracias eternas! ¡Grande, Perú! ¡Los quiero!</b></i></mark>”, escribió Shakira en su cuenta oficial de X.</p><p><blockquote class="twitter-tweet"><p lang="es" dir="ltr">Que belleza mi público Peruano!! Cuánto amor y cuidados me han dado!! Gracias eternas! Grande Perú! Los quiero!!!!❤️ <br><br>What a beautiful Peruvian audience!! So much love and care you’ve given me!! Eternal thanks!<br>Peru, you are amazing! Love you!!!! ❤️<a href="https://twitter.com/hashtag/LMYNLWorldTour?src=hash&amp;ref_src=twsrc%5Etfw">#LMYNLWorldTour</a> <a href="https://t.co/BvhFsybW6f">pic.twitter.com/BvhFsybW6f</a></p>&mdash; Shakira (@shakira) <a href="https://twitter.com/shakira/status/1891882954659393803?ref_src=twsrc%5Etfw">February 18, 2025</a></blockquote> <script async src="https://platform.twitter.com/widgets.js" charset="utf-8"></script></p><h2><b>Shakira en Lima: Reembolsos para concierto cancelado del 16 de febrero inician este miércoles</b></h2><p>La productora Masterlive y Teleticket anunciaron que los reembolsos para los asistentes afectados por la cancelación del concierto de Shakira del 16 de febrero estarán disponibles a partir del 19 de febrero de 2025, desde las 9:00 a. m.</p><p>Para solicitar la devolución, los usuarios deberán ingresar al siguiente enlace: 🔗 <a href="https://teleticket.com.pe/devoluciones/"><b>Teleticket - Devoluciones</b></a>.</p><h2><b>Concierto reprogramado para noviembre</b></h2><p>En el mismo comunicado, Masterlive confirmó que el concierto postergado se llevará a cabo el 15 de noviembre de 2025. Asimismo, se informó que quienes no soliciten el reembolso podrán utilizar sus entradas ya emitidas para la nueva fecha sin necesidad de cambios adicionales.</p><p>Pese a la cancelación del primer show, la cantante colombiana logró presentarse en su segundo concierto programado, llenando por completo el Estadio Nacional de Lima.</p><h2><b>Motivo de la cancelación</b></h2><p>El primer concierto de Shakira en Lima fue cancelado luego de que la artista fuera internada de emergencia en una clínica local debido a un fuerte dolor abdominal. En un comunicado, la intérprete de “Las mujeres ya no lloran” expresó su tristeza por no poder presentarse y agradeció la comprensión de sus fanáticos.</p><h2><mark class="hl_yellow"><b>TE PUEDE INTERESAR</b></mark></h2><ul><li><a href="https://diariocorreo.pe/espectaculos/confirmado-shakira-se-presentara-hoy-en-el-estadio-nacional-de-lima-concierto-tour-las-mujeres-ya-no-lloran-celebs-colombia-masterlive-peru-farandula-noticia/">¡Confirmado! Shakira se presentará hoy en el Estadio Nacional</a></li><li><a href="https://diariocorreo.pe/espectaculos/confirmado-shakira-se-presentara-hoy-en-el-estadio-nacional-de-lima-concierto-tour-las-mujeres-ya-no-lloran-celebs-colombia-masterlive-peru-farandula-noticia/">Masterlive Perú coordina con el equipo de Shakira nueva fecha tras cancelación de concierto</a></li><li><a href="https://diariocorreo.pe/espectaculos/confirmado-shakira-se-presentara-hoy-en-el-estadio-nacional-de-lima-concierto-tour-las-mujeres-ya-no-lloran-celebs-colombia-masterlive-peru-farandula-noticia/">Grupo Ádammo, banda de rock: “Ádammo somos los cuatro, no hemos tenido conflictos por eso” (Entrevista)</a></li><li><a href="https://diariocorreo.pe/espectaculos/confirmado-shakira-se-presentara-hoy-en-el-estadio-nacional-de-lima-concierto-tour-las-mujeres-ya-no-lloran-celebs-colombia-masterlive-peru-farandula-noticia/">Shakira envía mensaje a sus fans tras postergar conciertos en Lima: “Me dan tanta fuerza”</a></li><li><a href="https://diariocorreo.pe/espectaculos/confirmado-shakira-se-presentara-hoy-en-el-estadio-nacional-de-lima-concierto-tour-las-mujeres-ya-no-lloran-celebs-colombia-masterlive-peru-farandula-noticia/">Astrid Armas Barrientos es la Reina Carnaval Bicentenario en Catacaos</a></li></ul><p><br/></p><p><br/></p> ]]>
</content:encoded>
<media:content url="https://diariocorreo.pe/resizer/v2/X43HZEMTGBF2RNRMFFZNY67KPA.jpg?width=1214&height=800&auth=d7100199aa0df73d9e4241b1090f93c580a6206e9517f2781cb1defffa0d5e06&smart=true" type="image/jpeg" height="800" width="1214">
<media:description type="plain">
<![CDATA[ La cantante colombiana Shakira ofreció un esperado concierto en Lima. Por si fuera poco, confirmó que volverá en noviembre de 2025 para dos nuevos shows. (Foto: Instagram) ]]>
</media:description>
</media:content>
</item>
<item>
<title>
<![CDATA[ Huancayo: Niños de primaria reciben clases en almacén y cocina por falta de aulas prefabricadas ]]>
</title>
<link>https://diariocorreo.pe/edicion/huancayo/huancayo-ninos-de-primaria-reciben-clases-en-almacen-y-cocina-por-falta-de-aulas-prefabricadas-noticia/</link>
<guid isPermaLink="true">https://diariocorreo.pe/edicion/huancayo/huancayo-ninos-de-primaria-reciben-clases-en-almacen-y-cocina-por-falta-de-aulas-prefabricadas-noticia/</guid>
<dc:creator>
<![CDATA[ Redacción Diario Correo ]]>
</dc:creator>
<description>
<![CDATA[ Desde el 2022 los estudiantes no tienen aulas adecuadas para recibir clases. ]]>
</description>
<pubDate>Tue, 18 Feb 2025 21:27:53 +0000</pubDate>
<content:encoded>
<![CDATA[ <ul><li><a href="https://diariocorreo.pe/edicion/huancayo/fuertes-lluvias-afectan-el-transito-vehicular-en-la-carretera-de-la-selva-central-noticia/" rel="" title="https://diariocorreo.pe/edicion/huancayo/fuertes-lluvias-afectan-el-transito-vehicular-en-la-carretera-de-la-selva-central-noticia/">Fuertes lluvias afectan el tránsito vehicular en la carretera de la Selva Central</a></li><li><a href="https://diariocorreo.pe/edicion/huancayo/fuertes-lluvias-afectan-el-transito-vehicular-en-la-carretera-de-la-selva-central-noticia/" rel="" title="https://diariocorreo.pe/edicion/huancayo/fuertes-lluvias-afectan-el-transito-vehicular-en-la-carretera-de-la-selva-central-noticia/">Aumentan estafas con vehículos de placas clonadas en Huancayo: Policía alerta sobre casos en la región</a></li></ul><p><b>En 2022, las instalaciones de la I.E. 30268 “Durazno Pata”, ubicada en el distrito de Santo Domingo de Acobamba, fueron declaradas en emergencia. Ante esta situación, padres y autoridades exigen la construcción de aulas de contingencia, ya que, a puertas del inicio del año escolar 2025, alrededor de 23 estudiantes no cuentan con aulas adecuadas para recibir clases.</b></p><q><b>MIRA ESTO: </b><a href="https://diariocorreo.pe/edicion/huancayo/huancayo-abandonan-vehiculo-con-cientos-de-cuyes-aparentemente-robados-noticia/">Huancayo: Abandonan vehículo con cientos de cuyes aparentemente robados</a></q><p>Según el director de la institución, Rigoberto Sánchez, desde 2022 los alumnos de primaria han recibido clases en una cocina y un almacén, debido a que las instalaciones fueron seriamente afectadas por las lluvias. A pesar de las solicitudes de ayuda presentadas al alcalde, hasta el momento no se han tomado acciones concretas para solucionar el problema.</p><q><b>TE PUEDE INTERESAR: </b><a href="https://diariocorreo.pe/edicion/huancayo/condenan-a-35-anos-a-varon-que-abuso-sexualmente-de-una-menor-de-11-anos-en-satipo-noticia/">Condenan a 35 años a varón que abusó sexualmente de una menor de 11 años en Satipo</a></q><p>Es por ello que, este 26 de febrero, un grupo de padres y el director viajarán a Lima para presentar su pedido al gobierno central. El director explicó que los congresistas Waldemar Cerrón y Edgar Raymundo están al tanto de la situación y esperan contar con su apoyo para lograr una pronta solución.</p> ]]>
</content:encoded>
<media:content url="https://diariocorreo.pe/resizer/v2/6BZJIUAS2VH2RNMDTVQGXGQAMQ.png?width=1280&height=720&auth=a1d45cc977df109ebd9b55d92e6b528c86227a653796fcc273e283961e84165a&smart=true" type="image/png" height="720" width="1280">
<media:description type="plain">
<![CDATA[ Imagen referencial ]]>
</media:description>
</media:content>
</item>
<item>
<title>
<![CDATA[ La Libertad: Asesinan de tres balazos a dueño de ferretería ]]>
</title>
<link>https://diariocorreo.pe/edicion/la-libertad/asesinan-de-tres-balazos-a-dueno-de-ferreteria-la-libertad-peru-noticia/</link>
<guid isPermaLink="true">https://diariocorreo.pe/edicion/la-libertad/asesinan-de-tres-balazos-a-dueno-de-ferreteria-la-libertad-peru-noticia/</guid>
<dc:creator>
<![CDATA[ Redacción Diario Correo ]]>
</dc:creator>
<description>
<![CDATA[ La región La Libertad continúa desangrándose. La mañana de este martes 18 de febrero, delincuentes asesinaron a balazos al dueño de una ferretería en la provincia de Chepén. ]]>
</description>
<pubDate>Tue, 18 Feb 2025 21:17:34 +0000</pubDate>
<content:encoded>
<![CDATA[ <p><b>La </b><a href="https://diariocorreo.pe/edicion/la-libertad/delincuentes-detonan-explosivo-en-vivienda-de-comerciante-y-exigen-pago-de-30-mil-soles-la-libertad-trujillo-peru-noticia/"><b>región La Libertad</b></a><b> continúa desangrándose. La mañana de este martes 18 de febrero, delincuentes asesinaron a balazos al dueño de una ferretería en la provincia de Chepén. </b></p><q><b>VER MÁS: </b><a href="https://diariocorreo.pe/edicion/la-libertad/delincuentes-detonan-explosivo-en-vivienda-de-comerciante-y-exigen-pago-de-30-mil-soles-la-libertad-trujillo-peru-noticia/"><mark class="hl_yellow"><i><b>Trujillo: Delincuentes detonan explosivo en vivienda de comerciante y exigen pago de 30 mil soles (VIDEO)</b></i></mark></a></q><h2><b>Los hechos </b></h2><p>Los criminales llegaron hasta la ferretería “Grupo Chequén”, situado en la cuadra 27 de la avenida Ezequiel Gonzáles Cáceda, del centro poblado de Chequén (Chepén) y dispararon a quemarropa contra Oscar Amilcar Santacruz Guayán, de 42 años, quien se encontraba en la puerta del establecimiento.</p><p>La víctima, que por versión de sus familiares era víctima de extorsión, recibió tres impactos de bala, dos de ellos en el pecho y otro en la cabeza. Santacruz Guayán quedó tendido en la vereda, en medio de un charco de sangre.</p><p>Los agentes policiales de la comisaría de Chepén y de Criminalística llegaron hasta la zona y verificaron que ya no tenía signos vitales. Sin embargo, familiares y amigos del occiso se enfrentaron a los detectives y lograron llevarse en el cuerpo en un motokar hasta el hospital de Chepén.</p><q><b>PUEDE LEER: </b><a href="https://diariocorreo.pe/edicion/la-libertad/reportan-setenta-y-cinco-ataques-con-dinamita-en-lo-que-va-del-ano-en-la-libertad-peru-trujillo-noticia/"><mark class="hl_yellow"><i><b>Reportan setenta y cinco ataques con dinamita en lo que va del año en La Libertad</b></i></mark></a></q><p>Ya en el nosocomio, el médico de turno solo certificó el deceso de Oscar Santacruz.</p><p>Mariela Santacruz Guayán, hermano de la víctima, indicó que desde el año pasado le pedían sumas desde 18 hasta 100 mil soles para no atentar contra su vida; sin embargo, no accedió a pagar.</p><p><i><b>“Le pedían sumas de 18 mil, 50 mil y 100 mil soles. Solo le decían que tenía que pagar y le enviaban mensajes a su celular. Desde el año pasado (lo extorsionaban) y este año de nuevo”, </b></i>apuntó.</p><p>Santacruz Guayán pidió justicia por su hermano que deja tres hijos en la orfandad. “Exigimos justicia para mi hermano y que se atrape a los responsables”, apuntó.</p><p>La policía de la localidad quedó cargo de las pesquisas correspondientes para dar con los responsables del homicidio y esclarecer los motivos detrás de este trágico suceso. Además, analizarán las cámaras de seguridad del negocio.</p><q><b>LEER AQUÍ: </b><a href="https://diariocorreo.pe/edicion/la-libertad/detonan-dinamita-en-negocio-de-menu-trujillo-la-libertad-peru-noticia/"><mark class="hl_yellow"><i><b>Trujillo: Detonan dinamita en negocio de menú</b></i></mark></a></q><h2><b>Cifras </b></h2><p>A la fecha, ya son 40 homicidios en toda la región La Libertad. De ellos, 17 ocurrieron en la provincia de Trujillo. Luego, le siguen Virú (10), Pataz (6), Pacasmayo (4), Ascope (2) y Chepén (1).</p><h2><mark class="hl_yellow"><i><b>LE PUEDE INTERESAR</b></i></mark></h2><ul><li><a href="https://diariocorreo.pe/edicion/la-libertad/la-libertad-cinco-detonaciones-con-explosivos-en-menos-de-seis-horas-en-trujillo-noticia/"><i><b>Cinco detonaciones con explosivos en menos de seis horas en Trujillo</b></i></a></li><li><a href="https://diariocorreo.pe/edicion/la-libertad/asesinan-a-balazos-a-un-hombre-en-la-provincia-de-pataz-la-libertad-peru-noticia/"><i><b>La Libertad: Asesinan a balazos a un hombre en la provincia de Pataz</b></i></a></li><li><a href="https://diariocorreo.pe/edicion/la-libertad/policia-captura-a-presuntos-autores-de-incendiar-bus-el-dorado-la-libertad-peru-noticia/"><i><b>La Libertad: Policía captura a presuntos autores de incendiar bus “El Dorado”</b></i></a></li><li><a href="https://diariocorreo.pe/edicion/la-libertad/transportes-dorado-suspende-servicios-ante-ultimos-ataques-a-sus-unidades-vehiculares-la-libertad-peru-noticia/"><i><b>La Libertad: Transportes Dorado suspende servicios ante últimos ataques a sus unidades vehiculares</b></i></a></li><li><a href="https://diariocorreo.pe/edicion/la-libertad/hombres-que-cayeron-con-armas-y-municiones-son-enviados-al-penal-de-trujillo-la-libertad-peru-noticia/"><i><b>Hombres que cayeron con armas y municiones son enviados al penal de Trujillo</b></i></a></li><li><a href="https://diariocorreo.pe/edicion/la-libertad/delincuentes-a-bordo-de-camioneta-asaltan-a-joven-la-libertad-trujillo-peru-noticia/"><i><b>Trujillo: Delincuentes a bordo de camioneta asaltan a joven</b></i></a></li><li><a href="https://diariocorreo.pe/edicion/la-libertad/delincuentes-detonan-aparato-explosivo-en-ferreteria-trujillo-la-libertad-peru-noticia/#google_vignette"><i><b>Trujillo: Delincuentes detonan aparato explosivo en ferretería (VIDEO)</b></i></a></li><li><a href="https://diariocorreo.pe/edicion/la-libertad/la-libertad-delincuentes-asaltan-a-pasajeros-y-queman-bus-en-la-libertad-noticia/"><i><b>Delincuentes asaltan a pasajeros y queman bus en La Libertad</b></i></a></li></ul><h2><mark class="hl_yellow"><i><b>VIDEO RECOMENDADO</b></i></mark></h2><h2><mark class="hl_yellow"><i><b>DETONAN DINAMITA EN FERRETERÍA</b></i></mark></h2> ]]>
</content:encoded>
<media:content url="https://diariocorreo.pe/resizer/v2/CARPLHZW4FBD3HVTEYB7CPLA24.jpg?width=1280&height=720&auth=b4b724977cb847ed1e5e715d492ae1f479c4845139a2d09a647d6b5188479821&smart=true" type="image/jpeg" height="720" width="1280">
<media:description type="plain">
<![CDATA[ Hecho de sangre se registró en el centro poblado de Chequén, en la provincia de Chepén. ]]>
</media:description>
</media:content>
</item>
<item>
<title>
<![CDATA[ Huancayo: Abandonan vehículo con cientos de cuyes aparentemente robados ]]>
</title>
<link>https://diariocorreo.pe/edicion/huancayo/huancayo-abandonan-vehiculo-con-cientos-de-cuyes-aparentemente-robados-noticia/</link>
<guid isPermaLink="true">https://diariocorreo.pe/edicion/huancayo/huancayo-abandonan-vehiculo-con-cientos-de-cuyes-aparentemente-robados-noticia/</guid>
<dc:creator>
<![CDATA[ Redacción Diario Correo ]]>
</dc:creator>
<description>
<![CDATA[ Los ocupantes del carro se dieron a la fuga cuando la policía les pidió que se detengan para la intervención. ]]>
</description>
<pubDate>Tue, 18 Feb 2025 21:04:54 +0000</pubDate>
<content:encoded>
<![CDATA[ <ul><li><a href="https://diariocorreo.pe/edicion/huancayo/huancayo-detienen-por-receptacion-a-personas-que-compran-carros-robados-noticia/" rel="" title="https://diariocorreo.pe/edicion/huancayo/huancayo-detienen-por-receptacion-a-personas-que-compran-carros-robados-noticia/">Aumentan estafas con vehículos de placas clonadas en Huancayo: Policía alerta sobre casos en la región</a></li><li><a href="https://diariocorreo.pe/edicion/huancayo/huancayo-detienen-por-receptacion-a-personas-que-compran-carros-robados-noticia/" rel="" title="https://diariocorreo.pe/edicion/huancayo/huancayo-detienen-por-receptacion-a-personas-que-compran-carros-robados-noticia/">La Oroya: Buscan a conductor y cuatro pasajeros que fueron tragados por el río Mantaro</a></li></ul><p><b>Un vehículo de placa W3R – 125 fue abandonado durante la madrugada del martes 18 de febrero en la margen derecha de la Carretera Central, sector del distrito de Sicaya, provincia de Huancayo. Tras realizar una inspección, la Policía Nacional encontró cientos de cuyes, tanto muertos como vivos, dentro de la maletera.</b></p><q><b>MIRA ESTO: </b><a href="https://diariocorreo.pe/edicion/huancayo/condenan-a-35-anos-a-varon-que-abuso-sexualmente-de-una-menor-de-11-anos-en-satipo-noticia/">Condenan a 35 años a varón que abusó sexualmente de una menor de 11 años en Satipo</a></q><p>La actitud sospechosa del vehículo, al no respetar las señales de tránsito, provocó una persecución por parte de la Policía Nacional. Los sospechosos, al verse descubiertos al cruzar un semáforo en rojo, aceleraron la velocidad y finalmente abandonaron el vehículo a la altura de la plaza de toros de Sicaya.</p><q><b>TE PUEDE INTERESAR: </b><a href="https://diariocorreo.pe/edicion/huancayo/fuertes-lluvias-afectan-el-transito-vehicular-en-la-carretera-de-la-selva-central-noticia/">Fuertes lluvias afectan el tránsito vehicular en la carretera de la Selva Central</a></q><p>Tras conocerse el caso, la Policía Nacional hizo un llamado a los pobladores que hayan sido víctimas de robo de estos animales en las últimas semanas, para que puedan interponer una denuncia y colaborar con las investigaciones. Al lugar también se presentó el supuesto propietario del vehículo, quien manifestó no recordar a quién alquiló su carro.</p> ]]>
</content:encoded>
<media:content url="https://diariocorreo.pe/resizer/v2/6JVOAHTQFJD35EZE4ZMGLQIJN4.png?width=1280&height=720&auth=f752ef111cbd1f7a3a4fd1e61e4dd03aa57f4a7b7916d39a0f5878b396f1b1dc&smart=true" type="image/png" height="720" width="1280"/>
</item>
<item>
<title>
<![CDATA[ Temporada de lluvia: Piden declarar en emergencia 103 distritos de la región Arequipa ]]>
</title>
<link>https://diariocorreo.pe/edicion/arequipa/piden-declarar-en-emergencia-103-distritos-de-la-region-arequipa-noticia/</link>
<guid isPermaLink="true">https://diariocorreo.pe/edicion/arequipa/piden-declarar-en-emergencia-103-distritos-de-la-region-arequipa-noticia/</guid>
<dc:creator>
<![CDATA[ Álvaro Figueroa ]]>
</dc:creator>
<description>
<![CDATA[ El Gobierno Regional de Arequipa (GRA) solicitó al Gobierno central la declaratoria de emergencia en 103 distritos de 7 provincias de la región en base a los daños reportados por el Centro de Operaciones de Emergencia Regional (Coer) Arequipa. ]]>
</description>
<pubDate>Tue, 18 Feb 2025 13:47:19 +0000</pubDate>
<content:encoded>
<![CDATA[ <ul><li><a href="https://diariocorreo.pe/edicion/arequipa/piden-declaratoria-de-emergencia-en-7-provincias-de-la-region-arequipa-por-impacto-de-lluvias-noticia/"><b>Piden declaratoria de emergencia en 7 provincias de la región Arequipa por impacto de lluvias</b></a></li><li><a href="https://diariocorreo.pe/edicion/arequipa/piden-declaratoria-de-emergencia-en-7-provincias-de-la-region-arequipa-por-impacto-de-lluvias-noticia/"><b>Lluvias en Arequipa: 1248 viviendas afectadas, 89 damnificadas y 3 puentes intransitables (VIDEO)</b></a></li><li><a href="https://diariocorreo.pe/edicion/arequipa/piden-declaratoria-de-emergencia-en-7-provincias-de-la-region-arequipa-por-impacto-de-lluvias-noticia/"><b>Alerta por lluvias se mantiene en las provincias de Arequipa</b></a></li></ul><p><b>El Gobierno Regional de Arequipa (GRA) solicitó al Gobierno central la declaratoria de emergencia en 103 distritos de 7 provincias de la región en base a los daños reportados por el Centro de Operaciones de Emergencia Regional (Coer) Arequipa.</b></p><q><b>MIRA: </b><a href="https://diariocorreo.pe/edicion/arequipa/fuertes-lluvias-dejan-hasta-el-momento-171-damnificados-en-la-region-arequipa-noticia/" target="_blank"><b>Fuertes lluvias dejan hasta el momento 171 damnificados en la región Arequipa</b></a></q><p>Ayer, las autoridades de la región sostuvieron una reunión de emergencia virtual a fin de extender este pedido a la <b>presidenta de la República, Dina Boluarte, y al Premier Gustavo Adrianzen</b>, se dio a conocer el estado situacional de la región.</p><p><i><b>“Se ha dado cuenta también de las dos pérdidas humanas que hemos tenido y de hecho la afectación enorme qué provoca la lluvia y la neblina en lo que implica el aeropuerto Rodríguez Ballón”</b></i>, sostuvo el gobernador regional de Arequipa, Rohel Sánchez.</p><p>La autoridad regional también indicó que se dispuso atender el pago de los servicios de alquiler de maquinaria, en coordinación con los gobiernos locales, así como la asignación de combustible para los trabajos de limpieza de vías comprometidas.</p><img src="https://diariocorreo.pe/resizer/v2/BN5XFNOVEFFJROSGYNHH4ULYTM.jpg?width=1080&height=810&auth=f47329533df8a227997a85f69a1afc675e5d9231acd4cd2decbd33edaae8176d&smart=true" alt="Vehículo no logró cruzar el río. Foto: difusión." height="810" width="1080"/><h1><mark class="hl_yellow"><b>ASIGNACIONES</b></mark></h1><p>Según indicó Rohel Sánchez, <b>el Ejecutivo nacional ya dispuso la compra de 8 mil pacas</b>, así como kits veterinarios, que irán destinados a los camélidos sudamericanos afectados por las heladas en las partes altas.</p><p>Por su parte,<b> el presidente del Consejo Regional de Arequipa, Osias Ortiz, manifestó que en esta reunión virtual la presidenta informó de una asignación de una partida presupuestal de 3 millones de soles aproximadamente para esta declaratoria de emergencia,</b> a espera de que Indeci viabilice el pedido.</p><p>Aunque también se mencionó de disponer de maquinaria amarilla para las juntas de usuarios, Ortiz señaló que este tema debe ser atendido por el <b>Ministerio de Desarrollo Agrario, y la compra sería a través del Ministerio de Transportes y Comunicaciones.</b></p><h1><mark class="hl_yellow"><b>CONSOLIDADO</b></mark></h1><p>Hasta la mañana del lunes,<b> el Coer Arequipa reportó 6 mil 332 personas afectadas, además de 171 damnificadas por las lluvias</b>, de esta última cifra, 84 personas corresponden a la provincia de Caravelí, 17 a Arequipa, 20 a Camaná, 8 a Castilla, 4 a Caylloma, 3 a Condesuyos, 9 a Islay y 26 a La Unión. De igual forma, se reportó el fallecimiento de 2 personas y 2 heridas en Condesuyos.</p><p>En cuanto a <b>daños a infraestructura educativa</b>, se contabilizaron 8 locales afectados, 4 de ellos en la provincia de Arequipa, 2 en Camaná y 2 en Castilla. Los establecimientos de salud tampoco quedaron exentos, 7 fueron afectados en Arequipa, 1 en Camaná, 3 en Caravelí, 1 en Castilla, 2 en Caylloma, 1 en Condesuyos y 4 en La Unión.</p><img src="https://diariocorreo.pe/resizer/v2/57OBRAKLEJFEDOW4FT5N7B2KHM.jpg?width=1438&height=688&auth=6862820cfc0f50478c43eb5c0a55c5b1cc4a0052aaa9a2539dffa4104dede543&smart=true" alt="Reporte de daños por lluvias en Arequipa. Foto: difusión." height="688" width="1438"/><p>Hay además <b>43.05 kilómetros de canales de riego comprometidos</b>, siendo Caravelí la que más daño reporta con 39 kilómetros distribuidos en diversos distritos.</p><p>De igual forma, <b>1 bocatoma quedó destruida en Condesuyos</b> y otras 28 fueron afectadas, además de 3 reservorio. En cuanto a hectáreas de cultivo, 22 se perdieron en Castilla, 15 en Camaná y 10.21 en Caylloma, no obstante, la cifra de cultivos afectados asciende a 638.18 hectáreas en toda la región.</p><p><b>8.648 kilómetros de vías vecinales quedaron destruidos entre 5 provincias</b>; 7.92 kilómetros de vías nacionales en Caravelí se vieron comprometidas en este tiempo, más de 150 kilómetros de vías departamentales y 599 kilómetros de vías vecinales fueron reportadas como afectadas. Cabe señalar que 37 puentes fueron afectados y 4 destruidos.</p><h1><mark class="hl_yellow"><b>AÑO ESCOLAR</b></mark></h1><p>Evalúan postergar el año escolar por daños en infraestructura de las instituciones educartivas.<b> Las lluvias causaron daños en 77 colegios de la región</b>, 8 registran un nivel de afectación grave, 49 moderado y 20 leve, según pudo verificar la Gerencia Regional de Educación.</p><p>No obstante, 21 corresponden a la Ugel Arequipa Sur, 4 a la Ugel Camaná, 4 Ugel Castilla, 1 Ugel Caravelí, 24 Ugel Caylloma, 1 Ugel Condesuyos, 1 Ugel Islay, 17 Ugel La Joya, 3 Ugel La Unión y 1 Grea.</p><h1><mark class="hl_yellow"><b>VIDEO RECOMENDADO</b></mark></h1><p><iframe width="560" height="315" src="https://www.youtube.com/embed/Zde7Kl2AmPs?si=4_vp-swEDbOkELfO" title="YouTube video player" frameborder="0" allow="accelerometer; autoplay; clipboard-write; encrypted-media; gyroscope; picture-in-picture; web-share" referrerpolicy="strict-origin-when-cross-origin" allowfullscreen></iframe></p><p><br/></p> ]]>
</content:encoded>
<media:content url="https://diariocorreo.pe/resizer/v2/MHMUV7IR6RERTBM2BQSAFY2H2Y.jpg?width=943&height=655&auth=8a7061cc75677b898fb29fa21bdad028d84b03436225fc57f7cc16bbfbeaff6e&smart=true" type="image/jpeg" height="655" width="943">
<media:description type="plain">
<![CDATA[ Vía afectada por desborde de río. Foto: difusión. ]]>
</media:description>
<media:credit role="author" scheme="urn:ebu">SYSTEM</media:credit>
</media:content>
</item>
<item>
<title>
<![CDATA[ Eduardo Arana niega conflicto de poderes tras denuncia de Santiváñez contra fiscal de la Nación ]]>
</title>
<link>https://diariocorreo.pe/politica/eduardo-arana-niega-conflicto-de-poderes-tras-denuncia-de-santivanez-contra-fiscal-de-la-nacion-noticia/</link>
<guid isPermaLink="true">https://diariocorreo.pe/politica/eduardo-arana-niega-conflicto-de-poderes-tras-denuncia-de-santivanez-contra-fiscal-de-la-nacion-noticia/</guid>
<dc:creator>
<![CDATA[ Redacción Diario Correo ]]>
</dc:creator>
<description>
<![CDATA[ El ministro de Justicia, Eduardo Arana, aseguró que la denuncia constitucional presentada por el ministro del Interior, Juan José Santiváñez, contra la fiscal de la Nación, Delia Espinoza, debe ser evaluada por el Congreso conforme a los requisitos legales. ]]>
</description>
<pubDate>Tue, 18 Feb 2025 20:45:23 +0000</pubDate>
<content:encoded>
<![CDATA[ <p><b>El ministro de Justicia, Eduardo Arana, aseguró que la denuncia constitucional presentada por el ministro del Interior, Juan José Santiváñez, contra la fiscal de la Nación, Delia Espinoza, debe ser evaluada por el Congreso conforme a los requisitos legales.</b></p><p>Arana recalcó que cualquier ciudadano tiene derecho a presentar denuncias si estas cumplen con el marco normativo y descartó que esto represente un conflicto entre instituciones.</p><p><mark class="hl_yellow"><i><b>“Descarto cualquier tipo de politización o cualquier hecho que implique de alguna manera que el ejecutivo está invadiendo las esferas del poder judicial y el ministerio público”, </b></i></mark>expresó Arana</p><p>Además, negó que exista un choque de poderes o un conflicto entre ambas instituciones del Estado.</p><h2><b>Pena de muerte</b></h2><p>Sobre el debate en torno a la pena de muerte en el Perú, Arana enfatizó la importancia de conocer la opinión ciudadana antes de tomar cualquier decisión.</p><p><mark class="hl_yellow"><i><b>“Lo que estamos poniendo en debate es la necesidad de escuchar a la población sin adelantar opiniones. No podemos dejar que solo un grupo de expertos en Lima determine el sentir del país”, </b></i></mark>señaló. Además, destacó que las audiencias regionales han mostrado una mayoría a favor de la pena de muerte, aunque también hay colectivos con posturas contrarias.</p><p><br/></p><h2><mark class="hl_yellow"><b>TE PUEDE INTERESAR</b></mark></h2><ul><li><a href="https://diariocorreo.pe/politica/ministro-santivanez-pide-inhabilitar-por-10-anos-a-la-fiscal-de-la-nacion-delia-espinoza-noticia/"><b>Ministro Santiváñez pide inhabilitar por 10 años a la fiscal de la Nación, Delia Espinoza</b></a></li><li><a href="https://diariocorreo.pe/politica/ministros-adrianzen-y-quero-no-asistieron-a-citacion-del-congreso-noticia/"><b>Ministros Adrianzén y Quero no asistieron a citación del Congreso</b></a></li><li><a href="https://diariocorreo.pe/edicion/la-libertad/lluvias-dejan-seis-muertos-en-la-sierra-de-la-libertad-peru-noticia/"><b>Lluvias dejan seis muertos en la sierra de La Libertad</b></a></li><li><a href="https://diariocorreo.pe/edicion/huancayo/la-oroya-buscan-a-conductor-y-cuatro-pasajeros-que-fueron-tragados-por-el-rio-mantaro-noticia/"><b>La Oroya: Buscan a conductor y cuatro pasajeros que fueron tragados por el río Mantaro</b></a></li><li><a href="https://diariocorreo.pe/edicion/huancayo/la-oroya-tras-accidente-madre-tiene-la-esperanza-de-hallar-con-vida-a-su-hija-noticia/"><b>La Oroya: Tras accidente madre tiene la esperanza de hallar con vida a su hija</b></a></li></ul> ]]>
</content:encoded>
<media:content url="https://diariocorreo.pe/resizer/v2/6ZGMZLTAL5BDPBOLI5FCHZ2KS4.jpg?width=1201&height=859&auth=9c5b706c958c898ccd4e6a0547489d63475ab8414e7c083cad829edd8681b913&smart=true" type="image/jpeg" height="859" width="1201">
<media:description type="plain">
<![CDATA[ Arana recalcó que cualquier ciudadano tiene derecho a presentar denuncias si estas cumplen con el marco normativo y descartó que esto represente un conflicto entre instituciones. (Foto: MINJUSDH) ]]>
</media:description>
</media:content>
</item>
<item>
<title>
<![CDATA[ Fiscalía inicia investigación contra sujeto que atentó contra la Piedra de los 12 Ángulos en Cusco ]]>
</title>
<link>https://diariocorreo.pe/edicion/cusco/fiscalia-inicia-investigacion-contra-sujeto-que-atento-contra-la-piedra-de-los-12-angulos-en-cusco-noticia/</link>
<guid isPermaLink="true">https://diariocorreo.pe/edicion/cusco/fiscalia-inicia-investigacion-contra-sujeto-que-atento-contra-la-piedra-de-los-12-angulos-en-cusco-noticia/</guid>
<dc:creator>
<![CDATA[ Redacción Diario Correo ]]>
</dc:creator>
<description>
<![CDATA[ A través de las redes sociales del Ministerio Público, informan que se “ordenó que la Dirección Desconcentrada de Cultura evalúe el impacto y daño causados al referido bien cultural y monumento arqueológico”. ]]>
</description>
<pubDate>Tue, 18 Feb 2025 20:37:39 +0000</pubDate>
<content:encoded>
<![CDATA[ <ul><li> <a href="https://diariocorreo.pe/edicion/cusco/cusco-delincuente-ataca-la-piedra-de-los-12-angulos-causando-un-dano-irreversible-video-noticia/">Cusco: Delincuente ataca la Piedra de los 12 Ángulos causando un daño irreversible (VIDEO)</a></li><li> <a href="https://diariocorreo.pe/edicion/cusco/detienen-a-sujeto-que-dio-martillazos-a-la-piedra-de-los-12-angulos-en-cusco-video-noticia/">Detienen a sujeto que dio martillazos a la Piedra de los 12 Ángulos, en Cusco (VIDEO)</a></li></ul><p><b>La Tercera Fiscalía Provincial Penal Corporativa de Cusco investigación preliminar contra Roysi Gabriel como presunto autor del delito de daño agravado, tras el atentado a la Piedra de los 12 Ángulos, así lo informó el Ministerio Público a través de sus redes sociales.</b></p><p>Asimismo, señalan que el fiscal adjunto provincial Jherson Zegarra Vargas, “<i>dispuso recabar la declaración del investigado y testigos, visualizar las imágenes de las cámaras de videovigilancia de la zona donde ocurrió el hecho</i>”.</p><p>También, “<i>ordenó que la Dirección Desconcentrada de Cultura evalúe el impacto y daño causados al referido bien cultural y monumento arqueológico</i>”.</p><p><blockquote class="twitter-tweet"><p lang="es" dir="ltr">🚨<a href="https://twitter.com/hashtag/Fiscal%C3%ADaAct%C3%BAa?src=hash&amp;ref_src=twsrc%5Etfw">#FiscalíaActúa</a> | Tercera Fiscalía Provincial Penal Corporativa de Cusco (Cuarto Despacho) inició investigación preliminar contra Roysi Gabriel (detenido en flagrancia), como presunto autor del delito de daño agravado, tras el atentado a la Piedra de los 12 Ángulos.<br><br>✅ El… <a href="https://t.co/T7ATNQ7ctK">pic.twitter.com/T7ATNQ7ctK</a></p>&mdash; Ministerio Público (@FiscaliaPeru) <a href="https://twitter.com/FiscaliaPeru/status/1891936145346355202?ref_src=twsrc%5Etfw">February 18, 2025</a></blockquote> <script async src="https://platform.twitter.com/widgets.js" charset="utf-8"></script></p><h2><b>Detienen a sujeto que dio martillazos a la Piedra de los 12 Ángulos</b></h2><p>Tras una rápida acción por parte de la&nbsp;Policía en Cusco,&nbsp;el sujeto&nbsp;que la madrugada del último martes atacó y causó daños irreversibles en la&nbsp;Piedra de los 12 Ángulos en Cusco,&nbsp;fue detenido.</p><p>El sujeto identificado como ‘Gabriel’, fue detenido mientras deambulaba por inmediaciones del barrio de San Blas, donde fue interceptado sin oponer resistencia.</p><p>El intervenido enfrenta cargos por el delito contra el patrimonio, que concibe cárcel efectiva según el contexto y tipo de daño perpetrado.</p><h2><b>DAÑO A LA PIEDRA DE LOS 12 ÁNGULOS</b></h2><p>La histórica&nbsp;Piedra de los 12 Ángulos, ubicada en el&nbsp;Centro Histórico de Cusco, fue&nbsp;atacada nuevamente&nbsp;en la madrugada del&nbsp;martes&nbsp;por un sujeto desconocido. Según la&nbsp;Dirección Desconcentrada de Cultura de Cusco, el daño causado es&nbsp;irreversible&nbsp;y ha generado gran preocupación entre las autoridades y la ciudadanía.</p><p>El atentado ocurrió aproximadamente a las&nbsp;02:00 a. m.&nbsp;en la calle&nbsp;Hatunrumiyoc, a pocos metros de la&nbsp;Plaza Mayor de Cusco. Cámaras de videovigilancia registraron el momento en que un hombre de&nbsp;cabello largo y mochila&nbsp;deambula por la zona antes de perpetrar el ataque.</p><p>En las imágenes se observa que el sujeto&nbsp;pasa varias veces por el lugar, se&nbsp;acerca a otras personas, quienes parecen&nbsp;alejarse de él, y finalmente&nbsp;golpea la piedra tres veces con un objeto contundente, que podría ser un&nbsp;martillo o cincel. Luego,&nbsp;recoge su herramienta y huye del sitio.</p><h2><mark class="hl_yellow"><b>TE PUEDE INTERESAR</b></mark></h2><ul><li><a href="https://diariocorreo.pe/politica/ministro-santivanez-pide-inhabilitar-por-10-anos-a-la-fiscal-de-la-nacion-delia-espinoza-noticia/"><b>Ministro Santiváñez pide inhabilitar por 10 años a la fiscal de la Nación, Delia Espinoza</b></a></li><li><a href="https://diariocorreo.pe/politica/ministros-adrianzen-y-quero-no-asistieron-a-citacion-del-congreso-noticia/"><b>Ministros Adrianzén y Quero no asistieron a citación del Congreso</b></a></li><li><a href="https://diariocorreo.pe/edicion/la-libertad/lluvias-dejan-seis-muertos-en-la-sierra-de-la-libertad-peru-noticia/"><b>Lluvias dejan seis muertos en la sierra de La Libertad</b></a></li><li><a href="https://diariocorreo.pe/edicion/huancayo/la-oroya-buscan-a-conductor-y-cuatro-pasajeros-que-fueron-tragados-por-el-rio-mantaro-noticia/"><b>La Oroya: Buscan a conductor y cuatro pasajeros que fueron tragados por el río Mantaro</b></a></li><li><a href="https://diariocorreo.pe/edicion/huancayo/la-oroya-tras-accidente-madre-tiene-la-esperanza-de-hallar-con-vida-a-su-hija-noticia/"><b>La Oroya: Tras accidente madre tiene la esperanza de hallar con vida a su hija</b></a></li></ul><p><br/></p> ]]>
</content:encoded>
<media:content url="https://diariocorreo.pe/resizer/v2/QDWPZZYCB5FKTCIMRN6RWGDBBA.jpg?width=1207&height=800&auth=e5586ba83ff144d264df2787eff9c9a2002876185979bbac37d4482c33fc8b9f&smart=true" type="image/jpeg" height="800" width="1207">
<media:description type="plain">
<![CDATA[ (Foto: GEC) ]]>
</media:description>
</media:content>
</item>
<item>
<title>
<![CDATA[ Juan Santiváñez minimiza su baja aprobación en encuestas: “Mi suegra tampoco me quiere” ]]>
</title>
<link>https://diariocorreo.pe/politica/juan-santivanez-minimiza-su-baja-aprobacion-en-encuestas-mi-suegra-tampoco-me-quiere-peru-gobierno-mininter-noticia/</link>
<guid isPermaLink="true">https://diariocorreo.pe/politica/juan-santivanez-minimiza-su-baja-aprobacion-en-encuestas-mi-suegra-tampoco-me-quiere-peru-gobierno-mininter-noticia/</guid>
<dc:creator>
<![CDATA[ Andrea Pereyra ]]>
</dc:creator>
<description>
<![CDATA[ El funcionario añadió que estos estudios son “subjetivos” y dependen “del mercado o del vidrio con que se miren”. ]]>
</description>
<pubDate>Tue, 18 Feb 2025 20:02:18 +0000</pubDate>
<content:encoded>
<![CDATA[ <ul><li><a href="https://diariocorreo.pe/edicion/lima/conductores-protestan-y-se-niegan-a-pagar-peaje-de-ancon-por-mal-estado-de-vias-peru-noticia/">Conductores protestan y se niegan a pagar peaje de Ancón por mal estado de vías</a></li><li><a href="https://diariocorreo.pe/edicion/lima/intervienen-a-presuntos-delincuentes-con-arsenal-de-guerra-en-discoteca-de-ate-peru-pnp-noticia/">Intervienen a presuntos delincuentes con arsenal de guerra en discoteca de Ate</a></li></ul><p><b>El ministro del Interior, Juan José Santiváñez, respondió este jueves a preguntas sobre su baja aceptación en encuestas de opinión pública durante una visita a Trujillo, ciudad afectada por altos índices de inseguridad y crimen organizado. </b></p><p>El funcionario participó en una reunión con autoridades locales, incluyendo al gobernador de La Libertad, César Acuña, y representantes policiales, para coordinar acciones contra la delincuencia.</p><p>Al ser consultado en una conferencia de prensa sobre un sondeo que indica que el 68% de la población desaprueba su gestión, Santiváñez optó por un tono informal: <i><b>“Mi suegra tampoco me quiere. Miren, yo no trabajo por las encuestas”</b></i>, mencionó. </p><p>El ministro añadió que estos estudios son “subjetivos” y dependen “del mercado o del vidrio con que se miren”.</p><p>Santiváñez destacó que, según la misma encuestadora, su aprobación habría aumentado de 4% en diciembre de 2023 a 11% en la actualidad.</p><p><i><b>“He subido 5 puntos, en realidad no nos dejamos llevar por esos análisis. Lo que habla por nosotros es nuestro trabajo”</b></i>, sostuvo, enfatizando que su prioridad es la seguridad ciudadana.</p><h2><mark class="hl_yellow"><b>TE PUEDE INTERESAR</b></mark></h2><ul><li><a href="https://diariocorreo.pe/politica/ministro-santivanez-pide-inhabilitar-por-10-anos-a-la-fiscal-de-la-nacion-delia-espinoza-noticia/"><b>Ministro Santiváñez pide inhabilitar por 10 años a la fiscal de la Nación, Delia Espinoza</b></a></li><li><a href="https://diariocorreo.pe/politica/ministros-adrianzen-y-quero-no-asistieron-a-citacion-del-congreso-noticia/"><b>Ministros Adrianzén y Quero no asistieron a citación del Congreso</b></a></li><li><a href="https://diariocorreo.pe/edicion/la-libertad/lluvias-dejan-seis-muertos-en-la-sierra-de-la-libertad-peru-noticia/"><b>Lluvias dejan seis muertos en la sierra de La Libertad</b></a></li><li><a href="https://diariocorreo.pe/edicion/huancayo/la-oroya-buscan-a-conductor-y-cuatro-pasajeros-que-fueron-tragados-por-el-rio-mantaro-noticia/"><b>La Oroya: Buscan a conductor y cuatro pasajeros que fueron tragados por el río Mantaro</b></a></li><li><a href="https://diariocorreo.pe/edicion/huancayo/la-oroya-tras-accidente-madre-tiene-la-esperanza-de-hallar-con-vida-a-su-hija-noticia/" rel="" title="https://diariocorreo.pe/edicion/huancayo/la-oroya-tras-accidente-madre-tiene-la-esperanza-de-hallar-con-vida-a-su-hija-noticia/"><b>La Oroya: Tras accidente madre tiene la esperanza de hallar con vida a su hija</b></a></li></ul> ]]>
</content:encoded>
<media:content url="https://diariocorreo.pe/resizer/v2/7CUU5AZL5FE5FPAUYHX4ZVYQHQ.jpeg?width=4160&height=2778&auth=772e95a5b6676261a50cd293c4e5394e0bd87b7afa3a208eb55ecd6a4a30eab7&smart=true" type="image/jpeg" height="2778" width="4160">
<media:description type="plain">
<![CDATA[ (Fotos: Jesús Saucedo @photo.gec) ]]>
</media:description>
</media:content>
</item>
<item>
<title>
<![CDATA[ Gorosito sobre duelo ante Boca Juniors: “No son favoritos, estamos en igualdad de condiciones” ]]>
</title>
<link>https://diariocorreo.pe/deportes/alianza-lima-vs-boca-juniors-nestor-gorosito-sobre-duelo-ante-boca-juniors-no-son-favoritos-estamos-en-igualdad-de-condiciones-alianza-lima-copa-libertadores-noticia/</link>
<guid isPermaLink="true">https://diariocorreo.pe/deportes/alianza-lima-vs-boca-juniors-nestor-gorosito-sobre-duelo-ante-boca-juniors-no-son-favoritos-estamos-en-igualdad-de-condiciones-alianza-lima-copa-libertadores-noticia/</guid>
<dc:creator>
<![CDATA[ Redacción Diario Correo ]]>
</dc:creator>
<description/>
<pubDate>Tue, 18 Feb 2025 19:56:41 +0000</pubDate>
<content:encoded>
<![CDATA[ <ul><li><a href="https://diariocorreo.pe/deportes/alianza-lima-vs-boca-juniors-los-intimos-buscan-la-hazana-en-la-copa-libertadores-noticia/">Alianza Lima vs. Boca Juniors: los íntimos buscan la hazaña en la Copa Libertadores</a></li></ul><p>El técnico de <b>Alianza Lima, Néstor Gorosito</b>, se mostró optimista en la previa del duelo ante <b>Boca Juniors</b>, asegurando que su equipo tiene el deseo de <b>jugar bien y ganar en Matute</b>. Además, el entrenador <b>descartó un favoritismo desmedido para los argentinos</b>, señalando que ambos equipos llegan en igualdad de condiciones.</p><p><i><b>“Estamos tratando de meterle ritmo a la técnica que tiene el fútbol peruano. ¿Si Boca es muy favorito? Para mí, no. Creo que estamos en igualdad de condiciones. Es cierto que tienen jugadores desequilibrantes y un técnico joven con capacidad, pero Alianza también tiene sus armas”</b></i><b>,</b> declaró el DT blanquiazul para ESPN.</p><img src="https://diariocorreo.pe/resizer/v2/GWBFXB446BHJ7F3GZ3UAR6P4JQ.png?width=442&height=285&auth=7234f96c3324a568101a5eac704cb294d7e6bc7c6134c36b75b6beae08129999&smart=true" alt="Néstor Gorosito apuesta por Alianza: “Boca no es favorito, estamos en igualdad de condiciones”" height="285" width="442"/><h2><b>Respeto, pero sin miedo</b></h2><p>Si bien reconoció el <b>historial de Boca en el fútbol sudamericano</b>, Gorosito destacó que su actual plantel no ha sido campeón de la <b>Copa Libertadores desde 2007</b>, por lo que su jerarquía histórica <b>no influye en el partido de esta noche</b>.</p><p>“Vamos a enfrentar a un equipo grande de América y del mundo, pero estos jugadores que estarán en la cancha hoy no han ganado la Copa Libertadores”, señaló.</p><p>El ‘Pipo’ también mencionó a figuras clave del rival como <b>Velasco, Aguirre y Saracchi</b>, destacando su capacidad de desequilibrio, pero insistió en que <b>Alianza tiene su propio estilo y buscará imponer su juego vertical</b> para hacer daño al equipo argentino.</p><h2><b>El progreso de Alianza Lima</b></h2><p>El estratega de 60 años considera que el equipo ha ido <b>de menos a más</b>, destacando la preparación del plantel en los amistosos previos, incluyendo los jugados en Argentina.</p><p>“Jugar ante equipos grandes como Boca siempre genera expectativa. Es cierto que sufrimos un traspié ante Sullana, pero las expectativas son buenas. Estamos yendo de menor a mayor y nos sentimos motivados para enfrentar estos partidos”, afirmó Gorosito.</p><p>📌 <b>Alianza Lima y Boca Juniors se enfrentarán esta noche en Matute</b> en un duelo clave para ambos equipos. El equipo blanquiazul buscará <b>dar la sorpresa</b> y sumar un triunfo importante en su camino internacional.</p><p><blockquote class="twitter-tweet"><p lang="es" dir="ltr">¡𝐒𝐞 𝐯𝐢𝐞𝐧𝐞 𝐮𝐧 𝐩𝐚𝐫𝐭𝐢𝐝𝐚𝐳𝐨! 💪🏾<br><br>La entrega y el compromiso por nuestros colores están garantizados 💙🤍.<br><br>Sé parte de este encuentro en <a href="https://twitter.com/apuestatotalof?ref_src=twsrc%5Etfw">@apuestatotalof</a>, 𝗻𝘂𝗲𝘀𝘁𝗿𝗼 𝗽𝗮𝘁𝗿𝗼𝗰𝗶𝗻𝗮𝗱𝗼𝗿 𝗽𝗿𝗶𝗻𝗰𝗶𝗽𝗮𝗹 🤩, en sus 3 canales de venta:<br><br>📍 En todas sus… <a href="https://t.co/WLIP6NiMiZ">pic.twitter.com/WLIP6NiMiZ</a></p>&mdash; Club Alianza Lima (@ClubALoficial) <a href="https://twitter.com/ClubALoficial/status/1891928641463853129?ref_src=twsrc%5Etfw">February 18, 2025</a></blockquote> <script async src="https://platform.twitter.com/widgets.js" charset="utf-8"></script></p><h2><b>TE PUEDE INTERESAR</b></h2><ul><li><a href="https://diariocorreo.pe/deportes/gerardo-ameli-un-triunfo-justo-y-rescato-la-responsabilidad-del-equipo-noticia/" title="https://diariocorreo.pe/deportes/gerardo-ameli-un-triunfo-justo-y-rescato-la-responsabilidad-del-equipo-noticia/">Gerardo Ameli: “La victoria ante Alianza Lima fue un triunfo justo y rescato la responsabilidad del equipo”</a></li><li><a href="https://diariocorreo.pe/deportes/gerardo-ameli-un-triunfo-justo-y-rescato-la-responsabilidad-del-equipo-noticia/" title="https://diariocorreo.pe/deportes/gerardo-ameli-un-triunfo-justo-y-rescato-la-responsabilidad-del-equipo-noticia/">Argentino Patricio Núñez se suma al plantel de la César Vallejo</a></li><li><a href="https://diariocorreo.pe/deportes/gerardo-ameli-un-triunfo-justo-y-rescato-la-responsabilidad-del-equipo-noticia/" title="https://diariocorreo.pe/deportes/gerardo-ameli-un-triunfo-justo-y-rescato-la-responsabilidad-del-equipo-noticia/">Lanzan convocatoria para obra de Estadio Miguel Grau de Piura</a></li><li><a href="https://diariocorreo.pe/deportes/gerardo-ameli-un-triunfo-justo-y-rescato-la-responsabilidad-del-equipo-noticia/" title="https://diariocorreo.pe/deportes/gerardo-ameli-un-triunfo-justo-y-rescato-la-responsabilidad-del-equipo-noticia/">Alianza Libertad presenta plantel y aspiran a ganar la liga de Trujillo</a></li><li><a href="https://diariocorreo.pe/deportes/gerardo-ameli-un-triunfo-justo-y-rescato-la-responsabilidad-del-equipo-noticia/" title="https://diariocorreo.pe/deportes/gerardo-ameli-un-triunfo-justo-y-rescato-la-responsabilidad-del-equipo-noticia/">Sport Huancayo en la cima de la tabla de posiciones al vencer a Juan Pablo II</a></li></ul> ]]>
</content:encoded>
<media:content url="https://diariocorreo.pe/resizer/v2/ZVFITF2LNRFQXF4RKX7MCDOYHI.jpg?width=1200&height=700&auth=b076d3e7dc0ea5ef197cb3b1ea981c58326ff7dc85239d03fef338c1af6db812&smart=true" type="image/jpeg" height="700" width="1200">
<media:description type="plain">
<![CDATA[ El técnico de Alianza Lima aseguró que su equipo tiene las armas para vencer a Boca Juniors en Matute. Reconoció la calidad del rival, pero afirmó que confía en el juego de su equipo. (Foto: AFP) ]]>
</media:description>
</media:content>
</item>
<item>
<title>
<![CDATA[ Condenan a 35 años a varón que abusó sexualmente de una menor de 11 años en Satipo ]]>
</title>
<link>https://diariocorreo.pe/edicion/huancayo/condenan-a-35-anos-a-varon-que-abuso-sexualmente-de-una-menor-de-11-anos-en-satipo-noticia/</link>
<guid isPermaLink="true">https://diariocorreo.pe/edicion/huancayo/condenan-a-35-anos-a-varon-que-abuso-sexualmente-de-una-menor-de-11-anos-en-satipo-noticia/</guid>
<dc:creator>
<![CDATA[ Redacción Diario Correo ]]>
</dc:creator>
<description>
<![CDATA[ Los hechos ocurrieron en diciembre de 2022 en la provincia de Satipo ]]>
</description>
<pubDate>Tue, 18 Feb 2025 19:56:20 +0000</pubDate>
<content:encoded>
<![CDATA[ <ul><li><a href="https://diariocorreo.pe/edicion/huancayo/junin-trece-personas-mueren-a-causa-de-la-neumonia-noticia/" rel="" title="https://diariocorreo.pe/edicion/huancayo/junin-trece-personas-mueren-a-causa-de-la-neumonia-noticia/">Junín: Solo en lo que va del año trece personas mueren a causa de la neumonía</a></li><li><a href="https://diariocorreo.pe/edicion/huancayo/junin-trece-personas-mueren-a-causa-de-la-neumonia-noticia/" rel="" title="https://diariocorreo.pe/edicion/huancayo/junin-trece-personas-mueren-a-causa-de-la-neumonia-noticia/">La Oroya: Tras accidente madre tiene la esperanza de hallar con vida a su hija</a></li></ul><p><b>Jordán Eliseo Villanueva Espinal, fue sentenciado a 35 años de prisión, por el Juzgado de Investigación Preparatoria Transitorio de Satipo, tras hallarlo culpable del delito de violación sexual contra una menor de 11 años.</b></p><q><b>MIRA ESTO: </b><a href="https://diariocorreo.pe/edicion/huancayo/fuertes-lluvias-afectan-el-transito-vehicular-en-la-carretera-de-la-selva-central-noticia/">Fuertes lluvias afectan el tránsito vehicular en la carretera de la Selva Central</a></q><p>Los hechos ocurrieron en diciembre de 2022 en la provincia de Satipo, cuando la víctima fue agredida por el sentenciado. La denuncia fue presentada por los familiares de la menor luego de que ella recibiera atención médica en un centro de salud, lo que permitió la pronta intervención de la Policía Nacional y la captura del agresor en San Martín de Pangoa.</p><q><b>TE PUEDE INTERESAR: </b><a href="https://diariocorreo.pe/edicion/huancayo/conductor-atropella-a-policia-y-se-da-a-la-fuga-en-la-oroya-noticia/">Conductor atropella a policía y se da a la fuga en La Oroya</a></q><p>Además de la pena privativa de la libertad, la sentencia impone una reparación civil de S/ 2,500 a favor de la víctima. Actualmente, Jordán Eliseo Villanueva Espinal cumple su condena en el penal de Río Negro en Satipo.</p> ]]>
</content:encoded>
<media:content url="https://diariocorreo.pe/resizer/v2/ANBVJEJ4R5HD3EJKQ7ZVEEF7EU.png?width=1280&height=720&auth=72cfc564529af204ed4a2cd13023319768380c2a378221c6c9ff1c35b8684203&smart=true" type="image/png" height="720" width="1280"/>
</item>
<item>
<title>
<![CDATA[ Fuertes lluvias afectan el tránsito vehicular en la carretera de la Selva Central ]]>
</title>
<link>https://diariocorreo.pe/edicion/huancayo/fuertes-lluvias-afectan-el-transito-vehicular-en-la-carretera-de-la-selva-central-noticia/</link>
<guid isPermaLink="true">https://diariocorreo.pe/edicion/huancayo/fuertes-lluvias-afectan-el-transito-vehicular-en-la-carretera-de-la-selva-central-noticia/</guid>
<dc:creator>
<![CDATA[ Redacción Diario Correo ]]>
</dc:creator>
<description>
<![CDATA[ Caída de árboles y rocas bloquearon de forma parcial el tránsito. ]]>
</description>
<pubDate>Tue, 18 Feb 2025 19:35:48 +0000</pubDate>
<content:encoded>
<![CDATA[ <ul><li><a href="https://diariocorreo.pe/edicion/huancayo/huancayo-terminales-de-autos-informales-viaje-de-destino-incierto-noticia/" rel="" title="https://diariocorreo.pe/edicion/huancayo/huancayo-terminales-de-autos-informales-viaje-de-destino-incierto-noticia/">Alrededor de 20 terminales de autos son informales en Huancayo ¿Qué hacen las autoridades?</a></li><li><a href="https://diariocorreo.pe/edicion/huancayo/huancayo-terminales-de-autos-informales-viaje-de-destino-incierto-noticia/" rel="" title="https://diariocorreo.pe/edicion/huancayo/huancayo-terminales-de-autos-informales-viaje-de-destino-incierto-noticia/">Junín: PNP recupera cinco carros y un mototaxi con placas clonadas</a></li></ul><p><b>Las intensas precipitaciones que azotan la Selva Central han causado la caída de árboles y piedras en varios tramos de la Carretera Central, lo que ha generado importantes dificultades para la circulación vehicular. Las autoridades han instado a los conductores a tomar precauciones y estar alertas ante posibles nuevos incidentes, ya que las lluvias siguen afectando la región.</b></p><q><b>MIRA ESTO: </b><a href="https://diariocorreo.pe/edicion/huancayo/junin-trece-personas-mueren-a-causa-de-la-neumonia-noticia/">Junín: Solo en lo que va del año trece personas mueren a causa de la neumonía</a></q><p>Los sectores más afectados son entre los kilómetros 82 y 86+500, por el túnel La Virgen, así como los sectores cercanos a los puentes San Félix y Puntayacu. Además, se registraron deslizamientos de tierra en la vía que conecta Perené con Pichanaqui, especialmente en el sector de la comunidad nativa Shankivironi.</p><q><b>TE PUEDE INETERESAR: </b><a href="https://diariocorreo.pe/edicion/huancayo/la-oroya-tras-accidente-madre-tiene-la-esperanza-de-hallar-con-vida-a-su-hija-noticia/">La Oroya: Tras accidente madre tiene la esperanza de hallar con vida a su hija</a></q><p>El deslizamiento de tierra y piedras, junto con la caída de árboles sobre la carretera, ha provocado el cierre parcial en distintos puntos de la carretera, complicando el paso de transportistas y residentes que dependen de esta vía para sus desplazamientos.</p> ]]>
</content:encoded>
<media:content url="https://diariocorreo.pe/resizer/v2/SE7UW6GRFZGARK2S7DGMO5HOAM.png?width=1280&height=720&auth=12da062e834766302a9bcff11b5c6932b62fcd5417722a21b08b51b584dfcd7c&smart=true" type="image/png" height="720" width="1280"/>
</item>
<item>
<title>
<![CDATA[ Conductor atropella a policía y se da a la fuga en La Oroya ]]>
</title>
<link>https://diariocorreo.pe/edicion/huancayo/conductor-atropella-a-policia-y-se-da-a-la-fuga-en-la-oroya-noticia/</link>
<guid isPermaLink="true">https://diariocorreo.pe/edicion/huancayo/conductor-atropella-a-policia-y-se-da-a-la-fuga-en-la-oroya-noticia/</guid>
<dc:creator>
<![CDATA[ Redacción Diario Correo ]]>
</dc:creator>
<description/>
<pubDate>Tue, 18 Feb 2025 19:31:52 +0000</pubDate>
<content:encoded>
<![CDATA[ <ul><li><a href="https://diariocorreo.pe/edicion/huancayo/la-oroya-buscan-a-conductor-y-cuatro-pasajeros-que-fueron-tragados-por-el-rio-mantaro-noticia/" rel="" title="https://diariocorreo.pe/edicion/huancayo/la-oroya-buscan-a-conductor-y-cuatro-pasajeros-que-fueron-tragados-por-el-rio-mantaro-noticia/">La Oroya: Buscan a conductor y cuatro pasajeros que fueron tragados por el río Mantaro</a></li><li><a href="https://diariocorreo.pe/edicion/huancayo/la-oroya-buscan-a-conductor-y-cuatro-pasajeros-que-fueron-tragados-por-el-rio-mantaro-noticia/" rel="" title="https://diariocorreo.pe/edicion/huancayo/la-oroya-buscan-a-conductor-y-cuatro-pasajeros-que-fueron-tragados-por-el-rio-mantaro-noticia/">La Oroya: Tras accidente madre tiene la esperanza de hallar con vida a su hija</a></li></ul><p><b>En la madrugada del martes 18 de febrero, un miembro de la Policía Nacional fue atropellado mientras cumplía con sus labores en La Oroya. El conductor, lejos de prestarle auxilio, se dio a la fuga, mientras que el policía quedó herido.</b></p><q><b>MIRA ESTO: </b><a href="https://diariocorreo.pe/edicion/huancayo/huancayo-detienen-por-receptacion-a-personas-que-compran-carros-robados-noticia/">Aumentan estafas con vehículos de placas clonadas en Huancayo: Policía alerta sobre casos en la región</a></q><p>Se trata del agente Jhon Alberto Arroyo Huayra (25), quien, tras el atropello, fue trasladado al hospital Alberto Hurtado Abadía, donde le diagnosticaron un traumatismo craneoencefálico moderado y policontusiones, con heridas en la cabeza y golpes.</p><q><b>TE PUEDE INETERESAR: </b><a href="https://diariocorreo.pe/edicion/huancayo/junin-trece-personas-mueren-a-causa-de-la-neumonia-noticia/">Junín: Solo en lo que va del año trece personas mueren a causa de la neumonía</a></q><p>Mientras tanto, la policía se encuentra en busca del chofer que se dio a la fuga, quien estaba a bordo de un vehículo de color plomo.</p> ]]>
</content:encoded>
<media:content url="https://diariocorreo.pe/resizer/v2/6CBDWCR4ZBGA7EQBFUONVYQTJE.png?width=1280&height=720&auth=c1f2f8a684b19ac4c7174dc2b3d3c39e4f0a2a188dbe37e35eedb41babc39fcc&smart=true" type="image/png" height="720" width="1280"/>
</item>
<item>
<title>
<![CDATA[ Shakira en Lima: reembolsos para concierto cancelado del 16 de febrero inician este miércoles ]]>
</title>
<link>https://diariocorreo.pe/edicion/lima/shakira-en-lima-reembolsos-para-concierto-cancelado-del-16-de-febrero-inician-este-miercoles-noticia/</link>
<guid isPermaLink="true">https://diariocorreo.pe/edicion/lima/shakira-en-lima-reembolsos-para-concierto-cancelado-del-16-de-febrero-inician-este-miercoles-noticia/</guid>
<dc:creator>
<![CDATA[ Redacción Diario Correo ]]>
</dc:creator>
<description/>
<pubDate>Tue, 18 Feb 2025 19:24:51 +0000</pubDate>
<content:encoded>
<![CDATA[ <ul><li><a href="https://diariocorreo.pe/edicion/lima/shakira-en-lima-concierto-genero-mas-de-s-548000-en-ventas-de-alimentos-bebidas-y-merchandising-noticia/" title="https://diariocorreo.pe/edicion/lima/shakira-en-lima-concierto-genero-mas-de-s-548000-en-ventas-de-alimentos-bebidas-y-merchandising-noticia/">Shakira en Lima: Concierto generó más de S/ 548,000 en ventas de alimentos, bebidas y merchandising</a></li><li><a href="https://diariocorreo.pe/edicion/lima/shakira-en-lima-concierto-genero-mas-de-s-548000-en-ventas-de-alimentos-bebidas-y-merchandising-noticia/" title="https://diariocorreo.pe/edicion/lima/shakira-en-lima-concierto-genero-mas-de-s-548000-en-ventas-de-alimentos-bebidas-y-merchandising-noticia/">Dos fanáticas de Shakira mueren en choque al regresar a Chincha tras cancelación de concierto</a></li></ul><p>La <b>productora Masterlive</b> y <b>Teleticket</b> anunciaron que los <b>reembolsos</b> para los asistentes afectados por la <b>cancelación del concierto de Shakira del 16 de febrero</b> estarán disponibles a partir del <b>19 de febrero de 2025, desde las 9:00 a. m.</b></p><p>Para solicitar la devolución, los usuarios deberán ingresar al siguiente enlace: 🔗 <a href="https://teleticket.com.pe/devoluciones" rel="" title="https://teleticket.com.pe/devoluciones"><b>Teleticket - Devoluciones</b></a>.</p><h2><b>Concierto reprogramado para noviembre</b></h2><p>En el mismo comunicado, Masterlive confirmó que el <b>concierto postergado se llevará a cabo el 15 de noviembre de 2025</b>. Asimismo, se informó que quienes no soliciten el reembolso podrán <b>utilizar sus entradas ya emitidas</b> para la nueva fecha sin necesidad de cambios adicionales.</p><p>Pese a la cancelación del primer show, la cantante colombiana logró presentarse en su <b>segundo concierto programado</b>, llenando por completo el <b>Estadio Nacional de Lima</b>.</p><h2><b>Motivo de la cancelación</b></h2><p>El primer concierto de Shakira en Lima fue cancelado luego de que la artista fuera <b>internada de emergencia en una clínica local</b> debido a un <b>fuerte dolor abdominal</b>. En un comunicado, la intérprete de <b>“Las mujeres ya no lloran”</b> expresó su tristeza por no poder presentarse y agradeció la comprensión de sus fanáticos.</p><h2><b>TE PUEDE INTERESAR</b></h2><ul><li><a href="https://diariocorreo.pe/edicion/lima/el-agustino-capturan-a-pareja-con-arma-y-droga-tras-persecucion-peru-pnp-noticia/" rel="" title="https://diariocorreo.pe/edicion/lima/el-agustino-capturan-a-pareja-con-arma-y-droga-tras-persecucion-peru-pnp-noticia/">El Agustino: Capturan a pareja con arma y droga tras persecución</a></li><li><a href="https://diariocorreo.pe/edicion/lima/el-agustino-capturan-a-pareja-con-arma-y-droga-tras-persecucion-peru-pnp-noticia/" rel="" title="https://diariocorreo.pe/edicion/lima/el-agustino-capturan-a-pareja-con-arma-y-droga-tras-persecucion-peru-pnp-noticia/">Conductores protestan y se niegan a pagar peaje de Ancón por mal estado de vías</a></li><li><a href="https://diariocorreo.pe/edicion/lima/el-agustino-capturan-a-pareja-con-arma-y-droga-tras-persecucion-peru-pnp-noticia/" rel="" title="https://diariocorreo.pe/edicion/lima/el-agustino-capturan-a-pareja-con-arma-y-droga-tras-persecucion-peru-pnp-noticia/">Intervienen a presuntos delincuentes con arsenal de guerra en discoteca de Ate</a></li><li><a href="https://diariocorreo.pe/edicion/lima/el-agustino-capturan-a-pareja-con-arma-y-droga-tras-persecucion-peru-pnp-noticia/" rel="" title="https://diariocorreo.pe/edicion/lima/el-agustino-capturan-a-pareja-con-arma-y-droga-tras-persecucion-peru-pnp-noticia/">Mujer de 79 años queda en coma tras ser atropellada en La Victoria: conductor fugó</a></li><li><a href="https://diariocorreo.pe/edicion/lima/el-agustino-capturan-a-pareja-con-arma-y-droga-tras-persecucion-peru-pnp-noticia/" rel="" title="https://diariocorreo.pe/edicion/lima/el-agustino-capturan-a-pareja-con-arma-y-droga-tras-persecucion-peru-pnp-noticia/">Puente Piedra: Padre e hija atropellados por un auto fuera de control tras el ataque a su conductor</a></li></ul><h2><br></h2> ]]>
</content:encoded>
<media:content url="https://diariocorreo.pe/resizer/v2/Z64IM72KDNA3BDI4EESYQM5DHE.jpeg?width=1600&height=1066&auth=2b38b9bc6d339253f3131a18cfa661fe53a41a97fa62d60cf4946c2b8e7fce13&smart=true" type="image/jpeg" height="1066" width="1600">
<media:description type="plain">
<![CDATA[ La productora Masterlive y Teleticket confirmaron que quienes deseen el reembolso podrán solicitarlo desde el 19 de febrero. El concierto reprogramado será el 15 de noviembre de 2025. ]]>
</media:description>
</media:content>
</item>
<item>
<title>
<![CDATA[ Proponen declarar el 14 de marzo como el Día de la Cumbia Peruana ]]>
</title>
<link>https://diariocorreo.pe/politica/proponen-declarar-el-14-de-marzo-como-el-dia-de-la-cumbia-peruana-peru-congreso-noticia/</link>
<guid isPermaLink="true">https://diariocorreo.pe/politica/proponen-declarar-el-14-de-marzo-como-el-dia-de-la-cumbia-peruana-peru-congreso-noticia/</guid>
<dc:creator>
<![CDATA[ Andrea Pereyra ]]>
</dc:creator>
<description>
<![CDATA[ Entre las iniciativas sugeridas se incluyen festivales, conciertos, exposiciones y talleres. ]]>
</description>
<pubDate>Tue, 18 Feb 2025 19:23:59 +0000</pubDate>
<content:encoded>
<![CDATA[ <ul><li><a href="https://diariocorreo.pe/politica/congreso-niega-gasto-millonario-en-buffet-y-asegura-que-parlamentarios-pagan-sus-comidas-peru-noticia/">Congreso niega gasto millonario en buffet y afirma que legisladores comen “menú” cuando hay pleno</a></li><li><a href="https://diariocorreo.pe/politica/polemica-por-servicio-de-alimentos-del-congreso-destinaran-s16-millones-noticia/">Polémica por servicio de alimentos del Congreso: Destinarán S/1.6 millones</a></li></ul><p><b>La congresista María Acuña Peralta, de la bancada Alianza para el Progreso (APP), presentó el Proyecto de Ley N°10244/2024, con el que busca establecer el 14 de marzo como el Día de la Cumbia Peruana. </b></p><p>La propuesta ingresó al trámite legislativo el último lunes y plantea reconocer la importancia de este género musical en la identidad y cultura del país.</p><p>De acuerdo con el documento, el Ministerio de Cultura (Mincul) será el encargado de coordinar con los gobiernos regionales y locales la organización de actividades culturales, educativas y artísticas para conmemorar la fecha. </p><p>Entre las iniciativas sugeridas se incluyen festivales, conciertos, exposiciones y talleres relacionados con la cumbia peruana. Además, se propone incorporar esta efeméride en el Calendario Cívico Nacional.</p><p>La propuesta también considera la inclusión de contenidos sobre la cumbia peruana en los programas educativos de las instituciones públicas y privadas. </p><p>Según el proyecto, la financiación de estas actividades se realizaría con recursos ya asignados en el presupuesto estatal o con aportes del sector privado, sin generar gastos adicionales al Tesoro Público.</p><h2><mark class="hl_yellow"><b>TE PUEDE INTERESAR</b></mark></h2><ul><li><a href="https://diariocorreo.pe/politica/ministro-santivanez-pide-inhabilitar-por-10-anos-a-la-fiscal-de-la-nacion-delia-espinoza-noticia/"><b>Ministro Santiváñez pide inhabilitar por 10 años a la fiscal de la Nación, Delia Espinoza</b></a></li><li><a href="https://diariocorreo.pe/politica/ministros-adrianzen-y-quero-no-asistieron-a-citacion-del-congreso-noticia/"><b>Ministros Adrianzén y Quero no asistieron a citación del Congreso</b></a></li><li><a href="https://diariocorreo.pe/edicion/la-libertad/lluvias-dejan-seis-muertos-en-la-sierra-de-la-libertad-peru-noticia/"><b>Lluvias dejan seis muertos en la sierra de La Libertad</b></a></li><li><a href="https://diariocorreo.pe/edicion/huancayo/la-oroya-buscan-a-conductor-y-cuatro-pasajeros-que-fueron-tragados-por-el-rio-mantaro-noticia/"><b>La Oroya: Buscan a conductor y cuatro pasajeros que fueron tragados por el río Mantaro</b></a></li><li><a href="https://diariocorreo.pe/edicion/huancayo/la-oroya-tras-accidente-madre-tiene-la-esperanza-de-hallar-con-vida-a-su-hija-noticia/" rel="" title="https://diariocorreo.pe/edicion/huancayo/la-oroya-tras-accidente-madre-tiene-la-esperanza-de-hallar-con-vida-a-su-hija-noticia/"><b>La Oroya: Tras accidente madre tiene la esperanza de hallar con vida a su hija</b></a></li></ul> ]]>
</content:encoded>
<media:content url="https://diariocorreo.pe/resizer/v2/JO2EFH6IGJB2FGDMXOKBE6BQ7U.jpg?width=1200&height=800&auth=97e1608d8dd073712b2a91a380d6a472238f70c0bc8f074d0abf0f90cc62b9bc&smart=true" type="image/jpeg" height="800" width="1200"/>
</item>
<item>
<title>
<![CDATA[ “Selvámonos 2025″: Este es el line-up de la primera parada del festival en Lima ]]>
</title>
<link>https://diariocorreo.pe/espectaculos/selvamonos-2025-este-es-el-line-up-de-la-primera-parada-del-festival-en-lima-noticia/</link>
<guid isPermaLink="true">https://diariocorreo.pe/espectaculos/selvamonos-2025-este-es-el-line-up-de-la-primera-parada-del-festival-en-lima-noticia/</guid>
<dc:creator>
<![CDATA[ Redacción Diario Correo ]]>
</dc:creator>
<description>
<![CDATA[ La cita será el próximo 12 de abril en el Club Cultural Deportivo Lima. ]]>
</description>
<pubDate>Tue, 18 Feb 2025 19:18:46 +0000</pubDate>
<content:encoded>
<![CDATA[ <p><b>El festival Selvámonos celebra 16 años de trayectoria con el anuncio de su Primera Parada 2025, un evento que promete llevar lo mejor de la música y la cultura a la capital. La cita está programada para el 12 de abril en el Club Cultural Deportivo Lima, ubicado en Av. Alameda Sur 1530, Chorrillos.</b></p><p>En esta edición, el festival presenta un cartel imperdible encabezado por dos potentes exponentes de la música urbana: YSY A, el pionero del trap argentino, fundador del Quinto Escalón, cuna de grandes artistas del género urbano, reconocido por su estilo auténtico y su influencia en la escena latinoamericana, y Gonzalo Genek, uno de los raperos más destacados del Perú, representando la evolución del rap peruano con el cual contaremos con su presencia arrolladora en el escenario.</p><p>La Primera Parada de Selvámonos no solo ofrecerá música en vivo, sino también una experiencia cultural completa con actividades artísticas, gastronómicas y un ambiente sostenible pensado para celebrar la diversidad, la creatividad, la música, el arte y la naturaleza.</p><p>Las entradas ya están disponibles en preventa a través de la plataforma Joinnus, permitiendo a los asistentes asegurar su lugar en esta edición única del festival.</p><p>Desde sus inicios, Selvámonos se ha consolidado como uno de los festivales más importantes del Perú, destacándose por su apuesta por la música alternativa, la sostenibilidad y el arte en todas sus expresiones. Con este lanzamiento, reafirman su compromiso de ofrecer experiencias inolvidables y reunir a las mentes más creativas del país y la región.</p><img src="https://diariocorreo.pe/resizer/v2/GPNC7EZLBVE25HRJTHJYFJYZHA.jpg?width=1080&height=1080&auth=3eab2cbcb8fcbb5264336cd6dc25034318842046f6004cbbff42523412ea36ee&smart=true" alt="" height="1080" width="1080"/><h2><mark class="hl_yellow"><b>TE PUEDE INTERESAR</b></mark></h2><ul><li><a href="https://diariocorreo.pe/espectaculos/confirmado-shakira-se-presentara-hoy-en-el-estadio-nacional-de-lima-concierto-tour-las-mujeres-ya-no-lloran-celebs-colombia-masterlive-peru-farandula-noticia/">¡Confirmado! Shakira se presentará hoy en el Estadio Nacional</a></li><li><a href="https://diariocorreo.pe/espectaculos/confirmado-shakira-se-presentara-hoy-en-el-estadio-nacional-de-lima-concierto-tour-las-mujeres-ya-no-lloran-celebs-colombia-masterlive-peru-farandula-noticia/">Masterlive Perú coordina con el equipo de Shakira nueva fecha tras cancelación de concierto</a></li><li><a href="https://diariocorreo.pe/espectaculos/confirmado-shakira-se-presentara-hoy-en-el-estadio-nacional-de-lima-concierto-tour-las-mujeres-ya-no-lloran-celebs-colombia-masterlive-peru-farandula-noticia/">Grupo Ádammo, banda de rock: “Ádammo somos los cuatro, no hemos tenido conflictos por eso” (Entrevista)</a></li><li><a href="https://diariocorreo.pe/espectaculos/confirmado-shakira-se-presentara-hoy-en-el-estadio-nacional-de-lima-concierto-tour-las-mujeres-ya-no-lloran-celebs-colombia-masterlive-peru-farandula-noticia/">Shakira envía mensaje a sus fans tras postergar conciertos en Lima: “Me dan tanta fuerza”</a></li><li><a href="https://diariocorreo.pe/espectaculos/confirmado-shakira-se-presentara-hoy-en-el-estadio-nacional-de-lima-concierto-tour-las-mujeres-ya-no-lloran-celebs-colombia-masterlive-peru-farandula-noticia/">Astrid Armas Barrientos es la Reina Carnaval Bicentenario en Catacaos</a></li></ul><p><br/></p> ]]>
</content:encoded>
<media:content url="https://diariocorreo.pe/resizer/v2/3FJN76TRHZGD7MASTMR3AQ6PFE.jpg?width=8256&height=5504&auth=474f0fa87248a8e2bd53764b9fd4137fd8ba8ac3da4b7b23ea0acaa6d1de157a&smart=true" type="image/jpeg" height="5504" width="8256"/>
</item>
<item>
<title>
<![CDATA[ Papa Francisco padece neumonía, anuncia El Vaticano ]]>
</title>
<link>https://diariocorreo.pe/mundo/papa-francisco-padece-neumonia-anuncia-el-vaticano-neumonia-bilateral-noticia/</link>
<guid isPermaLink="true">https://diariocorreo.pe/mundo/papa-francisco-padece-neumonia-anuncia-el-vaticano-neumonia-bilateral-noticia/</guid>
<dc:creator>
<![CDATA[ Agencia AFP ]]>
</dc:creator>
<description/>
<pubDate>Tue, 18 Feb 2025 19:06:57 +0000</pubDate>
<content:encoded>
<![CDATA[ <p>El <b>papa Francisco</b>, de <b>88 años</b>, enfrenta un cuadro de <b>neumonía bilateral</b> y permanece bajo supervisión médica en el <b>hospital Gemelli</b> de Roma. Así lo confirmó el <b>Vaticano</b> en su más reciente informe médico, en el que detalló que el líder de la Iglesia católica aún presenta un <b>estado clínico “complejo”</b>.</p><h2><b>Diagnóstico y tratamiento</b></h2><p>Según el boletín oficial, el <b>Santo Padre</b> fue sometido a un <b>TAC torácico</b>, el cual evidenció la <b>aparición de una neumonía bilateral</b>, lo que llevó a los médicos a iniciar un <b>tratamiento farmacológico específico</b>.</p><p>A pesar de la gravedad de la enfermedad, el informe asegura que el papa Francisco <b>se encuentra de buen ánimo</b>.</p><p>El pontífice se encuentra hospitalizado <b>desde hace cinco días</b>, generando gran expectativa en la comunidad católica y en el mundo. Hasta el momento, no se ha informado sobre una fecha de alta ni sobre la posibilidad de reanudar sus actividades en el corto plazo.</p><h2><b>Oraciones y muestras de apoyo</b></h2><p>Desde su hospitalización, <b>líderes religiosos, fieles y figuras políticas</b> han expresado su solidaridad con el papa Francisco y han pedido oraciones por su pronta recuperación.</p><p>Se espera que en las próximas horas el Vaticano brinde <b>nuevas actualizaciones sobre la evolución de su estado de salud</b>.</p> ]]>
</content:encoded>
<media:content url="https://diariocorreo.pe/resizer/v2/J6QTVGYC35HOBLCLESAX4KHB6A.jpg?width=1200&height=800&auth=d6e6e860d641bea8c99939f41d0209786296a1dccdffaf900332dd14355ea06b&smart=true" type="image/jpeg" height="800" width="1200">
<media:description type="plain">
<![CDATA[ El Vaticano confirmó que el sumo pontífice, de 88 años, ha sido diagnosticado con neumonía bilateral y recibe tratamiento farmacológico. A pesar de su estado, se mantiene de buen ánimo. (Foto de Tiziana FABI / AFP) ]]>
</media:description>
<media:credit role="author" scheme="urn:ebu">TIZIANA FABI</media:credit>
</media:content>
</item>
<item>
<title>
<![CDATA[ Congreso niega gasto millonario en buffet y afirma que legisladores comen “menú” cuando hay pleno ]]>
</title>
<link>https://diariocorreo.pe/politica/congreso-niega-gasto-millonario-en-buffet-y-asegura-que-parlamentarios-pagan-sus-comidas-peru-noticia/</link>
<guid isPermaLink="true">https://diariocorreo.pe/politica/congreso-niega-gasto-millonario-en-buffet-y-asegura-que-parlamentarios-pagan-sus-comidas-peru-noticia/</guid>
<dc:creator>
<![CDATA[ Andrea Pereyra ]]>
</dc:creator>
<description>
<![CDATA[ Mediante un comunicado oficial, la institución aclaró que las afirmaciones son “falsas” y carecen de sustento. ]]>
</description>
<pubDate>Tue, 18 Feb 2025 16:39:37 +0000</pubDate>
<content:encoded>
<![CDATA[ <ul><li><a href="https://diariocorreo.pe/politica/congreso-tramita-nueva-licitacion-para-servicio-de-alimentacion-a-legisladores-noticia/">Congreso tramita servicio de atención alimentaria por 1 millón 600 mil soles para legisladores</a></li><li><a href="https://diariocorreo.pe/politica/polemica-por-servicio-de-alimentos-del-congreso-destinaran-s16-millones-noticia/">Polémica por servicio de alimentos del Congreso: Destinarán S/1.6 millones</a></li></ul><p><b>El Congreso de la República rechazó categóricamente las acusaciones publicadas en un informe del programa </b><i><b>Cuarto Poder</b></i><b> respecto a la implementación de un supuesto servicio de buffet y el pago de alimentación para parlamentarios.</b></p><p>Mediante un comunicado oficial, la institución aclaró que las afirmaciones son “falsas” y carecen de sustento.</p><p>Según el documento, es inexistente cualquier plan para ofrecer buffets en sus instalaciones. Asimismo, desmintió que se cubran los gastos de comida de los congresistas. </p><p><i><b>“Cada parlamentario asume el costo de su alimentación, excepto durante las sesiones del pleno, donde se brinda un menú“</b></i>, precisó la institución. La aclaración surge tras la difusión de un reportaje que vinculaba un presupuesto de 1.6 millones de soles a un nuevo servicio de alimentación.</p><p>Sobre este monto, el Legislativo explicó que se trata de un “valor referencial” para un posible concurso público de servicios de catering, proyectado a 16 meses. Enfatizó que la cifra no representa un gasto definitivo, ya que el pago final dependerá exclusivamente del consumo real. </p><p>El Congreso destacó que tanto parlamentarios como trabajadores utilizan el mismo comedor operativo desde hace más de 20 años, desmintiendo así la existencia de un espacio exclusivo para autoridades. La atención está a cargo de una empresa concesionaria, responsable de gestionar al personal y los servicios.</p><p>Respecto al proceso de licitación, la institución señaló que aún no se ha firmado ningún contrato y que este se encuentra en fase de evaluación. </p><p><i><b>“De detectarse excesos o irregularidades, estos se corregirán en el contrato fina a suscribirse”</b></i>, aseguró. El llamado busca transparentar una polémica surgida tras críticas a supuestos excesos en el uso de recursos.</p><p><blockquote class="twitter-tweet"><p lang="es" dir="ltr"><a href="https://twitter.com/hashtag/CongresoInforma?src=hash&amp;ref_src=twsrc%5Etfw">#CongresoInforma</a> a la opinión pública: <a href="https://t.co/YOniwm8gQI">pic.twitter.com/YOniwm8gQI</a></p>&mdash; Congreso del Perú 🇵🇪 (@congresoperu) <a href="https://twitter.com/congresoperu/status/1891872078350934086?ref_src=twsrc%5Etfw">February 18, 2025</a></blockquote> <script async src="https://platform.twitter.com/widgets.js" charset="utf-8"></script></p><h2><mark class="hl_yellow"><b>TE PUEDE INTERESAR</b></mark></h2><ul><li><a href="https://diariocorreo.pe/politica/ministro-santivanez-pide-inhabilitar-por-10-anos-a-la-fiscal-de-la-nacion-delia-espinoza-noticia/"><b>Ministro Santiváñez pide inhabilitar por 10 años a la fiscal de la Nación, Delia Espinoza</b></a></li><li><a href="https://diariocorreo.pe/politica/ministros-adrianzen-y-quero-no-asistieron-a-citacion-del-congreso-noticia/"><b>Ministros Adrianzén y Quero no asistieron a citación del Congreso</b></a></li><li><a href="https://diariocorreo.pe/edicion/la-libertad/lluvias-dejan-seis-muertos-en-la-sierra-de-la-libertad-peru-noticia/"><b>Lluvias dejan seis muertos en la sierra de La Libertad</b></a></li><li><a href="https://diariocorreo.pe/edicion/huancayo/la-oroya-buscan-a-conductor-y-cuatro-pasajeros-que-fueron-tragados-por-el-rio-mantaro-noticia/"><b>La Oroya: Buscan a conductor y cuatro pasajeros que fueron tragados por el río Mantaro</b></a></li><li><a href="https://diariocorreo.pe/edicion/huancayo/la-oroya-tras-accidente-madre-tiene-la-esperanza-de-hallar-con-vida-a-su-hija-noticia/" rel="" title="https://diariocorreo.pe/edicion/huancayo/la-oroya-tras-accidente-madre-tiene-la-esperanza-de-hallar-con-vida-a-su-hija-noticia/"><b>La Oroya: Tras accidente madre tiene la esperanza de hallar con vida a su hija</b></a></li></ul> ]]>
</content:encoded>
<media:content url="https://diariocorreo.pe/resizer/v2/THSJWUYCNZDPLITKQS3WT6TREE.jpg?width=1200&height=800&auth=9cfed197f8e00f30f74abb6ab06a7258554fb8c23fb72b8959a6586d543751e5&smart=true" type="image/jpeg" height="800" width="1200">
<media:description type="plain">
<![CDATA[ Congreso niega gasto millonario en buffet y asegura que parlamentarios pagan sus comidas. (Foto: Renato Pajuelo / Andina) ]]>
</media:description>
</media:content>
</item>
<item>
<title>
<![CDATA[ El Agustino: Capturan a pareja con arma y droga tras persecución ]]>
</title>
<link>https://diariocorreo.pe/edicion/lima/el-agustino-capturan-a-pareja-con-arma-y-droga-tras-persecucion-peru-pnp-noticia/</link>
<guid isPermaLink="true">https://diariocorreo.pe/edicion/lima/el-agustino-capturan-a-pareja-con-arma-y-droga-tras-persecucion-peru-pnp-noticia/</guid>
<dc:creator>
<![CDATA[ Andrea Pereyra ]]>
</dc:creator>
<description>
<![CDATA[ El hecho ocurrió luego de que vecinos del distrito alertaran sobre la presencia sospechosa. ]]>
</description>
<pubDate>Tue, 18 Feb 2025 19:03:25 +0000</pubDate>
<content:encoded>
<![CDATA[ <ul><li><a href="https://diariocorreo.pe/edicion/lima/conductores-protestan-y-se-niegan-a-pagar-peaje-de-ancon-por-mal-estado-de-vias-peru-noticia/">Conductores protestan y se niegan a pagar peaje de Ancón por mal estado de vías</a></li><li><a href="https://diariocorreo.pe/edicion/lima/intervienen-a-presuntos-delincuentes-con-arsenal-de-guerra-en-discoteca-de-ate-peru-pnp-noticia/">Intervienen a presuntos delincuentes con arsenal de guerra en discoteca de Ate</a></li></ul><p><b>Agentes de la Policía Nacional capturaron a dos jóvenes en El Agustino tras una intensa persecución que se prolongó por aproximadamente ocho minutos. </b></p><p>Los intervenidos portaban un arma de fuego y droga, según informó la autoridad policial.</p><p>El hecho ocurrió luego de que vecinos del distrito alertaran sobre la presencia sospechosa de una pareja a bordo de una motocicleta. Al intentar ser intervenidos por los agentes, los sospechosos emprendieron la fuga, desatando una persecución por diversas calles del distrito.</p><p><i><b>“Al hacer el alto correspondiente, estos se dieron a la fuga. No pararon y se dan a la fuga por diferentes arterias y calles de la jurisdicción. La persecución ha sido un aproximado de ocho minutos”</b></i>, declaró a RPP el mayor PNP Edwin Arriarán Zárate.</p><p>Los detenidos fueron identificados como Luis Enrique Quispe Canchaya, de 29 años, y Daniela Aracelly Morante Loayza, de 19. Según el mayor Arriarán Zárate, durante la intervención se encontró una bolsa con aproximadamente 80 gramos de marihuana en posesión del varón, mientras que la mujer portaba un canguro en el que ocultaba una pistola marca Taurus.</p><p>Ambos quedaron en calidad de detenidos y serán investigados por los presuntos delitos de tenencia ilegal de arma de fuego, tráfico ilícito de drogas y resistencia a la autoridad.</p><h2><mark class="hl_yellow"><b>TE PUEDE INTERESAR</b></mark></h2><ul><li><a href="https://diariocorreo.pe/politica/ministro-santivanez-pide-inhabilitar-por-10-anos-a-la-fiscal-de-la-nacion-delia-espinoza-noticia/"><b>Ministro Santiváñez pide inhabilitar por 10 años a la fiscal de la Nación, Delia Espinoza</b></a></li><li><a href="https://diariocorreo.pe/politica/ministros-adrianzen-y-quero-no-asistieron-a-citacion-del-congreso-noticia/"><b>Ministros Adrianzén y Quero no asistieron a citación del Congreso</b></a></li><li><a href="https://diariocorreo.pe/edicion/la-libertad/lluvias-dejan-seis-muertos-en-la-sierra-de-la-libertad-peru-noticia/"><b>Lluvias dejan seis muertos en la sierra de La Libertad</b></a></li><li><a href="https://diariocorreo.pe/edicion/huancayo/la-oroya-buscan-a-conductor-y-cuatro-pasajeros-que-fueron-tragados-por-el-rio-mantaro-noticia/"><b>La Oroya: Buscan a conductor y cuatro pasajeros que fueron tragados por el río Mantaro</b></a></li><li><a href="https://diariocorreo.pe/edicion/huancayo/la-oroya-tras-accidente-madre-tiene-la-esperanza-de-hallar-con-vida-a-su-hija-noticia/" rel="" title="https://diariocorreo.pe/edicion/huancayo/la-oroya-tras-accidente-madre-tiene-la-esperanza-de-hallar-con-vida-a-su-hija-noticia/"><b>La Oroya: Tras accidente madre tiene la esperanza de hallar con vida a su hija</b></a></li></ul> ]]>
</content:encoded>
<media:content url="https://diariocorreo.pe/resizer/v2/AZQYGSAUGRAR3PMKYMCJ3ZYOVI.jpg?width=1280&height=720&auth=95f5693fcd7289e56ba9d42da323ee669c7984e78c86d787467cdd7f980f54b0&smart=true" type="image/jpeg" height="720" width="1280"/>
</item>
<item>
<title>
<![CDATA[ Shakira en Lima: Concierto generó más de S/ 548,000 en ventas de alimentos, bebidas y merchandising ]]>
</title>
<link>https://diariocorreo.pe/edicion/lima/shakira-en-lima-concierto-genero-mas-de-s-548000-en-ventas-de-alimentos-bebidas-y-merchandising-noticia/</link>
<guid isPermaLink="true">https://diariocorreo.pe/edicion/lima/shakira-en-lima-concierto-genero-mas-de-s-548000-en-ventas-de-alimentos-bebidas-y-merchandising-noticia/</guid>
<dc:creator>
<![CDATA[ Redacción Diario Correo ]]>
</dc:creator>
<description/>
<pubDate>Tue, 18 Feb 2025 18:42:01 +0000</pubDate>
<content:encoded>
<![CDATA[ <p>El concierto de <b>Shakira</b> en el <b>Estadio Nacional de Lima</b>, realizado el <b>17 de febrero</b>, no solo fue un éxito musical, sino también <b>comercial</b>. Según reportó la <b>Superintendencia Nacional de Aduanas y de Administración Tributaria (Sunat)</b>, los concesionarios que operaron en el evento generaron <b>ingresos por más de S/ 548,000</b> a través de la venta de <b>alimentos, bebidas y merchandising</b>.</p><p>Los controles realizados por <b>21 inspectores de la Sunat</b> en <b>41 puntos de venta</b> permitieron determinar la distribución de las ganancias:</p><ul><li><b>Bebidas:</b> S/ 379,223 (agua mineral, cervezas y energizantes – 20 stands)</li><li><b>Alimentos:</b> S/ 127,197 (choripanes y otros – 14 stands)</li><li><b>Merchandising:</b> S/ 41,710 (ropa y accesorios – 7 stands)</li></ul><p>Este operativo se enmarca dentro de las <b>Verificaciones Integrales del Cumplimiento de Obligaciones Tributarias (VICOT)</b>, donde la Sunat supervisa:</p><ul><li>✔️ <b>Inscripción en el RUC</b> de los vendedores</li><li>✔️ <b>Emisión de comprobantes de pago</b> en cada transacción</li><li>✔️ <b>Proyección de ingresos</b> para futuras declaraciones</li></ul><p>La Sunat recordó a los asistentes a <b>eventos masivos</b> la importancia de <b>solicitar sus comprobantes de pago</b>, ya que esto garantiza que los comerciantes declaren correctamente sus ingresos y cumplan con el pago de impuestos.</p><h2><b>TE PUEDE INTERESAR</b></h2><ul><li><a href="https://diariocorreo.pe/edicion/lima/conductores-protestan-y-se-niegan-a-pagar-peaje-de-ancon-por-mal-estado-de-vias-peru-noticia/" rel="" title="https://diariocorreo.pe/edicion/lima/conductores-protestan-y-se-niegan-a-pagar-peaje-de-ancon-por-mal-estado-de-vias-peru-noticia/">Conductores protestan y se niegan a pagar peaje de Ancón por mal estado de vías</a></li><li><a href="https://diariocorreo.pe/edicion/lima/conductores-protestan-y-se-niegan-a-pagar-peaje-de-ancon-por-mal-estado-de-vias-peru-noticia/" rel="" title="https://diariocorreo.pe/edicion/lima/conductores-protestan-y-se-niegan-a-pagar-peaje-de-ancon-por-mal-estado-de-vias-peru-noticia/">Intervienen a presuntos delincuentes con arsenal de guerra en discoteca de Ate</a></li><li><a href="https://diariocorreo.pe/edicion/lima/conductores-protestan-y-se-niegan-a-pagar-peaje-de-ancon-por-mal-estado-de-vias-peru-noticia/" rel="" title="https://diariocorreo.pe/edicion/lima/conductores-protestan-y-se-niegan-a-pagar-peaje-de-ancon-por-mal-estado-de-vias-peru-noticia/">Mujer de 79 años queda en coma tras ser atropellada en La Victoria: conductor fugó</a></li><li><a href="https://diariocorreo.pe/edicion/lima/conductores-protestan-y-se-niegan-a-pagar-peaje-de-ancon-por-mal-estado-de-vias-peru-noticia/" rel="" title="https://diariocorreo.pe/edicion/lima/conductores-protestan-y-se-niegan-a-pagar-peaje-de-ancon-por-mal-estado-de-vias-peru-noticia/">Puente Piedra: Padre e hija atropellados por un auto fuera de control tras el ataque a su conductor</a></li><li><a href="https://diariocorreo.pe/edicion/lima/conductores-protestan-y-se-niegan-a-pagar-peaje-de-ancon-por-mal-estado-de-vias-peru-noticia/" rel="" title="https://diariocorreo.pe/edicion/lima/conductores-protestan-y-se-niegan-a-pagar-peaje-de-ancon-por-mal-estado-de-vias-peru-noticia/">Dos fanáticas de Shakira mueren en choque al regresar a Chincha tras cancelación de concierto</a></li><li><a href="https://diariocorreo.pe/edicion/lima/conductores-protestan-y-se-niegan-a-pagar-peaje-de-ancon-por-mal-estado-de-vias-peru-noticia/" rel="" title="https://diariocorreo.pe/edicion/lima/conductores-protestan-y-se-niegan-a-pagar-peaje-de-ancon-por-mal-estado-de-vias-peru-noticia/">Estafan a fanáticos de Shakira con entradas falsas en el Estadio Nacional</a></li></ul> ]]>
</content:encoded>
<media:content url="https://diariocorreo.pe/resizer/v2/S2AXP2PEFFHJTHNYJRW6K25TP4.jpeg?width=1600&height=1066&auth=2537775bfd9bb5afbdeb7adbc023133b40dd0bb5825840afc5f2cda3aed3e11c&smart=true" type="image/jpeg" height="1066" width="1600">
<media:description type="plain">
<![CDATA[ Sunat informó que el evento del 17 de febrero en el Estadio Nacional dejó ingresos millonarios, con la venta de bebidas liderando el consumo del público. (Foto: Giancarlo Ávila/@photo.gec) ]]>
</media:description>
</media:content>
</item>
<item>
<title>
<![CDATA[ Juan José Santiváñez presentó al coronel Carlos López Aedo como nuevo vocero oficial del Mininter ]]>
</title>
<link>https://diariocorreo.pe/politica/juan-jose-santivanez-presento-al-coronel-carlos-lopez-aedo-como-nuevo-vocero-oficial-del-mininter-noticia/</link>
<guid isPermaLink="true">https://diariocorreo.pe/politica/juan-jose-santivanez-presento-al-coronel-carlos-lopez-aedo-como-nuevo-vocero-oficial-del-mininter-noticia/</guid>
<dc:creator>
<![CDATA[ Redacción Diario Correo ]]>
</dc:creator>
<description>
<![CDATA[ En una conferencia de prensa de este lunes, el ministro del Interior presentó al coronel Carlos López Aedo como nuevo vocero oficial del Mininter. ]]>
</description>
<pubDate>Tue, 18 Feb 2025 18:29:28 +0000</pubDate>
<content:encoded>
<![CDATA[ <ul><li> <a href="https://diariocorreo.pe/politica/juan-jose-santivanez-presenta-denuncia-constitucional-contra-la-fiscal-de-la-nacion-noticia/">Juan José Santiváñez presenta denuncia constitucional contra la fiscal de la Nación</a></li><li> <a href="https://diariocorreo.pe/politica/fiscalia-tomara-muestra-de-voz-a-juan-jose-santivanez-este-27-de-febrero-por-caso-audios-noticia/">Fiscalía tomará muestra de voz a Juan José Santiváñez este 27 de febrero por caso audios</a></li></ul><p><b>Este lunes, durante una conferencia de prensa, el ministro del Interior, Juan José Santiváñez, presentó al coronel PNP Carlos López Aedo como su nuevo vocero oficial.</b></p><p>Santiváñez dijo que López Aedo será el encargado de informar a la ciudadanía sobre las acciones principales de dicho sector, al igual que los operativos policiales y el avance en casos relevantes y de interés.</p><p>En su primer reporte del 10 al 16 de febrero, López Aedo, quien fue nombrado Director de Asuntos Internacionales de la Policía Nacional del Perú (PNP) en 2024, indicó que han detenido en flagrancia a 6225 personas, también incautaron 181 armas de fuego.</p><p>Agregó también que capturaron a 1499 requisitoriados y se desarticularon 295 bandas criminales.</p><p>Cabe señalar que en la pandemia del Covid-19, Carlos López Aedo desempeñó el cargo de director de Comunicación e Imagen de la PNP. Luego de director de Asuntos Internacionales de la Policía Nacional del Perú (PNP) y como jefe del Escuadrón Verde.</p><p><blockquote class="twitter-tweet"><p lang="es" dir="ltr">El ministro del Interior, Juan José Santiváñez, presentó este lunes a su vocero oficial, coronel PNP (R) Carlos López Aedo<br><br>Mantente informado en la WEB ► <a href="https://t.co/QTAt5w7uQw">https://t.co/QTAt5w7uQw</a> <a href="https://t.co/kYe2060V80">pic.twitter.com/kYe2060V80</a></p>&mdash; Canal N (@canalN_) <a href="https://twitter.com/canalN_/status/1891650818543169882?ref_src=twsrc%5Etfw">February 18, 2025</a></blockquote> <script async src="https://platform.twitter.com/widgets.js" charset="utf-8"></script></p><img src="https://diariocorreo.pe/resizer/v2/X6K2TMRT2ZHX3JA2W7EAC5X544.jpeg?width=4160&height=2777&auth=3c8f9267bfb9f55ddf25198250bad179ecd6a9fa55c1a3a6f92ba1236d767e34&smart=true" alt="" height="2777" width="4160"/><img src="https://diariocorreo.pe/resizer/v2/3RHM63DT7FHGLNOZ7UYWHWFYAI.jpeg?width=4160&height=2777&auth=d3691106a316f9c8f09778dfe1c8f02e3e30d37c2ae63aed5acd1fc27df390b9&smart=true" alt="" height="2777" width="4160"/><img src="https://diariocorreo.pe/resizer/v2/NSLC4BCBWNHRFK7N7UTZCJPLTU.jpeg?width=3680&height=2448&auth=b881eb9e5554bf5025e335186422371086fe0465f5783d90dae0ab14687b3270&smart=true" alt="" height="2448" width="3680"/><h2><mark class="hl_yellow"><b>TE PUEDE INTERESAR</b></mark></h2><ul><li><a href="https://diariocorreo.pe/politica/dina-declaro-solo-en-4-de-17-citaciones-del-mp-y-congreso-noticia/"><b>Dina declaró solo en 4 de 17 citaciones del MP y Congreso</b></a></li><li><a href="https://diariocorreo.pe/edicion/huancayo/sancion-de-tres-anos-de-suspension-para-asociaciones-de-huaylarsh-que-acudan-a-pasacalles-noticia/"><b>Sanción de tres años de suspensión para asociaciones de huaylarsh que acudan a pasacalles</b></a></li><li><a href="https://diariocorreo.pe/edicion/la-libertad/reportan-setenta-y-cinco-ataques-con-dinamita-en-lo-que-va-del-ano-en-la-libertad-peru-trujillo-noticia/"><b>Reportan setenta y cinco ataques con dinamita en lo que va del año en La Libertad</b></a></li><li><a href="https://diariocorreo.pe/politica/proyecto-legado-gobierno-sustenta-hoy-razones-de-extincion-noticia/"><b>Proyecto Legado: Gobierno sustenta hoy razones de extinción</b></a></li><li><a href="https://diariocorreo.pe/politica/congreso-seis-de-las-nueve-bancadas-originales-perdieron-integrantes-noticia/"><b>Congreso: Seis de las nueve bancadas originales perdieron integrantes</b></a></li></ul> ]]>
</content:encoded>
<media:content url="https://diariocorreo.pe/resizer/v2/7CUU5AZL5FE5FPAUYHX4ZVYQHQ.jpeg?width=4160&height=2778&auth=772e95a5b6676261a50cd293c4e5394e0bd87b7afa3a208eb55ecd6a4a30eab7&smart=true" type="image/jpeg" height="2778" width="4160">
<media:description type="plain">
<![CDATA[ (Fotos: Jesús Saucedo @photo.gec) ]]>
</media:description>
</media:content>
</item>
<item>
<title>
<![CDATA[ Conductores protestan y se niegan a pagar peaje de Ancón por mal estado de vías ]]>
</title>
<link>https://diariocorreo.pe/edicion/lima/conductores-protestan-y-se-niegan-a-pagar-peaje-de-ancon-por-mal-estado-de-vias-peru-noticia/</link>
<guid isPermaLink="true">https://diariocorreo.pe/edicion/lima/conductores-protestan-y-se-niegan-a-pagar-peaje-de-ancon-por-mal-estado-de-vias-peru-noticia/</guid>
<dc:creator>
<![CDATA[ Andrea Pereyra ]]>
</dc:creator>
<description>
<![CDATA[ Los manifestantes argumentan que las tarifas son elevadas, con un costo de S/ 10.40 para vehículos ligeros y hasta S/ 31 para unidades de tres ejes. ]]>
</description>
<pubDate>Tue, 18 Feb 2025 18:25:17 +0000</pubDate>
<content:encoded>
<![CDATA[ <ul><li><a href="https://diariocorreo.pe/edicion/lima/intervienen-a-presuntos-delincuentes-con-arsenal-de-guerra-en-discoteca-de-ate-peru-pnp-noticia/">Intervienen a presuntos delincuentes con arsenal de guerra en discoteca de Ate</a></li><li><a href="https://diariocorreo.pe/edicion/lima/puente-piedra-padre-e-hija-atropellados-por-un-auto-fuera-de-control-tras-el-ataque-a-su-conductor-peru-pnp-crimen-noticia/">Puente Piedra: Padre e hija atropellados por un auto fuera de control tras el ataque a su conductor</a></li></ul><p><b>Un grupo de conductores y pobladores se concentró este lunes en el peaje de Ancón para exigir el cese del cobro, denunciando que las vías no reciben el mantenimiento adecuado y representan un peligro para los usuarios. </b></p><p>La protesta, que inició desde tempranas horas, generó caos en la zona, con algunos conductores evadiendo el pago, golpeando vallas y cruzando la garita a toda velocidad.</p><p>Los manifestantes argumentan que las tarifas son elevadas, con un costo de S/ 10.40 para vehículos ligeros y hasta S/ 31 para unidades de tres ejes, pese a que las carreteras presentan deterioro y deficiencias en la seguridad vial.</p><p>Pese a la presencia de efectivos policiales en la zona, los reclamos no cesaron y la tensión continuó en aumento. Varios conductores se negaron a pagar el peaje y exigieron la intervención de las autoridades para fiscalizar el cumplimiento de los contratos de concesión y garantizar el mantenimiento adecuado de la vía.</p><p>Ante la protesta, algunos vehículos quedaron varados debido a la congestión generada, lo que afectó el tránsito en la Panamericana Norte. </p><p>Mientras tanto, representantes de la concesionaria encargada del cobro del peaje no han emitido un pronunciamiento oficial sobre la situación ni sobre los reclamos de los manifestantes.</p><h2><mark class="hl_yellow"><b>TE PUEDE INTERESAR</b></mark></h2><ul><li><a href="https://diariocorreo.pe/politica/ministro-santivanez-pide-inhabilitar-por-10-anos-a-la-fiscal-de-la-nacion-delia-espinoza-noticia/"><b>Ministro Santiváñez pide inhabilitar por 10 años a la fiscal de la Nación, Delia Espinoza</b></a></li><li><a href="https://diariocorreo.pe/politica/ministros-adrianzen-y-quero-no-asistieron-a-citacion-del-congreso-noticia/"><b>Ministros Adrianzén y Quero no asistieron a citación del Congreso</b></a></li><li><a href="https://diariocorreo.pe/edicion/la-libertad/lluvias-dejan-seis-muertos-en-la-sierra-de-la-libertad-peru-noticia/"><b>Lluvias dejan seis muertos en la sierra de La Libertad</b></a></li><li><a href="https://diariocorreo.pe/edicion/huancayo/la-oroya-buscan-a-conductor-y-cuatro-pasajeros-que-fueron-tragados-por-el-rio-mantaro-noticia/"><b>La Oroya: Buscan a conductor y cuatro pasajeros que fueron tragados por el río Mantaro</b></a></li><li><a href="https://diariocorreo.pe/edicion/huancayo/la-oroya-tras-accidente-madre-tiene-la-esperanza-de-hallar-con-vida-a-su-hija-noticia/"><b>La Oroya: Tras accidente madre tiene la esperanza de hallar con vida a su hija</b></a></li></ul> ]]>
</content:encoded>
<media:content url="https://diariocorreo.pe/resizer/v2/VTPRXKCLTVEQPOJF6X4XNH2XDU.jpg?width=1280&height=720&auth=af4b0512939575915c4367eef1d9e54979c40914f7d9566cf7a80fb768ca4de3&smart=true" type="image/jpeg" height="720" width="1280"/>
</item>
<item>
<title>
<![CDATA[ Regreso al colegio: ¿Qué exámenes médicos debe hacerse tu hijo antes de iniciar clases? ]]>
</title>
<link>https://diariocorreo.pe/salud/regreso-al-colegio-que-examenes-medicos-debe-hacerse-tu-hijo-antes-de-iniciar-clases-noticia/</link>
<guid isPermaLink="true">https://diariocorreo.pe/salud/regreso-al-colegio-que-examenes-medicos-debe-hacerse-tu-hijo-antes-de-iniciar-clases-noticia/</guid>
<dc:creator>
<![CDATA[ Redacción Diario Correo ]]>
</dc:creator>
<description/>
<pubDate>Tue, 18 Feb 2025 18:22:08 +0000</pubDate>
<content:encoded>
<![CDATA[ <p><b>Con el inicio del año escolar cada vez más cerca, es fundamental garantizar que los niños estén en óptimas condiciones de salud para afrontar esta nueva etapa.</b> Un chequeo preventivo no solo permite detectar posibles problemas a tiempo, sino que también contribuye a su bienestar y desempeño académico.</p><p>Según la<b> Organización Mundial de la Salud</b>, la buena salud infantil contribuye al rendimiento académico y al éxito educativo, mientras que las enfermedades pueden aumentar el riesgo de abandono escolar. Los trastornos del sueño, la obesidad y el sobrepeso también están vinculados negativamente con ello. La Dra. Kelly Olivera Safora, médico pediatra de la Clínica Stella Maris recomienda realizar los siguientes exámenes antes del regreso a clases:</p><ul><li><b>Evaluación pediátrica general:</b> Ayuda a la detección de problemas de crecimiento, nutrición, así como afecciones comunes como alergias o anemia. El diagnóstico temprano puede marcar la diferencia.</li><li><b>Exámenes de laboratorio:</b> Es importante realizar un hemograma completo y control de parásitos.</li><li><b>Chequeo odontológico:</b> Una revisión dental previene caries y enfermedades bucales que podrían afectar su bienestar.</li></ul><p>Además de los controles, la especialista recomienda estar al día con el esquema de vacunación para evitar enfermedades contagiosas en el entorno escolar. También recomienda fomentar hábitos de higiene adecuados, una alimentación equilibrada con loncheras nutritivas y establecer horarios regulares de sueño para mejorar su energía y concentración.</p><p>Tomar en cuenta estos puntos es clave para que los padres garanticen la salud de sus niños. <i>“Un chequeo médico antes de empezar el colegio asegura tener a nuestros hijos sanos, pero también les permite comenzar el año escolar con mayor bienestar y confianza”</i>, señala la Dra. Kelly Olivera Safora.</p><h2><b>TE PUEDE INTERESAR</b></h2><ul><li><a href="https://diariocorreo.pe/salud/autismo-asperger-y-tdah-como-diferenciarlos-y-entenderlos-mejor-noticia/" title="https://diariocorreo.pe/salud/autismo-asperger-y-tdah-como-diferenciarlos-y-entenderlos-mejor-noticia/">Autismo, Asperger y TDAH: ¿Cómo diferenciarlos y entenderlos mejor?</a></li><li><a href="https://diariocorreo.pe/salud/autismo-asperger-y-tdah-como-diferenciarlos-y-entenderlos-mejor-noticia/" title="https://diariocorreo.pe/salud/autismo-asperger-y-tdah-como-diferenciarlos-y-entenderlos-mejor-noticia/">Retinoblastoma: ¿Cómo identificar este cáncer ocular en niños?</a></li><li><a href="https://diariocorreo.pe/salud/autismo-asperger-y-tdah-como-diferenciarlos-y-entenderlos-mejor-noticia/" title="https://diariocorreo.pe/salud/autismo-asperger-y-tdah-como-diferenciarlos-y-entenderlos-mejor-noticia/">Cáncer infantil en Perú: cada año se diagnostican alrededor de 1900 casos en el país</a></li><li><a href="https://diariocorreo.pe/salud/autismo-asperger-y-tdah-como-diferenciarlos-y-entenderlos-mejor-noticia/" title="https://diariocorreo.pe/salud/autismo-asperger-y-tdah-como-diferenciarlos-y-entenderlos-mejor-noticia/">Beneficios del yoga prenatal y posnatal: bienestar para mamá y bebé</a></li><li><a href="https://diariocorreo.pe/salud/autismo-asperger-y-tdah-como-diferenciarlos-y-entenderlos-mejor-noticia/" title="https://diariocorreo.pe/salud/autismo-asperger-y-tdah-como-diferenciarlos-y-entenderlos-mejor-noticia/">Conoce 5 beneficios de entrenar en pareja</a></li><li><a href="https://diariocorreo.pe/salud/autismo-asperger-y-tdah-como-diferenciarlos-y-entenderlos-mejor-noticia/" title="https://diariocorreo.pe/salud/autismo-asperger-y-tdah-como-diferenciarlos-y-entenderlos-mejor-noticia/">Cinco secuelas clave del accidente cerebrovascular y la importancia de una atención inmediata</a></li></ul> ]]>
</content:encoded>
<media:content url="https://diariocorreo.pe/resizer/v2/KUXECMCJ7NBZRF5WGN4BHP4WIY.jpg?width=5472&height=3648&auth=bdfa1291fe5a7dbeb906c991b3eebe727d4bc990d6f6eb90d220c647d8302530&smart=true" type="image/jpeg" height="3648" width="5472">
<media:description type="plain">
<![CDATA[ Un chequeo médico oportuno puede detectar afecciones como anemia, alergias o problemas de crecimiento, contribuyendo a un mejor desempeño escolar. ]]>
</media:description>
</media:content>
</item>
<item>
<title>
<![CDATA[ Juan José Santiváñez: Impulsan moción de censura contra el ministro del Interior ]]>
</title>
<link>https://diariocorreo.pe/politica/juan-jose-santivanez-congresistas-impulsan-mocion-censura-contra-ministro-del-interior-noticia/</link>
<guid isPermaLink="true">https://diariocorreo.pe/politica/juan-jose-santivanez-congresistas-impulsan-mocion-censura-contra-ministro-del-interior-noticia/</guid>
<dc:creator>
<![CDATA[ Redacción Diario Correo ]]>
</dc:creator>
<description/>
<pubDate>Tue, 18 Feb 2025 18:15:06 +0000</pubDate>
<content:encoded>
<![CDATA[ <p>La congresista <b>Susel Paredes</b>, del <b>Bloque Democrático Popular</b>, anunció que está cerca de completar las <b>firmas necesarias</b> para presentar una <b>moción de censura</b> contra el <b>ministro del Interior, Juan José Santiváñez</b>.</p><p>Según publicó en <b>X (antes Twitter)</b>, solo faltan <b>cinco firmas</b> para alcanzar las <b>33 requeridas</b> y formalizar la solicitud en el <b>Congreso de la República</b>.</p><p><blockquote class="twitter-tweet"><p lang="es" dir="ltr">Faltan 5 firmas. Mientras el Ministro del Interior se dá ínfulas presidenciales, anunciando &quot;vocero&quot; , yo sigo recogiendo firmas para su censura, por incapaz. No puede comunicar directamente sus logros, porque NO TIENE. <br>Mientras tanto, nos siguen matando. <a href="https://twitter.com/hashtag/FueraSantiva%C3%B1ez?src=hash&amp;ref_src=twsrc%5Etfw">#FueraSantivañez</a> <a href="https://t.co/34d0RmW2TE">pic.twitter.com/34d0RmW2TE</a></p>&mdash; Susel Paredes (@suselparedes) <a href="https://twitter.com/suselparedes/status/1891886248475730209?ref_src=twsrc%5Etfw">February 18, 2025</a></blockquote> <script async src="https://platform.twitter.com/widgets.js" charset="utf-8"></script></p><h2><b>Críticas a la gestión de Santiváñez</b></h2><p>Paredes cuestionó duramente al titular del Interior, acusándolo de <b>“asumir ínfulas presidenciales”</b> al nombrar un <b>vocero para el Ministerio</b> y de no <b>comunicar logros en seguridad</b> debido a la falta de resultados.</p><p>“La ciudadanía sigue siendo víctima de la delincuencia y el ministro es incapaz de mostrar avances”, expresó Paredes.</p><h2><b>Congresistas que respaldan la moción</b></h2><p>Hasta el momento, <b>28 legisladores</b> de diversas bancadas han firmado el documento, incluyendo representantes del <b>Bloque Democrático Popular, Renovación Popular, Bancada Socialista, Honor y Democracia, Juntos por el Perú-Voces del Pueblo y Podemos</b>.</p><p>Entre los firmantes se encuentran:</p><ol><li>Sigrid Bazán</li><li>Isabel Cortés</li><li>Ruth Luque</li><li>Edgar Reymundo</li><li>María Córdova </li><li>Patricia Chirinos</li><li>Diego Bazán</li><li>Norma Yarrow</li><li>Jorge Zeballos</li><li>Carlos Zeballos</li><li>Flor Pablo</li><li>Margot Palacios</li><li>Ana González</li><li>Héctor Acuña</li><li>Guillermo Bermejo</li><li>Víctor Cutipa</li><li>Wilson Quispe</li><li>Roberto Sánchez</li><li>Elías Varas</li><li>Luis Picón</li></ol><h2><b>Próximos pasos en el Congreso</b></h2><p>La <b>moción de censura</b> podría ser presentada en el <b>Pleno del Congreso</b> en las próximas <b>dos semanas</b>, cuando se retome la legislatura.</p><p>Para que la iniciativa prospere, se requiere no solo <b>presentar formalmente la moción con las firmas necesarias</b>, sino también <b>alcanzar una mayoría calificada</b> durante la votación en el <b>Pleno del Congreso</b>.</p> ]]>
</content:encoded>
<media:content url="https://diariocorreo.pe/resizer/v2/54Z2UNJOCZFFBBIV6KIBVXKUSA.jpg?width=5472&height=3648&auth=cb6ff0f6e0ad098cd0a13b2a25cc72a41a01c6856f9ddc85794a9c5198cd7b45&smart=true" type="image/jpeg" height="3648" width="5472">
<media:description type="plain">
<![CDATA[ Juan José Santiváñez, ministro del Interior. (Foto: GEC / Antonio Melgarejo) ]]>
</media:description>
<media:credit role="author" scheme="urn:ebu">ANTONIO MELGAREJO</media:credit>
</media:content>
</item>
<item>
<title>
<![CDATA[ Detienen a sujeto que dio martillazos a la Piedra de los 12 Ángulos, en Cusco (VIDEO) ]]>
</title>
<link>https://diariocorreo.pe/edicion/cusco/detienen-a-sujeto-que-dio-martillazos-a-la-piedra-de-los-12-angulos-en-cusco-video-noticia/</link>
<guid isPermaLink="true">https://diariocorreo.pe/edicion/cusco/detienen-a-sujeto-que-dio-martillazos-a-la-piedra-de-los-12-angulos-en-cusco-video-noticia/</guid>
<dc:creator>
<![CDATA[ Juan Sequeiros ]]>
</dc:creator>
<description/>
<pubDate>Tue, 18 Feb 2025 17:54:19 +0000</pubDate>
<content:encoded>
<![CDATA[ <p>Tras una rápida acción por parte de la <b>Policía en Cusco</b>, <b>el sujeto </b>que la madrugada del último martes atacó y causó daños irreversibles en la <b>Piedra de los 12 Ángulos en Cusco</b>, <b>fue detenido</b>.</p><p>El sujeto identificado como ‘Gabriel’, fue detenido mientras deambulaba por inmediaciones del barrio de San Blas, donde fue interceptado sin oponer resistencia.</p><p>El intervenido enfrenta cargos por el delito contra el patrimonio, que concibe cárcel efectiva según el contexto y tipo de daño perpetrado.</p><h2><b>DAÑO A LA PIEDRA DE LOS 12 ÁNGULOS</b></h2><p>La histórica <b>Piedra de los 12 Ángulos</b>, ubicada en el <b>Centro Histórico de Cusco</b>, fue <b>atacada nuevamente</b> en la madrugada del <b>martes</b> por un sujeto desconocido. Según la <b>Dirección Desconcentrada de Cultura de Cusco</b>, el daño causado es <b>irreversible</b> y ha generado gran preocupación entre las autoridades y la ciudadanía.</p><p>El atentado ocurrió aproximadamente a las <b>02:00 a. m.</b> en la calle <b>Hatunrumiyoc</b>, a pocos metros de la <b>Plaza Mayor de Cusco</b>. Cámaras de videovigilancia registraron el momento en que un hombre de <b>cabello largo y mochila</b> deambula por la zona antes de perpetrar el ataque.</p><p>En las imágenes se observa que el sujeto <b>pasa varias veces por el lugar</b>, se <b>acerca a otras personas</b>, quienes parecen <b>alejarse de él</b>, y finalmente <b>golpea la piedra tres veces con un objeto contundente</b>, que podría ser un <b>martillo o cincel</b>. Luego, <b>recoge su herramienta y huye del sitio</b>.</p> ]]>
</content:encoded>
<media:content url="https://diariocorreo.pe/resizer/v2/5RSIAHQHJBDKFK7U7IIZ4KXRS4.png?width=1280&height=720&auth=087a7100b568ab8ac3532e11ad9e4adbb8b768fb6bce3b72c35e6e48d7fd4c3c&smart=true" type="image/png" height="720" width="1280">
<media:description type="plain">
<![CDATA[ Limeño causó daños irreparables al patrimonio de todos los peruanos. ]]>
</media:description>
</media:content>
</item>
<item>
<title>
<![CDATA[ Trujillo: Contraloría advierte que mejoramiento de parque en Huanchaco tiene plazo vencido y varios trabajos inconclusos ]]>
</title>
<link>https://diariocorreo.pe/edicion/la-libertad/contraloria-advierte-que-mejoramiento-de-parque-en-huanchaco-tiene-plazo-vencido-y-varios-trabajos-inconclusos-la-libertad-trujillo-noticia/</link>
<guid isPermaLink="true">https://diariocorreo.pe/edicion/la-libertad/contraloria-advierte-que-mejoramiento-de-parque-en-huanchaco-tiene-plazo-vencido-y-varios-trabajos-inconclusos-la-libertad-trujillo-noticia/</guid>
<dc:creator>
<![CDATA[ Redacción Diario Correo ]]>
</dc:creator>
<description>
<![CDATA[ La Contraloría General de la República advirtió a la Municipalidad Distrital de Huanchaco que la obra de mejoramiento del parque Tres Héroes, ejecutada con una inversión de S/ 741 000, presenta múltiples trabajos inconclusos. Esto, a pesar de que el contratista registró su culminación el 14 de enero de 2025, fecha establecida en el contrato. ]]>
</description>
<pubDate>Tue, 18 Feb 2025 17:44:37 +0000</pubDate>
<content:encoded>
<![CDATA[ <p><b>La </b><a href="https://diariocorreo.pe/edicion/la-libertad/observan-proceso-para-contratar-personal-en-el-servicio-de-gestion-ambiental-de-trujillo-la-libertad-peru-noticia/"><b>Contraloría General de la República</b></a><b> advirtió a la Municipalidad Distrital de Huanchaco que la obra de mejoramiento del parque Tres Héroes, ejecutada con una inversión de S/ 741 000, presenta múltiples trabajos inconclusos. Esto, a pesar de que el contratista registró su culminación el 14 de enero de 2025, fecha establecida en el contrato.</b></p><q><b>VER MÁS: </b><a href="https://diariocorreo.pe/edicion/la-libertad/observan-proceso-para-contratar-personal-en-el-servicio-de-gestion-ambiental-de-trujillo-la-libertad-peru-noticia/"><mark class="hl_yellow"><i><b>Observan proceso para contratar personal en el Servicio de Gestión Ambiental de Trujillo</b></i></mark></a></q><p>El Informe de Visita de Control N° 003-2025-OCI/2048-SVC detalla que la cisterna para almacenamiento de agua y las bancas del parque fueron construidas sin respetar los planos del expediente técnico aprobado. Además, se identificaron diversas partidas inconclusas tales como como adoquines, techos de teja andina y coberturas de madera sin colocar. </p><p>Asimismo, se encontraron tuberías de red eléctrica descubiertas, gradas de concreto sin culminar, daños en los postes de madera, áreas sin césped sembrado, postes de madera sin luminarias, tuberías con cableado eléctrico expuesto, coberturas de madera sin acabado, postes de madera sin instalar, entre otros trabajos inconclusos que generan incumplimiento contractual. </p><p>La supervisión de la obra, contratada por S/ 37 000, tampoco ha cumplido con su función de garantizar que los trabajos se ejecuten conforme al expediente técnico y con los estándares de calidad requeridos. Esto representa un riesgo para la funcionalidad, vida útil y finalidad pública de la obra.</p><p>Ante esta situación, el gerente regional de control William León Huertas se reunió con el alcalde distrital y sus funcionarios para socializar el informe y verificar in situ las irregularidades. Como resultado, las autoridades distritales se comprometieron a actuar dentro de sus competencias en la etapa de recepción de la obra, asegurando su monitoreo y fiscalización.</p><h2><mark class="hl_yellow"><i><b>LE PUEDE INTERESAR</b></i></mark></h2><ul><li><a href="https://diariocorreo.pe/edicion/la-libertad/giancarlo-toribio-regidor-de-la-municipalidad-provincial-de-trujillo-han-tergiversado-mi-propuesta-de-ordenanza-peru-noticia/"><i><b>Giancarlo Toribio, regidor de la Municipalidad Provincial de Trujillo: “Han tergiversado mi propuesta de ordenanza”</b></i></a></li><li><a href="https://diariocorreo.pe/edicion/la-libertad/auditaran-el-proyecto-especial-chavimochic-y-la-gerencia-de-infraestructura-la-libertad-peru-noticia/#google_vignette"><i><b>La Libertad: Auditarán el Proyecto Especial Chavimochic y la gerencia de Infraestructura</b></i></a></li><li><a href="https://diariocorreo.pe/edicion/la-libertad/martin-camacho-no-expone-su-plan-de-trabajo-2025-peru-la-libertad-noticia/"><i><b>La Libertad: Martín Camacho no expone su plan de trabajo 2025</b></i></a></li><li><a href="https://diariocorreo.pe/edicion/la-libertad/cesar-acuna-afirma-que-en-trujillo-no-hay-secuestros-solo-extorsion-video-noticia/"><i><b>César Acuña afirma que en Trujillo no hay secuestros, solo extorsión (VIDEO)</b></i></a></li><li><a href="https://diariocorreo.pe/edicion/la-libertad/la-libertad-la-libertad-dirigencia-del-apra-dice-que-traidores-no-postularan-por-ese-partido-el-2026-noticia/#google_vignette"><i><b>La Libertad: Dirigencia del Apra dice que “traidores” no postularán por ese partido el 2026</b></i></a></li><li><a href="https://diariocorreo.pe/edicion/la-libertad/ever-cadenillas-arremete-contra-opositores-a-cesar-acuna-la-libertad-peru-noticia/"><i><b>Ever Cadenillas arremete contra opositores a César Acuña</b></i></a></li><li><a href="https://diariocorreo.pe/edicion/la-libertad/mario-reyna-alcalde-de-trujillo-se-reune-con-dirigentes-de-app-la-libertad-peru-noticia/"><i><b>Mario Reyna, alcalde de Trujillo, se reúne con dirigentes de APP</b></i></a></li><li><a href="https://diariocorreo.pe/edicion/la-libertad/elias-rodriguez-lider-de-podemos-peru-en-la-libertad-la-gestion-de-cesar-acuna-esta-fracasando-la-libertad-peru-noticia/"><i><b>Elías Rodríguez, líder de Podemos Perú en La Libertad: “La gestión de César Acuña está fracasando”</b></i></a></li><li><a href="https://diariocorreo.pe/edicion/la-libertad/confirman-graves-danos-a-totorales-de-huanchaco-la-libertad-peru-trujillo-noticia/"><i><b>La Libertad: Confirman graves daños a totorales de Huanchaco</b></i></a></li></ul><p><br/></p> ]]>
</content:encoded>
<media:content url="https://diariocorreo.pe/resizer/v2/SQ7NLM7CMFCHHAZPQJ64CB3MLU.jpg?width=1280&height=720&auth=432d0aa28d5c5999dfbe015a6dfdca36468220f88f5ebbbde733ad8a8e06b158&smart=true" type="image/jpeg" height="720" width="1280">
<media:description type="plain">
<![CDATA[ Según el contrato con la comuna distrital, la obra debió culminar el 14 de enero. ]]>
</media:description>
</media:content>
</item>
<item>
<title>
<![CDATA[ Municipalidad aprueba la demolición del colegio Arequipa ]]>
</title>
<link>https://diariocorreo.pe/edicion/arequipa/municipalidad-aprueba-la-demolicion-del-colegio-arequipa-noticia/</link>
<guid isPermaLink="true">https://diariocorreo.pe/edicion/arequipa/municipalidad-aprueba-la-demolicion-del-colegio-arequipa-noticia/</guid>
<dc:creator>
<![CDATA[ Nelly Hancco ]]>
</dc:creator>
<description>
<![CDATA[ La Municipalidad Provincial de Arequipa (MPA) ha aprobado la licencia de demolición del colegio Arequipa, mediante la resolución subgerencial de Obras Públicas N° 053, emitida el 17 de febrero, luego de subsanar las observaciones. Esta aprobación permitirá el derrumbe del inmueble de dos pisos, ubicado en la calle Lucas Poblete 214, lo que incluye la demolición de aproximadamente 20 aulas. ]]>
</description>
<pubDate>Tue, 18 Feb 2025 16:15:25 +0000</pubDate>
<content:encoded>
<![CDATA[ <ul><li><a href="https://diariocorreo.pe/edicion/arequipa/municipalidad-provincial-de-arequipa-identifican-a-culpables-por-errores-en-dos-obras-noticia/" target="_blank"><b>Municipalidad Provincial de Arequipa: identifican a culpables por errores en dos obras</b></a></li><li><a href="https://diariocorreo.pe/edicion/arequipa/fuertes-lluvias-dejan-hasta-el-momento-171-damnificados-en-la-region-arequipa-noticia/"><b>Fuertes lluvias dejan hasta el momento 171 damnificados en la región Arequipa</b></a></li><li><a href="https://diariocorreo.pe/edicion/arequipa/piden-declaratoria-de-emergencia-en-7-provincias-de-la-region-arequipa-por-impacto-de-lluvias-noticia/"><b>Piden declaratoria de emergencia en 7 provincias de la región Arequipa por impacto de lluvias</b></a></li></ul><p><b>La Municipalidad Provincial de Arequipa (MPA) ha aprobado la licencia de demolición del colegio Arequipa, mediante la resolución subgerencial de Obras Públicas N° 053, emitida el 17 de febrero, luego de subsanar las observaciones. Esta aprobación permitirá el derrumbe del inmueble de dos pisos, ubicado en la calle Lucas Poblete 214, lo que incluye la demolición de aproximadamente 20 aulas.</b></p><q><b>MIRA: </b><a href="https://diariocorreo.pe/edicion/arequipa/arequipa-exponen-16-obras-inspiradas-en-sor-ana-de-los-angeles-video-noticia/" target="_blank"><b>Arequipa: Exponen 16 obras inspiradas en Sor Ana de los Ángeles (VIDEO)</b></a></q><p>A pesar de la autorización para proceder con la demolición,<b> aún no se ha emitido la licencia de construcción para el nuevo edificio</b>. Desde la municipalidad se ha indicado que este es un trámite independiente que debe gestionar la constructora encargada del proyecto.</p><p>Con la aprobación de la licencia de demolición, se agilizará la aprobación del expediente técnico y posteriormente se <b>activará el plan de contingencia</b> que incluye la instalación de aulas prefabricadas en los colegios Micaela Bastidas y Ecológica, con el fin de albergar temporalmente a las alumnas del nivel primario y secundario. Sin embargo, el mes que queda, será insuficiente para instalar dichos módulos, considerando que el inicio de las labores escolares está programado para el 17 de marzo.</p><p>Al respecto, el <b>director del colegio Arequipa Eloy Roque</b>, luego de reunirse esta mañana con los funcionarios del Gobierno Regional de Arequipa, anunció que se aplicará el plan alterno, que es trasladar a las estudiantes de manera temporal hacia las instalaciones de la universidad San Martín de Porres, mientras se implementa el plan de contingencia.</p><p>Asimismo, la<b> presidenta de la Apafa del Colegio Arequipa, Lucero Vilca,</b> indicó que aceptaron esta propuesta porque es la más salomónica por la seguridad de las alumnas, considerando que la mayoría de las escolares estudiarían en el turno mañana y solo una parte, estudiará en el turno tarde.</p><p>Sin embargo, aún falta negociar con los propietarios del bien inmueble que queda en la<b> urbanización La Perlita, en el Cercado de Arequipa.</b> De aceptar el alquiler de sus aulas, según el director Eloy Roque, la constructora, a través del Gobierno Regional de Arequipa cubriría los gastos.</p><p>Cabe precisar que los escolares del <b>colegio Luis H. Bouroncle Bouroncle</b> terminaron las labores académicas del 2024 en las aulas de esta universidad privada.</p><h1><mark class="hl_yellow"><b>VIDEO RECOMENDADO</b></mark></h1><p><iframe width="560" height="315" src="https://www.youtube.com/embed/OxQ4kQujhtk?si=zNxArq6twWpzNa6l" title="YouTube video player" frameborder="0" allow="accelerometer; autoplay; clipboard-write; encrypted-media; gyroscope; picture-in-picture; web-share" referrerpolicy="strict-origin-when-cross-origin" allowfullscreen></iframe></p> ]]>
</content:encoded>
<media:content url="https://diariocorreo.pe/resizer/v2/4TFFLGTVE5FLBPY2RWIG2G2I5Q.jpg?width=5760&height=3840&auth=f0a0de953187ed5115391a2847f6b2c032e441446ccb8460cc157594f411a345&smart=true" type="image/jpeg" height="3840" width="5760">
<media:description type="plain">
<![CDATA[ Instalaciones del colegio Arequipa. Foto: GEC. ]]>
</media:description>
<media:credit role="author" scheme="urn:ebu">Leonardo Cuito</media:credit>
</media:content>
</item>
<item>
<title>
<![CDATA[ Intervienen a presuntos delincuentes con arsenal de guerra en discoteca de Ate ]]>
</title>
<link>https://diariocorreo.pe/edicion/lima/intervienen-a-presuntos-delincuentes-con-arsenal-de-guerra-en-discoteca-de-ate-peru-pnp-noticia/</link>
<guid isPermaLink="true">https://diariocorreo.pe/edicion/lima/intervienen-a-presuntos-delincuentes-con-arsenal-de-guerra-en-discoteca-de-ate-peru-pnp-noticia/</guid>
<dc:creator>
<![CDATA[ Andrea Pereyra ]]>
</dc:creator>
<description>
<![CDATA[ Gran parte de este material fue hallado en dos camionetas estacionadas en los exteriores del establecimiento nocturno. ]]>
</description>
<pubDate>Tue, 18 Feb 2025 17:37:07 +0000</pubDate>
<content:encoded>
<![CDATA[ <ul><li><a href="https://diariocorreo.pe/edicion/lima/mujer-de-79-anos-queda-en-coma-tras-ser-atropellada-en-la-victoria-conductor-fugo-noticia/">Mujer de 79 años queda en coma tras ser atropellada en La Victoria: conductor fugó</a></li><li><a href="https://diariocorreo.pe/edicion/lima/puente-piedra-padre-e-hija-atropellados-por-un-auto-fuera-de-control-tras-el-ataque-a-su-conductor-peru-pnp-crimen-noticia/">Puente Piedra: Padre e hija atropellados por un auto fuera de control tras el ataque a su conductor</a></li></ul><p><b>Agentes de la Policía Nacional del Perú (PNP) capturaron a cinco presuntos integrantes de una banda criminal en un operativo realizado en una discoteca de la zona de Santa Clara, en el distrito de Ate, al este de Lima. Durante la intervención, se incautó un arsenal de armas y equipos de seguridad.</b></p><p>Según fuentes policiales, los detenidos tenían en su poder pistolas, un fusil, chalecos antibalas, municiones y otros pertrechos. Gran parte de este material fue hallado en dos camionetas estacionadas en los exteriores del establecimiento nocturno. </p><p>Uno de estos vehículos contaba con blindaje antibalas, lo que refuerza la hipótesis de que los intervenidos formaban parte de una organización criminal dedicada a actividades ilícitas.</p><p>Los detenidos fueron identificados como Deives Cordero Cárdenas (32), Edwin Matos Vivanco (50), Jesús Romero Alpaca (51), Almendra Paz Salas (18) y Cristian Torres Zamora (29). </p><p>La PNP los investiga por el presunto delito contra la seguridad pública en la modalidad de posesión de arsenal de armas de fuego.</p><p>Además de estas capturas, durante el operativo, las autoridades intervinieron a 14 personas adicionales como parte de un control de identidad. Las investigaciones determinarán si estas personas tienen algún vínculo con la organización criminal o si están implicadas en otros ilícitos.</p><p>En una conferencia de prensa, la PNP exhibió las armas incautadas, destacando entre ellas un fusil semiautomático AM15 Anderson, de fabricación estadounidense.</p><h2><mark class="hl_yellow"><b>TE PUEDE INTERESAR</b></mark></h2><ul><li><a href="https://diariocorreo.pe/politica/ministro-santivanez-pide-inhabilitar-por-10-anos-a-la-fiscal-de-la-nacion-delia-espinoza-noticia/"><b>Ministro Santiváñez pide inhabilitar por 10 años a la fiscal de la Nación, Delia Espinoza</b></a></li><li><a href="https://diariocorreo.pe/politica/ministros-adrianzen-y-quero-no-asistieron-a-citacion-del-congreso-noticia/"><b>Ministros Adrianzén y Quero no asistieron a citación del Congreso</b></a></li><li><a href="https://diariocorreo.pe/edicion/la-libertad/lluvias-dejan-seis-muertos-en-la-sierra-de-la-libertad-peru-noticia/"><b>Lluvias dejan seis muertos en la sierra de La Libertad</b></a></li><li><a href="https://diariocorreo.pe/edicion/huancayo/la-oroya-buscan-a-conductor-y-cuatro-pasajeros-que-fueron-tragados-por-el-rio-mantaro-noticia/"><b>La Oroya: Buscan a conductor y cuatro pasajeros que fueron tragados por el río Mantaro</b></a></li><li><a href="https://diariocorreo.pe/edicion/huancayo/la-oroya-tras-accidente-madre-tiene-la-esperanza-de-hallar-con-vida-a-su-hija-noticia/"><b>La Oroya: Tras accidente madre tiene la esperanza de hallar con vida a su hija</b></a></li></ul> ]]>
</content:encoded>
<media:content url="https://diariocorreo.pe/resizer/v2/BUJT36OY3NAHXBA5SKLVDZL36A.jpg?width=1280&height=720&auth=28462ddc86242873dac453970415f02648ed45fba24a385c8600e0f12c47f089&smart=true" type="image/jpeg" height="720" width="1280">
<media:description type="plain">
<![CDATA[ Fotos: César Grados/@photo.gec ]]>
</media:description>
</media:content>
</item>
<item>
<title>
<![CDATA[ José Luis “El Puma” Rodríguez vuelve a Lima el próximo 14 de junio ]]>
</title>
<link>https://diariocorreo.pe/espectaculos/jose-luis-el-puma-rodriguez-vuelve-a-lima-el-proximo-14-de-junio-noticia/</link>
<guid isPermaLink="true">https://diariocorreo.pe/espectaculos/jose-luis-el-puma-rodriguez-vuelve-a-lima-el-proximo-14-de-junio-noticia/</guid>
<dc:creator>
<![CDATA[ Redacción Diario Correo ]]>
</dc:creator>
<description>
<![CDATA[ El artista venezolano se despide de los escenarios con su “Encuentro Tour”. ]]>
</description>
<pubDate>Tue, 18 Feb 2025 17:33:13 +0000</pubDate>
<content:encoded>
<![CDATA[ <p><b>Después de más de 50 años de carrera, el querido José Luis “El Puma” Rodríguez se despide de los escenarios y de sus fans peruanos en una noche llena de emoción, recuerdos y música. Como parte de su gira de despedida Encuentro Tour, el artista venezolano regresa a Lima para ofrecer su último concierto en el país el próximo 14 de junio en el Anfiteatro de La Exposición. </b></p><p>La preventa inicia este <b>18 de febrero, exclusivamente con tarjeta Interbank, con 15% de descuento</b> y la venta general inicia el <b>20 de febrero por la plataforma de Passline.</b></p><p><i>“Me siento bendecido y privilegiado de volver a Lima, una ciudad que tanto respeto y admiro. Los limeños siempre me han mostrado un cariño inmenso, y es un honor traer mi música a este hermoso país nuevamente”</i>,<i> </i>indicó el intérprete prometiendo una ocasión única para revivir los grandes éxitos de su carrera y celebrar el legado de uno de los artistas más queridos de la música latina, que durante décadas ha tocado los corazones de los peruanos con su voz inconfundible.</p><p>La música de “El Puma” Rodríguez resonará una vez más en Lima, dejando un recuerdo imborrable para todos los asistentes. El público disfrutará de temas como “Dueño de nada”, “Pavo real”, “Culpable soy yo”, “De punta a Punta” y muchos más éxitos que colocaron a “El Puma” como una de las mayores leyendas del repertorio latino. El artista ofrecerá una velada en la que la música, el amor y la nostalgia se unirán para crear un ambiente lleno de magia y unión, en esta que podría ser una de sus últimas presentaciones.</p><img src="https://diariocorreo.pe/resizer/v2/IDLDNWG5TJBMRHCN244BECJGZU.jpg?width=800&height=1000&auth=57cb885a2c17a9fb8468a03493b606e5ba82e3b40e92ce2f4705e60c1251e164&smart=true" alt="José Luis Rodríguez 'El Puma' regresará a Perú para ofrecer un esperado concierto. (Foto: Instagram)" height="1000" width="800"/><h2><mark class="hl_yellow"><b>TE PUEDE INTERESAR</b></mark></h2><ul><li><a href="https://diariocorreo.pe/espectaculos/confirmado-shakira-se-presentara-hoy-en-el-estadio-nacional-de-lima-concierto-tour-las-mujeres-ya-no-lloran-celebs-colombia-masterlive-peru-farandula-noticia/">¡Confirmado! Shakira se presentará hoy en el Estadio Nacional</a></li><li><a href="https://diariocorreo.pe/espectaculos/confirmado-shakira-se-presentara-hoy-en-el-estadio-nacional-de-lima-concierto-tour-las-mujeres-ya-no-lloran-celebs-colombia-masterlive-peru-farandula-noticia/">Masterlive Perú coordina con el equipo de Shakira nueva fecha tras cancelación de concierto</a></li><li><a href="https://diariocorreo.pe/espectaculos/confirmado-shakira-se-presentara-hoy-en-el-estadio-nacional-de-lima-concierto-tour-las-mujeres-ya-no-lloran-celebs-colombia-masterlive-peru-farandula-noticia/">Grupo Ádammo, banda de rock: “Ádammo somos los cuatro, no hemos tenido conflictos por eso” (Entrevista)</a></li><li><a href="https://diariocorreo.pe/espectaculos/confirmado-shakira-se-presentara-hoy-en-el-estadio-nacional-de-lima-concierto-tour-las-mujeres-ya-no-lloran-celebs-colombia-masterlive-peru-farandula-noticia/">Shakira envía mensaje a sus fans tras postergar conciertos en Lima: “Me dan tanta fuerza”</a></li><li><a href="https://diariocorreo.pe/espectaculos/confirmado-shakira-se-presentara-hoy-en-el-estadio-nacional-de-lima-concierto-tour-las-mujeres-ya-no-lloran-celebs-colombia-masterlive-peru-farandula-noticia/">Astrid Armas Barrientos es la Reina Carnaval Bicentenario en Catacaos</a></li></ul> ]]>
</content:encoded>
<media:content url="https://diariocorreo.pe/resizer/v2/HVZ75D3GV5FXJHVQTI3OCCOMRU.jpg?width=1214&height=806&auth=47e174de8fae93d6b1c661f3b1e17fd67cc74a423e3313057b688063729840b8&smart=true" type="image/jpeg" height="806" width="1214">
<media:description type="plain">
<![CDATA[ José Luis Rodríguez ‘El Puma’ anuncia concierto en Perú. (Foto: Instagram) ]]>
</media:description>
<media:credit role="author" scheme="urn:ebu">Omar Charcousse</media:credit>
</media:content>
</item>
<item>
<title>
<![CDATA[ Hospital de Camaná: Se pondría operativo 1 de los 7 equipos médicos que fueron prometidos ]]>
</title>
<link>https://diariocorreo.pe/edicion/arequipa/hospital-de-camana-se-pondria-operativo-1-de-los-7-equipos-medicos-que-fueron-prometidos-noticia/</link>
<guid isPermaLink="true">https://diariocorreo.pe/edicion/arequipa/hospital-de-camana-se-pondria-operativo-1-de-los-7-equipos-medicos-que-fueron-prometidos-noticia/</guid>
<dc:creator>
<![CDATA[ Álvaro Figueroa ]]>
</dc:creator>
<description>
<![CDATA[ El Gobierno Regional de Arequipa (GRA) aprobó el primer entregable del expediente técnico de saldo de obra del hospital de Camaná sin que este documento considerara todos los detalles de los equipos médicos almacenados en el nosocomio; a este problema se le suma que solo 1 de 7 equipos está operativo. ]]>
</description>
<pubDate>Tue, 18 Feb 2025 17:30:18 +0000</pubDate>
<content:encoded>
<![CDATA[ <ul><li><a href="https://diariocorreo.pe/edicion/arequipa/arequipa-centro-de-salud-de-cotahuasi-seria-culminado-en-el-2027-noticia/" target="_blank"><b>Arequipa: Centro de salud de Cotahuasi sería culminado en el 2027</b></a></li><li><a href="https://diariocorreo.pe/edicion/arequipa/piden-declaratoria-de-emergencia-en-7-provincias-de-la-region-arequipa-por-impacto-de-lluvias-noticia/"><b>Piden declaratoria de emergencia en 7 provincias de la región Arequipa por impacto de lluvias</b></a></li><li><a href="https://diariocorreo.pe/edicion/arequipa/piden-declaratoria-de-emergencia-en-7-provincias-de-la-region-arequipa-por-impacto-de-lluvias-noticia/"><b>Lluvias en Arequipa: 1248 viviendas afectadas, 89 damnificadas y 3 puentes intransitables (VIDEO)</b></a></li></ul><p><b>El Gobierno Regional de Arequipa (GRA) aprobó el primer entregable del expediente técnico de saldo de obra del hospital de Camaná sin que este documento considerara todos los detalles de los equipos médicos almacenados en el nosocomio; a este problema se le suma que solo 1 de 7 equipos está operativo. </b></p><q><b>MIRA: </b><a href="https://diariocorreo.pe/edicion/arequipa/municipalidad-provincial-de-arequipa-identifican-a-culpables-por-errores-en-dos-obras-noticia/" target="_blank"><b>Municipalidad Provincial de Arequipa: identifican a culpables por errores en dos obras</b></a></q><p>Este informe detallado del estado situacional de los equipos debió ser considerado dentro del primer entregable, aprobado en diciembre del año pasado. Ante el hallazgo de cajas vacías y equipos incompletos, el <b>gerente regional de Infraestructura, Fabián Enríquez</b>, sostuvo que dentro de los términos de referencia del contrato de la consultora se consideraba la verificación de los equipos. </p><p><i><b>“Nosotros como Gerencia de Infraestructura hemos cursado una carta al consultor para que en el segundo entregable esté considerado la verificación y el inventario de los equipos”</b></i>, añadió Enríquez. Este segundo entregable pasaría a manos de supervisión a finales del presente mes. </p><p>Al ser consultado sobre la aprobación de este entregable sin cumplir los términos de referencia, el gerente regional de Infraestructura señaló que existe un inventario, no obstante, este no se encuentra detallado, <i><b>“existe el inventario del primer entregable, existen las características, pero no al detalle”</b></i>, señaló. </p><h1><mark class="hl_yellow"><b>EQUIPOS NO FUNCIONAN</b></mark> </h1><p>Fabián Enríquez confirmó la operatividad de solo 1 de los 7 equipos que debían entrar en funcionamiento para actual nosocomio, <i><b>“nos hemos dado con la mala noticia y con sorpresa de que algunas cajas están vacías, y algunos equipos no tenían baterías. Lamentablemente faltaban elementos, entonces de los equipos que se han podido probar, de los siete equipos que ha pedido el cuerpo médico solo funcionaba un ecógrafo”</b></i>, afirmó el funcionario.</p><p>Enríquez indicó que se viene evaluando con la <b>Gerencia Regional de Salud </b>el proceder, además de afirmar que el plazo de tres semanas dado por el GRA era para ver el funcionamiento de los equipos.</p><p>El funcionario explicó que la falta de implementos se debería a que fueron sustraídos o que el proveedor no enviara los equipos completos.</p><h1><mark class="hl_yellow"><b>VIDEO RECOMENDADO</b></mark></h1><p><iframe width="560" height="315" src="https://www.youtube.com/embed/9nrfyaYYz4g?si=NBSlFLCHS5uACZnZ" title="YouTube video player" frameborder="0" allow="accelerometer; autoplay; clipboard-write; encrypted-media; gyroscope; picture-in-picture; web-share" referrerpolicy="strict-origin-when-cross-origin" allowfullscreen></iframe></p> ]]>
</content:encoded>
<media:content url="https://diariocorreo.pe/resizer/v2/6YIRO3DEDZBFNADGQAIBBHLXQM.jpg?width=1728&height=1152&auth=45d9861cdcaa5d005d74f03cfbfa0ea67b2a69f98ff36737114a46724bd58154&smart=true" type="image/jpeg" height="1152" width="1728">
<media:description type="plain">
<![CDATA[ Gerente regional de Infraestructura, Fabián Enríquez. Foto: GEC ]]>
</media:description>
</media:content>
</item>
<item>
<title>
<![CDATA[ El papa pasó una “noche tranquila” en el hospital, pero canceló sus compromisos del fin de semana ]]>
</title>
<link>https://diariocorreo.pe/mundo/el-papa-paso-una-noche-tranquila-en-el-hospital-pero-cancelo-sus-compromisos-del-fin-de-semana-noticia/</link>
<guid isPermaLink="true">https://diariocorreo.pe/mundo/el-papa-paso-una-noche-tranquila-en-el-hospital-pero-cancelo-sus-compromisos-del-fin-de-semana-noticia/</guid>
<dc:creator>
<![CDATA[ Agencia AFP ]]>
</dc:creator>
<description/>
<pubDate>Tue, 18 Feb 2025 17:24:16 +0000</pubDate>
<content:encoded>
<![CDATA[ <p>El <b>papa Francisco</b>, hospitalizado desde el viernes por una infección respiratoria, pasó una “noche tranquila” pero canceló sus compromisos previstos para el fin de semana, anunció el martes el Vaticano dando a entender que es poco probable que reciba pronto el alta.</p><p><i>“Debido al estado de salud del Santo Padre, la audiencia jubilar del sábado 22 de febrero queda cancelada”</i> y Francisco no podrá presidir la misa del domingo, anunció la Santa Sede en el quinto día de hospitalización del pontífice de 88 años.</p><p>El comunicado no precisó si el papa podrá dar el domingo la tradicional oración semanal del Ángelus, a la que tuvo que renunciar el pasado domingo. En otras ocasiones, ya ha pronunciado esta oración desde el balcón del hospital.</p><p><b>Francisco, jefe de la Iglesia católica desde 2013</b>, fue ingresado el día 14 en el hospital Gemelli de Roma, tras varios días con dificultades para hablar en público debido a una infección que causó inquietud.</p><p>El <b>Vaticano anunció el lunes que padecía una “infección polimicrobiana de las vías respiratorias”</b> y mostraba un “cuadro clínico complejo”, dando a entender que permanecería hospitalizado hasta por lo menos el miércoles, día de su audiencia general que fue cancelada.</p><p>El martes al mediodía, el portavoz de la Santa Sede, Matteo Bruni, declaró a los periodistas que el estado del pontífice argentino es estable.</p><p>Tras pasar “una noche tranquila”, Francisco “se despertó, desayunó y leyó algunos periódicos como hace habitualmente”, explicó, precisando que se publicará un parte médico a primera hora de la tarde.</p><p>La hospitalización de Francisco, la cuarta en menos de cuatro años, ha relanzado el debate sobre su salud, especialmente porque su ingreso llega al inicio del año jubilar de la Iglesia católica, lo que implica una larga lista de eventos, muchos de ellos presididos por el papa.</p><p>“El papa Francisco está conmovido por los numerosos mensajes de afecto y cercanía que sigue recibiendo”, aseguró el Vaticano el lunes.</p><h2><b>Cargada agenda</b></h2><p>La salud del pontífice copaba el martes todas las portadas de los grandes diarios italianos. “La hospitalización del papa Francisco se prolonga”, titulaba Il Corriere della Sera. La Repubblica destacó su “cuadro clínico complejo”.</p><p>Varios de los peregrinos y turistas congregados en la plaza de San Pedro del Vaticano afirmaron que estaban rezando por la pronta recuperación del pontífice.</p><p>“Espero que se recupere pronto. Confío en el tratamiento médico del hospital y espero que lo hagan lo mejor posible”, declaró a AFP Birgit Jungreuthmayer, una turista austriaca de 48 años.</p><p>Pese a los reiterados problemas de salud de los últimos años, entre ellos de cadera, dolores en la rodilla que le obligan a ir en silla de ruedas, operaciones o infecciones respiratorias, el argentino Jorge Bergoglio ha mantenido una cargada agenda y declaró que no tenía intención de bajar el ritmo.</p><p>En septiembre de 2024 realizó una gira de doce días por cuatro países de Asia y Oceanía, el mayor viaje de su papado en duración y distancia.</p><p>Antes de su hospitalización el viernes, el jefe del Iglesia católica, a quien se le extirpó una parte de un pulmón cuando era joven, apareció debilitado, con el rostro hinchado, la voz entrecortada y había delegado en varias ocasiones en sus asistentes la lectura de sus discursos.</p><p>El domingo siguió la misa por televisión desde el hospital y envió un mensaje escrito durante el Ángelus.</p><p>“Hubiera querido estar presente entre ustedes, pero, como saben, me encuentro aquí en el Policlínico Gemelli porque aún necesito algunos cuidados para mi bronquitis”, escribió Francisco.</p><p>Desde su elección, el jesuita ha dejado siempre abierta la opción de dimitir en el caso de que su salud le impidiera seguir desempeñando sus funciones.</p><p>Su antecesor, Benedicto XVI, sorprendió al mundo en 2013 convirtiéndose en el primer papa desde la Edad Media en renunciar, alegando problemas de salud.</p><p>Pero en un libro publicado en 2024, Francisco aseguraba no tener “ninguna razón lo suficientemente seria como para pensar en dimitir”. La dimisión es una “hipótesis lejana” que solo se justificaría en caso de “impedimento físico grave”, indicó.</p> ]]>
</content:encoded>
<media:content url="https://diariocorreo.pe/resizer/v2/MSUFC3UECJCKJICPRHQYKTVWZ4.jpg?width=1200&height=800&auth=6f90998bed42974ab956d5236968f59496f1c2352cde2ed3a85619389642f0fa&smart=true" type="image/jpeg" height="800" width="1200">
<media:description type="plain">
<![CDATA[ El comunicado no precisó si el papa podrá dar el domingo la tradicional oración semanal del Ángelus, a la que tuvo que renunciar el pasado domingo. (Foto de Alberto PIZZOLI / AFP) ]]>
</media:description>
<media:credit role="author" scheme="urn:ebu">ALBERTO PIZZOLI</media:credit>
</media:content>
</item>
<item>
<title>
<![CDATA[ Ministerio Público: Arequipa entre regiones con más servidores y funcionarios corruptos ]]>
</title>
<link>https://diariocorreo.pe/edicion/arequipa/ministerio-publico-arequipa-entre-regiones-con-mas-servidores-y-funcionarios-corruptos-noticia/</link>
<guid isPermaLink="true">https://diariocorreo.pe/edicion/arequipa/ministerio-publico-arequipa-entre-regiones-con-mas-servidores-y-funcionarios-corruptos-noticia/</guid>
<dc:creator>
<![CDATA[ Redacción Diario Correo ]]>
</dc:creator>
<description>
<![CDATA[ Un total de 2078 personas fueron condenadas por acción de las Fiscalías Especializadas en Delitos de Corrupción de Funcionarios, acumulando el pago de una reparación civil por más de cien millones de soles durante el 2024. ]]>
</description>
<pubDate>Tue, 18 Feb 2025 17:18:09 +0000</pubDate>
<content:encoded>
<![CDATA[ <ul><li><a href="https://diariocorreo.pe/edicion/arequipa/municipalidad-provincial-de-arequipa-identifican-a-culpables-por-errores-en-dos-obras-noticia/"><b>Municipalidad Provincial de Arequipa: identifican a culpables por errores en dos obras</b></a></li><li><a href="https://diariocorreo.pe/edicion/arequipa/fuertes-lluvias-dejan-hasta-el-momento-171-damnificados-en-la-region-arequipa-noticia/"><b>Fuertes lluvias dejan hasta el momento 171 damnificados en la región Arequipa</b></a></li><li><a href="https://diariocorreo.pe/edicion/arequipa/piden-declaratoria-de-emergencia-en-7-provincias-de-la-region-arequipa-por-impacto-de-lluvias-noticia/"><b>Piden declaratoria de emergencia en 7 provincias de la región Arequipa por impacto de lluvias</b></a></li></ul><p><b>Un total de 2078 personas fueron condenadas por acción de las Fiscalías Especializadas en Delitos de Corrupción de Funcionarios, acumulando el pago de una reparación civil por más de cien millones de soles durante el 2024.</b></p><q><b>MIRA: </b><a href="https://diariocorreo.pe/edicion/arequipa/municipalidad-aprueba-la-demolicion-del-colegio-arequipa-noticia/" target="_blank"><b>Municipalidad aprueba la demolición del colegio Arequipa</b></a></q><p>Según se informó,&nbsp;<b>1569 corresponden a servidores y funcionarios públicos, entre ellos 23 gobernadores regionales, 169 gerentes, 179 a policías y 91 alcaldes</b>, entre otros, de acuerdo al balance estadístico elaborado por la Coordinación Nacional de dicho subsistema del Ministerio Público.</p><p>Entre los <b>delitos más comunes están peculado doloso por apropiación, cohecho activo (coima) y negociación incompatible.</b></p><h1><mark class="hl_yellow"><b>DETALLES</b></mark></h1><p>El Ministerio Público informó que las mayores condenas fueron en<b>&nbsp;Cusco, sede La Convención (90); Lima Norte (88) y Arequipa (56)</b>.&nbsp;Junto a estas condenas se obtuvieron además 121 medidas de prisión preventiva y se ejecutaron 67 operativos y megaoperativos a nivel nacional, autorizados judicialmente.</p><p><i><b>“Estos resultados permiten combatir el abuso del poder para beneficio personal y demuestran el compromiso del Ministerio Público para seguir trabajando de manera incansable para combatir la corrupción y garantizar la transparencia en la gestión pública”</b></i>, precisa la entidad.</p><h1><mark class="hl_yellow"><b>VIDEO RECOMENDADO</b></mark></h1><p><iframe width="560" height="315" src="https://www.youtube.com/embed/cqHFB26LNNM?si=mdq21fdkz42s4LNQ" title="YouTube video player" frameborder="0" allow="accelerometer; autoplay; clipboard-write; encrypted-media; gyroscope; picture-in-picture; web-share" referrerpolicy="strict-origin-when-cross-origin" allowfullscreen></iframe></p> ]]>
</content:encoded>
<media:content url="https://diariocorreo.pe/resizer/v2/EHXVTHGYOZHDNFXG4ADX67UYC4.jpg?width=1280&height=576&auth=163ddf36eef14071bc479d31010f08a3ffd447705d061550be1ec5570e9f7c36&smart=true" type="image/jpeg" height="576" width="1280">
<media:description type="plain">
<![CDATA[ Sede del Ministerio Público en Arequipa. Foto: GEC. ]]>
</media:description>
<media:credit role="author" scheme="urn:ebu">SYSTEM</media:credit>
</media:content>
</item>
<item>
<title>
<![CDATA[ Redes sociales: consejos para el uso saludable de estas plataformas ]]>
</title>
<link>https://diariocorreo.pe/tecnologia/redes-sociales-consejos-para-el-uso-saludable-de-estas-plataformas-noticia/</link>
<guid isPermaLink="true">https://diariocorreo.pe/tecnologia/redes-sociales-consejos-para-el-uso-saludable-de-estas-plataformas-noticia/</guid>
<dc:creator>
<![CDATA[ Redacción Diario Correo ]]>
</dc:creator>
<description/>
<pubDate>Tue, 18 Feb 2025 17:13:33 +0000</pubDate>
<content:encoded>
<![CDATA[ <p>Las <b>redes sociales</b> se han convertido en una parte importante de la vida de las personas. Sin embargo, la sobreexposición a ellas puede causar un impacto en la autoestima y el bienestar emocional, especialmente en los adolescentes y los jóvenes.</p><p><i>“Las redes sociales pueden influir en la percepción que tenemos sobre nosotros mismos. A través de la edición de imágenes, la selección cuidadosa de momentos y filtros, se crea una imagen idealizada de la vida y el éxito”</i>, comenta Alex Gonzales, coordinador académico de la carrera de Psicología y Educación de la Universidad Tecnológica del Perú (UTP).</p><p>De acuerdo con el profesional, la comparación con la vida de otras personas puede conllevar a una autocrítica constante y a una insatisfacción. “La validación, a través de los ‘me gusta’ y los comentarios, también puede reforzar la dependencia de la opinión externa para valorar nuestro propio ser”, anota.</p><p>Alex Gonzales anima a tener un consumo responsable de estas plataformas. Además, ofrece algunos consejos para un uso saludable de las redes sociales.</p><ul><li><b>Tipo de contenido.</b>&nbsp;El psicólogo recomienda ser conscientes de la información o contenido que se consume a través de las redes sociales. “Si algo te hace sentir mal, deja de seguir esa cuenta o silencia esa publicación”, indica. Asimismo, exhorta a seguir cuentas de inspiren e impulsen el crecimiento y desarrollo personal.</li><li><b>Tiempo de conexión.</b>&nbsp;“El uso excesivo de redes sociales comienza a ser perjudicial cuando interfiere con actividades cotidianas importantes, como el sueño, las relaciones, el trabajo o el estudio”, sostiene el psicólogo. Propone tener momentos del día para revisar las redes sociales y separarlas de las actividades que son más importantes para los usuarios, usar estas plataformas para conectar con amigos y familiares y buscar contenido de calidad.</li><li><b>Otras actividades.</b>&nbsp;“Enfocarse en actividades que fortalezcan la autoestima fuera del ámbito digital, como hobbies, deporte o actividades sociales, contribuye a un mayor equilibrio”, indica. La desconexión periódica o&nbsp;<i>detox</i>&nbsp;digital también puede ser una herramienta valiosa para proteger la salud mental, de acuerdo con el profesional.</li><li><b>Supervisión.</b>&nbsp;En los casos de adolescentes y los jóvenes, entre los 12 y 24 años, es importante que los padres y educadores cumplan la función de promotores del uso saludable de las redes sociales, según Alex Gonzales. “Es clave enseñarles a diferenciar entre lo real y lo idealizado. Además, los adultos deben promover la valoración de logros personales fuera del ámbito virtual”, explica.</li><li><b>Alternativas.</b>&nbsp;Actividades presenciales como el deporte, el baile, los voluntariados, entre otras, fortalecen las relaciones auténticas y mejoran el bienestar emocional, según el docente de la UTP. “Otras opciones incluyen el uso de plataformas digitales enfocadas en el aprendizaje y el desarrollo personal, donde la interacción no está centrada en la comparación, sino en el crecimiento individual y la colaboración”, concluye.</li></ul> ]]>
</content:encoded>
<media:content url="https://diariocorreo.pe/resizer/v2/VAS4SYZ6BZGXJI6KZZPOASN6JY.jpg?width=1344&height=896&auth=1059c2a33a2dce9c6a5df8489daf93dc6bf45bb75318bfc71bf0cab541a07d95&smart=true" type="image/jpeg" height="896" width="1344">
<media:description type="plain">
<![CDATA[ Factores como el tipo de contenido, el tiempo de conexión, entre otros, son clave para disfrutar de su consumo responsable. ]]>
</media:description>
</media:content>
</item>
<item>
<title>
<![CDATA[ Trujillo: Intervienen a pareja de enamorados por presuntos casos de extorsión ]]>
</title>
<link>https://diariocorreo.pe/edicion/la-libertad/intervienen-a-pareja-de-enamorados-por-presuntos-casos-de-extorsion-trujillo-la-libertad-peru-noticia/</link>
<guid isPermaLink="true">https://diariocorreo.pe/edicion/la-libertad/intervienen-a-pareja-de-enamorados-por-presuntos-casos-de-extorsion-trujillo-la-libertad-peru-noticia/</guid>
<dc:creator>
<![CDATA[ Redacción Diario Correo ]]>
</dc:creator>
<description>
<![CDATA[ Agentes de Inteligencia y del Departamento de Investigación Criminal (Depincri) Norte detuvieron a dos presuntos extorsionadores durante un operativo en una vivienda de calle Colombia del distrito de La Esperanza. ]]>
</description>
<pubDate>Tue, 18 Feb 2025 17:07:21 +0000</pubDate>
<content:encoded>
<![CDATA[ <p><b>Agentes de Inteligencia y del Departamento de Investigación Criminal (Depincri) Norte detuvieron a dos presuntos extorsionadores durante un operativo en una vivienda de calle Colombia del distrito de La Esperanza, en la </b><a href="https://diariocorreo.pe/edicion/la-libertad/detienen-a-joven-por-presunta-extorsion-a-regidor-de-viru-la-libertad-peru-trujillo-noticia/"><b>provincia de Trujillo</b></a><b>. </b></p><q><b>VER MÁS: </b><a href="https://diariocorreo.pe/edicion/la-libertad/detienen-a-joven-por-presunta-extorsion-a-regidor-de-viru-la-libertad-peru-trujillo-noticia/"><mark class="hl_yellow"><i><b>Trujillo: Detienen a joven por presunta extorsión a regidor de Virú</b></i></mark></a></q><p>Según el acta policial, los arrestados fueron identificados como Monserrat Vásquez Ticlio, alias “La chata Matarife” y Kenyi Gamboa Villarreal (a) “Mono”. De acuerdo a la información policial, estarían implicados en presuntos delitos de extorsión a ciudadanos de La Esperanza y Florencia de Mora.</p><p>La Policía detalló que, al momento del registro domiciliario, se incautó ocho cartuchos de dinamita, siete municiones, tres manuscritos extorsivos, una mecha con fulminante, marihuana y una balanza.</p><p>En las misivas extorsivas se leía los siguientes mensajes: “veo que nadie me llama”, “vas a pagar 20 mil o te mueres” y “paga 20 mil o mato a tu familia”.</p><h2><mark class="hl_yellow"><i><b>LE PUEDE INTERESAR</b></i></mark></h2><ul><li><a href="https://diariocorreo.pe/edicion/la-libertad/la-libertad-cinco-detonaciones-con-explosivos-en-menos-de-seis-horas-en-trujillo-noticia/"><i><b>Cinco detonaciones con explosivos en menos de seis horas en Trujillo</b></i></a></li><li><a href="https://diariocorreo.pe/edicion/la-libertad/asesinan-a-balazos-a-un-hombre-en-la-provincia-de-pataz-la-libertad-peru-noticia/"><i><b>La Libertad: Asesinan a balazos a un hombre en la provincia de Pataz</b></i></a></li><li><a href="https://diariocorreo.pe/edicion/la-libertad/policia-captura-a-presuntos-autores-de-incendiar-bus-el-dorado-la-libertad-peru-noticia/"><i><b>La Libertad: Policía captura a presuntos autores de incendiar bus “El Dorado”</b></i></a></li><li><a href="https://diariocorreo.pe/edicion/la-libertad/transportes-dorado-suspende-servicios-ante-ultimos-ataques-a-sus-unidades-vehiculares-la-libertad-peru-noticia/"><i><b>La Libertad: Transportes Dorado suspende servicios ante últimos ataques a sus unidades vehiculares</b></i></a></li><li><a href="https://diariocorreo.pe/edicion/la-libertad/hombres-que-cayeron-con-armas-y-municiones-son-enviados-al-penal-de-trujillo-la-libertad-peru-noticia/"><i><b>Hombres que cayeron con armas y municiones son enviados al penal de Trujillo</b></i></a></li><li><a href="https://diariocorreo.pe/edicion/la-libertad/delincuentes-a-bordo-de-camioneta-asaltan-a-joven-la-libertad-trujillo-peru-noticia/"><i><b>Trujillo: Delincuentes a bordo de camioneta asaltan a joven</b></i></a></li><li><a href="https://diariocorreo.pe/edicion/la-libertad/delincuentes-detonan-aparato-explosivo-en-ferreteria-trujillo-la-libertad-peru-noticia/#google_vignette"><i><b>Trujillo: Delincuentes detonan aparato explosivo en ferretería (VIDEO)</b></i></a></li><li><a href="https://diariocorreo.pe/edicion/la-libertad/la-libertad-delincuentes-asaltan-a-pasajeros-y-queman-bus-en-la-libertad-noticia/"><i><b>Delincuentes asaltan a pasajeros y queman bus en La Libertad</b></i></a></li></ul><h2><mark class="hl_yellow"><i><b>VIDEO RECOMENDADO</b></i></mark></h2><h2><mark class="hl_yellow"><i><b>DETONAN DINAMITA EN FERRETERÍA</b></i></mark></h2> ]]>
</content:encoded>
<media:content url="https://diariocorreo.pe/resizer/v2/TN7RIB6TDVFORBZICWNDW5RD2E.jpg?width=1280&height=720&auth=ed230562dde4c39b187da657e36acd3dcf8708a6634c853b764d291dc70dda13&smart=true" type="image/jpeg" height="720" width="1280">
<media:description type="plain">
<![CDATA[ Operativo se realizó en el distrito de La Esperanza. De acuerdo a la Policía, incautaron balas, marihuana y explosivos. ]]>
</media:description>
</media:content>
</item>
<item>
<title>
<![CDATA[ Lluvias extremas en Loreto elevan el riesgo de desbordes e inundaciones, advierte Senamhi ]]>
</title>
<link>https://diariocorreo.pe/peru/lluvias-extremas-en-loreto-elevan-el-riesgo-de-desbordes-e-inundaciones-advierte-senamhi-noticia/</link>
<guid isPermaLink="true">https://diariocorreo.pe/peru/lluvias-extremas-en-loreto-elevan-el-riesgo-de-desbordes-e-inundaciones-advierte-senamhi-noticia/</guid>
<dc:creator>
<![CDATA[ Redacción Diario Correo ]]>
</dc:creator>
<description/>
<pubDate>Tue, 18 Feb 2025 16:59:00 +0000</pubDate>
<content:encoded>
<![CDATA[ <p>La región <b>Loreto</b> enfrenta una situación crítica debido a las <b>lluvias de fuerte intensidad</b> que han provocado el <b>incremento del caudal de los ríos Ucayali y Huallaga</b>, lo que aumenta el riesgo de <b>desbordes, erosión de terrenos e inundaciones</b> en comunidades ubicadas en sus riberas.</p><p>Desde el <b>lunes 17 de febrero</b>, las provincias de <b>Maynas, Ucayali y Alto Amazonas</b> han soportado precipitaciones de <b>extrema intensidad</b>, y según el <b>Servicio Nacional de Meteorología e Hidrología (Senamhi) de Loreto</b>, estas lluvias continuarán <b>hasta finales de marzo</b>.</p><p>El <b>director regional del Senamhi, Marco Paredes</b>, advirtió que la situación podría empeorar, ya que la alerta hidrológica en la zona se encuentra en <b>categoría Naranja</b>, con posibilidad de <b>cambiar a alerta Roja</b> debido a la frecuencia de las precipitaciones.</p><h2><b>Comunidades afectadas</b></h2><p>En las últimas semanas, las lluvias han causado <b>deslizamientos y erosión de terrenos</b>, afectando gravemente a <b>unas 50 viviendas en el centro poblado San Juancito</b>, en el <b>distrito de Sarayacu</b>.</p><p>Asimismo, en la localidad de <b>Lagunas, en Alto Amazonas</b>, se mantiene un <b>nivel de prevención</b> ante el riesgo de <b>inundaciones</b>. Según Paredes, la creciente de los ríos se adelantará <b>un mes</b>, lo que significa que en marzo <b>varias comunidades ribereñas podrían presentar anegamientos</b>.</p><h2><b>Gobierno Regional de Loreto se prepara para atender emergencias</b></h2><p>Ante esta situación, el <b>gobernador regional de Loreto, René Chávez Silvano</b>, informó que el <b>Centro de Operaciones de Emergencia Regional (COER)</b> ha <b>abastecido sus almacenes</b> con bienes de ayuda humanitaria, víveres, carpas y ropa para atender a la población afectada.</p><p>“Estamos coordinando con las municipalidades distritales y provinciales para facilitar albergues temporales en caso de ser necesarios. Desde el Gobierno Regional estamos comprometidos en brindar asistencia a las familias afectadas”, aseguró Chávez.</p><h2><b>TE PUEDE INTERESAR</b></h2><ul><li><a href="https://diariocorreo.pe/edicion/cusco/cusco-delincuente-ataca-la-piedra-de-los-12-angulos-causando-un-dano-irreversible-video-noticia/" rel="" title="https://diariocorreo.pe/edicion/cusco/cusco-delincuente-ataca-la-piedra-de-los-12-angulos-causando-un-dano-irreversible-video-noticia/">Cusco: Delincuente ataca la Piedra de los 12 Ángulos causando un daño irreversible (VIDEO)</a></li><li><a href="https://diariocorreo.pe/edicion/cusco/cusco-delincuente-ataca-la-piedra-de-los-12-angulos-causando-un-dano-irreversible-video-noticia/" rel="" title="https://diariocorreo.pe/edicion/cusco/cusco-delincuente-ataca-la-piedra-de-los-12-angulos-causando-un-dano-irreversible-video-noticia/">Piura: Multan a hombre por ducharse en el Circuito Mágico del Agua</a></li><li><a href="https://diariocorreo.pe/edicion/cusco/cusco-delincuente-ataca-la-piedra-de-los-12-angulos-causando-un-dano-irreversible-video-noticia/" rel="" title="https://diariocorreo.pe/edicion/cusco/cusco-delincuente-ataca-la-piedra-de-los-12-angulos-causando-un-dano-irreversible-video-noticia/">Joven se ahoga y su enamorada se salva en una playa en Piura</a></li><li><a href="https://diariocorreo.pe/edicion/cusco/cusco-delincuente-ataca-la-piedra-de-los-12-angulos-causando-un-dano-irreversible-video-noticia/" rel="" title="https://diariocorreo.pe/edicion/cusco/cusco-delincuente-ataca-la-piedra-de-los-12-angulos-causando-un-dano-irreversible-video-noticia/">Aumentan estafas con vehículos de placas clonadas en Huancayo: Policía alerta sobre casos en la región</a></li><li><a href="https://diariocorreo.pe/edicion/cusco/cusco-delincuente-ataca-la-piedra-de-los-12-angulos-causando-un-dano-irreversible-video-noticia/" rel="" title="https://diariocorreo.pe/edicion/cusco/cusco-delincuente-ataca-la-piedra-de-los-12-angulos-causando-un-dano-irreversible-video-noticia/">La Libertad: A comuna del ande le dieron S/ 1,000 para prevención</a></li></ul> ]]>
</content:encoded>
<media:content url="https://diariocorreo.pe/resizer/v2/S7M3SH2OJ5GMHKRTB2J7PAIZIA.jpg?width=500&height=375&auth=a27b5f0cef9f3aa8836cc002c5ea3b3dee1e58d16c1441e91d59c530cb3ea421&smart=true" type="image/jpeg" height="375" width="500">
<media:description type="plain">
<![CDATA[ Las intensas precipitaciones han incrementado el caudal de los ríos Ucayali y Huallaga, poniendo en peligro a comunidades ribereñas. (Foto de archivo) ]]>
</media:description>
</media:content>
</item>
<item>
<title>
<![CDATA[ Arequipa: Podrían desalojar a personas que viven en zonas de riesgo en distrito de Alto Selva Alegre ]]>
</title>
<link>https://diariocorreo.pe/edicion/arequipa/arequipa-podrian-desalojar-a-personas-que-viven-en-zonas-de-riesgo-en-distrito-de-alto-selva-alegre-noticia/</link>
<guid isPermaLink="true">https://diariocorreo.pe/edicion/arequipa/arequipa-podrian-desalojar-a-personas-que-viven-en-zonas-de-riesgo-en-distrito-de-alto-selva-alegre-noticia/</guid>
<dc:creator>
<![CDATA[ Melanie Pariapaza ]]>
</dc:creator>
<description>
<![CDATA[ El alcalde del distrito de Alto Selva Alegre, Alfredo Benavente, aseguró que podrían desalojar a las familias que viven en zonas de alto riesgo en su jurisdicción. Esto tras las fuertes lluvias que afectaron 400 familias y dejaron hasta 12 viviendas inhabitables, principalmente en zonas como Villa Ecológica, Nueva Villa Ecológica, Villa Confraternidad, entre otros. “Vamos a hacer un análisis con Riesgos y Desastres y si tienen que desalojar esos lugares, tendrán que desalojarlos”, dijo Benavente. ]]>
</description>
<pubDate>Tue, 18 Feb 2025 16:57:38 +0000</pubDate>
<content:encoded>
<![CDATA[ <ul><li><a href="https://diariocorreo.pe/edicion/arequipa/viviendas-inundadas-y-vias-afectadas-por-lluvias-en-la-ciudad-de-arequipa-video-noticia/#google_vignette"><b>Viviendas inundadas y vías afectadas por lluvias en la ciudad de Arequipa (VIDEO)</b></a></li><li><a href="https://diariocorreo.pe/edicion/arequipa/arequipa-lluvias-en-partes-media-y-alta-continuaran-hasta-el-21-de-febrero-noticia/" target="_blank"><b>Arequipa: lluvias en partes media y alta continuarán hasta el 21 de febrero</b></a></li><li><a href="https://diariocorreo.pe/edicion/arequipa/viviendas-inundadas-y-vias-afectadas-por-lluvias-en-la-ciudad-de-arequipa-video-noticia/#google_vignette"><b>Brigada del Ejército refuerza labores de emergencia ante lluvias en Arequipa</b></a></li></ul><p><b>El alcalde del distrito de Alto Selva Alegre, Alfredo Benavente, aseguró que podrían desalojar a las familias que viven en zonas de alto riesgo en su jurisdicción. Esto tras las fuertes lluvias que afectaron 400 familias y dejaron hasta 12 viviendas inhabitables, principalmente en zonas como Villa Ecológica, Nueva Villa Ecológica, Villa Confraternidad, entre otros. </b><i><b>“Vamos a hacer un análisis con Riesgos y Desastres y si tienen que desalojar esos lugares, tendrán que desalojarlos”,</b></i><b> dijo Benavente. </b></p><q><b>MIRA: </b><a href="https://diariocorreo.pe/edicion/arequipa/alerta-por-lluvias-se-mantiene-en-las-provincias-de-arequipa-noticia/" target="_blank"><b>Alerta por lluvias se mantiene en las provincias de Arequipa</b></a></q><p>Ante esta situación el alcalde señaló que estos<b> terrenos pertenecen al Gobierno Regional de Arequipa</b>, quien tendría que buscar un nuevo terreno para reubicar a la población y evitar que más personas realicen edificaciones o viviendas en quebradas o torrenteras. </p><p>Además, la comuna no realizó la limpieza de torrenteras. <b>Según el informe de visita de control N° 001-2025-OCI/4602-SVC, el municipio no cuenta con un Plan de Prevención y Reducción de Riesgo de Desastres.</b> Sin embargo, el alcalde negó que la falta de trabajos hayan ocasionado los daños.</p><p><i><b>“La afectación no ha sido por el tema de las torrenteras que no se han limpiado, ha sido por el canal que está trabajando la municipalidad provincial que se ha estancado con la caída de una roca”,</b></i> dijo.</p><h1><mark class="hl_yellow"><b>CANCELAN CARNAVALEGRE</b></mark></h1><p>Asimismo el alcalde anunció que <b>se cancelará la segunda edición del ‘Carnavalegre</b>’ que iba a realizarse el próximo 2 de marzo. Esto por los daños y afectaciones que ha presentado su distrito.</p><h1><mark class="hl_yellow"><b>VIDEO RECOMENDADO</b></mark></h1><p><iframe width="560" height="315" src="https://www.youtube.com/embed/-LTVFkWatGY?si=zIThEutZbhRFdQp8" title="YouTube video player" frameborder="0" allow="accelerometer; autoplay; clipboard-write; encrypted-media; gyroscope; picture-in-picture; web-share" referrerpolicy="strict-origin-when-cross-origin" allowfullscreen></iframe></p> ]]>
</content:encoded>
<media:content url="https://diariocorreo.pe/resizer/v2/SM23FYJ3NNDHBKFRAPBEQV3DIA.jpg?width=2000&height=1126&auth=168c05369d2e4c947dc6b4e1afd89d790c168f912e9912d92c74e4cfef0226b6&smart=true" type="image/jpeg" height="1126" width="2000">
<media:description type="plain">
<![CDATA[ Vecinos del distrito de Alto Selva Alegre afectados por lluvia intensa. Foto: GEC. ]]>
</media:description>
</media:content>
</item>
<item>
<title>
<![CDATA[ Cusco: Delincuente ataca la Piedra de los 12 Ángulos causando un daño irreversible (VIDEO) ]]>
</title>
<link>https://diariocorreo.pe/edicion/cusco/cusco-delincuente-ataca-la-piedra-de-los-12-angulos-causando-un-dano-irreversible-video-noticia/</link>
<guid isPermaLink="true">https://diariocorreo.pe/edicion/cusco/cusco-delincuente-ataca-la-piedra-de-los-12-angulos-causando-un-dano-irreversible-video-noticia/</guid>
<dc:creator>
<![CDATA[ Juan Sequeiros ]]>
</dc:creator>
<description/>
<pubDate>Tue, 18 Feb 2025 16:06:33 +0000</pubDate>
<content:encoded>
<![CDATA[ <p><b>La madrugada del último martes, la famosa Piedra de los 12 Ángulos en Cusco, sufrió un nuevo ataque</b>. Esta vez el daño fue catalogado de irreversible y las autoridades andan tras los pasos del delincuente que atentó contra la pieza patrimonial.</p><p>El hecho ocurrió aproximadamente a las 02:00 horas en la calle Hatunrumiyoc, ubicada a escasos metros de la Plaza Mayor del Cusco, hasta donde un sujeto llegó para atacar la piedra con un objeto que parece ser un martillo o un cincel.</p><p>A través de los vídeos captados por las cámaras de videovigilancia, se ve a un hombre de pelo largo y mochila, llegar hasta el lugar, tambaleante se acerca a varias personas que al parecer huyen de él, luego pasa una y otra vez por la Piedra de los 12 Ángulos.</p><p>El sujeto mira fijamente una de las cámaras de vigilancia y <b>se dirige a la Piedra de los 12 Ángulos, a la que llega a dar tres golpes </b>para luego soltar su herramienta, recogerla y huir del lugar.</p><p><i>“Es un daño irreversible, nos preocupa porque en otras ocasiones ya ha pasado lo mismo, vamos a hacer llegar las recomendaciones a las autoridades, además llamamos a la ciudadanía a hacer las denuncias para defender nuestro patrimonio”</i>, citó <b>Jorge Moya, director de Cultura Cusco.</b></p><p>El funcionario citó que, de acuerdo a manifestaciones de los vecinos, el sujeto es de la zona y es conocido en el lugar, su identificación y posterior captura se daría en las siguientes horas.</p> ]]>
</content:encoded>
<media:content url="https://diariocorreo.pe/resizer/v2/IL6E43YBFBGQJIP6T2PO5KFS5Y.jpeg?width=1366&height=768&auth=1b7050bbee63a3c9ba52a7008ffa853acf89f7e1f327eb1be4aa65d54f618893&smart=true" type="image/jpeg" height="768" width="1366">
<media:description type="plain">
<![CDATA[ Sujeto fue grabado por cámaras de vigilancia mientras atentaba contra ícono de la cultura inca y patrimonio cultural nacional. ]]>
</media:description>
</media:content>
</item>
<item>
<title>
<![CDATA[ Piura: Multan a hombre por ducharse en el Circuito Mágico del Agua ]]>
</title>
<link>https://diariocorreo.pe/edicion/piura/piura-multan-a-hombre-que-se-ducho-en-el-circuito-magico-del-agua-noticia/</link>
<guid isPermaLink="true">https://diariocorreo.pe/edicion/piura/piura-multan-a-hombre-que-se-ducho-en-el-circuito-magico-del-agua-noticia/</guid>
<dc:creator>
<![CDATA[ Redacción Diario Correo ]]>
</dc:creator>
<description>
<![CDATA[ La Municipalidad Provincial de Piura, a través de la subgerencia de Fiscalización y Control Municipal, sancionó a hombre que fue visto duchándose dentro de una de las piletas instaladas en el renovado parque Néstor Martos. La escena fue captada por un usuario que lo replicó en varias redes sociales. ]]>
</description>
<pubDate>Tue, 18 Feb 2025 15:58:53 +0000</pubDate>
<content:encoded>
<![CDATA[ <p><b>La Municipalidad Provincial de </b><a href="https://diariocorreo.pe/edicion/piura/inauguran-el-circuito-magico-del-agua-en-piura-noticia/" target="_blank" rel="noreferrer" title="https://diariocorreo.pe/edicion/piura/inauguran-el-circuito-magico-del-agua-en-piura-noticia/"><b>Piura</b></a><b>, a través de la subgerencia de Fiscalización y Control Municipal, sancionó a un hombre que se duchó con champú dentro de una de las piletas instaladas en el renovado parque Néstor Martos. La escena fue captada por un usuario que lo replicó en varias redes sociales.</b></p><p><a href="https://diariocorreo.pe/edicion/piura/inauguran-el-circuito-magico-del-agua-en-piura-noticia/" target="_blank" rel="noreferrer" title="https://diariocorreo.pe/edicion/piura/inauguran-el-circuito-magico-del-agua-en-piura-noticia/"><mark class="hl_yellow"><b>TAMBIÉN PUEDE LEER: </b></mark></a></p><ul><li><a href="https://diariocorreo.pe/edicion/piura/inauguran-el-circuito-magico-del-agua-en-piura-noticia/" rel="noreferrer" title="https://diariocorreo.pe/edicion/piura/inauguran-el-circuito-magico-del-agua-en-piura-noticia/"><mark class="hl_yellow"><b>Inauguran el Circuito Mágico del Agua en Piura</b></mark></a></li></ul><p>Según la Ordenanza Municipal 125-00-2013, Artículo 9 y 10 (Código 03-060), por alterar el orden y la tranquilidad de los asistentes al parque, se impuso una multa del 20% de una Unidad Impositiva Tributaria, que equivale a 1070 soles. </p><p>El infractor fue identificado como Eduardo Alberto Junior Saavedra Sóndor, quien ingresó a una de las piletas sin ninguna autorización. Con champú en mano, se dio una ducha a vista de muchas personas, entre ellas menores de edad. Pese a que una persona intentó indicarle que se retirara, el sujeto hizo caso omiso.</p><p>Con estas acciones, la gestión del alcalde Gabriel Madrid continúa vigilante para brindarle tranquilidad a la población, además de espacios públicos donde las familias piuranas puedan disfrutar y vivir momentos agradables.</p> ]]>
</content:encoded>
<media:content url="https://diariocorreo.pe/resizer/v2/S7TNN4NWSNADJHBEM6HS7233UE.jpg?width=1280&height=710&auth=a21eebb2ab3f0712cc3efbf18eda52ac7ff2c57e251648d9212069c7d16a707b&smart=true" type="image/jpeg" height="710" width="1280"/>
</item>
<item>
<title>
<![CDATA[ Hamás liberará a seis rehenes israelíes y entregará cuatro cuerpos esta semana ]]>
</title>
<link>https://diariocorreo.pe/mundo/hamas-liberara-a-seis-rehenes-israelies-y-entregara-cuatro-cuerpos-esta-semana-noticia/</link>
<guid isPermaLink="true">https://diariocorreo.pe/mundo/hamas-liberara-a-seis-rehenes-israelies-y-entregara-cuatro-cuerpos-esta-semana-noticia/</guid>
<dc:creator>
<![CDATA[ Agencia AFP ]]>
</dc:creator>
<description/>
<pubDate>Tue, 18 Feb 2025 16:44:00 +0000</pubDate>
<content:encoded>
<![CDATA[ <p><b>Hamás anunció este martes que entregará el jueves a Israel los cuerpos de cuatro rehenes retenidos en la Franja de Gaza y que liberará el sábado a seis rehenes, en el marco de la primera fase de la tregua.</b></p><p>El frágil alto el fuego entró en vigor el 19 de enero, tras más de 15 meses de enfrentamientos desencadenados por el ataque del movimiento islamista palestino en Israel el 7 de octubre de 2023, durante el cual 251 personas fueron secuestradas.</p><p>Las retrasadas conversaciones sobre la continuación de la tregua comenzarán “esta semana”, declaró el martes el ministro israelí de Relaciones Exteriores, Gideon Saar, agregando que su país exige “la desmilitarización total de Gaza” tras la guerra.</p><p>Hamás anunció que devolvería el jueves a Israel los cadáveres de cuatro rehenes, antes de liberar el sábado con vida a otros seis, una información confirmada por el primer ministro israelí, Benjamin Netanyahu.</p><p>A cambio, Israel “liberará el sábado” a un número de prisioneros palestinos determinado en el marco del acuerdo de tregua, declaró el jefe negociador del movimiento islamista, Jalil al Haya.</p><p>“El movimiento y la resistencia [uno o varios otros grupos armados] decidieron liberar el sábado 22 de febrero a los últimos prisioneros [israelíes] con vida”, cuya liberación estaba prevista en el marco de la primera fase del acuerdo, añadió.</p><p>En total, 33 rehenes deben ser liberados en la primera etapa de la tregua, a cambio de 1.900 presos palestinos.</p><p>Desde que comenzó el alto el fuego, 19 rehenes israelíes y 1.134 palestinos fueron liberados.</p><p>Tras reunirse el domingo en Jerusalén con el jefe de la diplomacia estadounidense, Marco Rubio, Netanyahu amenazó con abrir las “puertas del infierno” en la Franja de Gaza en caso de que no se liberase a todos los rehenes, haciéndose eco de una expresión utilizada por el presidente norteamericano Donald Trump.</p><p>Setenta personas siguen retenidas en Gaza tras más de 500 días de cautiverio, de las cuales al menos 35 murieron, según el ejército israelí.</p><h2><b>“Una Gaza diferente”</b></h2><p>La segunda fase de la tregua, que debe comenzar el 2 de marzo, prevé la liberación de todos los rehenes y el fin definitivo de la guerra, antes de una última etapa dedicada a la reconstrucción del asolado territorio palestino.</p><p>El proyecto planteado recientemente por Trump prevé que Estados Unidos tome el control de Gaza y desplazar a sus 2,4 millones de habitantes.</p><p>“Así como me comprometí a que (...) no haya más ni Hamás ni Autoridad Palestina, debo respetar el plan” de Donald Trump “para la creación de una Gaza diferente”, declaró el lunes Netanyahu.</p><p>Su ministro de Defensa, Israel Katz, anunció la creación de una “agencia especial” para la “salida voluntaria” de los gazatíes.</p><p>Catar, uno de los países mediadores del conflicto, declaró el martes que el futuro de Gaza es “una cuestión palestina”.</p><p>Arabia Saudita acogerá el viernes una minicumbre árabe para responder a la propuesta de Trump, criticada de forma generalizada por la comunidad internacional.</p><p>Una cumbre extraordinaria de la Liga Árabe sobre este asunto, prevista para finales de febrero, se aplazó al 4 de marzo.</p><h2><b>“Me arden los ojos por las lágrimas”</b></h2><p>En Jerusalén, decenas de familiares de rehenes retenidos en Gaza marcharon el lunes hasta el Parlamento, portando sus fotos y reclamando su liberación.</p><p>“Me arden los ojos por las lágrimas que derramo desde hace 500 días”, dijo Einav Tzangauker, cuyo hijo fue secuestrado en el kibutz Nir Oz.</p><p>El ataque de Hamás el 7 de octubre de 2023 causó 1.211 en Israel, en su mayoría civiles, según un balance de AFP basado en datos oficiales israelíes que incluye a los rehenes muertos.</p><p>En respuesta, Israel lanzó una implacable ofensiva en Gaza que ya dejó al menos 48.291 muertos, según datos del Ministerio de Salud del territorio -gobernado por Hamás-, que la ONU considera fiables.</p><p>La tregua también debe permitir la entrada de más ayuda humanitaria en la Franja de Gaza, asediada por Israel. Pero Hamás acusa al Estado hebreo de bloquear la entrada de estructuras prefabricadas y equipos de retirada de escombros.</p> ]]>
</content:encoded>
<media:content url="https://diariocorreo.pe/resizer/v2/3NQK5BVWPVASPHXSPKDFL2S27M.jpg?width=1920&height=1280&auth=ea95069d4e145df7f8f1afa0ce6c07693e44697991a272ad419d392b60a1b316&smart=true" type="image/jpeg" height="1280" width="1920">
<media:description type="plain">
<![CDATA[ Militantes de Hamás y la Yihad Islámica posan junto al rehén ruso-israelí Sasha (Alexander) Troufanov antes de entregarlo al equipo de la Cruz Roja, en Khan Yunis, sur de la Franja de Gaza, el 15 de febrero de 2025. EFE/EPA/HAITHAM IMAD ]]>
</media:description>
</media:content>
</item>
<item>
<title>
<![CDATA[ Cámara de Comercio e Industria de Arequipa: Llama a la reflexión a favor de inversiones ]]>
</title>
<link>https://diariocorreo.pe/edicion/arequipa/camara-de-comercio-e-industria-de-arequipa-llama-a-la-reflexion-a-favor-de-inversiones-noticia/</link>
<guid isPermaLink="true">https://diariocorreo.pe/edicion/arequipa/camara-de-comercio-e-industria-de-arequipa-llama-a-la-reflexion-a-favor-de-inversiones-noticia/</guid>
<dc:creator>
<![CDATA[ Redacción Diario Correo ]]>
</dc:creator>
<description>
<![CDATA[ La Cámara de Comercio e Industria de Arequipa (CCIA) pidió a los ciudadanos reflexionar sobre la importancia de las inversiones privadas como generadoras de empleo y mejores oportunidades para el desarrollo de las comunidades y las personas, como es el caso del proyecto minero Tía María, que es una oportunidad para el cierre de brechas sociales y el mejoramiento de la calidad de vida de los habitantes del valle de Tambo y la provincia de Islay. ]]>
</description>
<pubDate>Tue, 18 Feb 2025 16:28:27 +0000</pubDate>
<content:encoded>
<![CDATA[ <ul><li><a href="https://diariocorreo.pe/edicion/arequipa/arequipa-organizaciones-sociales-no-respaldan-paro-contra-el-proyecto-tia-maria-noticia/"><b>Arequipa: Organizaciones sociales no respaldan paro contra el proyecto Tía María</b></a></li><li><a href="https://diariocorreo.pe/edicion/arequipa/arequipa-organizaciones-sociales-no-respaldan-paro-contra-el-proyecto-tia-maria-noticia/"><b>Minería en Arequipa: Iniciará la construcción del proyecto Tía María durante el 2025</b></a></li><li><a href="https://diariocorreo.pe/edicion/arequipa/arequipa-organizaciones-sociales-no-respaldan-paro-contra-el-proyecto-tia-maria-noticia/"><b>Tía María: Paro convocado por dirigentes con poca acogida en el valle de Tambo</b></a></li></ul><p><b>La Cámara de Comercio e Industria de Arequipa (CCIA)&nbsp; pidió a los ciudadanos&nbsp;reflexionar sobre la importancia de las inversiones privadas como generadoras de empleo y mejores oportunidades para el desarrollo de las comunidades y las personas, como es el caso del proyecto minero Tía María, que es una&nbsp; oportunidad para el cierre de brechas sociales y el mejoramiento de la calidad dw vida de los habitantes del valle de Tambo y la provincia de Islay.</b></p><q><b>MIRA: </b><a href="https://diariocorreo.pe/edicion/arequipa/proyecto-tia-maria-en-arequipa-cierran-paso-por-protesta-en-tambo-noticia/" target="_blank"><b>Proyecto Tía María en Arequipa: Cierran paso por protesta en Tambo</b></a></q><p>En un pronunciamiento, a propósito del inicio de protestas en el valle de Tambo contra la mina de Southern Perú, el organismo representativo de los empresarios, indicó que&nbsp;Tía María cuenta con los permisos correspondientes para el inicio de sus operaciones y que, <b>con el canon minero que generará, se podrán financiar obras en educación, salud y&nbsp;bienestar general</b> de la provincia de Islay&nbsp;y la región Arequipa.</p><p>Por lo mismo, insta al Gobierno a promover un diálogo transparente y constructivo entre la empresa, las comunidades y las autoridades <i><b>“buscando soluciones que permitan avanzar con el proyecto, minimizando los impactos ambientales y&nbsp; maximizando los beneficios&nbsp; sociales”.</b></i></p><p>Reitera que es crucial que se cumplan los compromisos asumidos, como la construcción de la planta desalinizadora y la conformación de un comité de vigilancia&nbsp; ambientales con participación de la sociedad civil.</p><p><i><b>“Arequipa necesita inversión, empleo y oportunidades&nbsp; para salir adelante”</b></i>, señala el documento de la CCIA, donde también se exhorta a los promotores y participantes del paro contra Tía María, a respetar el Estado de derecho&nbsp; y las libertades de trabajo y&nbsp; libre tránsito, evitando el cierre de carreteras&nbsp; y el impedimento del desarrollo de actividades productivas en los diferentes sectores .</p><p>Recordaron que estas <b>paralizaciones afectan principalmente a las actividades agropecuarias, turismo, servicios de comercio y construcción.</b></p><h1><mark class="hl_yellow"><b>VIDEO RECOMENDADO</b></mark></h1><p><iframe width="560" height="315" src="https://www.youtube.com/embed/nkxq5EYeQFU?si=YdBhEXt5BOvtIz_A" title="YouTube video player" frameborder="0" allow="accelerometer; autoplay; clipboard-write; encrypted-media; gyroscope; picture-in-picture; web-share" referrerpolicy="strict-origin-when-cross-origin" allowfullscreen></iframe></p> ]]>
</content:encoded>
<media:content url="https://diariocorreo.pe/resizer/v2/M7J3W5ERNNGEDDJZ5BV6TWC7OI.jpg?width=1080&height=722&auth=756885c61130c4762a235b0c581716e744ba5ef8de5e79d711d01feb313ff19a&smart=true" type="image/jpeg" height="722" width="1080">
<media:description type="plain">
<![CDATA[ Auditorio de la Cámara de Comercio e Industria de Arequipa. Foto: GEC. ]]>
</media:description>
<media:credit role="author" scheme="urn:ebu">SYSTEM</media:credit>
</media:content>
</item>
<item>
<title>
<![CDATA[ Rusia y Estados Unidos nombrarán negociadores para poner fin a la guerra en Ucrania ]]>
</title>
<link>https://diariocorreo.pe/mundo/rusia-y-estados-unidos-nombraran-negociadores-para-poner-fin-a-la-guerra-en-ucrania-noticia/</link>
<guid isPermaLink="true">https://diariocorreo.pe/mundo/rusia-y-estados-unidos-nombraran-negociadores-para-poner-fin-a-la-guerra-en-ucrania-noticia/</guid>
<dc:creator>
<![CDATA[ Agencia AFP ]]>
</dc:creator>
<description/>
<pubDate>Tue, 18 Feb 2025 16:25:50 +0000</pubDate>
<content:encoded>
<![CDATA[ <p><b>Washington afirmó el martes que Rusia y Estados Unidos nombrarán equipos para negociar el fin de la guerra en Ucrania lo antes posible</b>, después de que las dos superpotencias se reunieran en Arabia Saudita, sin Kiev ni los europeos.</p><p>Los altos cargos estadounidenses y rusos presentes en la reunión en Riad, la primera de esta envergadura desde que Moscú lanzó su ofensiva el 24 de febrero de 2022, no concretaron sin embargo un posible encuentro entre los presidentes Donald Trump y Vladimir Putin.</p><p>El presidente estadounidense habló la semana pasada con su homólogo ruso y ambos acordaron iniciar “inmediatamente” negociaciones para poner fin a la guerra en Ucrania y dijeron que contemplaban un encuentro.</p><p>Algunos dirigentes europeos, alarmados por la política de Trump respecto a Rusia, temen que Washington haga serias concesiones a Moscú y reorganice la seguridad del continente.</p><p>Los jefes de la diplomacia estadounidense, Marco Rubio, y rusa, Serguéi Lavrov, acordaron el martes “nombrar sus respectivos equipos de alto nivel para empezar a trabajar en una vía para poner fin al conflicto en Ucrania lo antes posible”, indicó el Departamento de Estado norteamericano.</p><p>Washington agregó que las partes también acordaron “establecer un mecanismo de consulta” y “sentar las bases para una futura cooperación en asuntos geopolíticos de interés común y en las oportunidades económicas y de inversión que surgirán de una resolución del conflicto en Ucrania”.</p><p>Rusia ofreció menos detalles sobre el resultado de las conversaciones. “Comentamos y expusimos nuestras posiciones de principio, y acordamos que equipos distintos de negociadores se pondrán en contacto sobre este asunto a su debido tiempo”, declaró Yuri Ushakov, el consejero diplomático del Kremlin.</p><p>El presidente ucraniano, Volodimir Zelenski, de visita oficial en Turquía, no dudó en criticar la reunión, “de nuevo sobre Ucrania y sin Ucrania”.</p><h2><b>Defensa europea</b></h2><p>Tanto Rusia como Estados Unidos consideraron la reunión en Riad como el inicio de un proceso potencialmente largo y minimizaron las perspectivas de un gran avance.</p><p>Trump ya declaró que quiere poner fin a la guerra en Ucrania, pero hasta ahora no presentó ningún plan concreto. Estados Unidos instó a ambas partes a hacer concesiones si se concretaban las conversaciones de paz.</p><p>Rusia esbozó el martes algunas de sus perspectivas sobre las futuras conversaciones para poner fin al conflicto, afirmando que su resolución requiere una reorganización de los acuerdos de defensa europeos.</p><p>“Una resolución duradera y viable a largo plazo es imposible sin un examen exhaustivo de las cuestiones de seguridad en el continente”, declaró el portavoz del Kremlin, Dmitri Peskov.</p><p>Moscú lleva mucho tiempo pidiendo la retirada de las fuerzas de la OTAN de Europa del Este, ya que considera que la Alianza Atlántica es una amenaza para su existencia, un argumento que utilizó para justificar su invasión de Ucrania.</p><p>Putin dijo estar “dispuesto” a negociar con Zelenski “si es necesario”, según el Kremlin. La presidencia rusa reconoció también “el derecho” de Ucrania a entrar en la Unión Europea, pero no en la OTAN.</p><p>En cuanto a las relaciones entre Washington y Moscú, es posible que vuelvan a ponerse sobre la mesa otras cuestiones clave en las que las potencias cooperaban antes de la invasión, como el desarme nuclear, las fuerzas convencionales en Europa, el programa nuclear iraní, el conflicto palestino-israelí, etc.</p><h2><b>Acuerdo no impuesto</b></h2><p>Por su parte, la UE insistió el martes en que quiere “colaborar” con Estados Unidos para una paz “justa” en Ucrania, en palabras de la presidenta de la Comisión Europea, Ursula von der Leyen.</p><p>El presidente francés, Emmanuel Macron, organizó el lunes en París una cumbre de emergencia europea para intentar acordar una postura común sobre la seguridad y abandonar el papel de meros espectadores.</p><p>El mandatario galo habló con Trump y con el presidente ucraniano, Volodimir Zelenski, quien le dijo que compartían “una visión común” sobre la manera de alcanzar la paz.</p><p>Zelenski llegará el miércoles a Arabia Saudita, donde aseguró que no planeaba reunirse con representantes estadounidenses o rusos.</p><p>El dirigente ucraniano advirtió que su país “no reconocerá” ningún acuerdo sobre su futuro que sea alcanzado sin su participación, y lamentó no haber sido informado oficialmente de la reunión en Riad.</p><p>El enviado especial de Donald Trump para Ucrania, Keith Kellogg, que viajará el jueves a Kiev, aseguró no obstante el lunes en Bruselas que Estados Unidos no impondría un acuerdo a Kiev para concluir la guerra.</p> ]]>
</content:encoded>
<media:content url="https://diariocorreo.pe/resizer/v2/GO5AHDO2OBF6FEGIBUA5CHS5QY.jpg?width=1800&height=1200&auth=0092c35c9cc327b1089f2e4e2835a731f15a49e10a4efa6f747b6c362e45ea87&smart=true" type="image/jpeg" height="1200" width="1800">
<media:description type="plain">
<![CDATA[ Por su parte, el presidente ucraniano, Volodimir Zelenski, de visita oficial en Turquía, no dudó en criticar la reunión, “de nuevo sobre Ucrania y sin Ucrania”. (Foto de Handout / cuenta X de Volodymyr Zelensky / AFP) ]]>
</media:description>
<media:credit role="author" scheme="urn:ebu">HANDOUT</media:credit>
</media:content>
</item>
<item>
<title>
<![CDATA[ Sebastián Arcuri, CEO y Country Head de Scotiabank Perú: “La agroexportación se consolida en la región Piura” ]]>
</title>
<link>https://diariocorreo.pe/edicion/piura/sebastian-arcuri-gerente-general-de-scotiabank-la-agroexportacion-se-consolida-en-la-region-piura-noticia/</link>
<guid isPermaLink="true">https://diariocorreo.pe/edicion/piura/sebastian-arcuri-gerente-general-de-scotiabank-la-agroexportacion-se-consolida-en-la-region-piura-noticia/</guid>
<dc:creator>
<![CDATA[ Tania Bautista Castillo ]]>
</dc:creator>
<description>
<![CDATA[ El sector agroexportador se consolida como un pilar estratégico para eldesarrollo económico de la región y del país. Así lo destacó Sebastián Arcuri, CEO y Country Head de Scotiabank Perú, quien resaltó la importancia del financiamiento para el crecimiento y sostenibilidad de este rubro clave en la economía nacional. ]]>
</description>
<pubDate>Tue, 18 Feb 2025 14:56:15 +0000</pubDate>
<content:encoded>
<![CDATA[ <p><b>El sector agroexportador se consolida como un pilar estratégico para el</b><a href="https://diariocorreo.pe/edicion/piura/mas-de-5000-hectareas-se-verian-afectadas-ante-aumento-del-rio-en-piura-noticia/" target="_blank" rel="noreferrer" title="https://diariocorreo.pe/edicion/piura/mas-de-5000-hectareas-se-verian-afectadas-ante-aumento-del-rio-en-piura-noticia/"><b> desarrollo económico de la región</b></a><b> y del país. Así lo destacó Sebastián Arcuri, CEO y Country Head de Scotiabank Perú, quien resaltó la importancia del financiamiento para el crecimiento y sostenibilidad de este rubro clave en la economía nacional. </b></p><p>Scotiabank, uno de los principales actores en el financiamiento del comercio exterior, mantiene un fuerte compromiso con los exportadores piuranos. </p><p>“A nivel nacional, tenemos un 14% de participación de mercado en este sector, y en Piura alcanzamos el 16%, lo que refleja nuestro compromiso con la región”, recalcó Arcuri.</p><blockquote><p><a href="https://diariocorreo.pe/edicion/piura/emergencia-en-piura-los-pobladores-cavan-huecos-para-buscar-agua-en-las-zonas-bajas-noticia/">PUEDE VER: Emergencia en Piura: Los pobladores cavan huecos para buscar agua en las zonas bajas</a></p></blockquote><p>Reconoció los desafíos que enfrentó la agroexportación debido a los fenómenos climáticos adversos, como la sequía del 2024 y los fenómenos El Niño anteriores. Sin embargo, señaló que la recuperación ya está en marcha, impulsada por la mejora de las condiciones climáticas y una fuerte demanda internacional.</p><p>“Nuestra estrategia es acompañar al cliente durante todo el ciclo productivo, permitiendo la recuperación en tiempos difíciles”, subrayó. </p><p>Arcuri afirmó que el sector agroexportador ha mostrado un alto interés en acceder a créditos e inversiones para fortalecer sus operaciones.</p><p>“Estamos apoyando activamente a nuestros clientes en las campañas agrícolas, facilitando financiamiento con un enfoque de sostenibilidad”, agregó.</p><p>El crecimiento económico promedio anual de Piura fue de 1,9 % en la última década (2014-2023). La producción de la región tuvo una expansión de 1,5 % en 2023 respecto al año previo. Cabe señalar que la región creció 11,7 % anual en 2021, lo que implicó una recuperación de su economía, luego de su retroceso de 9,3 % en 2020 por la pandemia del COVID-19.</p><p>Sobre el impacto de la inseguridad ciudadana en la inversión privada, Arcuri reconoció que es un factor de preocupación a nivel nacional. No obstante, aseguró que Scotiabank mantiene su respaldo al sector, reafirmando su rol como socio estratégico para los exportadores. </p><p>“El sector agroexportador es clave para nosotros. Somos uno de los bancos pioneros en este rubro y seguimos viendo un enorme potencial de crecimiento, tanto en la demanda internacional como en la expansión de tierras cultivables”, afirmó. </p><p>Destacó, además, que Perú posee rendimientos agrícolas superiores a los de otros países de la región, lo que refuerza su competitividad en el mercado global.</p><p>Como muestra del impacto positivo del financiamiento en el sector, Arcuri mencionó el caso de la empresa Taxus, un negocio que comenzó con la pesca artesanal y evolucionó hasta convertirse en un exportador consolidado. “Es un ejemplo del emprendimiento de la región y de cómo una empresa puede crecer con el apoyo financiero adecuado”.</p> ]]>
</content:encoded>
<media:content url="https://diariocorreo.pe/resizer/v2/QGFDKCROCJAQROLYYBB7QPGRIQ.jpg?width=1280&height=960&auth=ef31d46f3c04699da2e8d35d16b6d162fea95fa92ce52f359ad380f85656f5aa&smart=true" type="image/jpeg" height="960" width="1280">
<media:credit role="author" scheme="urn:ebu">SYSTEM</media:credit>
</media:content>
</item>
<item>
<title>
<![CDATA[ Mujer de 79 años queda en coma tras ser atropellada en La Victoria: conductor fugó ]]>
</title>
<link>https://diariocorreo.pe/edicion/lima/mujer-de-79-anos-queda-en-coma-tras-ser-atropellada-en-la-victoria-conductor-fugo-noticia/</link>
<guid isPermaLink="true">https://diariocorreo.pe/edicion/lima/mujer-de-79-anos-queda-en-coma-tras-ser-atropellada-en-la-victoria-conductor-fugo-noticia/</guid>
<dc:creator>
<![CDATA[ Redacción Diario Correo ]]>
</dc:creator>
<description/>
<pubDate>Tue, 18 Feb 2025 16:04:00 +0000</pubDate>
<content:encoded>
<![CDATA[ <p>Un<b> atropello</b> se registró en el distrito de <b>La Victoria</b> que dejó en estado de <b>coma</b> a <b>Viviana Ureta Nolazco, de 79 años</b>, quien fue embestida cuando regresaba a su casa.</p><p>El conductor responsable <b>se detuvo brevemente en el Jirón Abtao</b>, pero luego <b>huyó de la escena</b>, dejando a la adulta mayor gravemente herida en la pista.</p><h2><b>Familiares exigen justicia</b></h2><p>Los familiares de Viviana Ureta piden a la <b>Policía Nacional del Perú (PNP)</b> que capture al conductor y que el caso <b>no quede impune</b>.</p><p>Además del <b>dolor y la preocupación por su estado de salud</b>, la familia <b>asume todos los gastos médicos y los costos de tratamiento</b>, que incluyen una <b>larga lista de medicamentos</b>.</p><p>Hasta el momento, las autoridades <b>no han identificado al conductor prófugo</b>. Se solicita la colaboración de <b>testigos y cámaras de seguridad</b> para dar con su paradero.</p><h2><b>TE PUEDE INTERESAR</b></h2><ul><li><a href="https://diariocorreo.pe/edicion/lima/panamericana-sur-dos-fans-de-shakira-mueren-al-regresar-a-chincha-tras-cancelacion-de-concierto-peru-noticia/" rel="" title="https://diariocorreo.pe/edicion/lima/panamericana-sur-dos-fans-de-shakira-mueren-al-regresar-a-chincha-tras-cancelacion-de-concierto-peru-noticia/">Dos fanáticas de Shakira mueren en choque al regresar a Chincha tras cancelación de concierto</a></li><li><a href="https://diariocorreo.pe/edicion/lima/panamericana-sur-dos-fans-de-shakira-mueren-al-regresar-a-chincha-tras-cancelacion-de-concierto-peru-noticia/" rel="" title="https://diariocorreo.pe/edicion/lima/panamericana-sur-dos-fans-de-shakira-mueren-al-regresar-a-chincha-tras-cancelacion-de-concierto-peru-noticia/">Estafan a fanáticos de Shakira con entradas falsas en el Estadio Nacional</a></li><li><a href="https://diariocorreo.pe/edicion/lima/panamericana-sur-dos-fans-de-shakira-mueren-al-regresar-a-chincha-tras-cancelacion-de-concierto-peru-noticia/" rel="" title="https://diariocorreo.pe/edicion/lima/panamericana-sur-dos-fans-de-shakira-mueren-al-regresar-a-chincha-tras-cancelacion-de-concierto-peru-noticia/">BNP y Minedu inauguran la primera Biblioteca Hospitalaria en el INEN para pacientes oncológicos</a></li><li><a href="https://diariocorreo.pe/edicion/lima/panamericana-sur-dos-fans-de-shakira-mueren-al-regresar-a-chincha-tras-cancelacion-de-concierto-peru-noticia/" rel="" title="https://diariocorreo.pe/edicion/lima/panamericana-sur-dos-fans-de-shakira-mueren-al-regresar-a-chincha-tras-cancelacion-de-concierto-peru-noticia/">Sismo de magnitud 4.9 en Lima: epicentro fue en Oyón y no genera alerta de tsunami</a></li><li><a href="https://diariocorreo.pe/edicion/lima/panamericana-sur-dos-fans-de-shakira-mueren-al-regresar-a-chincha-tras-cancelacion-de-concierto-peru-noticia/" rel="" title="https://diariocorreo.pe/edicion/lima/panamericana-sur-dos-fans-de-shakira-mueren-al-regresar-a-chincha-tras-cancelacion-de-concierto-peru-noticia/">Delincuentes roban dinero de pollada solidaria en Carabayllo</a></li><li><a href="https://diariocorreo.pe/edicion/lima/panamericana-sur-dos-fans-de-shakira-mueren-al-regresar-a-chincha-tras-cancelacion-de-concierto-peru-noticia/" rel="" title="https://diariocorreo.pe/edicion/lima/panamericana-sur-dos-fans-de-shakira-mueren-al-regresar-a-chincha-tras-cancelacion-de-concierto-peru-noticia/">Tiroteo en Callao: Matan a mototaxista y hieren a mujer de 68 años</a></li></ul> ]]>
</content:encoded>
<media:content url="https://diariocorreo.pe/resizer/v2/7DCZ7OL5I5CCBHEMUBUGONGM5I.png?width=1280&height=720&auth=3147dece91200ffb46a62ab4455775a24a2580871d8beb71122d6977f9920e39&smart=true" type="image/png" height="720" width="1280">
<media:description type="plain">
<![CDATA[ Viviana Ureta Nolazco fue embestida cuando regresaba a su casa. Su familia exige justicia y la captura del responsable, quien huyó tras el accidente. ]]>
</media:description>
</media:content>
</item>
<item>
<title>
<![CDATA[ Puente Piedra: Padre e hija atropellados por un auto fuera de control tras el ataque a su conductor ]]>
</title>
<link>https://diariocorreo.pe/edicion/lima/puente-piedra-padre-e-hija-atropellados-por-un-auto-fuera-de-control-tras-el-ataque-a-su-conductor-peru-pnp-crimen-noticia/</link>
<guid isPermaLink="true">https://diariocorreo.pe/edicion/lima/puente-piedra-padre-e-hija-atropellados-por-un-auto-fuera-de-control-tras-el-ataque-a-su-conductor-peru-pnp-crimen-noticia/</guid>
<dc:creator>
<![CDATA[ Andrea Pereyra ]]>
</dc:creator>
<description>
<![CDATA[ Agentes de la Comisaría PNP de Zapallal llegaron al lugar y acordonaron la zona para realizar las diligencias correspondientes. ]]>
</description>
<pubDate>Tue, 18 Feb 2025 16:01:56 +0000</pubDate>
<content:encoded>
<![CDATA[ <ul><li><a href="https://diariocorreo.pe/edicion/lima/panamericana-sur-dos-fans-de-shakira-mueren-al-regresar-a-chincha-tras-cancelacion-de-concierto-peru-noticia/">Dos fanáticas de Shakira mueren en choque al regresar a Chincha tras cancelación de concierto</a></li><li><a href="https://diariocorreo.pe/edicion/lima/delincuentes-roban-dinero-de-pollada-solidaria-en-carabayllo-peru-pnp-noticia/">Delincuentes roban dinero de pollada solidaria en Carabayllo</a></li></ul><p><b>Un automóvil fuera de control atropelló a un padre y su hija en la calle Los Ficus, en el distrito de Puente Piedra</b>.<b> El conductor del vehículo, quien previamente había sido baleado por desconocidos, perdió el control y causó la fatal embestida.</b></p><p>Joel Quispe, de 55 años, murió en el lugar, mientras que su hija, Camila Quispe, de 19 años, resultó gravemente herida y fue trasladada de emergencia al Hospital Carlos Lanfranco La Hoz. Su estado de salud es reservado.</p><p>Según relataron familiares a RPP, las víctimas regresaban de hacer compras en un mercado cuando fueron sorprendidas por el vehículo descontrolado. Testigos señalaron que ambos fueron embestidos y arrastrados por al menos dos cuadras.</p><p>Fuentes policiales confirmaron que el conductor del automóvil, cuya identidad aún no ha sido revelada, también perdió la vida debido a la gravedad de sus heridas.</p><p>Agentes de la Comisaría PNP de Zapallal llegaron al lugar y acordonaron la zona para realizar las diligencias correspondientes. </p><p>La Policía Nacional inició una investigación para esclarecer las circunstancias en las que el conductor fue baleado y determinar si el ataque está relacionado con algún hecho delictivo.</p><h2><mark class="hl_yellow"><b>TE PUEDE INTERESAR</b></mark></h2><ul><li><a href="https://diariocorreo.pe/politica/ministro-santivanez-pide-inhabilitar-por-10-anos-a-la-fiscal-de-la-nacion-delia-espinoza-noticia/"><b>Ministro Santiváñez pide inhabilitar por 10 años a la fiscal de la Nación, Delia Espinoza</b></a></li><li><a href="https://diariocorreo.pe/politica/ministros-adrianzen-y-quero-no-asistieron-a-citacion-del-congreso-noticia/"><b>Ministros Adrianzén y Quero no asistieron a citación del Congreso</b></a></li><li><a href="https://diariocorreo.pe/edicion/la-libertad/lluvias-dejan-seis-muertos-en-la-sierra-de-la-libertad-peru-noticia/"><b>Lluvias dejan seis muertos en la sierra de La Libertad</b></a></li><li><a href="https://diariocorreo.pe/edicion/huancayo/la-oroya-buscan-a-conductor-y-cuatro-pasajeros-que-fueron-tragados-por-el-rio-mantaro-noticia/"><b>La Oroya: Buscan a conductor y cuatro pasajeros que fueron tragados por el río Mantaro</b></a></li><li><a href="https://diariocorreo.pe/edicion/huancayo/la-oroya-tras-accidente-madre-tiene-la-esperanza-de-hallar-con-vida-a-su-hija-noticia/"><b>La Oroya: Tras accidente madre tiene la esperanza de hallar con vida a su hija</b></a></li></ul> ]]>
</content:encoded>
<media:content url="https://diariocorreo.pe/resizer/v2/KZTQPSEUO5ANFD6X4AGCAYBRJA.jpg?width=1280&height=720&auth=cbda02c2096d1b823f55d31e8f34fe71de3656bdca58423f4d8cc21d0fdb9730&smart=true" type="image/jpeg" height="720" width="1280">
<media:description type="plain">
<![CDATA[ Fotos: César Grados/@photo.gec ]]>
</media:description>
</media:content>
</item>
<item>
<title>
<![CDATA[ Huamanga: cárcel por robar celular empleando una motocicleta para huir ]]>
</title>
<link>https://diariocorreo.pe/edicion/ica/huamanga-carcel-por-robar-celular-empleando-una-motocicleta-para-huir-noticia/</link>
<guid isPermaLink="true">https://diariocorreo.pe/edicion/ica/huamanga-carcel-por-robar-celular-empleando-una-motocicleta-para-huir-noticia/</guid>
<dc:creator>
<![CDATA[ José Chacaliaza Ramos ]]>
</dc:creator>
<description/>
<pubDate>Tue, 18 Feb 2025 16:00:00 +0000</pubDate>
<content:encoded>
<![CDATA[ <p><b>La Tercera Fiscalía Provincial Penal Corporativa de Huamanga, logró que se declare fundado el requerimiento de prisión preventiva por 6 meses contra Alex Avilés y Jorge Isuiza, por el presunto delito contra el patrimonio, en la modalidad de </b><a href="https://diariocorreo.pe/edicion/ica/ica-capturan-a-delincuente-tras-persecucion-policial-noticia/" target="_self" rel="" title="https://diariocorreo.pe/edicion/ica/ica-capturan-a-delincuente-tras-persecucion-policial-noticia/"><b>robo agravado, </b></a><b>y adicionalmente contra el primer investigado por la</b><a href="https://diariocorreo.pe/edicion/ica/ica-capturan-a-delincuente-tras-persecucion-policial-noticia/" target="_self" rel="" title="https://diariocorreo.pe/edicion/ica/ica-capturan-a-delincuente-tras-persecucion-policial-noticia/"><b> modalidad de receptación.</b></a></p><h2><b>Grave delito</b></h2><p>El 12 de febrero de 2025, alrededor a las 7:00 de la noche, en la cuarta cuadra de la avenida Señor de Los Milagros, distrito de Jesús Nazareno, los investigados, en su condición de coautores, se habrían apropiado del equipo celular del primer agraviado, para lo cual habrían empleado violencia. Así, Avilés, habría arrebatado el teléfono móvil que la víctima tenía en su mano, para lo cual se habría acercado lentamente a bordo de una moto lineal conducida por Isuiza.</p><p>En ese momento, el agraviado habría puesto resistencia, no soltando su bien; por lo que se habría producido un forcejeo; Avilés lo habría superado en fuerza y habría huido a bordo del referido vehículo menor con dirección desconocida.</p><p>Posteriormente, alrededor de las 7:30 de la noche, cuando efectivos policiales realizaban un patrullaje rutinario por el parque del Adulto Mayor, distrito de Ayacucho, observaron a dos sujetos de sexo masculino en una motocicleta, quienes al observar la presencia policial mostraron actitud sospechosa y trataron de escapar subiendo a la vereda, por lo cual uno de los agentes del orden se lanzó sobre la unidad motorizada, haciendo caer al suelo al copiloto; en tanto, el conductor huyó.</p><p>Seguidamente, Avilés empezó a correr y en el trayecto lanzó un equipo celular, determinándose que dicho teléfono móvil fue sustraído momentos antes a la víctima; no obstante, el personal policial logró alcanzar al presunto facineroso.</p><p>Por otro lado, Avilés, luego de ser intervenido, fue registrado, hallándose en su poder un teléfono móvil reportado como sustraído, el cual venía usando con un número telefónico a su nombre.</p><h2><b>VIDEO RECOMENDADO</b></h2><p><iframe width="560" height="315" src="https://www.youtube.com/embed/CSeeFmkkhc0?si=vZIF8d9KQvQ3YuHO" title="YouTube video player" frameborder="0" allow="accelerometer; autoplay; clipboard-write; encrypted-media; gyroscope; picture-in-picture; web-share" referrerpolicy="strict-origin-when-cross-origin" allowfullscreen></iframe></p> ]]>
</content:encoded>
<media:content url="https://diariocorreo.pe/resizer/v2/EBVMEYNTNBCWXHEUMAHYUOJ6IE.jpg?width=2048&height=1152&auth=6745d7afc3165405c2ec81931075632140e2ab6a37f6f4f675b32aa1fb030680&smart=true" type="image/jpeg" height="1152" width="2048">
<media:credit role="author" scheme="urn:ebu">Picasa</media:credit>
</media:content>
</item>
<item>
<title>
<![CDATA[ Pisco: mujer muere tras accidente en miniván en la Panamericana Sur ]]>
</title>
<link>https://diariocorreo.pe/edicion/ica/pisco-mujer-muere-tras-accidente-en-minivan-en-la-panamericana-sur-noticia/</link>
<guid isPermaLink="true">https://diariocorreo.pe/edicion/ica/pisco-mujer-muere-tras-accidente-en-minivan-en-la-panamericana-sur-noticia/</guid>
<dc:creator>
<![CDATA[ Redacción Diario Correo ]]>
</dc:creator>
<description/>
<pubDate>Tue, 18 Feb 2025 16:00:00 +0000</pubDate>
<content:encoded>
<![CDATA[ <p><b>Una mujer de 58 años de edad no resistió más los fuertes golpes que fue objeto a raíz de un accidente ocurrido este fin de semana en </b><a href="https://diariocorreo.pe/edicion/ica/pisco-minivan-se-despista-y-deja-siete-heridos-por-pampas-de-ocas-noticia/" rel="" title="https://diariocorreo.pe/edicion/ica/pisco-minivan-se-despista-y-deja-siete-heridos-por-pampas-de-ocas-noticia/"><b>Pampas de Ocas</b></a><b>, en el kilometro 223 de la </b><a href="https://diariocorreo.pe/edicion/ica/pisco-padre-e-hijo-fallecen-tras-ser-arrollados-por-un-trailer-en-el-distrito-de-san-andres-noticia/" target="_self" rel="" title="https://diariocorreo.pe/edicion/ica/pisco-padre-e-hijo-fallecen-tras-ser-arrollados-por-un-trailer-en-el-distrito-de-san-andres-noticia/"><b>Panamericana Sur</b></a><b>, en la jurisdicción de San Andrés, en Pisco.</b></p><h3><b>Hechos trágicos</b></h3><p> Se trata de la ciudadana Sonia Nancy Gonzales Galván de 58 años, quien viajaba con su esposo dentro de la miniván, tras sufrir un terrible accidente de tránsito que ocurrió cerca al bypass de Pampas de Ocas, jurisdicción del distrito de San Andrés, donde varias personas resultaron heridas y una mujer perdería la vida por los fuertes golpes durante el accidente de tránsito.</p><p>Por otro lado, el conductor de la miniván de placa AAL - 808, identificado como Alfredo Amado Quispe Gonzales de 34 años de edad, también sería llevado al Hospital San Juan de Dios de Pisco para curar sus heridas. </p><p>Al cierre de este informe, los últimos pasajeros vienen recuperándose de los golpes y heridas para ser dados de alta. </p><p>Cabe mencionar que esta movilidad viajaba de sur a norte, cuando de un momento a otro el conductor perdería el control de la miniván, volcándose aparatosamente sobre la pista, posiblemente a consecuencia de un neumático reventado como señalan algunos pasajeros.</p><p>Por ahora, la policía viene investigando el caso del accidente vial que dejó a una persona fallecida.</p><h1><b>VIDEO RECOMENDADO</b></h1><p><iframe width="560" height="315" src="https://www.youtube.com/embed/CSeeFmkkhc0?si=4qnp2CmvpBNw9YX2" title="YouTube video player" frameborder="0" allow="accelerometer; autoplay; clipboard-write; encrypted-media; gyroscope; picture-in-picture; web-share" referrerpolicy="strict-origin-when-cross-origin" allowfullscreen></iframe></p> ]]>
</content:encoded>
<media:content url="https://diariocorreo.pe/resizer/v2/3Q7NGKABL5ASVHH4KSUUSIHQMA.jpg?width=945&height=499&auth=13c1677e2a79cf6284560fc9bf50992b144bc1bff177d97bb40380a8bfefffcb&smart=true" type="image/jpeg" height="499" width="945"/>
</item>
<item>
<title>
<![CDATA[ Nasca, Vista Alegre y Changuillo en emergencia por lluvias intensas y huaicos ]]>
</title>
<link>https://diariocorreo.pe/edicion/ica/nasca-vista-alegre-y-changuillo-en-emergencia-por-lluvias-intensas-y-huaicos-noticia/</link>
<guid isPermaLink="true">https://diariocorreo.pe/edicion/ica/nasca-vista-alegre-y-changuillo-en-emergencia-por-lluvias-intensas-y-huaicos-noticia/</guid>
<dc:creator>
<![CDATA[ José Chacaliaza Ramos ]]>
</dc:creator>
<description/>
<pubDate>Tue, 18 Feb 2025 16:00:00 +0000</pubDate>
<content:encoded>
<![CDATA[ <p><b>Ayer, por la mañana, la Presidenta de la República, Dina Boluarte, le adelantó al alcalde de la </b><a href="https://diariocorreo.pe/edicion/ica/huaicos-en-nasca-y-palpa-devastan-decenas-de-viviendas-y-carreteras-noticia/" target="_self" rel="" title="https://diariocorreo.pe/edicion/ica/huaicos-en-nasca-y-palpa-devastan-decenas-de-viviendas-y-carreteras-noticia/"><b>provincia de Nasca,</b></a><b> Jorge Bravo que los distritos de Nasca, Vista Alegre y Changuillo serán declarados en emergencia por el peligro inminente ante las intensas lluvias y el incremento del</b><a href="https://diariocorreo.pe/edicion/ica/nasca-huaico-arrastro-a-hombre-de-57-anos-y-esta-desaparecido-noticia/" target="_self" rel="" title="https://diariocorreo.pe/edicion/ica/nasca-huaico-arrastro-a-hombre-de-57-anos-y-esta-desaparecido-noticia/"><b> caudal de los ríos.</b></a></p><h2><b>Miles de afectados</b></h2><p>Con la medida se busca ejecutar las medidas necesarias e inmediatas que reduzcan el muy alto riesgo existente y que fortalezcan la capacidad de respuesta del Estado.</p><p>El anuncio lo hizo la mandataria tras escuchar la exposición virtual de la autoridad edil en la reunión del Sistema Nacional de Gestión del Riesgo de Desastres –SINAGERD- el cual está integrado por la Presidenta de la República, Dina Boluarte, (quien lo preside) y los ministros de diversos sectores.</p><img src="https://diariocorreo.pe/resizer/v2/UM6RUZG7WVBQ7BJ7I6HHR2V26M.jpg?width=2048&height=1846&auth=91cb44833fabc2bd7552fb96a8d5a83442ca83ceda0adcb70135650b4c9c4577&smart=true" alt="" height="1846" width="2048"/><p>Durante su exposición el alcalde detalló los daños ocasionados por el desborde de los ríos, las intensas lluvias y la caída de huaicos que han dejado casi dos mil damnificados y viviendas destruidas e inhabitables. </p><p>De igual manera, cinco centros de salud dañados y dos inhabitables. Una persona desaparecida por la crecida de los ríos, y el aeródromo cerrado por los huaicos lo que afecta considerablemente al turismo en la provincia. Por ello, el burgomaestre le solicitó a la presidenta declarar a Nasca, Vista Alegre y Changuillo en emergencia y entregar el bono excepcional a los damnificados.</p><img src="https://diariocorreo.pe/resizer/v2/EGRVIPNBDZBPXEILVCXQ56OYSI.JPG?width=6000&height=4000&auth=1b96d413832f720aad7ef856f5816ee8e93f8d30979ed7598ed308a302ea3a98&smart=true" alt="" height="4000" width="6000"/><p>También le precisó que como gobierno local ha formulado desde el 2023, ocho expedientes de defensa ribereña definitiva, pero hasta ahora no ha logrado el financiamiento para las obras. </p><p>Todos los años, al año se gasta unos 200 millones de soles en descolmatación de los ríos Aja, Tierras Blancas y Nasca, entonces con 320 millones puede hacerse una defensa definitiva. “Le pido presidenta que hagamos un esfuerzo para hacer defensas definitivas en esos ríos”, dijo.</p><h2><b>VIDEO RECOMENDADO</b></h2><p><iframe width="560" height="315" src="https://www.youtube.com/embed/CSeeFmkkhc0?si=vZIF8d9KQvQ3YuHO" title="YouTube video player" frameborder="0" allow="accelerometer; autoplay; clipboard-write; encrypted-media; gyroscope; picture-in-picture; web-share" referrerpolicy="strict-origin-when-cross-origin" allowfullscreen></iframe></p> ]]>
</content:encoded>
<media:content url="https://diariocorreo.pe/resizer/v2/ZE5VJ557SBEXBFF65IJCODJU3E.JPG?width=6000&height=4000&auth=5648db90a2465bdb772a99e88b92f5933f19ba663a0967367cf3ed8a95f9576f&smart=true" type="image/jpeg" height="4000" width="6000">
<media:credit role="author" scheme="urn:ebu">Genry Bautista</media:credit>
</media:content>
</item>
<item>
<title>
<![CDATA[ Posible activación de quebradas está en nivel rojo en la región Ica ]]>
</title>
<link>https://diariocorreo.pe/edicion/ica/posible-activacion-de-quebradas-esta-en-nivel-rojo-en-la-region-ica-noticia/</link>
<guid isPermaLink="true">https://diariocorreo.pe/edicion/ica/posible-activacion-de-quebradas-esta-en-nivel-rojo-en-la-region-ica-noticia/</guid>
<dc:creator>
<![CDATA[ Redacción Diario Correo ]]>
</dc:creator>
<description/>
<pubDate>Tue, 18 Feb 2025 16:00:00 +0000</pubDate>
<content:encoded>
<![CDATA[ <p><b>La provincia de Ica, por tercera vez ha sido afectada por las </b><a href="https://diariocorreo.pe/edicion/ica/la-region-ica-fue-azotada-por-mas-de-3-horas-de-lluvias-intensas-que-dejo-miles-de-afectados-noticia/" target="_self" rel="" title="https://diariocorreo.pe/edicion/ica/la-region-ica-fue-azotada-por-mas-de-3-horas-de-lluvias-intensas-que-dejo-miles-de-afectados-noticia/"><b>lluvias intensas</b></a><b>. Ayer desde las 3:00 de la tarde se registraron precipitaciones de manera intensa en Parcona, La Tinguiña, San Juan Bautista, Salas Guadalupe, Los Molinos y otros, causando que la cifra de </b><a href="https://diariocorreo.pe/edicion/ica/ica-rompio-records-de-lluvias-intensas-que-destruyeron-viviendas-noticia/" target="_self" rel="" title="https://diariocorreo.pe/edicion/ica/ica-rompio-records-de-lluvias-intensas-que-destruyeron-viviendas-noticia/"><b>viviendas damnificadas </b></a><b>sea aún mayor.</b></p><h2><b>Peligro masivo</b></h2><p>De acuerdo con el Servicio Nacional de Meteorología e Hidrología del Perú (Senamhi), la región Ica se encuentra en nivel rojo de alerta por posibles activaciones de quebradas que podrían generar huaicos. El último reporte fue emitido ayer y está vigente entre 17 de y 18 de febrero.</p><p>En el caso de la región Ica, en Chincha, Ica, Palpa y Pisco. El aviso indica la posibilidad de activación de quebradas, asociadas a las lluvias pronosticadas para las siguientes 24 horas (aviso de corto plazo), considerando la lluvia de los 7 días anteriores y la susceptibilidad a movimientos en masa.</p><p>La activación de quebradas (o huaicos) se refiere a los flujos de agua y movimientos en masa rápidos en quebradas o cuencas pequeñas resultantes de la acción de las lluvias precedentes y actuales, y las condiciones geológicas. Incluye flujos de lodo, crecidas de detritos y flujo de detritos.</p><h2><b>VIDEO RECOMENDADO</b></h2><p><iframe width="560" height="315" src="https://www.youtube.com/embed/CSeeFmkkhc0?si=4qnp2CmvpBNw9YX2" title="YouTube video player" frameborder="0" allow="accelerometer; autoplay; clipboard-write; encrypted-media; gyroscope; picture-in-picture; web-share" referrerpolicy="strict-origin-when-cross-origin" allowfullscreen></iframe></p> ]]>
</content:encoded>
<media:content url="https://diariocorreo.pe/resizer/v2/IKKAGK7ZURGEXISX527D3W57V4.JPG?width=6000&height=4000&auth=b7327cd62004b8f7c39abd5814684b62312e9bd3316471d8b6336b82063735b1&smart=true" type="image/jpeg" height="4000" width="6000">
<media:credit role="author" scheme="urn:ebu">Genry Bautista</media:credit>
</media:content>
</item>
<item>
<title>
<![CDATA[ Ica: peligrosas quebradas podrían activarse por serie de lluvias intensas ]]>
</title>
<link>https://diariocorreo.pe/edicion/ica/ica-peligrosas-quebradas-podrian-activarse-por-serie-de-lluvias-intensas-noticia/</link>
<guid isPermaLink="true">https://diariocorreo.pe/edicion/ica/ica-peligrosas-quebradas-podrian-activarse-por-serie-de-lluvias-intensas-noticia/</guid>
<dc:creator>
<![CDATA[ José Chacaliaza Ramos ]]>
</dc:creator>
<description/>
<pubDate>Tue, 18 Feb 2025 16:00:00 +0000</pubDate>
<content:encoded>
<![CDATA[ <p><a href="https://diariocorreo.pe/edicion/ica/ica-rompio-records-de-lluvias-intensas-que-destruyeron-viviendas-noticia/" target="_self" rel="" title="https://diariocorreo.pe/edicion/ica/ica-rompio-records-de-lluvias-intensas-que-destruyeron-viviendas-noticia/"><b>La provincia de Ica, </b></a><b>por tercera vez ha sido afectada por las lluvias intensas. Ayer desde las 3:00 de la tarde se registraron precipitaciones de manera intensa en Parcona, la Tinguiña, San Juan Bautista, Salas Guadalupe, Los Molinos y otros, causando que la cifra </b><a href="https://diariocorreo.pe/edicion/ica/ica-lluvias-intensas-azotan-y-dejan-miles-de-viviendas-afectadas-noticia/" target="_self" rel="" title="https://diariocorreo.pe/edicion/ica/ica-lluvias-intensas-azotan-y-dejan-miles-de-viviendas-afectadas-noticia/"><b>de viviendas damnificadas sea aún mayor.</b></a></p><h2><b>Nivel rojo</b></h2><p>De acuerdo con el Servicio Nacional de Meteorología e Hidrología del Perú (Senamhi), la región Ica se encuentra en nivel rojo de alerta por posibles activaciones de quebradas que podrían generar huaicos. El último reporte fue emitido ayer y está vigente entre 17 de y 18 de febrero.</p><img src="https://diariocorreo.pe/resizer/v2/CLYK4JCWQVFYFNCXZ67BOKJVR4.JPG?width=6000&height=4000&auth=3c84d928db76829b6e7a7a8089ad69cbb679baf2116728c6ac3e48e76b975f44&smart=true" alt="" height="4000" width="6000"/><p>En el caso de la región Ica, en Chincha, Ica, Palpa y Pisco. El aviso indica la posibilidad de activación de quebradas, asociadas a las lluvias pronosticadas para las siguientes 24 horas (aviso de corto plazo), considerando la lluvia de los 7 días anteriores y la susceptibilidad a movimientos en masa.</p><img src="https://diariocorreo.pe/resizer/v2/2Q56FD57CRDM3H5HMSPTVGRTKA.JPG?width=6000&height=4000&auth=ff77a46006b729935a8b9b70966af12503028157c0d7f14bbbce0a6e25f6c13a&smart=true" alt="" height="4000" width="6000"/><p>La activación de quebradas (o huaicos) se refiere a los flujos de agua y movimientos en masa rápidos en quebradas o cuencas pequeñas resultantes de la acción de las lluvias precedentes y actuales, y las condiciones geológicas. Incluye flujos de lodo, crecidas de detritos y flujo de detritos.</p><h2><b>VIDEO RECOMENDADO</b></h2><p><iframe width="560" height="315" src="https://www.youtube.com/embed/CSeeFmkkhc0?si=vZIF8d9KQvQ3YuHO" title="YouTube video player" frameborder="0" allow="accelerometer; autoplay; clipboard-write; encrypted-media; gyroscope; picture-in-picture; web-share" referrerpolicy="strict-origin-when-cross-origin" allowfullscreen></iframe></p><h2><br></h2> ]]>
</content:encoded>
<media:content url="https://diariocorreo.pe/resizer/v2/IKKAGK7ZURGEXISX527D3W57V4.JPG?width=6000&height=4000&auth=b7327cd62004b8f7c39abd5814684b62312e9bd3316471d8b6336b82063735b1&smart=true" type="image/jpeg" height="4000" width="6000">
<media:credit role="author" scheme="urn:ebu">Genry Bautista</media:credit>
</media:content>
</item>
<item>
<title>
<![CDATA[ Arequipa: Exponen 16 obras inspiradas en Sor Ana de los Ángeles (VIDEO) ]]>
</title>
<link>https://diariocorreo.pe/edicion/arequipa/arequipa-exponen-16-obras-inspiradas-en-sor-ana-de-los-angeles-video-noticia/</link>
<guid isPermaLink="true">https://diariocorreo.pe/edicion/arequipa/arequipa-exponen-16-obras-inspiradas-en-sor-ana-de-los-angeles-video-noticia/</guid>
<dc:creator>
<![CDATA[ Redacción Diario Correo ]]>
</dc:creator>
<description>
<![CDATA[ Artesanos exponen 16 trabajos inspirados en la vida de Sor Ana de los Ángeles, al celebrarse 40 años de su beatificación en la ciudad de Arequipa. Los trabajos se encuentran en la sala del Monastario de Santa Catalina, situado en la calle Ugarte 300, Cercado. ]]>
</description>
<pubDate>Tue, 18 Feb 2025 15:51:52 +0000</pubDate>
<content:encoded>
<![CDATA[ <ul><li><a href="https://diariocorreo.pe/edicion/arequipa/calle-mercaderes-testigo-del-comercio-y-evolucion-arquitectonica-de-arequipa-noticia/" target="_blank"><b>Calle Mercaderes: Testigo del comercio y evolución arquitectónica de Arequipa</b></a></li><li><a href="https://diariocorreo.pe/edicion/arequipa/los-caminos-reales-que-conectaban-a-arequipa-con-lima-y-cusco-fotos-y-video-noticia/#google_vignette"><b>Los “Caminos Reales” que conectaban a Arequipa con Lima y Cusco (FOTOS Y VIDEO)</b></a></li><li><a href="https://diariocorreo.pe/edicion/arequipa/los-caminos-reales-que-conectaban-a-arequipa-con-lima-y-cusco-fotos-y-video-noticia/#google_vignette"><b>Casona Belaúnde en Yanahuara: Testimonio arquitectónico e histórico de Arequipa (FOTOS Y VIDEO)</b></a></li></ul><p><b>Artesanos exponen 16 trabajos inspirados en la vida de Sor Ana de los Ángeles, al celebrarse 40 años de su beatificación en la ciudad de Arequipa. Los trabajos se encuentran en la sala del Monastario de Santa Catalina, situado en la calle Ugarte 300, Cercado. </b></p><q><b>MIRA: </b><a href="https://diariocorreo.pe/edicion/arequipa/arequipa-sedapar-responsabilizo-a-los-municipios-de-no-considerar-drenajes-en-obras-viales-noticia/?ref=dcr" target="_blank"><b>Arequipa: Sedapar responsabilizó a los municipios de no considerar drenajes en obras viales</b></a></q><p>La exposición de las obras de los artesanos de Arequipa, Ayacucho, Junín, Cusco y Cajamarca, será hasta el 10 de marzo, <b>el ingreso es gratuito</b>. Sor Ana de los Ángeles dedicó su vida a Dios y se han creado imágenes inspirados en la vida de la regiliosa.</p><p><i><b>“Tratamos de plasmar nuestras raíces a través de la cerámica. Hemos averiguado de su vida y descubrimos una vida ejemplar y hemos plasmado en estas obras que estamos presentando. Me ha tomado 15 días en elaborar la imagen que tiene un significado”,</b></i> señaló Bernardino Arce.</p><p>Mientras, Henry Vilchez señaló que han utilizado materiales de la época para darle el realismo que amerita. <i><b>“Se le vinculaba con la planta de los naranjos. Hemos utilizado la tela de bayeta para túnica, con detalles particulares. Me ha demorado un mes y medio elaborarla”.</b></i></p><p>Los artesanos han utilizado diferentes materiales para realizar los trabajos que están expuestos en el Monasterio de Santa Catalina. Entre los más resaltantes se observa la <b>cerámica, sillar, metal forjado, entre otros.</b></p><h1><mark class="hl_yellow"><b>EN VIVO</b></mark></h1><p><iframe width="560" height="315" src="https://www.youtube.com/embed/LWEzYZil-70?si=6xGUQ0qZtGW6IG8j" title="YouTube video player" frameborder="0" allow="accelerometer; autoplay; clipboard-write; encrypted-media; gyroscope; picture-in-picture; web-share" referrerpolicy="strict-origin-when-cross-origin" allowfullscreen></iframe></p> ]]>
</content:encoded>
<media:content url="https://diariocorreo.pe/resizer/v2/OUZXV6BKDVCFNPX3MS27KWUSAA.jpg?width=1080&height=708&auth=59ff41a45052f85d32a861d8a1a406aec3df225a19c072992a1daebdf5ed382d&smart=true" type="image/jpeg" height="708" width="1080">
<media:description type="plain">
<![CDATA[ Imagen de Sor Ana de los Ángeles. Foto: GEC. ]]>
</media:description>
</media:content>
</item>
<item>
<title>
<![CDATA[ Arequipa: lluvias en partes media y alta continuarán hasta el 21 de febrero ]]>
</title>
<link>https://diariocorreo.pe/edicion/arequipa/arequipa-lluvias-en-partes-media-y-alta-continuaran-hasta-el-21-de-febrero-noticia/</link>
<guid isPermaLink="true">https://diariocorreo.pe/edicion/arequipa/arequipa-lluvias-en-partes-media-y-alta-continuaran-hasta-el-21-de-febrero-noticia/</guid>
<dc:creator>
<![CDATA[ Álvaro Figueroa ]]>
</dc:creator>
<description>
<![CDATA[ El Servicio Nacional de Meteorología e Hidrografía del Perú (Senamhi) informó que las precipitaciones, de moderada a fuerte intensidad, continuarán hasta el viernes 21 de febrero en la sierra media y alta de Arequipa, con presencia de nieve, granizo, aguanieve y lluvias. ]]>
</description>
<pubDate>Tue, 18 Feb 2025 15:49:43 +0000</pubDate>
<content:encoded>
<![CDATA[ <ul><li><a href="https://diariocorreo.pe/edicion/arequipa/piden-declaratoria-de-emergencia-en-7-provincias-de-la-region-arequipa-por-impacto-de-lluvias-noticia/"><b>Piden declaratoria de emergencia en 7 provincias de la región Arequipa por impacto de lluvias</b></a></li><li><a href="https://diariocorreo.pe/edicion/arequipa/piden-declaratoria-de-emergencia-en-7-provincias-de-la-region-arequipa-por-impacto-de-lluvias-noticia/"><b>Lluvias en Arequipa: 1248 viviendas afectadas, 89 damnificadas y 3 puentes intransitables (VIDEO)</b></a></li><li><a href="https://diariocorreo.pe/edicion/arequipa/piden-declaratoria-de-emergencia-en-7-provincias-de-la-region-arequipa-por-impacto-de-lluvias-noticia/"><b>Alerta por lluvias se mantiene en las provincias de Arequipa</b></a></li></ul><p><b>El Servicio Nacional de Meteorología e Hidrografía del Perú (Senamhi) informó que las precipitaciones, de moderada a fuerte intensidad, continuarán hasta el viernes 21 de febrero en la sierra media y alta de Arequipa, con presencia de nieve, granizo, aguanieve y lluvias.</b></p><q><b>MIRA: </b><a href="https://diariocorreo.pe/edicion/arequipa/piden-declarar-en-emergencia-103-distritos-de-la-region-arequipa-noticia/" target="_blank"><b>Temporada de lluvia: Piden declarar en emergencia 103 distritos de la región Arequipa</b></a></q><p>En el caso de granizo se espera su ocurrencia en zona por encima de los 2 mil 800 metros sobre el nivel del mar y nieve en las localidades ubicadas sobre los 4 mil metros sobre el nivel del mar.</p><p>Las provincias afectadas por las precipitaciones serán <b>La Unión, Condesuyos, Caravelí, Caylloma, Castilla y Arequipa</b>. Las precipitaciones también estarán acompañadas de descargas eléctricas y vientos con velocidades cercanas a las 40 kilómetros por hora, según detalla el aviso meteorológico emitido por Senamhi.</p><p>Para este <b>miércoles 19 de febrero se estima un acumulado de lluvia de 20 milímetros por día</b>, sobre todo en las partes altas, para el jueves 20, el nivel de acumulado llegará se prevén valores cercanos a los 15 milímetros por día, mientras que para el viernes 21 estos valores se mantendrán.</p><h1><mark class="hl_yellow"><b>VIDEO RECOMENDADO</b></mark></h1><p><iframe width="560" height="315" src="https://www.youtube.com/embed/OxQ4kQujhtk?si=zNxArq6twWpzNa6l" title="YouTube video player" frameborder="0" allow="accelerometer; autoplay; clipboard-write; encrypted-media; gyroscope; picture-in-picture; web-share" referrerpolicy="strict-origin-when-cross-origin" allowfullscreen></iframe></p> ]]>
</content:encoded>
<media:content url="https://diariocorreo.pe/resizer/v2/42ZN5OM6ARDJHIJKKCKY4NQMFM.jpeg?width=4000&height=2252&auth=c93b9f62d37ae87ab58bc93e8447ffe9645d297608ffa917838496f5aca94159&smart=true" type="image/jpeg" height="2252" width="4000">
<media:description type="plain">
<![CDATA[ Precipitaciones moderadas continuarán en la región. Foto: GEC. ]]>
</media:description>
</media:content>
</item>
<item>
<title>
<![CDATA[ Jorge Pardo, cantante: “Siempre he buscado la excelencia en la música” (Entrevista) ]]>
</title>
<link>https://diariocorreo.pe/espectaculos/jorge-pardo-cantante-siempre-he-buscado-la-excelencia-en-la-musica-noticia/</link>
<guid isPermaLink="true">https://diariocorreo.pe/espectaculos/jorge-pardo-cantante-siempre-he-buscado-la-excelencia-en-la-musica-noticia/</guid>
<dc:creator>
<![CDATA[ Johnny Padilla ]]>
</dc:creator>
<description>
<![CDATA[ El talentoso intérprete peruano cumple 30 años en la música y este 22 presenta “Vive Boleros” en La Cúpula de las Artes, para reafirmar la vigencia de su carrera y de un género musical que sigue vivo ]]>
</description>
<pubDate>Tue, 18 Feb 2025 15:42:19 +0000</pubDate>
<content:encoded>
<![CDATA[ <p>Treinta años de trayectoria, que incluyen importantes logros como dos Gaviotas de Plata en el Festival de Viña del Mar y nominaciones al Grammy Latino, son algunos de los hitos en la carrera de Jorge Pardo. El talentoso intérprete peruano presenta este 22 de febrero, “Vive Boleros” &nbsp;en la Cúpula de las Artes, &nbsp;espectáculo en el que reafirma su apuesta por un género romántico y sobre todo su vigencia. &nbsp; &nbsp; &nbsp; &nbsp; &nbsp; &nbsp; &nbsp; &nbsp; &nbsp; &nbsp; &nbsp; &nbsp; &nbsp; &nbsp; &nbsp; &nbsp; &nbsp; &nbsp; &nbsp; &nbsp; &nbsp; &nbsp; &nbsp; &nbsp; &nbsp; <i><b>“</b></i><i>Este show es de alguna manera mi conexión con la balada, porque empecé como baladista, antes de mi experiencia maravillosa con tenores y con la música peruana. El recital de &nbsp;alguna forma me reconecta a mis raíces, que es cantarle al romance, un género que ha sabido mantenerse &nbsp;vivo. Estamos haciendo un recorrido con lo mejor del bolero de toda la historia, empezando de alguna forma por Cuba”</i>, dice Pardo. </p><p><i><b>¿Cómo te ves a 30 años desde que empezaste en la música, qué pensabas antes, qué piensas ahora?</b></i> En un principio, yo pensé que había elegido la música como actividad de vida, pero me he dado cuenta que la música es la que &nbsp;me eligió. Yo siempre he tratado de dar mi mejor esfuerzo en cada proyecto que he emprendido, siempre he tratado de buscar la excelencia , y veo que las cosas caen por su propio peso, después de que tú trabajas en algo dándolo todo. Llo que veo es que he sobrevivido de alguna forma en estos 30 años de trayectoria, desde un perfil bajo si se quiere, en el sentido de que hoy en día le prestan más atención a lo mediático, y a mí nunca me ha gustado eso, &nbsp;pero sí vivir de esta cultura, vivir del arte. </p><p><i><b>Vives de la música y trabajar en lo que uno quiere es un privilegio.</b></i> Me tocó asumirlo de manera natural, yo pienso que hay que reivindicar de alguna forma el arte en el país, porque se le está dando el estatus de arte no necesariamente a cosas que realmente nos dejan &nbsp;muy bien en el extranjero. Tenemos el ejemplo de los Succar, que trabajan al nivel de la excelencia y eso le ha dado importantes reconocimientos, &nbsp;una presencia internacional que nosotros necesitamos para sentirnos orgullosos de quiénes somos. </p><p><i><b>También es importante apoyarnos entre peruanos, celebrar nuestros triunfos, no andar con mezquindades.</b></i> Lamentablemente es parte de nuestra idiosincrasia creo, y por eso, hablo de que es importante reivindicar no solamente el arte sino el mérito, porque muchas veces los espacios, incluso&nbsp;culturales, pero me refiero a los espacios mediáticos, están ocupados ahí por gentes que no necesariamente tiene los méritos que corresponden para elevar el estatus cultural del Perú. </p><img src="https://diariocorreo.pe/resizer/v2/NL6CTUGUXVAEDAOLWNJ7TLFXOY.jpg?width=8256&height=5081&auth=c3ade561990ffa9f2b8b57ba52e7e8e2e9cbb9286387812f3fc8094b3b9db649&smart=true" alt=""Hay géneros musicales que no van a pasar de moda jamás, porque tienen que ver directamente con el romance, con el romanticismo. La gente se sigue casando, enamorando, sigue escribiendo poesía, la gente sigue soñando, y de alguna forma “Vive boleros” es esa oportunidad para reencontrarse con esa fibra no solamente del amor, sino de la música", dice Jorge Pardo." height="5081" width="8256"/><img src="https://diariocorreo.pe/resizer/v2/U6ZERN2PFNBEJIQHMYICU7IJ4I.jpg?width=8256&height=5081&auth=1f4708eeed37c2d28946d6739ba69c9b374454790e2343e88d9151e5e1ddfa74&smart=true" alt=""Hay géneros musiicales "Hay géneros musicales que jamás van a pasar de moda jamás, porque tienen que ver directamente con el romance, con el romanticismo. La gente se sigue casando, enamorando, sigue escribiendo poesía, la gente sigue soñando, y de alguna forma “Vive boleros” es esa oportunidad para reencontrarse con esa fibra no solamente del amor, sino de la música", dice Pardo." height="5081" width="8256"/><p><i><b>El bolero forma parte de tu nuevo espectáculo, ¿consideras que el género&nbsp;está quedando en un segundo plano ante las nuevas tendencias?</b></i> Por eso, nosotros no vamos a tocar los boleros digamos en su estado tradicionalista, nosotros tenemos nuestra propia manera de tratarlo y creo que allí está el quid del asunto. “Vive Boleros” es una oportunidad para que la gente escuche un buen concierto, en el sentido musical, los amantes de la música van a escuchar allí a un saxofonista que es un extraordinario músico, con un solo de saxo intenso y que &nbsp;emocionará a la gente. </p><p><i><b>Entonces el bolero no está en peligro de extinción.</b></i> <br/> Hay cosas que no van a pasar de moda jamás, porque tienen que ver directamente con el romance, con el romanticismo. La gente se sigue casando, enamorando, sigue escribiendo poesía, la gente sigue soñando, y de alguna forma “Vive boleros” es esa oportunidad para reencontrarse con esa fibra no solamente del amor, sino de la música. </p><p>¿<i><b>Y al margen del bolero, cuáles son tus próximos pasos en la música?</b></i> <br/> Tengo una relación muy íntima con la música criolla, con la música tradicional de la costa, no vengo de la mata del criollismo, soy un outsider, pero tengo un proyecto &nbsp;con un compositor muy importante. Voy a grabar sus temas con una &nbsp;estética completamente diferente a cualquier arreglo musical que se haya hecho con sus canciones.</p><p><b>¿De quién hablas?</b> <br/> Te lo voy a decir: el proyecto tiene como carátula del disco el Apolo 11 y atrás del Apolo 11 hay un planeta. Imagínate que tú pones play a la música y comienzas a sentir la música de un simulador de vuelo. El disco será un homenaje a Augusto Polo Campos, pero eso ya será motivo de otra charla. Te lo prometo.</p><p><br/></p> ]]>
</content:encoded>
<media:content url="https://diariocorreo.pe/resizer/v2/K6GAJ6FYCBBEDNTA2GXK73IPZA.jpg?width=4436&height=3793&auth=513ade876a6e49dbf219e899fd64f5ebfa9b6d5da50a74bb5b0a045fa8b3cdfc&smart=true" type="image/jpeg" height="3793" width="4436">
<media:description type="plain">
<![CDATA[ Cantante presenta este 22 de febrero "Vive Boleros" en La Cúpula de las Artes. ]]>
</media:description>
<media:credit role="author" scheme="urn:ebu">LUIS ENRIQUE ROSSEL</media:credit>
</media:content>
</item>
<item>
<title>
<![CDATA[ Piura: Supervisan colegios para garantizar el buen inicio del año escolar 2025 ]]>
</title>
<link>https://diariocorreo.pe/edicion/piura/piura-supervisan-colegios-para-garantizar-el-buen-inicio-del-ano-escolar-2025-noticia/</link>
<guid isPermaLink="true">https://diariocorreo.pe/edicion/piura/piura-supervisan-colegios-para-garantizar-el-buen-inicio-del-ano-escolar-2025-noticia/</guid>
<dc:creator>
<![CDATA[ Leydi Timaná Mendoza ]]>
</dc:creator>
<description>
<![CDATA[ El gobierno regional dispuso la realización de visitas de supervisión a las instituciones educativas, para garantizar un buen inicio del año Escolar 2025, en beneficio de los niños y jóvenes de la región. ]]>
</description>
<pubDate>Tue, 18 Feb 2025 15:41:41 +0000</pubDate>
<content:encoded>
<![CDATA[ <p><b>El gobierno regional dispuso la realización de visitas de supervisión a las instituciones educativas, para garantizar un buen inicio del </b><a href="https://diariocorreo.pe/edicion/piura/ano-escolar-2024-mas-de-180-colegios-de-piura-no-tienen-mobiliario-para-iniciar-clases-noticia/" target="_blank" rel="noreferrer" title="https://diariocorreo.pe/edicion/piura/ano-escolar-2024-mas-de-180-colegios-de-piura-no-tienen-mobiliario-para-iniciar-clases-noticia/"><b>año Escolar 2025</b></a><b>, en beneficio de los niños y jóvenes de la región.</b></p><p><a href="https://diariocorreo.pe/edicion/piura/piura-fumigan-colegios-ante-el-inicio-del-ano-escolar-noticia/">PUEDE VER: Piura: Fumigan colegios ante el inicio del año escolar</a></p><p>En ese marco, el subgerente de Normas y Supervisión de la Gerencia Regional de Desarrollo Social, Juan Abraham Crisanto, y la monitora del sector Educación, Clara Acevedo Chorres, supervisaron las IE Coronel Victor Maldonado Begazo de Talara, San Francisco de Paita, Eliseo Bernal La Serna de Paita, 14646 Azul de Morropón y Jorge Chávez de Tambogrande. </p><p>Con el objetivo de garantizar que todo esté preparado para el inicio de las labores académicas, la inspección abarcó diferentes aspectos. En cada colegio, se verificó la disponibilidad de docentes, el estado de la infraestructura, el mobiliario adecuado para los estudiantes, y la presencia del personal administrativo y de servicios. </p><p><a href="https://diariocorreo.pe/edicion/piura/piura-pronied-entrega-nuevos-ambientes-de-la-ie-n-785-en-castilla-noticia/">VER MÁS: Piura: Pronied entrega nuevos ambientes de la IE N° 785, en Castilla</a></p><p>El subgerente Crisanto destacó la importancia de esta supervisión para poder identificar posibles mejoras antes del inicio del año escolar, y adoptar las medidas que sean necesarias, a fin de asegurar que los estudiantes cuenten con un entorno educativo óptimo.</p> ]]>
</content:encoded>
<media:content url="https://diariocorreo.pe/resizer/v2/LUDAQ2IWMBDIPC7GBFQGWB23TA.jpeg?width=1600&height=1200&auth=ca067f634f1b7ae3e4c10735aaf2edb7d17d4d909bcfc35485241c1121dd88c7&smart=true" type="image/jpeg" height="1200" width="1600">
<media:description type="plain">
<![CDATA[ Supervisan centros educativos en Piura ]]>
</media:description>
</media:content>
</item>
<item>
<title>
<![CDATA[ Día del gato: Señales en su comportamiento que pueden alertar problemas en su salud ]]>
</title>
<link>https://diariocorreo.pe/miscelanea/dia-del-gato-senales-en-su-comportamiento-que-pueden-alertar-problemas-en-su-salud-noticia/</link>
<guid isPermaLink="true">https://diariocorreo.pe/miscelanea/dia-del-gato-senales-en-su-comportamiento-que-pueden-alertar-problemas-en-su-salud-noticia/</guid>
<dc:creator>
<![CDATA[ Redacción Diario Correo ]]>
</dc:creator>
<description/>
<pubDate>Tue, 18 Feb 2025 15:31:49 +0000</pubDate>
<content:encoded>
<![CDATA[ <p>En los últimos años, los gatos se han convertido en una de las mascotas más populares, especialmente en áreas urbanas donde el espacio en los hogares es limitado. </p><p>Según un estudio de Kantar, la tenencia de gatos creció un 59%, mientras que la de perros solo lo hizo un 30%. Esta tendencia refleja no solo la preferencia por este tipo de mascotas, sino también el creciente interés por comprender las necesidades de los felinos, en especial su bienestar físico y emocional.</p><p>Durante su crecimiento, los gatos van moldeando su personalidad y comportamiento de acuerdo al ambiente y entorno en el que viven. Entre el mes y medio hasta los seis meses de edad suelen estar más activos, juguetones y curiosos; a partir de esta edad en adelante explorarán y observarán con mayor detenimiento. Ya a partir de los ocho años para adelante, son más reposados y no tienen mucha actividad física.</p><p><i>“</i><i><b>Los gatos son expertos en ocultar su dolor</b></i><i>. Por ello, cualquier cambio en su comportamiento debe ser tomado como una alerta. Señales como la disminución de su ritmo de movimiento, conducta agresiva, que no tiene nada que ver con las actividades físicas o irritabilidad son signos de que algo les está pasando. Asimismo, el estrés es un factor importante que puede condicionar la aparición de enfermedades o volverlos más susceptibles a contraer infecciones”,</i> comenta la médico veterinaria Cecilia Padilla, especialista en dermatología veterinaria y medicina felina.</p><p>En el marco del <b>Día Internacional del Gato</b>, la especialista plantea posibles problemas de salud a través de los cambios en el comportamiento de los felinos:</p><ul><li><b>Cambio en el apetito: </b>Si empieza a comer más o menos de lo habitual, esto podría indicar un problema de salud. La pérdida de apetito podría ser señal de dolor, estrés o problemas dentales, mientras que comer en exceso puede ser síntoma de enfermedades como la diabetes o trastornos endocrinos.</li><li><b>Exceso de maullidos o vocalizaciones: </b>Aunque los gatos suelen ser animales silenciosos, un aumento repentino en la cantidad de maullidos puede ser una forma de comunicación ante malestar. Los maullidos fuertes o persistentes podrían indicar ansiedad, estrés o problemas de salud, como hipertensión o enfermedades renales.</li><li><b>Cambios en la actividad física:</b> Si tu gato, que antes era juguetón, se vuelve apático o menos activo, podría estar sufriendo de artritis, dolor muscular o alguna enfermedad interna. La falta de actividad también podría reflejar problemas de salud mental, como la depresión felina.</li><li><b>Aseo excesivo o nulo: </b>Los gatos son animales muy cuidadosos con su higiene. Si de repente notas que tu gato se asea de forma excesiva o, por el contrario, deja de hacerlo, esto puede ser una señal de malestar. El aseo excesivo puede estar relacionado con el dolor o el estrés, mientras que la falta de higiene podría indicar problemas en la piel o enfermedades graves, como insuficiencia renal.</li><li><b>Cambios en el uso de su arenero:</b> Observar cómo tu gato usa la caja de arena es fundamental. Este debe encontrarse siempre limpio. Los cambios en los hábitos en el uso del arenero pueden indicar alteraciones, no solamente en la salud física, como la cistitis, que es la inflamación de la vejiga o alteraciones intestinales, sino también incluso problemas de comportamiento. Por ejemplo puede que no lo utilicen porque se cambió el tipo de arena, no se realizó la limpieza adecuada o no está en el lugar apropiado.</li></ul><p>Como tutores, se conoce más a las mascotas. Si se tiene un gatito calmado, tranquilo, medio asustadizo, que no le gusta mucho la gente y esconde cuando hay visita y de repente está más inquieto, irritable, ya es una señal de alerta. Por el contrario, si se tiene un gatito sociable, que sale cuando vienen las personas, es mimoso y está constantemente en actividad, pero se le observa decaído, se esconde, o ya no juega como antes, también hay que tenerlo en cuenta.</p><p><i>“Finalmente, si notas que tu gato empieza a esconderse más de lo habitual o se muestra más agresivo cuando antes era tranquilo, esos también son indicios de que algo podría estar sucediendo. Los gatos, al ser muy sensibles, suelen reaccionar de esta manera cuando no se sienten bien. Si estas conductas persisten es necesario llevarlos a un especialista que realice un diagnóstico para evitar que se agraven”</i>, concluye Cecilia Padilla.</p> ]]>
</content:encoded>
<media:content url="https://diariocorreo.pe/resizer/v2/SWBAVC6B2NBKRECDMEJBFABAXQ.jpg?width=3872&height=2592&auth=d6c0c16c4218191ce7aa9bae27ee340e2133959aeb8e58bb76470a016d424767&smart=true" type="image/jpeg" height="2592" width="3872"/>
</item>
<item>
<title>
<![CDATA[ Accidente en Bolivia: autobús cae 800 metros en Potosí y deja 28 muertos y 20 heridos ]]>
</title>
<link>https://diariocorreo.pe/mundo/bolivia-bus-cae-a-un-barranco-ocasionando-la-muerte-de-28-personas-y-20-heridos-noticia/</link>
<guid isPermaLink="true">https://diariocorreo.pe/mundo/bolivia-bus-cae-a-un-barranco-ocasionando-la-muerte-de-28-personas-y-20-heridos-noticia/</guid>
<dc:creator>
<![CDATA[ Agencia EFE ]]>
</dc:creator>
<description/>
<pubDate>Tue, 18 Feb 2025 15:16:11 +0000</pubDate>
<content:encoded>
<![CDATA[ <p>Un <b>accidente</b> en Bolivia dejó <b>28 personas muertas y 20 heridas</b> este lunes, luego de que un <b>autobús de transporte interprovincial cayera por un barranco de aproximadamente 800 metros</b> en la región andina de <b>Potosí</b>.</p><p>El portavoz del <b>Comando Departamental de la Policía de Potosí</b>, <b>Limberth Choque</b>, informó que el autobús de la empresa <b>San José</b>, que cubría la ruta <b>Potosí-Oruro</b>, se <b>embarrancó cerca de la localidad de Yocalla</b>, en un tramo con una pendiente pronunciada y numerosas curvas.</p><p>Inicialmente, la Policía había reportado <b>31 fallecidos y 15 heridos</b>, pero la cifra fue <b>actualizada a 28 muertos y 20 heridos</b>.</p><h2><b>Víctimas y heridos</b></h2><p>Entre los fallecidos hay <b>19 hombres, 6 mujeres y 3 niños</b>, quienes ya fueron trasladados a la morgue del <b>hospital público de Potosí</b>.</p><p>Los heridos fueron trasladados a diversos centros médicos. <b>Cuatro niños se encuentran en terapia intensiva</b> debido a <b>fracturas múltiples</b>, mientras que los adultos presentan lesiones <b>abdominales y fracturas</b> que requieren evaluaciones médicas detalladas.</p><h2><b>Posibles causas del accidente</b></h2><p>Según las primeras investigaciones, el <b>chofer habría estado conduciendo a alta velocidad</b> en una carretera de curvas peligrosas. En un momento <b>perdió el control del vehículo y cayó al precipicio</b>.</p><p>Videos y fotografías difundidas en redes sociales muestran al <b>autobús completamente destruido</b> en el fondo de la hondonada, evidenciando la magnitud del impacto.</p><h2><b>Investigación en curso</b></h2><p>Agentes especializados en <b>accidentes de tránsito</b> permanecen en la zona para <b>determinar las causas exactas del siniestro</b> y esclarecer las responsabilidades.</p><p>Según datos oficiales, cada año en Bolivia <b>alrededor de 1,400 personas mueren y 40,000 resultan heridas</b> en accidentes de tránsito, la mayoría de ellos por <b>fallas humanas prevenibles</b>.</p><h2><b>TE PUEDE INTERESAR</b></h2><ul><li><a href="https://diariocorreo.pe/mundo/canada-un-avion-se-estrello-y-se-volco-tras-aterrizar-en-aeropuerto-de-toronto-noticia/" rel="" title="https://diariocorreo.pe/mundo/canada-un-avion-se-estrello-y-se-volco-tras-aterrizar-en-aeropuerto-de-toronto-noticia/">Canadá: Un avión se estrelló y se volcó tras aterrizar en aeropuerto de Toronto</a></li><li><a href="https://diariocorreo.pe/mundo/canada-un-avion-se-estrello-y-se-volco-tras-aterrizar-en-aeropuerto-de-toronto-noticia/" rel="" title="https://diariocorreo.pe/mundo/canada-un-avion-se-estrello-y-se-volco-tras-aterrizar-en-aeropuerto-de-toronto-noticia/">El cuadro clínico del papa “es complejo” y requerirá “una hospitalización adecuada”</a></li><li><a href="https://diariocorreo.pe/mundo/canada-un-avion-se-estrello-y-se-volco-tras-aterrizar-en-aeropuerto-de-toronto-noticia/" rel="" title="https://diariocorreo.pe/mundo/canada-un-avion-se-estrello-y-se-volco-tras-aterrizar-en-aeropuerto-de-toronto-noticia/">Israel bombardea posiciones de Hizbulá en el valle de la Becá en Líbano</a></li><li><a href="https://diariocorreo.pe/mundo/canada-un-avion-se-estrello-y-se-volco-tras-aterrizar-en-aeropuerto-de-toronto-noticia/" rel="" title="https://diariocorreo.pe/mundo/canada-un-avion-se-estrello-y-se-volco-tras-aterrizar-en-aeropuerto-de-toronto-noticia/">Secretario de Estado de EE.UU. pide que los 73 rehenes restantes de Hamás sean liberados</a></li><li><a href="https://diariocorreo.pe/mundo/canada-un-avion-se-estrello-y-se-volco-tras-aterrizar-en-aeropuerto-de-toronto-noticia/" rel="" title="https://diariocorreo.pe/mundo/canada-un-avion-se-estrello-y-se-volco-tras-aterrizar-en-aeropuerto-de-toronto-noticia/">Perú recibe a 130 connacionales deportados de Estados Unidos</a></li><li><a href="https://diariocorreo.pe/mundo/canada-un-avion-se-estrello-y-se-volco-tras-aterrizar-en-aeropuerto-de-toronto-noticia/" rel="" title="https://diariocorreo.pe/mundo/canada-un-avion-se-estrello-y-se-volco-tras-aterrizar-en-aeropuerto-de-toronto-noticia/">Javier Milei bajo investigación tras promocionar criptomoneda vinculada a presunta estafa</a></li></ul> ]]>
</content:encoded>
<media:content url="https://diariocorreo.pe/resizer/v2/HPKJR3YYH5D47HJXNFGME6ANEY.jpg?width=1920&height=1080&auth=0c2a15ff4678ec1fead0fabdaecb6a14886c8a6adfa97d84e836b2f99dd932ae&smart=true" type="image/jpeg" height="1080" width="1920">
<media:description type="plain">
<![CDATA[ El vehículo de transporte interprovincial se salió de la carretera en una zona de curvas peligrosas. Entre las víctimas hay tres niños y cuatro menores permanecen en terapia intensiva. (Foto: EFE) ]]>
</media:description>
<media:credit role="author" scheme="urn:ebu">POLICIA BOLIVIANA</media:credit>
</media:content>
</item>
<item>
<title>
<![CDATA[ Piura: Plataforma de Defensa Civil de Piura coordina acciones ante futuras emergencias ]]>
</title>
<link>https://diariocorreo.pe/edicion/piura/piura-plataforma-de-defensa-civil-de-piura-coordina-acciones-ante-futuras-emergencias-noticia/</link>
<guid isPermaLink="true">https://diariocorreo.pe/edicion/piura/piura-plataforma-de-defensa-civil-de-piura-coordina-acciones-ante-futuras-emergencias-noticia/</guid>
<dc:creator>
<![CDATA[ Leydi Timaná Mendoza ]]>
</dc:creator>
<description>
<![CDATA[ La Municipalidad Provincial de Piura llevó a cabo la I Sesión Ordinaria de la Plataforma de Defensa Civil en el salón de actos de la comuna, con la participación de actores clave de diversas instituciones. El objetivo principal fue coordinar acciones y estrategias para mejorar la capacidad de respuesta ante emergencias y desastres en la provincia, con especial énfasis en la preparación frente a posibles periodos lluviosos. ]]>
</description>
<pubDate>Tue, 18 Feb 2025 15:07:45 +0000</pubDate>
<content:encoded>
<![CDATA[ <p><b>La Municipalidad Provincial de Piura llevó a cabo la I Sesión Ordinaria de la Plataforma de Defensa Civil en el salón de actos de la comuna, con la participación de actores clave de diversas instituciones. El objetivo principal fue coordinar acciones y estrategias para mejorar la capacidad de respuesta ante </b><a href="https://diariocorreo.pe/edicion/piura/piura-adquieren-combustible-para-atender-emergencias-por-lluvias-noticia/" target="_blank" rel="noreferrer" title="https://diariocorreo.pe/edicion/piura/piura-adquieren-combustible-para-atender-emergencias-por-lluvias-noticia/"><b>emergencias y desastres</b></a><b> en la provincia, con especial énfasis en la preparación frente a posibles periodos lluviosos.</b></p><p><a href="https://diariocorreo.pe/edicion/piura/piura-diez-mil-pobladores-de-la-sierra-estan-aislados-por-las-fuertes-lluvias-noticia/">PUECE VER: Piura: Diez mil pobladores de la sierra están aislados por las fuertes lluvias</a></p><p>Durante la sesión, el jefe del Servicio Nacional de Meteorología e Hidrología del Perú (Senamhi Piura), Jorge Carranza, presentó un informe sobre las condiciones oceánicas y atmosféricas actuales, en base al comunicado oficial EFEN 02-2025 del 14 de enero de 2025. Carranza señaló que, aunque existen condiciones lluviosas en las zonas altoandinas y activación de quebradas, el cauce del río Piura se mantiene en 250 m³/seg, muy por debajo del nivel de alerta roja (1,800 m³/seg), por lo que no representa un riesgo inmediato de inundación o impacto en la provincia.</p><p>El alcalde de Piura y presidente de la Plataforma de Defensa Civil, Gabriel Madrid Orue, destacó la importancia de la articulación interinstitucional para enfrentar los periodos lluviosos y la necesidad de contar con información precisa de Senamhi para tomar decisiones oportunas. Asimismo, hizo un llamado a la acción conjunta y a la responsabilidad compartida para construir una Piura más segura y resiliente, fomentando una cultura de prevención que involucre a todos los sectores, incluyendo gobiernos locales, instituciones públicas, organizaciones privadas y la ciudadanía en general.</p><p><a href="https://diariocorreo.pe/edicion/piura/piura-juramentan-a-37-comites-comunitarios-ante-emergencias-y-desastres-noticia/">VER MÁS: Piura: Juramentan a 37 comités comunitarios ante emergencias y desastres</a></p><p>Por su parte, la arquitecta Verónica Cumpa Alayza, subgerente de Gestión del Riesgo de Desastres de la comuna, expuso las acciones realizadas en 2024 por su área, resaltando la capacitación y sensibilización de más de 4,500 ciudadanos, la participación en tres simulacros y la atención de 37 emergencias. También mencionó la conformación y juramentación de brigadas, la realización de charlas de sensibilización y la entrega de bienes de ayuda humanitaria.</p><p>Finalmente, Cumpa presentó el Proyecto de Actualización y Modificación de la Resolución de Alcaldía N° 919-2019-A/MPP, que contempla la inclusión de nuevas entidades en la Plataforma, como la Dirección Regional de Vivienda, Construcción y Saneamiento de Piura, la Autoridad Nacional de Infraestructura, SENAMHI, CENEPRED, SERFOR, entre otras. Además, se establecieron actividades clave para el presente año, incluyendo reuniones trimestrales, ejercicios de simulacro, formación en Gestión del Riesgo de Desastres (GRD) y la presentación de planes específicos en GRD.</p><p><a href="https://diariocorreo.pe/edicion/piura/piura-adquieren-combustible-para-atender-emergencias-por-lluvias-noticia/">LEER MÁS: Piura: Adquieren combustible para atender emergencias por lluvias</a></p><p>En la sesión participaron representantes del Grupo de Artillería de Campaña a Inclán, Zona Naval, Ala Aérea 1, Región Policial, Comisaría de Piura, Policía Nacional, Compañía de Bomberos Voluntarios Piura N° 25, Subprefectura de la provincia de Piura, Fiscalía de Prevención del Delito - Distrito Fiscal Piura, Cruz Roja, Defensoría del Pueblo, ENOSA, OSIPTEL, INDECI, entre otras instituciones.</p><p>La Plataforma de Defensa Civil de la Municipalidad Provincial de Piura reafirma su compromiso con la seguridad y bienestar de la población, impulsando acciones concretas para fortalecer la gestión del riesgo de desastres y la respuesta ante emergencias.</p> ]]>
</content:encoded>
<media:content url="https://diariocorreo.pe/resizer/v2/TN5VARVJSNB3NCVQK4THWNFFOE.jpeg?width=1600&height=1066&auth=ceef8ad3ca8c8fc6b4a3b5042a0c1f0284b7481bdd0d8d59c51d152da186ad83&smart=true" type="image/jpeg" height="1066" width="1600">
<media:description type="plain">
<![CDATA[ Coordinan acciones ]]>
</media:description>
</media:content>
</item>
<item>
<title>
<![CDATA[ Dos fanáticas de Shakira mueren en choque al regresar a Chincha tras cancelación de concierto ]]>
</title>
<link>https://diariocorreo.pe/edicion/lima/panamericana-sur-dos-fans-de-shakira-mueren-al-regresar-a-chincha-tras-cancelacion-de-concierto-peru-noticia/</link>
<guid isPermaLink="true">https://diariocorreo.pe/edicion/lima/panamericana-sur-dos-fans-de-shakira-mueren-al-regresar-a-chincha-tras-cancelacion-de-concierto-peru-noticia/</guid>
<dc:creator>
<![CDATA[ Andrea Pereyra ]]>
</dc:creator>
<description>
<![CDATA[ El accidente ocurrió en horas de la tarde cuando el automóvil en el que se desplazaban las jóvenes colisionó con un bus interprovincial. ]]>
</description>
<pubDate>Tue, 18 Feb 2025 15:04:41 +0000</pubDate>
<content:encoded>
<![CDATA[ <ul><li><a href="https://diariocorreo.pe/edicion/lima/panamericana-sur-fallecidos-en-choque-de-bus-y-auto-en-punta-negra-peru-pnp-noticia/">Panamericana Sur: Dos fallecidos en choque de bus y auto en Punta Negra</a></li><li><a href="https://diariocorreo.pe/edicion/lima/delincuentes-roban-dinero-de-pollada-solidaria-en-carabayllo-peru-pnp-noticia/" title="https://diariocorreo.pe/edicion/lima/delincuentes-roban-dinero-de-pollada-solidaria-en-carabayllo-peru-pnp-noticia/">Delincuentes roban dinero de pollada solidaria en Carabayllo</a></li></ul><p><b>Dos jóvenes murieron el lunes 17 de febrero en un accidente de tránsito en el kilómetro 46 de la Panamericana Sur, a la altura de Punta Negra. Las víctimas, identificadas como Joyce Aponte (27) y Lucer Cabezas (30), viajaban de regreso a Chincha luego de que el concierto de Shakira en Lima, al que planeaban asistir, fuera cancelado por razones de salud de la artista.</b></p><p>El accidente ocurrió en horas de la tarde cuando el automóvil en el que se desplazaban las jóvenes colisionó con un bus interprovincial. De acuerdo con testigos, el impacto dejó el vehículo menor severamente dañado. </p><p>Bomberos lograron rescatar a las víctimas con vida, pero fallecieron minutos después. Una tercera pasajera resultó herida y fue trasladada a un centro de salud, mientras que los ocupantes del bus sufrieron lesiones leves o resultaron ilesos.</p><p>Las jóvenes habían viajado desde Chincha hasta Lima con la intención de asistir al concierto programado para el 16 de febrero en el Estadio Nacional. Tras la cancelación del evento, emprendieron el retorno a su ciudad.</p><p>Las autoridades restringieron el tránsito en la zona mientras peritos de criminalística realizaban las investigaciones para esclarecer las causas del accidente. </p><p>El conductor del bus fue trasladado a la comisaría para rendir su testimonio, aunque la empresa de transporte aún no se ha pronunciado sobre el hecho.</p><h2><mark class="hl_yellow"><b>TE PUEDE INTERESAR</b></mark></h2><ul><li><a href="https://diariocorreo.pe/politica/ministro-santivanez-pide-inhabilitar-por-10-anos-a-la-fiscal-de-la-nacion-delia-espinoza-noticia/"><b>Ministro Santiváñez pide inhabilitar por 10 años a la fiscal de la Nación, Delia Espinoza</b></a></li><li><a href="https://diariocorreo.pe/politica/ministros-adrianzen-y-quero-no-asistieron-a-citacion-del-congreso-noticia/"><b>Ministros Adrianzén y Quero no asistieron a citación del Congreso</b></a></li><li><a href="https://diariocorreo.pe/edicion/la-libertad/lluvias-dejan-seis-muertos-en-la-sierra-de-la-libertad-peru-noticia/"><b>Lluvias dejan seis muertos en la sierra de La Libertad</b></a></li><li><a href="https://diariocorreo.pe/edicion/huancayo/la-oroya-buscan-a-conductor-y-cuatro-pasajeros-que-fueron-tragados-por-el-rio-mantaro-noticia/"><b>La Oroya: Buscan a conductor y cuatro pasajeros que fueron tragados por el río Mantaro</b></a></li><li><a href="https://diariocorreo.pe/edicion/huancayo/la-oroya-tras-accidente-madre-tiene-la-esperanza-de-hallar-con-vida-a-su-hija-noticia/"><b>La Oroya: Tras accidente madre tiene la esperanza de hallar con vida a su hija</b></a></li></ul> ]]>
</content:encoded>
<media:content url="https://diariocorreo.pe/resizer/v2/QAUDEFNKTNADFPS5P6GEYWIY5A.jpg?width=1212&height=800&auth=b576e896eb641eac822cba61cc038cd2df2519ce72a5baab0c338f02cda1c0ec&smart=true" type="image/jpeg" height="800" width="1212"/>
</item>
<item>
<title>
<![CDATA[ Joven se ahoga y su enamorada se salva en una playa en Piura ]]>
</title>
<link>https://diariocorreo.pe/edicion/piura/joven-se-ahoga-y-su-enamorada-se-salva-en-una-playa-en-piura-noticia/</link>
<guid isPermaLink="true">https://diariocorreo.pe/edicion/piura/joven-se-ahoga-y-su-enamorada-se-salva-en-una-playa-en-piura-noticia/</guid>
<dc:creator>
<![CDATA[ Tania Bautista Castillo ]]>
</dc:creator>
<description/>
<pubDate>Tue, 18 Feb 2025 15:01:15 +0000</pubDate>
<content:encoded>
<![CDATA[ <p><b>Un joven perdió la vida ahogado en las aguas de la playa Bonita, en la </b><a href="https://diariocorreo.pe/edicion/piura/mas-de-5000-hectareas-se-verian-afectadas-ante-aumento-del-rio-en-piura-noticia/" target="_blank" rel="noreferrer" title="https://diariocorreo.pe/edicion/piura/mas-de-5000-hectareas-se-verian-afectadas-ante-aumento-del-rio-en-piura-noticia/"><b>provincia de Paita</b></a><b>. Su enamorada se salvó de correr la misma suerte.</b></p><p>El lamentable hecho se registró en horas de la tarde del último domingo, en circunstancias en que el joven Rafael Pingo Chunga (24 años) llegó hasta playa Bonita, ubicada a 2 kilómetros de la Bocatoma, lado norte de Colán, tras participar de una yunza.</p><p>Por razones que la Policía investiga, él fue arrastrado por las aguas y lamentablemente perdió la vida.</p><blockquote><p><a href="https://diariocorreo.pe/edicion/piura/emergencia-en-piura-los-pobladores-cavan-huecos-para-buscar-agua-en-las-zonas-bajas-noticia/">PUEDE VER: Emergencia en Piura: Los pobladores cavan huecos para buscar agua en las zonas bajas</a></p></blockquote><p>Su enamorada, Melissa Chunga Zapata, logró ser rescatada y trasladada de emergencia al hospital Nuestra Señora de Las Mercedes de Paita para recibir atención médica.</p><p>Se conoció que esta zona es alejada al balneario de Colán y lamentablemente nada se pudo hacer para rescatarlo con vida.</p><p>Su cuerpo fue llevado a la morgue de Paita para la necropsia de ley. Horas después fue retirado y trasladado hasta San Lucas de Colán.</p><p>El alcalde de San Lucas de Colán, Juan Carlos Ayala, declaró que el hecho se registró en playa Bonita donde el oleaje es fuerte. “Nos comentan que han estado bien lejos, más allá de la bocatoma donde el oleaje es muy fuerte. El chico es hijo de un trabajador de la municipalidad”, dijo. </p><p>La autoridad precisó que existe personal de Salvataje de la Policía, pero los jóvenes han estado muy lejos, donde no hay muchas personas.</p><p>“Tu ausencia física no apaga el brillo de tu alma en nuestros corazones. El concejo en pleno lamenta la pérdida de Rafael Pingo Chunga, hijo de nuestro trabajador Bienvenido Pingo Gómez. Nos unimos al dolor de las familias que hoy lloran la partida de su querido hijo”, publicó la comuna en sus redes sociales.</p> ]]>
</content:encoded>
<media:content url="https://diariocorreo.pe/resizer/v2/UN5YLZ6MP5BJVHOOMCWOT33SJI.jpg?width=1517&height=999&auth=329497817f8780120fb6a00fda6827ec01b49d3dc9fa115242b70d1454495871&smart=true" type="image/jpeg" height="999" width="1517">
<media:credit role="author" scheme="urn:ebu">SYSTEM</media:credit>
</media:content>
</item>
<item>
<title>
<![CDATA[ Aumentan estafas con vehículos de placas clonadas en Huancayo: Policía alerta sobre casos en la región ]]>
</title>
<link>https://diariocorreo.pe/edicion/huancayo/huancayo-detienen-por-receptacion-a-personas-que-compran-carros-robados-noticia/</link>
<guid isPermaLink="true">https://diariocorreo.pe/edicion/huancayo/huancayo-detienen-por-receptacion-a-personas-que-compran-carros-robados-noticia/</guid>
<dc:creator>
<![CDATA[ Gabriela Rojas ]]>
</dc:creator>
<description>
<![CDATA[ Vehículos robados en otras zonas del país son traídos a Huancayo para venderlos a un costo menor, poniendo en problemas legales a compradores que luego son detenidos ]]>
</description>
<pubDate>Tue, 18 Feb 2025 15:00:56 +0000</pubDate>
<content:encoded>
<![CDATA[ <ul><li><a href="https://diariocorreo.pe/edicion/huancayo/huancayo-terminales-de-autos-informales-viaje-de-destino-incierto-noticia/" title="https://diariocorreo.pe/edicion/huancayo/huancayo-terminales-de-autos-informales-viaje-de-destino-incierto-noticia/">Alrededor de 20 terminales de autos son informales en Huancayo ¿Qué hacen las autoridades?</a></li></ul><p>Las estafas en la venta de vehículos con <b>placas clonadas</b> van en aumento en <b>Huancayo</b>, advirtió el jefe de la <b>Región Policial Junín</b>, general <b>PNP Danilo Vera</b>. Según el oficial, estos vehículos en realidad han sido <b>robados en otras regiones del país</b>, y hasta el momento se han registrado <b>cinco casos</b> de este tipo.</p><p><i><b>“Los delincuentes ofrecen los autos a precios bajos, pero en realidad fueron sustraídos. Por ejemplo, una camioneta marca JEEP robada en Santiago de Surco-Lima, está valorizada en 120 mil soles en el mercado pero lo lo están vendiendo a 30 mil o 50 mil soles”,</b></i><b> </b>explicó el Gral. Vera, quien detalló que los precios de venta ofrecidos por los estafadores son considerablemente más bajos que los reales y allí está el engaño.</p><p>Los actuales propietarios de los vehículos, quienes compraron las unidades robadas y fueron intervenidos, están siendo investigados por los delitos de receptación y falsedad genérica, y se encuentran a disposición de la unidad especializada para el desarrollo de las investigaciones correspondientes.</p><p>El capitán PNP Ray Vergara recomendó a la ciudadanía interesada en vender o comprar vehículos que se aseguren de que estos hayan pasado por un proceso de pericia. </p><p><i><b>“El peritaje es gratuito. La Dirección de Prevención e Investigación de Robo de Vehículos (DIPROVE) es la encargada de emitir el documento, y si el trámite se inicia por la mañana, los resultados se obtienen en la tarde”</b></i>, señaló el capitán, agregando que los documentos requeridos para este proceso son la boleta informativa, la tarjeta de propiedad, el DNI del propietario y una solicitud simple.</p><p><i><b>“En la pericia se puede verificar si fue robado y hasta si tiene una orden judicial de captura, porque hay casos de personas que acceden a préstamos y denuncian un falso robo”</b></i>, finalizó Danilo Vera.</p><p>La plaqueta pública tiene grabado el número del chasis del vehículo, que ayuda a verificar que la unidad no haya tenido algún tipo de modificación, junto a las características de la placa.</p> ]]>
</content:encoded>
<media:content url="https://diariocorreo.pe/resizer/v2/ZSHG5E5665EL5MLWFCBJWMUFJE.jpg?width=4080&height=2296&auth=64a1b10dec4751f2f30e407236c0b026d2703fc159777b9e7b667da0868324f8&smart=true" type="image/jpeg" height="2296" width="4080"/>
</item>
<item>
<title>
<![CDATA[ La Libertad: A comuna del ande le dieron S/ 1,000 para prevención ]]>
</title>
<link>https://diariocorreo.pe/edicion/la-libertad/a-comuna-del-ande-le-dieron-s-1000-para-prevencion-la-libertad-peru-noticia/</link>
<guid isPermaLink="true">https://diariocorreo.pe/edicion/la-libertad/a-comuna-del-ande-le-dieron-s-1000-para-prevencion-la-libertad-peru-noticia/</guid>
<dc:creator>
<![CDATA[ Alex Martínez Pajuelo ]]>
</dc:creator>
<description>
<![CDATA[ Es probable que si las municipalidades hubieran gestionado y ejecutado obras de prevención ante inminentes eventos naturales, se podrían mitigar en algo los estragos que están causando actualmente las intensas lluvias que se registran en la sierra liberteña. ]]>
</description>
<pubDate>Tue, 18 Feb 2025 15:00:00 +0000</pubDate>
<content:encoded>
<![CDATA[ <p><b>Es probable que si las municipalidades hubieran gestionado y ejecutado obras de prevención ante inminentes eventos naturales, se podrían mitigar en algo los estragos que están causando actualmente las intensas lluvias que se registran en la </b><a href="https://diariocorreo.pe/edicion/la-libertad/lluvias-dejan-seis-muertos-en-la-sierra-de-la-libertad-peru-noticia/"><b>sierra liberteña</b></a><b>.</b></p><q><b>VER MÁS: </b><a href="https://diariocorreo.pe/edicion/la-libertad/lluvias-dejan-seis-muertos-en-la-sierra-de-la-libertad-peru-noticia/"><mark class="hl_yellow"><i><b>Lluvias dejan seis muertos en la sierra de La Libertad</b></i></mark></a></q><p>Sin embargo, es mínimo lo que se ha podido hacer debido a que no se cuenta con los recursos económicos para tales fines.</p><h2><b>Lo lamenta</b></h2><p>El especialista en Oceanografía y docente de la Universidad Nacional de Trujillo (UNT) Gustavo Iwanaga Reh, lamentó que las comunas distritales que hoy se ven afectadas por las torrenciales precipitaciones y huaicos tengan exiguos presupuestos para enfrentar estos eventos naturales.</p><p>Cuestionó que suela destinarse mayores recursos a elaborar expedientes para obras de otro tipo y no en prevención ante posibles eventos naturales como los que hoy golpean al ande liberteño.</p><p>Fue el consejero regional por la provincia de Pataz, Luis Rodríguez Ponce, quien hace unos días exhortó al Ejecutivo a declarar la emergencia por intensas y constantes lluvias, ya que los distritos de Pataz, Huancaspata,Santiago de Challas, Taurija, Urpay, Tayabamba y Ongón están aislados por los deslizamientos y huaicos en las carreteras.</p><h2><b>Las cifras</b></h2><p>De acuerdo a la página de seguimiento de ejecución presupuestal del Ministerio de Economía y Finanzas (MEF), precisamente a la comuna distrital de Pataz, en la categoría N°0068: “Reducción de Vulnerabilidad y Atención de Emergencia y Desastres”, se le asignó para este año el ínfimo presupuesto de S/ 19,850, de los cuales aún no ha invertido ni un sol.</p><p>En tanto, al distrito de Huancaspata se le transfirió S/ 30,000, pero tampoco ha logrado ejecutar esos recursos.</p><q><b>PUEDE LEER: </b><a href="https://diariocorreo.pe/edicion/la-libertad/hospital-se-inunda-por-lluvias-en-huamachuco-la-libertad-peru-noticia/"><mark class="hl_yellow"><i><b>La Libertad: Hospital se inunda por lluvias en Huamachuco</b></i></mark></a></q><h2><b>No es broma</b></h2><p>Aunque parezca una broma de mal gusto, a la municipalidad de Santiago de Challas se le transfirió solo S/ 1,000 para ejecutar obras que minimicen los efectos de una emergencia. Todavía no registra gasto de ese dinero.</p><q><b>LEER AQUÍ: </b><a href="https://diariocorreo.pe/edicion/la-libertad/ayudan-a-afectados-por-lluvias-y-huaico-en-la-provincia-de-pataz-la-libertad-peru-noticia/"><mark class="hl_yellow"><i><b>La Libertad: Ayudan a afectados por lluvias y huaico en la provincia de Pataz</b></i></mark></a></q><h2><b>Golpeados</b></h2><p>Otro de los distritos afectados por las lluvias es Taurija. A las arcas de esta comuna se le asignaron S/ 5,000 para atender las emergencias. Al igual que las otras instituciones ediles, no ha ejecutado ni un sol.</p><p>En el caso de la Municipalidad Distrital de Urpay, el MEF le asignó S/ 30,625 y ya lo ejecutó en su totalidad.</p><p>En tanto, a la comuna de Tayabamba le asignaron S/ 138,018 y solo ha girado el 1% de ese dinero.</p><p>En cuanto a Ongón, no cuenta con dinero en esa partida presupuestaria.</p><p><i><b>“Esto solo evidencia que las partidas económicas para obras de prevención no son consideradas. Son montos muy bajos. Ahora estamos hablando de Pataz por las lluvias, pero esta situación es similar en municipalidades de la costa y hasta en el mismo Gobierno Regional de La Libertad, luego se lamentan cuando ocurren los huaicos”, </b></i>manifestó Gustavo Iwanaga Reh.</p><h2><mark class="hl_yellow"><i><b>LE PUEDE INTERESAR</b></i></mark></h2><ul><li><a href="https://diariocorreo.pe/edicion/la-libertad/giancarlo-toribio-regidor-de-la-municipalidad-provincial-de-trujillo-han-tergiversado-mi-propuesta-de-ordenanza-peru-noticia/"><i><b>Giancarlo Toribio, regidor de la Municipalidad Provincial de Trujillo: “Han tergiversado mi propuesta de ordenanza”</b></i></a></li><li><a href="https://diariocorreo.pe/edicion/la-libertad/auditaran-el-proyecto-especial-chavimochic-y-la-gerencia-de-infraestructura-la-libertad-peru-noticia/#google_vignette"><i><b>La Libertad: Auditarán el Proyecto Especial Chavimochic y la gerencia de Infraestructura</b></i></a></li><li><a href="https://diariocorreo.pe/edicion/la-libertad/martin-camacho-no-expone-su-plan-de-trabajo-2025-peru-la-libertad-noticia/"><i><b>La Libertad: Martín Camacho no expone su plan de trabajo 2025</b></i></a></li><li><a href="https://diariocorreo.pe/edicion/la-libertad/cesar-acuna-afirma-que-en-trujillo-no-hay-secuestros-solo-extorsion-video-noticia/"><i><b>César Acuña afirma que en Trujillo no hay secuestros, solo extorsión (VIDEO)</b></i></a></li><li><a href="https://diariocorreo.pe/edicion/la-libertad/la-libertad-la-libertad-dirigencia-del-apra-dice-que-traidores-no-postularan-por-ese-partido-el-2026-noticia/#google_vignette"><i><b>La Libertad: Dirigencia del Apra dice que “traidores” no postularán por ese partido el 2026</b></i></a></li><li><a href="https://diariocorreo.pe/edicion/la-libertad/ever-cadenillas-arremete-contra-opositores-a-cesar-acuna-la-libertad-peru-noticia/"><i><b>Ever Cadenillas arremete contra opositores a César Acuña</b></i></a></li><li><a href="https://diariocorreo.pe/edicion/la-libertad/mario-reyna-alcalde-de-trujillo-se-reune-con-dirigentes-de-app-la-libertad-peru-noticia/"><i><b>Mario Reyna, alcalde de Trujillo, se reúne con dirigentes de APP</b></i></a></li><li><a href="https://diariocorreo.pe/edicion/la-libertad/elias-rodriguez-lider-de-podemos-peru-en-la-libertad-la-gestion-de-cesar-acuna-esta-fracasando-la-libertad-peru-noticia/"><i><b>Elías Rodríguez, líder de Podemos Perú en La Libertad: “La gestión de César Acuña está fracasando”</b></i></a></li><li><a href="https://diariocorreo.pe/edicion/la-libertad/confirman-graves-danos-a-totorales-de-huanchaco-la-libertad-peru-trujillo-noticia/"><i><b>La Libertad: Confirman graves daños a totorales de Huanchaco</b></i></a></li></ul> ]]>
</content:encoded>
<media:content url="https://diariocorreo.pe/resizer/v2/WGSJR6Z76VFSLFNMKBCGE5URKU.jpg?width=1280&height=720&auth=29ba4606d6bd9a30468d1f6722b5f58b12241850244177621560c7e6f1c561c1&smart=true" type="image/jpeg" height="720" width="1280">
<media:description type="plain">
<![CDATA[ Los distritos de la provincia de Pataz que padecen los estragos de las lluvias y hoy claman por ayuda, son los que menos dinero tienen para responder ante este tipo de eventos. Según el MEF, a Santiago de Challas se le asignó S/ 1,000, a Taurija S/ 5,000, mientras que Huancaspata tiene S/ 30,000 y Pataz (distrito) S/ 19,850. ]]>
</media:description>
</media:content>
</item>
<item>
<title>
<![CDATA[ Ica: contención emocional a usuarios y cuidadores ante huaicos y lluvias ]]>
</title>
<link>https://diariocorreo.pe/edicion/ica/ica-contencion-emocional-a-usuarios-y-cuidadores-ante-huaicos-y-lluvias-noticia/</link>
<guid isPermaLink="true">https://diariocorreo.pe/edicion/ica/ica-contencion-emocional-a-usuarios-y-cuidadores-ante-huaicos-y-lluvias-noticia/</guid>
<dc:creator>
<![CDATA[ José Chacaliaza Ramos ]]>
</dc:creator>
<description/>
<pubDate>Tue, 18 Feb 2025 15:00:00 +0000</pubDate>
<content:encoded>
<![CDATA[ <p><a href="https://diariocorreo.pe/edicion/ica/ica-lluvias-intensas-azotan-y-dejan-miles-de-viviendas-afectadas-noticia/" target="_self" rel="" title="https://diariocorreo.pe/edicion/ica/ica-lluvias-intensas-azotan-y-dejan-miles-de-viviendas-afectadas-noticia/"><b>Tras los huaicos y lluvias </b></a><b>que han afectado a diferentes regiones del país, el Programa Nacional Contigo del Ministerio de Desarrollo e Inclusión Social brinda contención emocional a usuarios y sus cuidadores, intervención que se viene realizando de manera </b><a href="https://diariocorreo.pe/edicion/ica/ica-lluvias-dejan-al-descubierto-el-mal-estado-de-las-pistas-noticia/" target="_self" rel="" title="https://diariocorreo.pe/edicion/ica/ica-lluvias-dejan-al-descubierto-el-mal-estado-de-las-pistas-noticia/"><b>progresiva a nivel nacional.</b></a></p><h2><b>Visitas, monitoreo y seguimiento</b></h2><p>La contención emocional, que se ofrece sobre todo mediante llamadas telefónicas como parte del acompañamiento diferenciado que brinda el programa Contigo, forma parte de las acciones de respuesta inmediata ante la emergencia.</p><p>Hasta el momento, en la región Ica, usuarios y familiares en situación de mayor vulnerabilidad, especialmente en las provincias de Ica y Nasca, han recibido contención emocional por parte de psicólogos especializados. Estos profesionales han trabajado en la gestión de la frustración y la expresión de emociones, brindando un apoyo fundamental.</p><p>Como otra medida, el Programa Nacional Contigo, por medio de sus gestores sociales, realizó visitas a usuarios de los diferentes distritos de la provincia de Ica (Ica) donde además se has llevado a cabo reuniones masivas para brindar orientación ante posible incremento de lluvias y desborde de ríos.</p><p>Asimismo, gestores en territorio realizan acciones de monitoreo y seguimiento a usuarios damnificados y sus cuidadores, a través de una comunicación permanente con jefes de las Omaped y gerentes de Desarrollo Social a nivel nacional, a fin de garantizar el otorgamiento de la ayuda humanitaria a usuarios afectados.</p><h2><b>VIDEO RECOMENDADO</b></h2><p><iframe width="560" height="315" src="https://www.youtube.com/embed/CSeeFmkkhc0?si=vZIF8d9KQvQ3YuHO" title="YouTube video player" frameborder="0" allow="accelerometer; autoplay; clipboard-write; encrypted-media; gyroscope; picture-in-picture; web-share" referrerpolicy="strict-origin-when-cross-origin" allowfullscreen></iframe></p> ]]>
</content:encoded>
<media:content url="https://diariocorreo.pe/resizer/v2/CMAJG72EI5F5ZDV6YKRMKXSRI4.jpg?width=700&height=395&auth=b22169bc74dd52b6201a7d0c3322f44549780211ebff50936c3f0f38806a924f&smart=true" type="image/jpeg" height="395" width="700"/>
</item>
<item>
<title>
<![CDATA[ Piura reporta 205 extorsiones en lo que va del año ]]>
</title>
<link>https://diariocorreo.pe/edicion/piura/piura-reporta-205-extorsiones-en-lo-que-va-del-ano-noticia/</link>
<guid isPermaLink="true">https://diariocorreo.pe/edicion/piura/piura-reporta-205-extorsiones-en-lo-que-va-del-ano-noticia/</guid>
<dc:creator>
<![CDATA[ Tania Bautista Castillo ]]>
</dc:creator>
<description/>
<pubDate>Tue, 18 Feb 2025 14:51:58 +0000</pubDate>
<content:encoded>
<![CDATA[ <p><b>Más de 200 extorsiones contra empresarios, autoridades, comerciantes, transportistas y otros se registran hasta la fecha en la </b><a href="https://diariocorreo.pe/edicion/piura/piura-aprueban-la-perforacion-de-16-pozos-tubulares-en-la-region-noticia/" target="_blank" rel="noreferrer" title="https://diariocorreo.pe/edicion/piura/piura-aprueban-la-perforacion-de-16-pozos-tubulares-en-la-region-noticia/"><b>región Piura. </b></a></p><p>Según las estadísticas de la Región Policial de Piura, desde el 1 de enero hasta el 16 de febrero del presente año, ya se registran 205 denuncias por extorsión.</p><p>Al respecto, el jefe de la Región Policial de Piura, general PNP Manuel Farías Zapata, cuestionó que hasta la fecha el penal ex Río Seco de Piura no cuente con bloqueadores de celulares, a diferencia del penal de mujeres de Sullana, que sí lo tiene. </p><blockquote><p><a href="https://diariocorreo.pe/edicion/piura/piura-mas-de-seis-mil-pobladores-quedaron-sin-agua-por-mala-perforacion-de-pozo-noticia/">VER MÁS: Piura: Más de seis mil pobladores quedaron sin agua por mala perforación de pozo</a></p></blockquote><p>“Es increíble que el penal de mujeres de Sullana tenga bloqueadores y no el penal de varones. Más fácil es ingresar artículos prohibidos al penal”, criticó Farías Zapata. </p><p>Anunció que, desde este año, las denuncias por extorsión serán investigada por la unidad especializada instalada en la Divincri, y por el personal de la División de Crimen Organizado.</p><p>El alto mando policial agregó que los números telefónicos identificados para realizar llamadas extorsivas serán anulados inmediatamente. </p><p>“Todos los teléfonos incriminados estamos haciendo una data e inmediatamente será anulado”, advirtió Farías. </p><p>Precisamente, fuentes policiales de Correo indicaron que tienen información confidencial que al parecer trabajadores del INPE estarían involucrados en el ingreso de celulares al centro penitenciario de varones de Piura para los internos, los cuales servirían para realizar las llamadas extorsivas a los comerciantes, empresarios, autoridades y transportistas.</p><p>Precisamente el fin de semana último se encontró en la parte posterior de la cabina del servidor del sistema integral penitenciario, un canguro azul con 9 equipos telefónicos de la marca redmi, un equipo telefónico Motorola, ocho cables de color blanco de entrada USB y C, cuatro cabezales de cargador de color blanco, entre otros.</p> ]]>
</content:encoded>
<media:content url="https://diariocorreo.pe/resizer/v2/V42AGSRA4JD4JBZWYM5V3IUJJI.jpg?width=1032&height=688&auth=3ad4d309183b99366fffbfaa4ba11b562687dfa990bd9376f4344635b330b433&smart=true" type="image/jpeg" height="688" width="1032">
<media:credit role="author" scheme="urn:ebu">SYSTEM</media:credit>
</media:content>
</item>
<item>
<title>
<![CDATA[ Más de 5000 hectáreas se verían afectadas ante aumento del río en Piura ]]>
</title>
<link>https://diariocorreo.pe/edicion/piura/mas-de-5000-hectareas-se-verian-afectadas-ante-aumento-del-rio-en-piura-noticia/</link>
<guid isPermaLink="true">https://diariocorreo.pe/edicion/piura/mas-de-5000-hectareas-se-verian-afectadas-ante-aumento-del-rio-en-piura-noticia/</guid>
<dc:creator>
<![CDATA[ Eddyn Nole Chero ]]>
</dc:creator>
<description/>
<pubDate>Tue, 18 Feb 2025 14:46:03 +0000</pubDate>
<content:encoded>
<![CDATA[ <p><b>Más de 5 000 hectáreas de cultivos situados a orillas del río Chira, en Sullana, y en la parte baja de Paita, en la región Piura, serían afectados ante el aumento de su caudal, debido a la alerta de fuertes lluvias y el desembalse de agua de la</b><a href="https://diariocorreo.pe/edicion/piura/piura-aprueban-la-perforacion-de-16-pozos-tubulares-en-la-region-noticia/" target="_blank" rel="noreferrer" title="https://diariocorreo.pe/edicion/piura/piura-aprueban-la-perforacion-de-16-pozos-tubulares-en-la-region-noticia/"><b> represa de Poechos.</b></a><b> Así lo señaló el gerente de la Junta de Usuarios del Sector Hidraúlico del Chira, ingeniero Napoleón Puño.</b></p><p>Puño explicó que a comparación de otras épocas, en el mes y medio que va del 2025, es uno de los años más húmedos que se registra. “La cuenca del río Catamayo-Chira, entre enero hasta la primera quincena de febrero, podemos considerar que ha sido uno de los años más húmedos que habido en los últimos 30 años”, indicó. </p><p>Explicó que en el mes de enero “han habido caudales por encima de los 500 metros cúbicos por segundo. Y la primera semana de febrero, hemos llegado a un poco más de 880 metros cúbicos por segundo en el río Chira, lo que permitió iniciar un proceso de laminación (descarga de agua al río), porque el reservorio llegó a la cota de 102.50, lo que lo ponía en un serio riesgo”, añadió.</p><blockquote><p><a href="https://diariocorreo.pe/edicion/piura/emergencia-en-piura-los-pobladores-cavan-huecos-para-buscar-agua-en-las-zonas-bajas-noticia/">PUEDE VER: Emergencia en Piura: Los pobladores cavan huecos para buscar agua en las zonas bajas</a></p></blockquote><p>Detalló que la represa Poechos tiene una capacidad de 450 millones de metros cúbicos de agua y que actualmente tiene alrededor de 250 millones de metros cúbicos, es decir, más del 60% de su capacidad total. Esto, debido a que han ido descargando agua últimamente.</p><p>Mientras que, debido a las lluvias en la sierra de Ecuador y las alertas en nuestro país, los sembríos al lado del río se verían afectados. “Ante una posibilidad de un desembalse o una laminación mayor a mil metros cúbicos por segundo, corren el riesgo los que están apegados en las márgenes del río, tanto en la margen izquierda, como la margen derecha. También en la parte baja de la comisión de usuarios de El Arenal (en Paita)”, dijo.</p><blockquote><p><a href="https://diariocorreo.pe/edicion/piura/piura-mas-de-seis-mil-pobladores-quedaron-sin-agua-por-mala-perforacion-de-pozo-noticia/">VER MÁS: Piura: Más de seis mil pobladores quedaron sin agua por mala perforación de pozo</a></p></blockquote><p>Indicó que gran cantidad de sembríos se verían afectados ante el aumento del caudal. “Estimamos que podrían verse afectados unos 1,500 usuarios. Unas 4 500 a 5 000 hectáreas (de sembríos)”, dijo Napoleón Puño a Correo.</p><p>En tanto, debido a las condiciones favorables del agua y clima, los agricultores del Valle del Chira ya realizan la campaña grande que ha sido planificada para evitar pérdidas hídricas y garantizar una distribución equitativa del agua. Así lo acordaron en sesión del comité ad hoc con la Junta de Usuarios del Chira. Esto, tras alcanzar el volumen necesario en el reservorio de Poechos. </p><p>Mientras que en el Medio y Bajo Piura, el presidente de la Junta de Usuarios, Macario Silva, señaló que en las diez comisiones de usuarios que cultivan arroz, ya están preparando los terrenos para los almácigos conforme a su cronograma y dar inicio a la gran campaña de arroz.</p><p>El dirigente precisó que el plan de siembra contempla la instalación de 10 500 hectáreas de arroz en las diez comisiones habilitadas y que beneficiará a entre 10 000 y 12 000 agricultores de dicha jurisdicción.</p> ]]>
</content:encoded>
<media:content url="https://diariocorreo.pe/resizer/v2/YBDW4MF7XFAGDLSQEAWEDCY7NU.jpg?width=1600&height=1066&auth=eeb97204dc4735fc1de8f93c61889aa43a773bfc30b99fddb24a94f3e4a148c0&smart=true" type="image/jpeg" height="1066" width="1600">
<media:credit role="author" scheme="urn:ebu">SYSTEM</media:credit>
</media:content>
</item>
<item>
<title>
<![CDATA[ Piura: Iracundo hombre causó destrozos en centro de salud ]]>
</title>
<link>https://diariocorreo.pe/edicion/piura/iracundo-hombre-causo-destrozos-en-centro-de-salud-noticia/</link>
<guid isPermaLink="true">https://diariocorreo.pe/edicion/piura/iracundo-hombre-causo-destrozos-en-centro-de-salud-noticia/</guid>
<dc:creator>
<![CDATA[ Eddyn Nole Chero ]]>
</dc:creator>
<description>
<![CDATA[ Un hombre fue intervenido por la Policía y Serenazgo, debido a que causó destrozos en el interior del centro de salud del asentamiento Sánchez Cerro en la provincia de Sullana. ]]>
</description>
<pubDate>Tue, 18 Feb 2025 14:45:44 +0000</pubDate>
<content:encoded>
<![CDATA[ <p>Un hombre fue intervenido por la Policía y Serenazgo, debido a que causó destrozos en el interior del centro de salud del asentamiento Sánchez Cerro en la <a href="https://diariocorreo.pe/edicion/piura/piura-juez-dicta-cadena-perpetua-para-sicario-que-participo-en-crimen-noticia/" rel="" title="https://diariocorreo.pe/edicion/piura/piura-juez-dicta-cadena-perpetua-para-sicario-que-participo-en-crimen-noticia/">provincia de Sullana</a>. </p><p>Se trata de un iracundo hombre que llegó al establecimiento de salud, exigiendo ser atendido, pero luego de unos segundos, comenzó a causar daños materiales. </p><p>Ante esto, los encargados alertaron sobre lo ocurrido a Serenazgo de Sullana y la Policía de la comisaría El Obrero que sacaron del lugar al hombre y fue puesto bajo custodia de la dependencia policial de esta localidad.</p> ]]>
</content:encoded>
<media:content url="https://diariocorreo.pe/resizer/v2/NXYKPNYK5NELDNMUK4DFMDTOAU.jfif?width=1600&height=972&auth=3a75435d75469823e2935e32d0ca0f97c015f974f34d5ea7718bb5954b255d37&smart=true" type="image/jpeg" height="972" width="1600">
<media:description type="plain">
<![CDATA[ Llegó para ser atendido, pero luego provocó daños en establecimiento de salud de Sánchez Cerro en Sullana y fue intervenido por la Policía y Serenazgo ]]>
</media:description>
</media:content>
</item>
<item>
<title>
<![CDATA[ Arequipa: Sedapar responsabilizó a los municipios de no considerar drenajes en obras viales ]]>
</title>
<link>https://diariocorreo.pe/edicion/arequipa/arequipa-sedapar-responsabilizo-a-los-municipios-de-no-considerar-drenajes-en-obras-viales-noticia/</link>
<guid isPermaLink="true">https://diariocorreo.pe/edicion/arequipa/arequipa-sedapar-responsabilizo-a-los-municipios-de-no-considerar-drenajes-en-obras-viales-noticia/</guid>
<dc:creator>
<![CDATA[ Nelly Hancco ]]>
</dc:creator>
<description>
<![CDATA[ Arequipa y sus distritos no tienen un sistema de drenaje pluvial y eso ha provocado que las calles se conviertan en ríos, se registren forados en las vías y, en el peor de los casos, inunden las viviendas. ]]>
</description>
<pubDate>Tue, 18 Feb 2025 14:39:46 +0000</pubDate>
<content:encoded>
<![CDATA[ <ul><li><a href="https://diariocorreo.pe/edicion/arequipa/fuertes-lluvias-dejan-hasta-el-momento-171-damnificados-en-la-region-arequipa-noticia/"><b>Fuertes lluvias dejan hasta el momento 171 damnificados en la región Arequipa</b></a></li><li><a href="https://diariocorreo.pe/edicion/arequipa/piden-declaratoria-de-emergencia-en-7-provincias-de-la-region-arequipa-por-impacto-de-lluvias-noticia/"><b>Piden declaratoria de emergencia en 7 provincias de la región Arequipa por impacto de lluvias</b></a></li><li><a href="https://diariocorreo.pe/edicion/arequipa/piden-declaratoria-de-emergencia-en-7-provincias-de-la-region-arequipa-por-impacto-de-lluvias-noticia/"><b>Lluvias en Arequipa: 1248 viviendas afectadas, 89 damnificadas y 3 puentes intransitables (VIDEO)</b></a></li></ul><p><b>Arequipa y sus distritos no tienen un sistema de drenaje pluvial y eso ha provocado que las calles se conviertan en ríos, se registren forados en las vías y, en el peor de los casos, inunden las viviendas.</b></p><q><b>MIRA: </b><a href="https://diariocorreo.pe/edicion/arequipa/piden-declarar-en-emergencia-103-distritos-de-la-region-arequipa-noticia/" target="_blank"><b>Temporada de lluvia: Piden declarar en emergencia 103 distritos de la región Arequipa</b></a></q><p><b>El subgerente de Obras Publicas y Edificaciones Privadas de la Municipalidad Provincial de Arequipa (MPA), Carlos Santos</b>, reconoció que lamentablemente no existe el sistema de desagüe, pese a la necesidad por a las fuertes lluvias.</p><p>En ese sentido, anunció luego del temporal <b>se reunirán con Sedapar para firmar un convenio</b> que permita hacer intervenciones conjuntas, como renovar las redes&nbsp; antiguas de saneamiento, además de los desfogues de lluvias y el asfaltado.</p><h1><mark class="hl_yellow"><b>EVALUARÁN</b></mark></h1><p>A la fecha no&nbsp; se cuenta con un diagnóstico del número de drenajes que existe o hacen falta en el Cercado de Arequipa. <i><b>“Haremos un análisis en el Centro Histórico y sus alrededores para evitar los desbordes”, </b></i>indicó Carlos Santos.</p><p>Desde el área de Relaciones Públicas de Sedapar se responsabilizó a los municipios de Arequipa del desborde de buzones, porque a falta de drenajes,<b> los pobladores abrieron los buzones de desagüe con el fin de evitar las inundaciones de sus viviendas</b>. Sin embargo, al abrir las tapas y permitir el ingreso del agua de la lluvia, solo se causó el atoro de las redes, porque el agua arrastró piedras, arena y otros desechos.</p><h1><mark class="hl_yellow"><b>VIDEO RECOMENDADO</b></mark></h1><p><iframe width="560" height="315" src="https://www.youtube.com/embed/Mbec2M3-PpQ?si=a_dY7uxsKU_1DzxT" title="YouTube video player" frameborder="0" allow="accelerometer; autoplay; clipboard-write; encrypted-media; gyroscope; picture-in-picture; web-share" referrerpolicy="strict-origin-when-cross-origin" allowfullscreen></iframe></p> ]]>
</content:encoded>
<media:content url="https://diariocorreo.pe/resizer/v2/6AASWGUB5RBIJEQIVZDAPHVYRA.jpg?width=1160&height=653&auth=781fa9728cfe576af889e87d2ef4fa664f65036f52338cad26d01b318595f268&smart=true" type="image/jpeg" height="653" width="1160">
<media:description type="plain">
<![CDATA[ Sistema de drenaje en Arequipa. Foto: GEC. ]]>
</media:description>
<media:credit role="author" scheme="urn:ebu">SYSTEM</media:credit>
</media:content>
</item>
<item>
<title>
<![CDATA[ Estafan a fanáticos de Shakira con entradas falsas en el Estadio Nacional ]]>
</title>
<link>https://diariocorreo.pe/edicion/lima/estafan-a-fanaticos-de-shakira-con-entradas-falsas-en-el-estadio-nacional-noticia/</link>
<guid isPermaLink="true">https://diariocorreo.pe/edicion/lima/estafan-a-fanaticos-de-shakira-con-entradas-falsas-en-el-estadio-nacional-noticia/</guid>
<dc:creator>
<![CDATA[ Redacción Diario Correo ]]>
</dc:creator>
<description/>
<pubDate>Tue, 18 Feb 2025 14:35:16 +0000</pubDate>
<content:encoded>
<![CDATA[ <p>El concierto de <b>Shakira en Lima que se realizó el último lunes en el Estadio Nacional</b>, se vio empañado para algunos fanáticos que fueron víctimas de <b>estafas con entradas falsas</b>. Según RPP, la <b>Policía Nacional del Perú (PNP) </b>informó que al menos <b>15 personas</b> denunciaron en la <b>Comisaría de Petit Thouars</b> haber sido engañadas por revendedores inescrupulosos.</p><p>Varios de los afectados pagaron <b>precios elevados</b> por boletos que resultaron ser fraudulentos.</p><h2><b>Casos de estafa</b></h2><p>Entre las víctimas, se reportó que una <b>pareja de jóvenes pagó S/ 1,200 por dos entradas</b>, pero el vendedor <b>nunca se presentó</b> en el punto de entrega acordado.</p><p>Asimismo, una <b>madre y su hija</b> pagaron <b>S/ 500 cada una</b> por boletos en la zona <b>Tribuna Norte</b>, solo para descubrir en la puerta del estadio que <b>eran falsos</b> y no podían ingresar al evento.</p><p>Ante estos hechos, la <b>PNP</b> reiteró su llamado a los fanáticos a <b>comprar entradas solo a través de canales oficiales</b>, para evitar caer en <b>estafas</b> que les impidan disfrutar de eventos de gran magnitud como este.</p><h2><b>TE PUEDE INTERESAR</b></h2><ul><li><a href="https://diariocorreo.pe/edicion/lima/bnp-y-minedu-inauguran-la-primera-biblioteca-hospitalaria-en-el-inen-para-pacientes-oncologicos-noticia/" title="https://diariocorreo.pe/edicion/lima/bnp-y-minedu-inauguran-la-primera-biblioteca-hospitalaria-en-el-inen-para-pacientes-oncologicos-noticia/">BNP y Minedu inauguran la primera Biblioteca Hospitalaria en el INEN para pacientes oncológicos</a></li><li><a href="https://diariocorreo.pe/edicion/lima/bnp-y-minedu-inauguran-la-primera-biblioteca-hospitalaria-en-el-inen-para-pacientes-oncologicos-noticia/" title="https://diariocorreo.pe/edicion/lima/bnp-y-minedu-inauguran-la-primera-biblioteca-hospitalaria-en-el-inen-para-pacientes-oncologicos-noticia/">Sismo de magnitud 4.9 en Lima: epicentro fue en Oyón y no genera alerta de tsunami</a></li><li><a href="https://diariocorreo.pe/edicion/lima/bnp-y-minedu-inauguran-la-primera-biblioteca-hospitalaria-en-el-inen-para-pacientes-oncologicos-noticia/" title="https://diariocorreo.pe/edicion/lima/bnp-y-minedu-inauguran-la-primera-biblioteca-hospitalaria-en-el-inen-para-pacientes-oncologicos-noticia/">Delincuentes roban dinero de pollada solidaria en Carabayllo</a></li><li><a href="https://diariocorreo.pe/edicion/lima/bnp-y-minedu-inauguran-la-primera-biblioteca-hospitalaria-en-el-inen-para-pacientes-oncologicos-noticia/" title="https://diariocorreo.pe/edicion/lima/bnp-y-minedu-inauguran-la-primera-biblioteca-hospitalaria-en-el-inen-para-pacientes-oncologicos-noticia/">Tiroteo en Callao: Matan a mototaxista y hieren a mujer de 68 años</a></li><li><a href="https://diariocorreo.pe/edicion/lima/bnp-y-minedu-inauguran-la-primera-biblioteca-hospitalaria-en-el-inen-para-pacientes-oncologicos-noticia/" title="https://diariocorreo.pe/edicion/lima/bnp-y-minedu-inauguran-la-primera-biblioteca-hospitalaria-en-el-inen-para-pacientes-oncologicos-noticia/">Clínica Delgado inició proceso sancionador contra responsables de filtración de información médica de Shakira</a></li><li><a href="https://diariocorreo.pe/edicion/lima/bnp-y-minedu-inauguran-la-primera-biblioteca-hospitalaria-en-el-inen-para-pacientes-oncologicos-noticia/" title="https://diariocorreo.pe/edicion/lima/bnp-y-minedu-inauguran-la-primera-biblioteca-hospitalaria-en-el-inen-para-pacientes-oncologicos-noticia/">Susalud interviene la Clínica Delgado por filtración de historia clínica de Shakira</a></li></ul> ]]>
</content:encoded>
<media:content url="https://diariocorreo.pe/resizer/v2/WL5TC5QS2RBUVFTCXFO4YLAQIM.jpeg?width=4160&height=2773&auth=f7c9675613cde6160cfa92afc9d7236fc0c3ffddd480a672f9e54216f58d7584&smart=true" type="image/jpeg" height="2773" width="4160">
<media:description type="plain">
<![CDATA[ Al menos 15 personas denunciaron haber sido víctimas de revendedores que les vendieron boletos falsos para el concierto de Shakira en Lima. ]]>
</media:description>
</media:content>
</item>
<item>
<title>
<![CDATA[ Piura: Vacunaron 1200 cabezas de ganado para prevenir enfermedad ]]>
</title>
<link>https://diariocorreo.pe/edicion/piura/vacunaron-1200-cabezas-de-ganado-para-prevenir-enfermedad-noticia/</link>
<guid isPermaLink="true">https://diariocorreo.pe/edicion/piura/vacunaron-1200-cabezas-de-ganado-para-prevenir-enfermedad-noticia/</guid>
<description>
<![CDATA[ La Municipalidad Provincial de Sullana, a través de la Subgerencia de Gestión Productiva Urbano y Rural, en coordinación con la Municipalidad Distrital de Miguel Checa, realizó la vacunación de 1200 cabezas de ganado caprino para prevenir la enfermedad conocida como “Pierna Negra”, la cual puede causar la muerte del ganado. ]]>
</description>
<pubDate>Tue, 18 Feb 2025 14:34:50 +0000</pubDate>
<content:encoded>
<![CDATA[ <p>La Municipalidad Provincial de <a href="https://diariocorreo.pe/edicion/piura/atacan-a-balazos-a-un-agricultor-noticia/" rel="" title="https://diariocorreo.pe/edicion/piura/atacan-a-balazos-a-un-agricultor-noticia/">Sullana</a>, a través de la Subgerencia de Gestión Productiva Urbano y Rural, en coordinación con la Municipalidad Distrital de Miguel Checa, realizó la vacunación de 1200 cabezas de ganado caprino para prevenir la enfermedad conocida como “Pierna Negra”, la cual puede causar la muerte del ganado.</p><p>La jornada se desarrolló en el centro poblado Nueva Esperanza, donde, además de la vacunación, se brindó capacitación a los ganaderos sobre la atención y el manejo adecuado de sus animales ante posibles reacciones a la vacuna.</p><p>Los productores locales expresaron su agradecimiento por esta iniciativa que contribuye a la salud de su ganado y ayuda a evitar pérdidas económicas.</p><p>La “Pierna Negra” es una enfermedad infecciosa y altamente mortal que afecta al ganado. Es causada por la bacteria Clostridium chauvoei, que se encuentra en el suelo y puede ingresar al organismo del animal a través de heridas o al ser ingerida.</p> ]]>
</content:encoded>
<media:content url="https://diariocorreo.pe/resizer/v2/NTQF6HXC4VFP7HLIC4NJ3ESP3Q.jpg?width=1200&height=682&auth=613d5afebbfeeeba4fd427846df50a20242220ee56d1ce41641592aded4b1d22&smart=true" type="image/jpeg" height="682" width="1200">
<media:description type="plain">
<![CDATA[ Realizaron vacunación contra mal conocido como “Pierna Negra” que puede causar la muerte del ganado caprino ]]>
</media:description>
</media:content>
</item>
</channel>
</rss>