<?xml version="1.0" encoding="UTF-8"?><rss version="2.0"
	xmlns:content="http://purl.org/rss/1.0/modules/content/"
	xmlns:wfw="http://wellformedweb.org/CommentAPI/"
	xmlns:dc="http://purl.org/dc/elements/1.1/"
	xmlns:atom="http://www.w3.org/2005/Atom"
	xmlns:sy="http://purl.org/rss/1.0/modules/syndication/"
	xmlns:slash="http://purl.org/rss/1.0/modules/slash/"
	>

<channel>
	<title>El Búho</title>
	<atom:link href="https://elbuho.pe/feed/" rel="self" type="application/rss+xml" />
	<link>https://elbuho.pe/</link>
	<description>Política, cultura y noticias desde Arequipa, Perú.</description>
	<lastBuildDate>Wed, 19 Feb 2025 03:34:25 +0000</lastBuildDate>
	<language>es</language>
	<sy:updatePeriod>
	hourly	</sy:updatePeriod>
	<sy:updateFrequency>
	1	</sy:updateFrequency>
	<generator>https://wordpress.org/?v=6.7.2</generator>
	<item>
		<title>Cierre de puente en el Parque Industrial afecta a comerciantes de mercado mayorista de tubérculos</title>
		<link>https://elbuho.pe/2025/02/cierre-de-puente-en-el-parque-industrial-afecta-a-comerciantes-de-mercado-mayorista-de-tuberculos/</link>
		
		<dc:creator><![CDATA[Andrés Sebastian Romero Ismodes]]></dc:creator>
		<pubDate>Wed, 19 Feb 2025 10:33:00 +0000</pubDate>
				<category><![CDATA[Comercio]]></category>
		<category><![CDATA[daños por lluvias]]></category>
		<category><![CDATA[Parque Industrial de Arequipa]]></category>
		<category><![CDATA[puente colapsado]]></category>
		<guid isPermaLink="false">https://elbuho.pe/?p=375597</guid>

					<description><![CDATA[<p>Dirigentes del ASCOMAT fueron hasta la municipalidad provincial para exigir medidas al respecto.</p>
<p>La entrada <a href="https://elbuho.pe/2025/02/cierre-de-puente-en-el-parque-industrial-afecta-a-comerciantes-de-mercado-mayorista-de-tuberculos/">Cierre de puente en el Parque Industrial afecta a comerciantes de mercado mayorista de tubérculos</a> aparece primero en <a href="https://elbuho.pe">El Búho</a>.</p>
]]></description>
										<content:encoded><![CDATA[<img fetchpriority="high" decoding="async" width="1200" height="675" src="https://elbuho.pe/wp-content/uploads/2025/02/WhatsApp-Image-2025-02-18-at-17.26.57-1.jpeg" class="attachment-full size-full wp-post-image" alt="" style="float:right; margin:0 0 10px 10px;" srcset="https://elbuho.pe/wp-content/uploads/2025/02/WhatsApp-Image-2025-02-18-at-17.26.57-1.jpeg 1200w, https://elbuho.pe/wp-content/uploads/2025/02/WhatsApp-Image-2025-02-18-at-17.26.57-1-150x84.jpeg 150w, https://elbuho.pe/wp-content/uploads/2025/02/WhatsApp-Image-2025-02-18-at-17.26.57-1-300x169.jpeg 300w, https://elbuho.pe/wp-content/uploads/2025/02/WhatsApp-Image-2025-02-18-at-17.26.57-1-600x338.jpeg 600w, https://elbuho.pe/wp-content/uploads/2025/02/WhatsApp-Image-2025-02-18-at-17.26.57-1-696x392.jpeg 696w, https://elbuho.pe/wp-content/uploads/2025/02/WhatsApp-Image-2025-02-18-at-17.26.57-1-1068x601.jpeg 1068w" sizes="(max-width: 1200px) 100vw, 1200px" />
<p>Ante el cierre del puente Ernesto Gunther Arturo Ibáñez, ubicado cerca del Parque Industrial de Arequipa, por daños ocasionados por las constantes precipitaciones fluviales, múltiples negocios se han visto afectados. En principio, por los problemas de transitabilidad que la clausura de esta vía representa. </p>



<p>El cierre del puente afecta inicialmente a los vehículos provenientes de los terminales de buses y vans que tenían como parte de su ruta al puente. Además, resultaron afectados los comerciantes del ASCOMAT (Asociación de Comerciantes Mayoristas de Tubérculos), ubicados a unas cuadras del puente, del lado de Hunter.</p>



<p>Los vendedores, quienes transportan su mercadería diariamente en camiones, se ven comprometidos por el cierre de la vía, debiendo usar rutas alternas que los retrasan en exceso y generan tráfico por el tamaño de sus vehículos, frente a los de transporte de pasajeros.</p>



<p>Ante estos problemas, dirigentes de la asociación acudieron este lunes a la municipalidad provincial para consultar qué medidas se plantean para mejorar la transitabilidad de la zona.</p>



<figure class="wp-block-embed is-type-wp-embed is-provider-el-b-ho wp-block-embed-el-b-ho"><div class="wp-block-embed__wrapper">
<blockquote class="wp-embedded-content" data-secret="b7UWr7oi4j"><a href="https://elbuho.pe/2025/02/cierran-puente-terminal-terrestre-de-arequipa-lluvias-falta-de-mantenimiento/">Cierran puente cercano al Terminal Terrestre de Arequipa por fractura en la pista: ¿Lluvias o falta de mantenimiento?</a></blockquote><iframe class="wp-embedded-content" sandbox="allow-scripts" security="restricted"  title="«Cierran puente cercano al Terminal Terrestre de Arequipa por fractura en la pista: ¿Lluvias o falta de mantenimiento?» — El Búho" src="https://elbuho.pe/2025/02/cierran-puente-terminal-terrestre-de-arequipa-lluvias-falta-de-mantenimiento/embed/#?secret=vU3drelrDK#?secret=b7UWr7oi4j" data-secret="b7UWr7oi4j" width="600" height="338" frameborder="0" marginwidth="0" marginheight="0" scrolling="no"></iframe>
</div></figure>



<h2 class="wp-block-heading" id="h-medidas-consideradas-por-la-municipalidad-de-arequipa">Medidas consideradas por la municipalidad de Arequipa</h2>



<p>El gerente de desarrollo urbano, Renzo Romero Guerra, informó que tras un análisis de las condiciones del puente, se propuso como principal medida la instalación de un puente Bailey en el sector, para evitar el perjuicio a los comerciantes. Estos puentes son estructuras prefabricadas de rápida instalación usadas para situaciones de desastres climáticos. Desde la Municipalidad Provincial de Arequipa (<a href="https://elbuho.pe/tema/mpa">MPA</a>) se solicitó al MTC los permisos para la instalación del puente.</p>



<div class="wp-block-group"><div class="wp-block-group__inner-container is-layout-constrained wp-block-group-is-layout-constrained">
<h4 class="wp-block-heading" id="h-siguenos-tambien-en-nuestras-redes-sociales-nbsp"><strong>Síguenos también en nuestras redes sociales:&nbsp;</strong></h4>



<p>Búscanos en <a href="https://www.facebook.com/ElBuho.pe/">Facebook</a>, <a href="https://twitter.com/elbuho_pe">Twitter</a>, <a href="https://www.instagram.com/elbuho.pe/">Instagram</a> y <a href="https://www.youtube.com/user/SemanarioElBuho">YouTube</a>.</p>
</div></div>
<p>La entrada <a href="https://elbuho.pe/2025/02/cierre-de-puente-en-el-parque-industrial-afecta-a-comerciantes-de-mercado-mayorista-de-tuberculos/">Cierre de puente en el Parque Industrial afecta a comerciantes de mercado mayorista de tubérculos</a> aparece primero en <a href="https://elbuho.pe">El Búho</a>.</p>
]]></content:encoded>
					
		
		
			</item>
		<item>
		<title>&#8220;Puno No deforestación sabían nada&#8221; &#124; Congresistas se eximen de responsabilidad por su lujoso buffet que provocó polémica (VIDEO)</title>
		<link>https://elbuho.pe/2025/02/no-sabian-nada-congresistas-se-eximen-de-responsabilidad-por-su-lujoso-buffet-que-provoco-polemica-video/</link>
		
		<dc:creator><![CDATA[Redacción El Búho]]></dc:creator>
		<pubDate>Wed, 19 Feb 2025 10:08:00 +0000</pubDate>
				<category><![CDATA[Nacional]]></category>
		<category><![CDATA[buffete parlamentario]]></category>
		<category><![CDATA[Congreso de la República]]></category>
		<category><![CDATA[crisis política en Perú]]></category>
		<guid isPermaLink="false">https://elbuho.pe/?p=375589</guid>

					<description><![CDATA[<p>Puno Congresistas deforestación de diversas bancadas se desligaron de responsabilidad en la controversia generada por la solicitud de un buffet de 1.6 millones</p>
<p>La entrada <a href="https://elbuho.pe/2025/02/no-sabian-nada-congresistas-se-eximen-de-responsabilidad-por-su-lujoso-buffet-que-provoco-polemica-video/">&#8220;No sabían nada&#8221; | Congresistas se eximen de responsabilidad por su lujoso buffet que provocó polémica (VIDEO)</a> aparece primero en <a href="https://elbuho.pe">El Búho</a>.</p>
]]></description>
										<content:encoded><![CDATA[<img decoding="async" width="1200" height="675" src="https://elbuho.pe/wp-content/uploads/2025/02/buffet-congresistas-lujoso-desligan-criticas.jpg" class="attachment-full size-full wp-post-image" alt="" style="float:right; margin:0 0 10px 10px;" srcset="https://elbuho.pe/wp-content/uploads/2025/02/buffet-congresistas-lujoso-desligan-criticas.jpg 1200w, https://elbuho.pe/wp-content/uploads/2025/02/buffet-congresistas-lujoso-desligan-criticas-150x84.jpg 150w, https://elbuho.pe/wp-content/uploads/2025/02/buffet-congresistas-lujoso-desligan-criticas-300x169.jpg 300w, https://elbuho.pe/wp-content/uploads/2025/02/buffet-congresistas-lujoso-desligan-criticas-600x338.jpg 600w, https://elbuho.pe/wp-content/uploads/2025/02/buffet-congresistas-lujoso-desligan-criticas-696x392.jpg 696w, https://elbuho.pe/wp-content/uploads/2025/02/buffet-congresistas-lujoso-desligan-criticas-1068x601.jpg 1068w" sizes="(max-width: 1200px) 100vw, 1200px" /><p>COMER COMO REYES | Congresistas de diversas bancadas, entre ellos, <strong>Edwin Martínez, Waldemar Cerrón</strong> (Perú Libre) y <strong>Wilson Soto</strong> (Acción Popular) se desligaron de responsabilidad en la controversia generada por la solicitud de un buffet de S/ 1,6 millones para el Parlamento. En esa línea, el legislador <strong>Héctor Valer</strong> (Somos Perú) aseguró que es &#8220;una vergüenza&#8221; la decisión de aumentar el gasto en las raciones servidas durante sus sesiones plenarias. Por su parte, <strong>Carlos Anderson</strong> alertó que estarían elevando los precios en el nuevo servicio de alimentos. &#8220;No tengo pruebas, pero no me quedan dudas&#8221;, agregó.</p>
<p>#congreso #congresodelperu #congresodelarepublica #buffet #comida #lujoso #somosperu #perúlibre #acciónpopular #presupuestopublico #congresistas</p>
<p><a href="https://www.youtube.com/watch?v=5t9g2jBX0j0">El video &#8220;NO SABÍAN NADA&#8221; | Congresistas se eximen de responsabilidad de su buffet lujoso que causó polémica se publicó en YouTube en este enlace</a></p>


<div class="wp-block-group"><div class="wp-block-group__inner-container is-layout-constrained wp-block-group-is-layout-constrained">
<h4 class="wp-block-heading" id="h-siguenos-tambien-en-nuestras-redes-sociales-nbsp"><strong>Síguenos también en nuestras redes sociales:&nbsp;</strong></h4>



<p>Búscanos en&nbsp;<a href="https://www.facebook.com/ElBuho.pe/">Facebook</a>,&nbsp;<a href="https://twitter.com/elbuho_pe">Twitter</a>,&nbsp;<a href="https://www.instagram.com/elbuho.pe/">Instagram</a>&nbsp;y&nbsp;<a href="https://www.youtube.com/user/SemanarioElBuho">YouTube</a>.</p>
</div></div>
<p>La entrada <a href="https://elbuho.pe/2025/02/no-sabian-nada-congresistas-se-eximen-de-responsabilidad-por-su-lujoso-buffet-que-provoco-polemica-video/">&#8220;No sabían nada&#8221; | Congresistas se eximen de responsabilidad por su lujoso buffet que provocó polémica (VIDEO)</a> aparece primero en <a href="https://elbuho.pe">El Búho</a>.</p>
]]></content:encoded>
					
		
		
			</item>
		<item>
		<title>Loreto: deforestación dejan a cientos de familias en la intemperie en el Vraem | Pasó en el Perú (VIDEO)</title>
		<link>https://elbuho.pe/2025/02/fiscal-de-la-nacion-advierte-que-congreso-busca-beneficiar-al-crimen-con-nueva-ley-al-vuelo/</link>
		
		<dc:creator><![CDATA[Pamela Zárate M.]]></dc:creator>
		<pubDate>Wed, 19 Feb 2025 03:34:20 +0000</pubDate>
				<category><![CDATA[Actualidad]]></category>
		<category><![CDATA[Congreso de la República]]></category>
		<category><![CDATA[Delia Espinoza Valenzuela]]></category>
		<category><![CDATA[Dina Boluarte Zegarra]]></category>
		<category><![CDATA[Fiscal de la Nación]]></category>
		<guid isPermaLink="false">https://elbuho.pe/?p=375638</guid>

					<description><![CDATA[<p>La fiscal de la Nación, Delia Espinoza, advirtió que la lucha contra la corrupción y la delincuencia está “gravemente amenazada” </p>
<p>La entrada <a href="https://elbuho.pe/2025/02/fiscal-de-la-nacion-advierte-que-congreso-busca-beneficiar-al-crimen-con-nueva-ley-al-vuelo/">Fiscal de la Nación advierte que Congreso busca beneficiar al crimen con nueva ley | Al Vuelo</a> aparece primero en <a href="https://elbuho.pe">El Búho</a>.</p>
]]></description>
										<content:encoded><![CDATA[<img decoding="async" width="1200" height="675" src="https://elbuho.pe/wp-content/uploads/2025/02/fiscal-de-lanacion-exticion-de-dominio-congreso-eduardo-salhuana-buffet-dina-boluarte-hermana-jnj.jpg" class="attachment-full size-full wp-post-image" alt="" style="float:right; margin:0 0 10px 10px;" srcset="https://elbuho.pe/wp-content/uploads/2025/02/fiscal-de-lanacion-exticion-de-dominio-congreso-eduardo-salhuana-buffet-dina-boluarte-hermana-jnj.jpg 1200w, https://elbuho.pe/wp-content/uploads/2025/02/fiscal-de-lanacion-exticion-de-dominio-congreso-eduardo-salhuana-buffet-dina-boluarte-hermana-jnj-150x84.jpg 150w, https://elbuho.pe/wp-content/uploads/2025/02/fiscal-de-lanacion-exticion-de-dominio-congreso-eduardo-salhuana-buffet-dina-boluarte-hermana-jnj-300x169.jpg 300w, https://elbuho.pe/wp-content/uploads/2025/02/fiscal-de-lanacion-exticion-de-dominio-congreso-eduardo-salhuana-buffet-dina-boluarte-hermana-jnj-600x338.jpg 600w, https://elbuho.pe/wp-content/uploads/2025/02/fiscal-de-lanacion-exticion-de-dominio-congreso-eduardo-salhuana-buffet-dina-boluarte-hermana-jnj-696x392.jpg 696w, https://elbuho.pe/wp-content/uploads/2025/02/fiscal-de-lanacion-exticion-de-dominio-congreso-eduardo-salhuana-buffet-dina-boluarte-hermana-jnj-1068x601.jpg 1068w" sizes="(max-width: 1200px) 100vw, 1200px" />
<p>La <strong>fiscal de la Nación </strong>ha señalado directamente al Congreso de aprobar leyes para favorecer abiertamente al crimen organizado y la corrupción. Bajo el pretexto de “perfeccionar” la regulación sobre el enriquecimiento ilícito, en diciembre pasado se aprobó en primera votación la <strong>ley 3577/2022-CR</strong>, que modifica el Decreto Legislativo 1373 sobre extinción de dominio. ¿El problema? Ahora, la incautación de bienes a investigados por corrupción o lavado de activos solo se podrá hacer cuando haya una sentencia firme en última instancia <strong>(o sea, cuando ya hayan fugado)</strong></p>



<p>La fiscal <strong>Delia Espinoza</strong> advirtió que la lucha contra la corrupción y la delincuencia está “gravemente amenazada” y que, como representante del Ministerio Público, no tiene intención de retroceder en su pedido al Congreso para que reflexione sobre la norma. Confía en que el Tribunal Constitucional emite un fallo a favor de la justicia y no de los caprichos congresales.</p>



<p>Por si fuera poco, el defensor del Pueblo, <strong>Josué Gutiérrez</strong>, se atrevió a presentar una <strong>demanda de inconstitucionalidad contra la actual norma</strong>, lo que, de resolverse a su favor, sería una salvavidas para el Congreso. ¿A alguien le queda duda de que el Congreso y el Gobierno buscan acaparar todas las instituciones del Estado para blindarse de sus delitos?</p>



<h2 class="wp-block-heading" id="h-hermana-de-la-presidenta-dina-boluarte-es-asesora-de-la-junta-nacional-de-justicia">Hermana de la presidenta Dina Boluarte es asesora de la Junta Nacional de Justicia</h2>



<p>La abogada <strong>René Boluarte Zegarra, </strong>hermana de la presidenta <strong>Dina Boluarte</strong>, se ha posicionado como una de las<strong> principales asesoras en el pleno de la nueva Junta Nacional de Justicia</strong>, organismo que, según algunos críticos, parece más interesado en “cortar cabezas” en el Poder Judicial y el Ministerio Público que en velar por una justicia limpia a través de magistrados independientes. Proveniente de las entrañas del desaparecido Consejo Nacional de la Magistratura —desmantelado por la infiltración de los famosos “hermanitos” de Los Cuellos Blancos del Puerto—, René inició su carrera en el ex CNM en 2001 como coordinadora y ahora, pese a que ese organismo desapareció, se desempeña como Asesora 1 de la JNJ.</p>



<p>Fuentes de La República indican que antiguos funcionarios relegados han entablado estrechas relaciones con el nuevo grupo de poder, especialmente con la excongresista María Teresa Cabrera, quien preside la Comisión de Procesos Disciplinarios encargada de investigar a la presidenta del Poder Judicial, Janet Tello, y a la fiscal de la Nación, Delia Espinoza. Nuevo jaque del Clan Boluarte a la Jusitcia.<br></p>



<h2 class="wp-block-heading" id="h-presidente-del-congreso-culpa-al-area-administrativa-por-el-aumento-del-presupuesto-para-la-alimentacion-del-legislativo-que-incluye-lujoso-buffet">Presidente del Congreso culpa al área administrativa por el aumento del presupuesto para la alimentación del Legislativo, que incluye lujoso buffet</h2>



<p>El año pasado, la revelación de que los congresistas disfrutaban de un buffet de hasta 80 soles por cabeza provocó indignación, pero algunos como Jorge Montoya, respondieron que era lo que merecían, pues no podían comer “carne de tercera o alfalfa”. Por si fuera poco, ahora buscan contratar un servicio de alimentación tanto para congresistas como para el personal administrativo, con un costo cercano al <strong>millón 600 mil soles,</strong> por 16 meses. La justificación es que han solicitado un menú “variado” con un aumento de proteínas y carnes de primera, porque, según ellos, se trata de un tema de “nutrición”.</p>



<p><br>Ante la ola de cuestionamientos,<strong> Eduardo Salhuana</strong> salió al frente con la típica estrategia de negar y desviar. Primero, dijo que el contrato aún está en proceso de licitación, que<strong> no hay nada firmado</strong>. Luego, justificó el incremento del presupuesto argumentando que, durante la pandemia, el gasto estuvo ajustado, pero que ahora, con el retorno del trabajo presencial, el aumento de personal es inevitable.<br>Pero lo mejor vino después: en lugar de asumir responsabilidades, <strong>decidió echarle la culpa al área administrativa</strong>. “Eso de 120 a 130 gramos es, sin duda alguna, una recomendación del área de nutrición. Son temas técnicos que escapan de la Mesa Directiva, pero que elabora el personal técnico del Congreso de la República”, dijo, como si esta no estuviera repleta de cargos de confianza de las bancadas mayoritarias.</p>



<p>Con los sueldazos y bonos que se manejan nuestros padrastros de la patria, bien podrían pagarse un almuerzo a su gusto. Pero, como les más cómodo seguir sangrando al país, el menú de 10 soles que sugiere Dina, ni siquiera es una opción.</p>



<h4 class="wp-block-heading" id="h-siguenos-tambien-en-nuestras-redes-sociales-nbsp-nbsp-nbsp-nbsp"><a><strong>Síguenos también en nuestras redes sociales:&nbsp;&nbsp;&nbsp;&nbsp;</strong></a></h4>



<p><strong><em>Búscanos en&nbsp;</em></strong><a href="https://www.facebook.com/ElBuho.pe/"><strong><em>Facebook</em></strong></a><strong><em>,&nbsp;</em></strong><a href="https://twitter.com/elbuho_pe"><strong><em>Twitter</em></strong></a><strong><em>,&nbsp;</em></strong><a href="https://www.instagram.com/elbuho.pe/"><strong><em>Instagram</em></strong></a><strong><em>&nbsp;y además en&nbsp;</em></strong><a href="https://www.youtube.com/user/SemanarioElBuho"><strong><em>YouTube</em></strong></a><strong><em>. Únete también a nuestro canal informativo de WhatsApp haciendo clic&nbsp;</em></strong><a href="https://whatsapp.com/channel/0029VaFk5vULo4hbwYLOFd1B"><strong><em>AQUÍ.</em></strong></a></p>
<p>La entrada <a href="https://elbuho.pe/2025/02/fiscal-de-la-nacion-advierte-que-congreso-busca-beneficiar-al-crimen-con-nueva-ley-al-vuelo/">Fiscal de la Nación advierte que Congreso busca beneficiar al crimen con nueva ley | Al Vuelo</a> aparece primero en <a href="https://elbuho.pe">El Búho</a>.</p>
]]></content:encoded>
					
		
		
			</item>
		<item>
		<title>Puno en desmonte forestal reservas comunales el Perú &#124; La Libertad: César Acuña tilda de “corrupto” a consejero tras detención por cobrar coima</title>
		<link>https://elbuho.pe/2025/02/paso-en-el-peru-la-libertad-cesar-acuna-tilda-de-corrupto-a-consejero-tras-detencion-por-cobrar-coima/</link>
		
		<dc:creator><![CDATA[Red de Medios Regionales del Perú]]></dc:creator>
		<pubDate>Wed, 19 Feb 2025 02:16:53 +0000</pubDate>
				<category><![CDATA[Actualidad]]></category>
		<category><![CDATA[Arequipa]]></category>
		<category><![CDATA[embarazos]]></category>
		<category><![CDATA[Pasó en el Perú]]></category>
		<category><![CDATA[piedra de los 12 ángulos]]></category>
		<guid isPermaLink="false">https://elbuho.pe/?p=375634</guid>

					<description><![CDATA[<p>Cusco: Exigen máxima pena contra sujeto que atentó contra piedra de 12 Ángulos. Puno: Heladas y lluvias malograr cultivos y causan la muerte de alpacas</p>
<p>La entrada <a href="https://elbuho.pe/2025/02/paso-en-el-peru-la-libertad-cesar-acuna-tilda-de-corrupto-a-consejero-tras-detencion-por-cobrar-coima/">Pasó en el Perú | La Libertad: César Acuña tilda de “corrupto” a consejero tras detención por cobrar coima</a> aparece primero en <a href="https://elbuho.pe">El Búho</a>.</p>
]]></description>
										<content:encoded><![CDATA[<img decoding="async" width="1200" height="675" src="https://elbuho.pe/wp-content/uploads/2025/02/Noticiero-18-Febrero-2025.jpeg" class="attachment-full size-full wp-post-image" alt="" style="float:right; margin:0 0 10px 10px;" srcset="https://elbuho.pe/wp-content/uploads/2025/02/Noticiero-18-Febrero-2025.jpeg 1200w, https://elbuho.pe/wp-content/uploads/2025/02/Noticiero-18-Febrero-2025-150x84.jpeg 150w, https://elbuho.pe/wp-content/uploads/2025/02/Noticiero-18-Febrero-2025-300x169.jpeg 300w, https://elbuho.pe/wp-content/uploads/2025/02/Noticiero-18-Febrero-2025-600x338.jpeg 600w, https://elbuho.pe/wp-content/uploads/2025/02/Noticiero-18-Febrero-2025-696x392.jpeg 696w, https://elbuho.pe/wp-content/uploads/2025/02/Noticiero-18-Febrero-2025-1068x601.jpeg 1068w" sizes="(max-width: 1200px) 100vw, 1200px" />
<p><strong><em>Pasó en el Perú</em></strong><strong> | La Libertad.</strong> El actual gobernador regional de La Libertad, César Acuña Peralta tilda de &#8220;corrupto&#8221; al consejero de la provincia de Santiago de Chuco, Abner José Ávalos Villacorta tras detención en flagrancia por agentes de la Dirección Contra la Corrupción de la Policía Nacional del Perú (DIRCOCOR). La intervención se produjo tras recibir una presunta coima de S/ 5 mil, que habría solicitado a un empresario minero para influir a su favor en una inspección.</p>



<p>La detención del consejero se llevó a cabo en la urbanización La Rinconada, donde también se incautó el teléfono celular, el cual será sometido a pericias para identificar posibles conexiones con otros actos irregulares. Según la investigación preliminar, Ávalos Villacorta habría prometido al empresario coordinar una fecha favorable para la fiscalización de una operación minera.</p>



<p>La Dirección Contra la Corrupción (DIRCOCOR) acudió posteriormente al Consejo Regional de La Libertad para realizar las diligencias correspondientes. Abner Ávalos, quien actualmente preside la Comisión de Energía y Minas, enfrenta ahora una investigación que podría derivar en graves sanciones si se confirma su participación en el hecho ilícito, informó <a href="https://noticiastrujillo.pe/">Noticias Trujillo</a>.</p>



<h2 class="wp-block-heading" id="h-cusco-exigen-maxima-pena-contra-sujeto-que-atento-contra-piedra-de-12-angulos"><a>Cusco: Exigen máxima pena contra sujeto que atentó contra piedra de 12 Ángulos</a></h2>



<p><strong><em>Pasó en el Perú </em></strong><strong>| Cusco. </strong>En la madrugada de hoy la emblemática Piedra de los 12 Ángulos fue objeto de un ataque vandálico.</p>



<p>Un individuo, aparentemente en estado de ebriedad, fue captado por cámaras de seguridad golpeando la histórica piedra con un objeto metálico en al menos tres ocasiones. Gracias a estas imágenes, la Policía Nacional logró identificar y capturar al sospechoso en la plazoleta de San Blas.</p>



<p>El detenido está siendo investigado por el delito contra el patrimonio cultural en agravio del Estado peruano, que contempla penas de hasta 6 años de prisión.</p>



<p>Jorge Moya, director de la Dirección Desconcentrada de Cultura de Cusco, expresó su indignación por este atentado contra un patrimonio invaluable.&nbsp;</p>



<p>La Piedra de los 12 Ángulos, ubicada en la calle Hatunrumíyoc, es una joya arquitectónica inca y símbolo de la ciudad de Cusco, informó <a href="https://www.cuscopost.com/">CuscoPost</a>.</p>



<h2 class="wp-block-heading" id="h-puno-heladas-y-lluvias-malograr-cultivos-y-causan-la-muerte-de-alpacas"><a>Puno: Heladas y lluvias malograr cultivos y causan la muerte de alpacas</a></h2>



<p><strong><em>Pasó en el Perú </em></strong><strong>| Puno. </strong>El frío intenso y las constantes lluvias malograron los cultivos de pan llevar&nbsp; y&nbsp; ocasionaron la muerte de varias alpacas en varias comunidades campesinas de la región altiplánica.</p>



<p>Los pobladores del fundó Payllachani de la comunidad campesina Santa Rita del distrito de Quilcapunco (San Antonio de Putina), reportaron la muerte de varias crías de alpaca por las intensas heladas que se vienen registrando en las zonas altas de la región.</p>



<p>En tanto, en las comunidades de Jalluyo y Campuyo de la provincia del Collao Ilave, se inundaron varios cultivos de pan llevar. Los pobladores vienen solicitando ayuda para las familias afectadas.</p>



<p>Mientras que el Centro Poblado de La Rinconada, amaneció el día de hoy, cubierto por un manto grueso de nevada. Esta situación impidió el normal tránsito de los peatones y transportistas, informó <a href="https://www.elobjetivo.pe/">El Objetivo.pe</a>.</p>



<h2 class="wp-block-heading" id="h-ayacucho-informan-que-el-15-de-embarazos-terminan-en-aborto-espontaneo">Ayacucho: Informan que el 15 % de embarazos terminan en aborto espontáneo</h2>



<p><strong><em>Pasó en el Perú </em>| Ayacucho. </strong>Las complicaciones en el embarazo continúan siendo una preocupación en Ayacucho. Según la Dirección Regional de Salud (Diresa), entre el 10 y el 15 % de los embarazos terminan en aborto espontáneo, la mayoría en el primer trimestre. Además, en 2024 se registraron cuatro muertes maternas, lo que equivale a 35 por cada 100 mil nacidos vivos.</p>



<p>Amadea Huamaní Palomino, coordinadora regional de salud sexual y reproductiva de la Diresa, advirtió que muchas pérdidas se deben a problemas hormonales, cromosómicos o malformaciones congénitas. Sin embargo, un control preconcepcional adecuado podría prevenir muchas de estas complicaciones.</p>



<p>&#8220;Las parejas deberían preparar su salud al menos un año antes de concebir, con suplementos como el ácido fólico y exámenes médicos completos&#8221;, enfatizó la especialista. El segundo trimestre del embarazo también trae riesgos significativos, como anemia y preeclampsia, que pueden derivar en partos prematuros.</p>



<p>&#8220;Si un bebé nace antes de las 28 semanas, su esperanza de vida es mínima y, si sobrevive, enfrenta condiciones médicas graves&#8221;, explicó Huamaní. Las infecciones del tracto urinario, muchas veces asintomáticas, son otro factor de riesgo que puede provocar abortos y nacimientos prematuros si no se detectan a tiempo, informó <a href="https://jornada.com.pe/">Jornada</a>.</p>



<h2 class="wp-block-heading" id="h-junin-zosimo-cardenas-niega-proselitismo-en-rio-tambo-y-deja-abierta-su-candidatura-al-2026">Junín: Zósimo Cárdenas niega proselitismo en Río Tambo y deja abierta su candidatura al 2026</h2>



<p><strong><em>Pasó en el Perú </em></strong><strong>| Junín. </strong>El gobernador de Junín, Zósimo Cárdenas, negó haber realizado proselitismo político en la inauguración de la nueva sede de la Unidad de Gestión Educativa Local (UGEL) en Río Tambo, Satipo.</p>



<p>En dicha actividad, realizada el 11 de febrero, hubo pancartas y material relacionado con el partido “Batalla Perú”, que impulsa su posible candidatura presidencial para 2026. El gobernador aseguró que no ha promovido actos partidarios.</p>



<p>El gobernador no descartó la posibilidad de su candidatura presidencial, informó <a href="https://hytimes.pe/">Huanca York Times</a>.</p>



<h2 class="wp-block-heading" id="h-arequipa-incautan-arsenal-y-drogas-en-centro-comercial">Arequipa: Incautan arsenal y drogas en centro comercial</h2>



<p><strong><em>Pasó en el Perú </em></strong><strong>| Arequipa. </strong>La Policía Nacional de Arequipa incautó un arsenal y drogas en el centro comercial La Isla (distrito José Luis Bustamante y Rivero), tras una alerta ciudadana. El operativo reveló cuatro cajas procedentes de Puente Piedra (Lima), con armas, municiones y 31 kilos de marihuana camuflados en plástico.</p>



<p>El destinatario, identificado con antecedentes por narcotráfico, no recogió el cargamento, lo que activó la intervención con el Ministerio Público. En el local alquilado se halló: una pistola Glock 9 mm, un fusil EKOL-ASI, 181 municiones de diversos calibres (.38 SPL, 9 mm) y 65 gramos de cocaína.</p>



<p>Además, se decomisaron balanzas de precisión y paquetes de marihuana (30 kilos en tres lotes y 1 kilo adicional). Las autoridades sospechan que el estand era usado para abastecer a extorsionadores, quienes amenazan con fotos de armas.</p>



<p>El general Olger Benavides, jefe policial, destacó que el hallazgo evitó que las armas llegaran a criminales. El presunto responsable sigue prófugo; se interrogará a administradores del centro comercial y comerciantes para identificar al arrendatario, informó <a href="https://elbuho.pe/">El Búho</a>.</p>



<h2 class="wp-block-heading" id="h-loreto-se-debe-crear-una-alameda-del-caucho">Loreto: Se debe crear una Alameda del Caucho<strong></strong></h2>



<p><strong>Pasó en el Perú | Loreto.</strong> La Municipalidad Provincial de Maynas debería crear una Alameda del Caucho para que los jóvenes conozcan lo que pasó en esa época de bonanza y de genocidio en Iquitos y otros pueblos de la Amazonía.</p>



<p>En ese lugar tiene que darse información objetiva de ese período que algunos consideran nefasto y otros consideran de apogeo social.</p>



<p>Así expresó el excongresista Augusto Vargas Fernández, al ser consultado sobre el Consejo de Cultura de Maynas, informó <a href="https://proycontra.com.pe/">ProyContra</a>.</p>



<p><strong><em>“Pasó en el Perú”, noticiero nacional desde las regiones, se emite de lunes a viernes por todas nuestras plataformas.</em></strong><strong><em></em></strong></p>



<p><strong>Síguenos también en nuestras redes sociales:&nbsp;&nbsp;&nbsp;&nbsp;</strong></p>



<p><strong><em>Búscanos en&nbsp;</em></strong><a href="https://www.facebook.com/ElBuho.pe/"><strong><em>Facebook</em></strong></a><strong><em>,&nbsp;</em></strong><a href="https://twitter.com/elbuho_pe"><strong><em>Twitter</em></strong></a><strong><em>,&nbsp;</em></strong><a href="https://www.instagram.com/elbuho.pe/"><strong><em>Instagram</em></strong></a><strong><em>&nbsp;y además en&nbsp;</em></strong><a href="https://www.youtube.com/user/SemanarioElBuho"><strong><em>YouTube</em></strong></a><strong><em>. Únete también a nuestro canal informativo de WhatsApp haciendo clic&nbsp;</em></strong><a href="https://whatsapp.com/channel/0029VaFk5vULo4hbwYLOFd1B"><strong><em>AQUÍ.</em></strong></a></p>
<p>La entrada <a href="https://elbuho.pe/2025/02/paso-en-el-peru-la-libertad-cesar-acuna-tilda-de-corrupto-a-consejero-tras-detencion-por-cobrar-coima/">Pasó en el Perú | La Libertad: César Acuña tilda de “corrupto” a consejero tras detención por cobrar coima</a> aparece primero en <a href="https://elbuho.pe">El Búho</a>.</p>
]]></content:encoded>
					
		
		
			</item>
		<item>
		<title>Fiscal de la Nación: Congreso pretende excluir de la ley de extinción de dominio los bienes ilícitos de la corrupción</title>
		<link>https://elbuho.pe/2025/02/fiscal-de-la-nacion-congreso-pretende-excluir-de-la-ley-de-extincion-de-dominio-los-bienes-ilicitos-de-la-corrupcion/</link>
		
		<dc:creator><![CDATA[Martha Valencia]]></dc:creator>
		<pubDate>Wed, 19 Feb 2025 01:47:35 +0000</pubDate>
				<category><![CDATA[Política]]></category>
		<category><![CDATA[Congreso de la República]]></category>
		<category><![CDATA[corrupción]]></category>
		<category><![CDATA[crimen organizado]]></category>
		<category><![CDATA[Delia Espinoza Valenzuela]]></category>
		<category><![CDATA[Fiscal de la Nación]]></category>
		<category><![CDATA[lavado de activos]]></category>
		<category><![CDATA[ley de extensión de dominio]]></category>
		<guid isPermaLink="false">https://elbuho.pe/?p=375628</guid>

					<description><![CDATA[<p>Delia Espinoza advierte en mensaje a las personas honestas sobre la amenaza que existe a la lucha contra la delincuencia </p>
<p>La entrada <a href="https://elbuho.pe/2025/02/fiscal-de-la-nacion-congreso-pretende-excluir-de-la-ley-de-extincion-de-dominio-los-bienes-ilicitos-de-la-corrupcion/">Fiscal de la Nación: Congreso pretende excluir de la ley de extinción de dominio los bienes ilícitos de la corrupción</a> aparece primero en <a href="https://elbuho.pe">El Búho</a>.</p>
]]></description>
										<content:encoded><![CDATA[<img decoding="async" width="1031" height="575" src="https://elbuho.pe/wp-content/uploads/2025/02/Fiscal-Delia-Espinoza-mensaje.jpg" class="attachment-full size-full wp-post-image" alt="" style="float:right; margin:0 0 10px 10px;" srcset="https://elbuho.pe/wp-content/uploads/2025/02/Fiscal-Delia-Espinoza-mensaje.jpg 1031w, https://elbuho.pe/wp-content/uploads/2025/02/Fiscal-Delia-Espinoza-mensaje-150x84.jpg 150w, https://elbuho.pe/wp-content/uploads/2025/02/Fiscal-Delia-Espinoza-mensaje-300x167.jpg 300w, https://elbuho.pe/wp-content/uploads/2025/02/Fiscal-Delia-Espinoza-mensaje-600x335.jpg 600w, https://elbuho.pe/wp-content/uploads/2025/02/Fiscal-Delia-Espinoza-mensaje-696x388.jpg 696w" sizes="(max-width: 1031px) 100vw, 1031px" />
<p>La <a href="https://elbuho.pe/2025/02/guerra-a-la-justicia-buscan-sacar-de-sus-cargos-a-presidenta-del-poder-judicial-y-a-fiscal-de-la-nacion-por-incomodas-video/">Fiscal de la Nación, Delia Espinoza,</a> en un mensaje a las personas honestas del Perú, advirtió que el Congreso pretende excluir de la ley de extinción de dominio los bienes ilícitos relacionados con delitos de corrupción, lavado de activos, crimen organizado y delitos medioambientales.</p>



<p>Espinoza Valenzuela aseguró que la lucha contra la corrupción y la delincuencia está siendo gravemente amenazada en el Congreso. Esto, porque se quiere aprobar un proyecto de ley que, “apunta a que retrocedamos en nuestra misión de investigar y perseguir el delito”, dijo.</p>



<p>Asimismo, manifestó que se pronuncia de manera firme contra las modificaciones que pretenden eliminar la efectividad del decreto legislativo 1373, que hoy faculta de autonomía a los procesos judiciales de extinción de dominio.</p>



<p>“Así como nos pronunciamos en su debido momento por el retorno de la detención preliminar, hoy nos pronunciamos de manera firme contra este proyecto de ley”, expresó.</p>



<figure class="wp-block-embed is-type-wp-embed is-provider-el-b-ho wp-block-embed-el-b-ho"><div class="wp-block-embed__wrapper">
<blockquote class="wp-embedded-content" data-secret="1Exv6xBQcj"><a href="https://elbuho.pe/2024/10/fiscalia-se-adelanta-a-nuevos-atropellos-del-congreso-delia-espinoza-asume-como-fiscal-de-la-nacion-mientras-legislativo-somete-a-poderes-del-estado/">Fiscalía se adelanta a nuevos atropellos del Congreso: Delia Espinoza asume como fiscal de la Nación</a></blockquote><iframe loading="lazy" class="wp-embedded-content" sandbox="allow-scripts" security="restricted"  title="«Fiscalía se adelanta a nuevos atropellos del Congreso: Delia Espinoza asume como fiscal de la Nación» — El Búho" src="https://elbuho.pe/2024/10/fiscalia-se-adelanta-a-nuevos-atropellos-del-congreso-delia-espinoza-asume-como-fiscal-de-la-nacion-mientras-legislativo-somete-a-poderes-del-estado/embed/#?secret=m19LirUxGc#?secret=1Exv6xBQcj" data-secret="1Exv6xBQcj" width="600" height="338" frameborder="0" marginwidth="0" marginheight="0" scrolling="no"></iframe>
</div></figure>



<h2 class="wp-block-heading" id="h-que-quieren-cambiar-los-congresistas"><strong>¿Qué quieren cambiar los congresistas?</strong></h2>



<p>La Fiscal de la Nación refirió que con la aplicación de esta ley de extensión de dominio -que el Congreso quiere cambiar- el país ha podido recuperar hasta el momento más de 560 millones de soles en bienes y dinero mal habido.</p>



<p>Explicó que estos cambios en la ley de extinción pretenden: excluir de la ley bienes ilícitos relacionados con delitos de corrupción, lavado de activos, crimen organizado y delitos medioambientales.</p>



<p>En segundo lugar, esta ley solo permitirá incautar bienes cuando exista una sentencia firme. Lo que significa permitir a los criminales usar testaferros, transferir y desaparecer los bienes, entre otras acciones.</p>



<p>Y en tercer lugar, se limiten a los 5 años, que prescriban en este tiempo, lo que dejaría a los delincuentes con sus ganancias ilícitas. Todos sabemos que un bien ilícito nunca se convierte en legal, enfatizó la fiscal.</p>



<p>Por otro lado, existe un riesgo mayor que es la demanda presentada ante el Tribunal Constitucional, el cual esperamos con optimismo, sea declarada infundada, porque de lo contrario favorecería a la delincuencia, afectando a más de 5.500 casos que hoy en día se encuentran bajo esta ley.</p>



<figure class="wp-block-embed is-type-wp-embed is-provider-el-b-ho wp-block-embed-el-b-ho"><div class="wp-block-embed__wrapper">
<blockquote class="wp-embedded-content" data-secret="y9iI83k573"><a href="https://elbuho.pe/2024/03/fiscales-supremos-rechazan-acusacion-de-congresistas-investigados-contra-delia-espinoza/">Fiscales supremos rechazan acusación de congresistas investigados contra Delia Espinoza</a></blockquote><iframe loading="lazy" class="wp-embedded-content" sandbox="allow-scripts" security="restricted"  title="«Fiscales supremos rechazan acusación de congresistas investigados contra Delia Espinoza» — El Búho" src="https://elbuho.pe/2024/03/fiscales-supremos-rechazan-acusacion-de-congresistas-investigados-contra-delia-espinoza/embed/#?secret=5QQEBlHnlf#?secret=y9iI83k573" data-secret="y9iI83k573" width="600" height="338" frameborder="0" marginwidth="0" marginheight="0" scrolling="no"></iframe>
</div></figure>



<h2 class="wp-block-heading" id="h-que-es-la-ley-de-extension-de-dominio"><strong>¿Qué es la ley de extensión de dominio?</strong></h2>



<p>Delia Espinoza dijo que, aplicar, por lo tanto, la ley de extinción de dominio &#8220;debe saber toda la población que no es una confiscación ni expropiación de sus bienes, sino una restauración del orden jurídico, de la legalidad&#8221;. Esto por cuanto la posesión no legaliza los bienes adquiridos mediante la comisión de delitos, principalmente aquellos relacionados con la corrupción, con el crimen organizado, la minería ilegal, la trata de personas y otros delitos.</p>



<p>Todos afectan gravemente el orden económico y social de nuestro país. Lo que se busca con esta ley es quitarles a los delincuentes su patrimonio mal habido, pero no se pretende afectar a aquellos comerciantes, emprendedores, pequeños empresarios, personas honestas que con su trabajo cotidiano de manera lícita y legal aportan al desarrollo económico y social del país.</p>



<p>No vamos a retroceder de ninguna manera en la lucha contra la corrupción, por eso confiamos que el Tribunal Constitucional emita una decisión acorde a lo que espera la población, la justicia y el derecho. Evitando que delincuentes corruptos o testaferros que incluso son prófugos de la justicia, se beneficien conservando los bienes y el dinero proveniente de sus delitos y diversos actos de corrupción. Y lleguen a disfrutar o sigan disfrutando de sus fortunas de los bienes obtenidos ilícitamente. </p>



<p>¿Queremos acaso un país con una economía ilegal producto del delito? No deseamos eso las personas honestas no podemos permitir que la impunidad se imponga, por eso pedimos al Congreso que medita y reflexione profundamente sobre este pretendido cambio, exhortó. La justicia no debe dar un paso atrás. Defendamos nuestros derechos y el futuro de nuestro país, dijo al finalizar.</p>



<p><a></a><a><strong>Síguenos también en nuestras redes sociales:&nbsp;&nbsp;&nbsp;&nbsp;</strong></a></p>



<p><strong><em>Búscanos en&nbsp;</em></strong><a href="https://www.facebook.com/ElBuho.pe/"><strong><em>Facebook</em></strong></a><strong><em>,&nbsp;</em></strong><a href="https://twitter.com/elbuho_pe"><strong><em>Twitter</em></strong></a><strong><em>,&nbsp;</em></strong><a href="https://www.instagram.com/elbuho.pe/"><strong><em>Instagram</em></strong></a><strong><em>&nbsp;y además en&nbsp;</em></strong><a href="https://www.youtube.com/user/SemanarioElBuho"><strong><em>YouTube</em></strong></a><strong><em>. Únete también a nuestro canal informativo de WhatsApp haciendo clic&nbsp;</em></strong><a href="https://whatsapp.com/channel/0029VaFk5vULo4hbwYLOFd1B"><strong><em>AQUÍ.</em></strong></a><strong><em><u></u></em></strong></p>
<p>La entrada <a href="https://elbuho.pe/2025/02/fiscal-de-la-nacion-congreso-pretende-excluir-de-la-ley-de-extincion-de-dominio-los-bienes-ilicitos-de-la-corrupcion/">Fiscal de la Nación: Congreso pretende excluir de la ley de extinción de dominio los bienes ilícitos de la corrupción</a> aparece primero en <a href="https://elbuho.pe">El Búho</a>.</p>
]]></content:encoded>
					
		
		
			</item>
		<item>
		<title>Hermana y trabajadores de Dina en la JNJ &#124; Pico a Pico con Mabel Cáceres (VIDEO)</title>
		<link>https://elbuho.pe/2025/02/hermana-y-trabajadores-de-dina-en-la-jnj-pico-a-pico-con-mabel-caceres-video/</link>
		
		<dc:creator><![CDATA[Redacción El Búho]]></dc:creator>
		<pubDate>Wed, 19 Feb 2025 00:08:47 +0000</pubDate>
				<category><![CDATA[Pico a pico]]></category>
		<category><![CDATA[Dna Boluarte]]></category>
		<category><![CDATA[Mabel Cáceres Calderón]]></category>
		<guid isPermaLink="false">https://elbuho.pe/?p=375613</guid>

					<description><![CDATA[<p>Pico a Pico &#124; En el programa de hoy comentamos las conexiones familiares de Dina Boluarte con trabajadores de la Junta Nacional de Justicia. Además, la fiscal de la Nación, Delia Espinoza, alerta que la lucha contra la corrupción y la delincuencia está en riesgo. Mientras tanto, las regiones sufren desastres por las fuertes lluvias [&#8230;]</p>
<p>La entrada <a href="https://elbuho.pe/2025/02/hermana-y-trabajadores-de-dina-en-la-jnj-pico-a-pico-con-mabel-caceres-video/">Hermana y trabajadores de Dina en la JNJ | Pico a Pico con Mabel Cáceres (VIDEO)</a> aparece primero en <a href="https://elbuho.pe">El Búho</a>.</p>
]]></description>
										<content:encoded><![CDATA[<img decoding="async" width="1280" height="720" src="https://elbuho.pe/wp-content/uploads/2025/02/1739923728_maxresdefault_live.jpg" class="attachment-full size-full wp-post-image" alt="Hermana y trabajadores de Dina en la JNJ | Pico a Pico con Mabel Cáceres (VIDEO)" style="float:right; margin:0 0 10px 10px;" srcset="https://elbuho.pe/wp-content/uploads/2025/02/1739923728_maxresdefault_live.jpg 1280w, https://elbuho.pe/wp-content/uploads/2025/02/1739923728_maxresdefault_live-150x84.jpg 150w, https://elbuho.pe/wp-content/uploads/2025/02/1739923728_maxresdefault_live-300x169.jpg 300w, https://elbuho.pe/wp-content/uploads/2025/02/1739923728_maxresdefault_live-600x338.jpg 600w, https://elbuho.pe/wp-content/uploads/2025/02/1739923728_maxresdefault_live-696x392.jpg 696w, https://elbuho.pe/wp-content/uploads/2025/02/1739923728_maxresdefault_live-1068x601.jpg 1068w" sizes="(max-width: 1280px) 100vw, 1280px" />Pico a Pico | En el programa de hoy comentamos las conexiones familiares de Dina Boluarte con trabajadores de la Junta Nacional de Justicia. Además, la fiscal de la Nación, Delia Espinoza, alerta que la lucha contra la corrupción y la delincuencia está en riesgo.

Mientras tanto, las regiones sufren desastres por las fuertes lluvias que ponen en peligro a la población.

<br><a href="https://www.youtube.com/watch?v=TLD7pKX9NQY">El video Hermana y trabajadores de Dina en la JNJ | Pico a Pico con Mabel Cáceres se publicó en YouTube en este enlace</a>

<div class="wp-block-group"><div class="wp-block-group__inner-container is-layout-constrained wp-block-group-is-layout-constrained">
<h4 class="wp-block-heading" id="h-siguenos-tambien-en-nuestras-redes-sociales-nbsp"><strong>Síguenos también en nuestras redes sociales: </strong></h4>



<p>Búscanos en <a href="https://www.facebook.com/ElBuho.pe/">Facebook</a>, <a href="https://twitter.com/elbuho_pe">Twitter</a>, <a href="https://www.instagram.com/elbuho.pe/">Instagram</a> y <a href="https://www.youtube.com/user/SemanarioElBuho">YouTube</a>.</p>
</div></div>
<p>La entrada <a href="https://elbuho.pe/2025/02/hermana-y-trabajadores-de-dina-en-la-jnj-pico-a-pico-con-mabel-caceres-video/">Hermana y trabajadores de Dina en la JNJ | Pico a Pico con Mabel Cáceres (VIDEO)</a> aparece primero en <a href="https://elbuho.pe">El Búho</a>.</p>
]]></content:encoded>
					
		
		
			</item>
		<item>
		<title>Junín: Río Ene inunda 14 comunidades nativas en Satipo &#124; Pasó en el Perú (VIDEO)</title>
		<link>https://elbuho.pe/2025/02/junin-rio-ene-inunda-14-comunidades-nativas-en-satipo-paso-en-el-peru-video/</link>
		
		<dc:creator><![CDATA[Redacción El Búho]]></dc:creator>
		<pubDate>Tue, 18 Feb 2025 23:41:55 +0000</pubDate>
				<category><![CDATA[Noticia]]></category>
		<category><![CDATA[daños por lluvias]]></category>
		<category><![CDATA[Junín]]></category>
		<category><![CDATA[Satipo]]></category>
		<guid isPermaLink="false">https://elbuho.pe/?p=375605</guid>

					<description><![CDATA[<p>El último reporte de Defensa Civil señala que las lluvias en la selva central han dejado 14 comunidades indígenas inundadas por el desborde del río Ene y sus afluentes</p>
<p>La entrada <a href="https://elbuho.pe/2025/02/junin-rio-ene-inunda-14-comunidades-nativas-en-satipo-paso-en-el-peru-video/">Junín: Río Ene inunda 14 comunidades nativas en Satipo | Pasó en el Perú (VIDEO)</a> aparece primero en <a href="https://elbuho.pe">El Búho</a>.</p>
]]></description>
										<content:encoded><![CDATA[<img decoding="async" width="1280" height="720" src="https://elbuho.pe/wp-content/uploads/2025/02/1739918361_maxresdefault.jpg" class="attachment-full size-full wp-post-image" alt="Junín: Río Ene inunda 14 comunidades nativas en Satipo | Pasó en el Perú (VIDEO)" style="float:right; margin:0 0 10px 10px;" srcset="https://elbuho.pe/wp-content/uploads/2025/02/1739918361_maxresdefault.jpg 1280w, https://elbuho.pe/wp-content/uploads/2025/02/1739918361_maxresdefault-150x84.jpg 150w, https://elbuho.pe/wp-content/uploads/2025/02/1739918361_maxresdefault-300x169.jpg 300w, https://elbuho.pe/wp-content/uploads/2025/02/1739918361_maxresdefault-600x338.jpg 600w, https://elbuho.pe/wp-content/uploads/2025/02/1739918361_maxresdefault-696x392.jpg 696w, https://elbuho.pe/wp-content/uploads/2025/02/1739918361_maxresdefault-1068x601.jpg 1068w" sizes="(max-width: 1280px) 100vw, 1280px" /><p>El último reporte de Defensa Civil señala que las lluvias en la selva central han dejado 14 comunidades indígenas inundadas por el desborde del río Ene y sus afluentes, cuyo caudal ha crecido por las persistentes lluvias de los últimos días en la provincia de Satipo.<br />Programa de la Red de Medios Regionales del Perú</p>
<p><a href="https://www.youtube.com/watch?v=UyFtz9Dg9c4">El video Junín: Río Ene inunda 14 comunidades nativas en Satipo | Pasó en el Perú se publicó en YouTube en este enlace</a></p>


<div class="wp-block-group"><div class="wp-block-group__inner-container is-layout-constrained wp-block-group-is-layout-constrained">
<h4 class="wp-block-heading" id="h-siguenos-tambien-en-nuestras-redes-sociales-nbsp"><strong>Síguenos también en nuestras redes sociales:&nbsp;</strong></h4>



<p>Búscanos en&nbsp;<a href="https://www.facebook.com/ElBuho.pe/">Facebook</a>,&nbsp;<a href="https://twitter.com/elbuho_pe">Twitter</a>,&nbsp;<a href="https://www.instagram.com/elbuho.pe/">Instagram</a>&nbsp;y&nbsp;<a href="https://www.youtube.com/user/SemanarioElBuho">YouTube</a>.</p>
</div></div>
<p>La entrada <a href="https://elbuho.pe/2025/02/junin-rio-ene-inunda-14-comunidades-nativas-en-satipo-paso-en-el-peru-video/">Junín: Río Ene inunda 14 comunidades nativas en Satipo | Pasó en el Perú (VIDEO)</a> aparece primero en <a href="https://elbuho.pe">El Búho</a>.</p>
]]></content:encoded>
					
		
		
			</item>
		<item>
		<title>Ica: presidenta de la Vendimia 2025 &#8220;No vamos a frenar el FIVI&#8221;</title>
		<link>https://elbuho.pe/2025/02/ica-presidenta-de-la-vendimia-2025-no-vamos-a-frenar-el-fivi/</link>
		
		<dc:creator><![CDATA[Red de Medios Regionales del Perú]]></dc:creator>
		<pubDate>Tue, 18 Feb 2025 22:51:48 +0000</pubDate>
				<category><![CDATA[Red de Medios Regionales del Perú]]></category>
		<category><![CDATA[Ica]]></category>
		<category><![CDATA[Leydy Loayza Mendoza]]></category>
		<category><![CDATA[Vendimia de Ica]]></category>
		<guid isPermaLink="false">https://elbuho.pe/2025/02/ica-presidenta-de-la-vendimia-2025-no-vamos-a-frenar-el-fivi/</guid>

					<description><![CDATA[<p>A pesar de la emergencia por las recientes lluvias en la región, la presidenta del Festival Internacional de la Vendimia Iqueña (FIVI), la regidora Leydy Loayza, afirmó que el evento no será cancelado. Enfatizó que la feria representa una oportunidad crucial para reactivar la economía local, especialmente para los agricultores y comerciantes afectados por los [&#8230;]</p>
<p>La entrada <a href="https://elbuho.pe/2025/02/ica-presidenta-de-la-vendimia-2025-no-vamos-a-frenar-el-fivi/">Ica: presidenta de la Vendimia 2025 &#8220;No vamos a frenar el FIVI&#8221;</a> aparece primero en <a href="https://elbuho.pe">El Búho</a>.</p>
]]></description>
										<content:encoded><![CDATA[<img decoding="async" width="1920" height="1080" src="https://elbuho.pe/wp-content/uploads/2025/02/lalupa.pe-ica-presidenta-de-la-vendimia-no-vamos-a-frenar-el-fivi.webp" class="attachment-full size-full wp-post-image" alt="" style="float:right; margin:0 0 10px 10px;" srcset="https://elbuho.pe/wp-content/uploads/2025/02/lalupa.pe-ica-presidenta-de-la-vendimia-no-vamos-a-frenar-el-fivi.webp 1920w, https://elbuho.pe/wp-content/uploads/2025/02/lalupa.pe-ica-presidenta-de-la-vendimia-no-vamos-a-frenar-el-fivi-1536x864.webp 1536w, https://elbuho.pe/wp-content/uploads/2025/02/lalupa.pe-ica-presidenta-de-la-vendimia-no-vamos-a-frenar-el-fivi-150x84.webp 150w, https://elbuho.pe/wp-content/uploads/2025/02/lalupa.pe-ica-presidenta-de-la-vendimia-no-vamos-a-frenar-el-fivi-300x169.webp 300w, https://elbuho.pe/wp-content/uploads/2025/02/lalupa.pe-ica-presidenta-de-la-vendimia-no-vamos-a-frenar-el-fivi-600x338.webp 600w, https://elbuho.pe/wp-content/uploads/2025/02/lalupa.pe-ica-presidenta-de-la-vendimia-no-vamos-a-frenar-el-fivi-696x392.webp 696w, https://elbuho.pe/wp-content/uploads/2025/02/lalupa.pe-ica-presidenta-de-la-vendimia-no-vamos-a-frenar-el-fivi-1392x783.webp 1392w, https://elbuho.pe/wp-content/uploads/2025/02/lalupa.pe-ica-presidenta-de-la-vendimia-no-vamos-a-frenar-el-fivi-1068x601.webp 1068w" sizes="(max-width: 1920px) 100vw, 1920px" />
<p>A pesar de la emergencia por las recientes lluvias en la región, la <strong>presidenta del Festival Internacional de la Vendimia Iqueña (FIVI)</strong>, la regidora <strong>Leydy Loayza</strong>, afirmó que el evento <strong>no será cancelado</strong>. Enfatizó que la feria representa una oportunidad crucial para <strong>reactivar la economía local</strong>, especialmente para los agricultores y comerciantes afectados por los desastres naturales.</p>



<p>Según Loayza, <strong>más de 200 expositores</strong> de todo el país han confirmado su participación, incluyendo <strong>150 productores de Ica</strong>. Destacó que sectores clave como la <strong>agricultura, el turismo y la gastronomía</strong> dependen del desarrollo del festival. “La Vendimia no es solo una fiesta, sino una tradición que cumple <strong>60 años</strong> y que impulsa la identidad de los iqueños”, sostuvo.</p>



<p>Ante las críticas por la realización del evento en medio de la emergencia, la regidora precisó que se tomarán <strong>medidas preventivas</strong> para garantizar la seguridad de los asistentes. Además, indicó que la <strong>Municipalidad Provincial de Ica</strong> ha solicitado a <strong>Emapica y OTASS</strong> que reparen las pistas y veredas afectadas por los trabajos de alcantarillado y las lluvias recientes.</p>



<p>Como parte de las actividades, se ha organizado un <strong>pasacalle costumbrista con más de 300 participantes</strong> y <strong>450 inscritos en concursos tradicionales</strong>. Loayza reiteró que el FIVI es una celebración que fortalece la identidad cultural de la región y genera un impacto económico positivo. “No podemos quedarnos de brazos cruzados, tenemos que seguir adelante como lo hicimos tras el terremoto y la pandemia”, concluyó.</p>
<p>Lea la nota original <a href='https://lalupa.pe?p=94725'>aquí</a> o visita el medio <a href='https://lalupa.pe'>LA LUPA</a><p><p>La entrada <a href="https://elbuho.pe/2025/02/ica-presidenta-de-la-vendimia-2025-no-vamos-a-frenar-el-fivi/">Ica: presidenta de la Vendimia 2025 &#8220;No vamos a frenar el FIVI&#8221;</a> aparece primero en <a href="https://elbuho.pe">El Búho</a>.</p>
]]></content:encoded>
					
		
		
			</item>
		<item>
		<title>Lluvias intensas elevan el nivel del río Huallaga y generan alerta en Huánuco</title>
		<link>https://elbuho.pe/2025/02/lluvias-intensas-elevan-el-nivel-del-rio-huallaga-y-generan-alerta-en-huanuco/</link>
		
		<dc:creator><![CDATA[Red de Medios Regionales del Perú]]></dc:creator>
		<pubDate>Tue, 18 Feb 2025 22:48:43 +0000</pubDate>
				<category><![CDATA[Red de Medios Regionales del Perú]]></category>
		<category><![CDATA[Ambo]]></category>
		<category><![CDATA[hidrologia]]></category>
		<category><![CDATA[Huánuco]]></category>
		<category><![CDATA[INDECI]]></category>
		<category><![CDATA[intensas lluvias]]></category>
		<category><![CDATA[leoncio prado]]></category>
		<category><![CDATA[lluvias peru]]></category>
		<category><![CDATA[precipitaciones peru]]></category>
		<category><![CDATA[río Huallaga]]></category>
		<category><![CDATA[Senamhi]]></category>
		<category><![CDATA[Tingo María]]></category>
		<guid isPermaLink="false">https://elbuho.pe/2025/02/lluvias-intensas-elevan-el-nivel-del-rio-huallaga-y-generan-alerta-en-huanuco/</guid>

					<description><![CDATA[<p>El Servicio Nacional de Meteorología e Hidrología del Perú (Senamhi) ha emitido una alerta roja debido al incremento del caudal del río Huallaga y sus afluentes en Huánuco. Según los reportes, las estaciones hidrológicas de Taruca y Tingo María registraron niveles elevados que podrían afectar a diversas comunidades ribereñas. Además, el río Higueras, monitoreado desde [&#8230;]</p>
<p>La entrada <a href="https://elbuho.pe/2025/02/lluvias-intensas-elevan-el-nivel-del-rio-huallaga-y-generan-alerta-en-huanuco/">Lluvias intensas elevan el nivel del río Huallaga y generan alerta en Huánuco</a> aparece primero en <a href="https://elbuho.pe">El Búho</a>.</p>
]]></description>
										<content:encoded><![CDATA[<p><img decoding="async" width="1600" height="1200" src="https://elbuho.pe/wp-content/uploads/2025/02/2e73291e-image-92.webp" class="attachment-full size-full wp-post-image" alt="" style="float:right; margin:0 0 10px 10px;" srcset="https://elbuho.pe/wp-content/uploads/2025/02/2e73291e-image-92.webp 1600w, https://elbuho.pe/wp-content/uploads/2025/02/2e73291e-image-92-1536x1152.webp 1536w, https://elbuho.pe/wp-content/uploads/2025/02/2e73291e-image-92-80x60.webp 80w, https://elbuho.pe/wp-content/uploads/2025/02/2e73291e-image-92-160x120.webp 160w, https://elbuho.pe/wp-content/uploads/2025/02/2e73291e-image-92-150x113.webp 150w, https://elbuho.pe/wp-content/uploads/2025/02/2e73291e-image-92-300x225.webp 300w, https://elbuho.pe/wp-content/uploads/2025/02/2e73291e-image-92-600x450.webp 600w, https://elbuho.pe/wp-content/uploads/2025/02/2e73291e-image-92-696x522.webp 696w, https://elbuho.pe/wp-content/uploads/2025/02/2e73291e-image-92-1392x1044.webp 1392w, https://elbuho.pe/wp-content/uploads/2025/02/2e73291e-image-92-1068x801.webp 1068w, https://elbuho.pe/wp-content/uploads/2025/02/2e73291e-image-92-265x198.webp 265w" sizes="(max-width: 1600px) 100vw, 1600px" /></p>
<p data-start="100" data-end="582">El Servicio Nacional de Meteorología e Hidrología del Perú (<a href="https://www.senamhi.gob.pe/?p=avisos-detalle-hidrologicos&amp;ca=52846&amp;ce=221811">Senamhi</a>) ha emitido una alerta roja debido al incremento del caudal del río Huallaga y sus afluentes en Huánuco. Según los reportes, las estaciones hidrológicas de Taruca y <a href="https://inforegion.pe/tag/tingo-maria/">Tingo María </a>registraron niveles elevados que podrían afectar a diversas comunidades ribereñas. Además, el río Higueras, monitoreado desde la estación Puente Higueras, también ha alcanzado el umbral hidrológico rojo.</p>
<p data-start="584" data-end="1110">La ingeniera Carmen Farfán, analista meteorológica del Senamhi en Huánuco, explicó que el aumento del caudal se debe a las <a href="https://inforegion.pe/peru-lluvias-intensas-dejan-46-muertos-y-mas-de-8500-damnificados/">intensas lluvias en la zona</a>. “El río Huertas, en Ambo, también ha registrado un incremento significativo. Según el reporte de hoy, su nivel ha alcanzado los 4 metros, situándose en alerta roja y cerca de su punto crítico. Esto ha generado un aumento considerable en el río Huallaga, reflejado en los puntos de control de Taruca y Tingo María, donde el caudal sigue en ascenso&#8221;.</p>
<p data-start="1090" data-end="1381">En la estación Taruca, ubicada en el distrito de Santa María del Valle, el nivel del río Huallaga llegó a 5.8 metros, un aumento de casi metro y medio en comparación con el día anterior. En Tingo María, el río alcanzó los 4.31 metros, lo que pondría en riesgo a los centros poblados cercanos.</p>
<p><figure id="attachment_414426" aria-describedby="caption-attachment-414426" style="width: 1600px" class="wp-caption alignnone"><img decoding="async" class="wp-image-414426 size-full" src="https://storage.googleapis.com/inforegion-multimedia/2025/02/c554cb21-image-93.webp" alt="" width="1600" height="1200" /><figcaption id="caption-attachment-414426" class="wp-caption-text">Mientras tanto, las comunidades ribereñas deben mantenerse en alerta, ya que el nivel de los ríos podría seguir aumentando en los próximos días. (Foto: Carlos Zuñiga / Inforegión)</figcaption></figure></p>
<h2 data-start="1388" data-end="1440"><strong data-start="1393" data-end="1438">Lluvias intensas y pronóstico </strong></h2>
<p data-start="1442" data-end="1696">Las precipitaciones han sido especialmente fuertes en la región en los últimos días. Según la especialista de Senamhi, la ciudad de Huánuco registró 22.4 mm de lluvia, mientras que en Tulumayo se alcanzaron los 74.0 mm, una cantidad considerada “extremadamente lluviosa”.</p>
<p data-start="1698" data-end="1973">“Estamos en plena temporada de lluvias 2024-2025 y el comportamiento hidrológico sigue mostrando incrementos considerables”, explicó Farfán. “Las lluvias intensas comenzaron el 11 de febrero y seguirán al menos hasta el 22 de febrero, según nuestros avisos meteorológicos”.</p>
<h2 data-start="1698" data-end="1973"><strong>Aumento del caudal del río Huallaga en Leoncio Prado</strong></h2>
<p data-start="152" data-end="597">El incremento del caudal del río Huallaga no solo impacta a Huánuco, sino también a la provincia de Leoncio Prado, donde se han registrado crecidas en sus afluentes. Entre las zonas potencialmente afectadas se encuentran los centros poblados de Tingo María, Capitán Manuel Arellano, Jacintillo, Mapresa, Naranjillo, Barbascal, Río Oro &#8211; Melitón Carbajal, Gervacio Santillana, Puente Prado, Puente Pérez y Las Palmas.</p>
<p><figure id="attachment_414425" aria-describedby="caption-attachment-414425" style="width: 1280px" class="wp-caption alignnone"><img decoding="async" class="wp-image-414425 size-full" src="https://storage.googleapis.com/inforegion-multimedia/2025/02/af404c1e-image-91.webp" alt="" width="1280" height="576" /><figcaption id="caption-attachment-414425" class="wp-caption-text">Las autoridades locales de Leoncio Prado han activado planes de contingencia y reforzado el monitoreo en las zonas de mayor riesgo. (Foto: Elias Ingaruca / Inforegión)</figcaption></figure></p>
<p data-start="599" data-end="1065">Ante la emergencia, Indeci ha enviado alertas a los ciudadanos, advirtiéndoles sobre el peligro de acercarse a las riberas del río. Las autoridades locales han activado planes de contingencia y reforzado el monitoreo en las zonas de mayor riesgo. El alcalde de Leoncio Prado, Marx Fuentes, junto con el equipo de Gestión del Riesgo de Desastres, inspeccionó el sector Afilador para evaluar posibles daños y fortalecer las medidas de prevención.</p>
<p data-start="2848" data-end="3177">Senamhi continúa emitiendo avisos hidrológicos y ha puesto a disposición de las autoridades información en tiempo real sobre el comportamiento de los ríos. “Hemos emitido seis avisos hidrológicos en nuestras estaciones de control. Esta información es clave para que Defensa Civil e Indeci actúen oportunamente”, explicó Farfán.</p>
<p data-start="3179" data-end="3323" data-is-last-node="">Mientras tanto, las comunidades ribereñas deben mantenerse en alerta, ya que el nivel de los ríos podría seguir aumentando en los próximos días.</p>
<p><em>*Nota realizada con el apoyo de Elias Ingaruca.</em></p>
<p>Lea la nota original <a href='https://inforegion.pe?p=414421'>aquí</a> o visita el medio <a href='https://inforegion.pe'>Inforegión</a></p>
<p>
<p>La entrada <a href="https://elbuho.pe/2025/02/lluvias-intensas-elevan-el-nivel-del-rio-huallaga-y-generan-alerta-en-huanuco/">Lluvias intensas elevan el nivel del río Huallaga y generan alerta en Huánuco</a> aparece primero en <a href="https://elbuho.pe">El Búho</a>.</p>
]]></content:encoded>
					
		
		
			</item>
		<item>
		<title>La Libertad: Detienen en flagrancia a consejero tras recibir  coima s/ 5 mil de empresario minero</title>
		<link>https://elbuho.pe/2025/02/la-libertad-detienen-en-flagrancia-a-consejero-tras-recibir-coima-s-5-mil-de-empresario-minero/</link>
		
		<dc:creator><![CDATA[Red de Medios Regionales del Perú]]></dc:creator>
		<pubDate>Tue, 18 Feb 2025 22:47:18 +0000</pubDate>
				<category><![CDATA[Red de Medios Regionales del Perú]]></category>
		<category><![CDATA[consejero regional]]></category>
		<category><![CDATA[Dirección Contra la Corrupción de la Policía Nacional del Perú (DIRCOCOR)]]></category>
		<category><![CDATA[Gobierno Regional de La Libertad]]></category>
		<category><![CDATA[La Libertad]]></category>
		<guid isPermaLink="false">https://elbuho.pe/2025/02/la-libertad-detienen-en-flagrancia-a-consejero-tras-recibir-coima-s-5-mil-de-empresario-minero/</guid>

					<description><![CDATA[<p>El consejero regional de La Libertad por la provincia de Santiago de Chuco, Abner José Ávalos Villacorta, fue detenido en flagrancia por agentes de la Dirección Contra la Corrupción de la Policía Nacional del Perú (DIRCOCOR). La intervención se produjo tras recibir una presunta coima de S/ 5 mil, que habría solicitado a un empresario [&#8230;]</p>
<p>La entrada <a href="https://elbuho.pe/2025/02/la-libertad-detienen-en-flagrancia-a-consejero-tras-recibir-coima-s-5-mil-de-empresario-minero/">La Libertad: Detienen en flagrancia a consejero tras recibir  coima s/ 5 mil de empresario minero</a> aparece primero en <a href="https://elbuho.pe">El Búho</a>.</p>
]]></description>
										<content:encoded><![CDATA[<p><img decoding="async" width="1640" height="924" src="https://elbuho.pe/wp-content/uploads/2025/02/Elecciones-2022-2025-02-18T111717.242.png" class="attachment-full size-full wp-post-image" alt="" style="float:right; margin:0 0 10px 10px;" srcset="https://elbuho.pe/wp-content/uploads/2025/02/Elecciones-2022-2025-02-18T111717.242.png 1640w, https://elbuho.pe/wp-content/uploads/2025/02/Elecciones-2022-2025-02-18T111717.242-1536x865.png 1536w, https://elbuho.pe/wp-content/uploads/2025/02/Elecciones-2022-2025-02-18T111717.242-150x85.png 150w, https://elbuho.pe/wp-content/uploads/2025/02/Elecciones-2022-2025-02-18T111717.242-300x169.png 300w, https://elbuho.pe/wp-content/uploads/2025/02/Elecciones-2022-2025-02-18T111717.242-600x338.png 600w, https://elbuho.pe/wp-content/uploads/2025/02/Elecciones-2022-2025-02-18T111717.242-696x392.png 696w, https://elbuho.pe/wp-content/uploads/2025/02/Elecciones-2022-2025-02-18T111717.242-1392x784.png 1392w, https://elbuho.pe/wp-content/uploads/2025/02/Elecciones-2022-2025-02-18T111717.242-1068x602.png 1068w" sizes="(max-width: 1640px) 100vw, 1640px" /></p>
<p>El consejero regional de La Libertad por la provincia de Santiago de Chuco, Abner José Ávalos Villacorta, fue detenido en flagrancia por agentes de la Dirección Contra la Corrupción de la Policía Nacional del Perú (DIRCOCOR). La intervención se produjo tras recibir una presunta coima de S/ 5 mil, que habría solicitado a un empresario minero para influir a su favor en una inspección.</p>
<h3><strong>Operativo anticorrupción</strong></h3>
<p>El operativo fue ejecutado por el Departamento de Investigación Contra la Corrupción de La Libertad, en coordinación con la Fiscalía Especializada en Delitos de Corrupción de Funcionarios, liderada por el fiscal provincial César Gustavo Espínola Carrillo. El denunciante, un comerciante independiente, alertó a las autoridades y colaboró activamente en la entrega del dinero solicitado, el cual fue previamente fotocopiado para su identificación.</p>
<p>La detención se llevó a cabo en la urbanización La Rinconada, donde también se incautó del teléfono celular del consejero detenido, el cual será sometido a pericias para identificar posibles conexiones con otros actos irregulares. Según la investigación preliminar, Ávalos Villacorta habría prometido al empresario coordinar una fecha favorable para la fiscalización de una operación minera.</p>
<h3><strong>Reacciones y pronunciamientos</strong></h3>
<p>La Dirección Contra la Corrupción (DIRCOCOR) acudió posteriormente al Consejo Regional de La Libertad para realizar las diligencias correspondientes. Abner Ávalos, quien actualmente preside la Comisión de Energía y Minas, enfrenta ahora una investigación que podría derivar en graves sanciones si se confirma su participación en el hecho ilícito.</p>
<p>La consejera regional por la provincia de Virú, Edy Camacho, manifestó su sorpresa ante lo sucedido, asegurando que desconocía cualquier implicancia de su colega en actos irregulares. &#8220;Es lamentable que sucedan estos hechos. Confiamos en las investigaciones de las autoridades&#8221;, declaró.</p>
<h3><strong>Comunicado del Consejo Regional de La Libertad</strong></h3>
<p>Tras el escándalo, el Consejo Regional emitió un comunicado dirigido a la opinión pública, en el que expresó su preocupación y compromiso con la transparencia institucional. El pronunciamiento incluyó los siguientes puntos:</p>
<ol>
<li><strong>Respeto al debido proceso:</strong> Se reafirmó la importancia de garantizar una investigación imparcial y respetar la presunción de inocencia del consejero hasta que se demuestre lo contrario.</li>
<li><strong>Colaboración institucional:</strong> El Consejo Regional se comprometió a brindar todas las facilidades necesarias para que las autoridades lleven a cabo su labor de esclarecimiento de los hechos.</li>
<li><strong>Continuidad en la representación:</strong> Se garantizará la continuidad del trabajo legislativo en representación de la provincia de Santiago de Chuco.</li>
<li><strong>Llamado a la calma:</strong> Se instó a la ciudadanía y a los medios de comunicación a evitar especulaciones y esperar el resultado de las investigaciones oficiales.</li>
</ol>
<h4><strong>&#8220;Corrupto&#8221;</strong></h4>
<p>Tras el escándalo, el gobernador regional de La Libertad, César Acuña Peralta, no se calló y tildó de &#8220;corrupto&#8221; a al consejero.</p>
<h3><strong>Investigaciones en curso</strong></h3>
<p>El Ministerio Público continúa con las diligencias correspondientes para determinar la veracidad de los hechos y establecer si existen otros implicados en esta presunta red de corrupción. La Policía Nacional ha señalado que no se descarta la posibilidad de que este caso sea parte de un esquema mayor, considerando el modus operandi identificado.</p>
<p>Este hecho reaviva las alarmas sobre la corrupción en las instituciones públicas de la región y la necesidad de fortalecer los mecanismos de control y fiscalización para evitar que situaciones similares vuelvan a ocurrir.</p>
<p>Lea la nota original <a href="https://noticiastrujillo.pe?p=71446">aquí</a> o visita el medio <a href="https://noticiastrujillo.pe">Noticias Trujillo</a></p>
<p>&nbsp;</p>
<p>La entrada <a href="https://elbuho.pe/2025/02/la-libertad-detienen-en-flagrancia-a-consejero-tras-recibir-coima-s-5-mil-de-empresario-minero/">La Libertad: Detienen en flagrancia a consejero tras recibir  coima s/ 5 mil de empresario minero</a> aparece primero en <a href="https://elbuho.pe">El Búho</a>.</p>
]]></content:encoded>
					
		
		
			</item>
		<item>
		<title>GORE aprueban incremento remunerativo para funcionarios F5 y F4 pese a crisis económica</title>
		<link>https://elbuho.pe/2025/02/gore-aprueban-incremento-remunerativo-para-funcionarios-f5-y-f4-pese-a-crisis-economica/</link>
		
		<dc:creator><![CDATA[Red de Medios Regionales del Perú]]></dc:creator>
		<pubDate>Tue, 18 Feb 2025 22:38:49 +0000</pubDate>
				<category><![CDATA[Red de Medios Regionales del Perú]]></category>
		<category><![CDATA[desarrollo regional]]></category>
		<category><![CDATA[F4]]></category>
		<category><![CDATA[F5]]></category>
		<category><![CDATA[funcionarios]]></category>
		<category><![CDATA[Gobierno Regional de Arequipa (GRA)]]></category>
		<category><![CDATA[Gobierno Regional de Ayacucho]]></category>
		<category><![CDATA[GORE]]></category>
		<category><![CDATA[incremento remunerativo]]></category>
		<category><![CDATA[presupuesto]]></category>
		<guid isPermaLink="false">https://elbuho.pe/2025/02/gore-aprueban-incremento-remunerativo-para-funcionarios-f5-y-f4-pese-a-crisis-economica/</guid>

					<description><![CDATA[<p>A pesar de la grave crisis económica que enfrenta la región, el Gobierno Regional de Ayacucho (GRA) aprobó un incremento salarial para los funcionarios de libre nombramiento y remoción de los niveles F5 y F4. La medida, que afecta a gerentes de línea, subgerentes y directores sectoriales, fue formalizada con la Resolución Ejecutiva Regional No [&#8230;]</p>
<p>La entrada <a href="https://elbuho.pe/2025/02/gore-aprueban-incremento-remunerativo-para-funcionarios-f5-y-f4-pese-a-crisis-economica/">GORE aprueban incremento remunerativo para funcionarios F5 y F4 pese a crisis económica</a> aparece primero en <a href="https://elbuho.pe">El Búho</a>.</p>
]]></description>
										<content:encoded><![CDATA[<p><img decoding="async" width="1280" height="720" src="https://elbuho.pe/wp-content/uploads/2025/02/Aprueban-incremento-remunerativo-para-funcionarios-F5-y-F4-pese-a-crisis-economica.jpg" class="attachment-full size-full wp-post-image" alt="" style="float:right; margin:0 0 10px 10px;" srcset="https://elbuho.pe/wp-content/uploads/2025/02/Aprueban-incremento-remunerativo-para-funcionarios-F5-y-F4-pese-a-crisis-economica.jpg 1280w, https://elbuho.pe/wp-content/uploads/2025/02/Aprueban-incremento-remunerativo-para-funcionarios-F5-y-F4-pese-a-crisis-economica-150x84.jpg 150w, https://elbuho.pe/wp-content/uploads/2025/02/Aprueban-incremento-remunerativo-para-funcionarios-F5-y-F4-pese-a-crisis-economica-300x169.jpg 300w, https://elbuho.pe/wp-content/uploads/2025/02/Aprueban-incremento-remunerativo-para-funcionarios-F5-y-F4-pese-a-crisis-economica-600x338.jpg 600w, https://elbuho.pe/wp-content/uploads/2025/02/Aprueban-incremento-remunerativo-para-funcionarios-F5-y-F4-pese-a-crisis-economica-696x392.jpg 696w, https://elbuho.pe/wp-content/uploads/2025/02/Aprueban-incremento-remunerativo-para-funcionarios-F5-y-F4-pese-a-crisis-economica-1068x601.jpg 1068w" sizes="(max-width: 1280px) 100vw, 1280px" /></p>
<p>A pesar de la grave crisis económica que enfrenta la región, el Gobierno Regional de Ayacucho (GRA) aprobó un incremento salarial para los funcionarios de libre nombramiento y remoción de los niveles <strong>F5 y F4.</strong> La medida, que afecta a gerentes de línea, subgerentes y directores sectoriales, fue formalizada con la Resolución Ejecutiva Regional No 413-2024, que establece un aumento de hasta 3,000 soles en sus remuneraciones.</p>
<p>El ajuste salarial se implementó tras una solicitud de los funcionarios del régimen de Contrato Administrativo de Servicios (CAS), quienes argumentaron que el elevado costo de vida y la crisis económica justificaban la modificación de la escala de pagos. Además, algunos funcionarios F4 señalaron que sus compañeros del nivel F3 (nombrados bajo la Ley 276) recibían salarios más altos que ellos, lo que motivó la solicitud de este incremento.</p>
<p>Según la normativa previa, los funcionarios <strong>F5 recibían 8,000 soles, y los F4, 6,000</strong><i><strong> soles.</strong></i> Sin embargo, con la nueva resolución, el salario de <i><strong>los funcionarios F5 sube a 10,000 soles, mientras que el de los F4 se ajusta a 9,000 soles</strong></i>. Este aumento entró en vigor en mayo de 2024.</p>
<p>Este ajuste salarial ha generado controversia, especialmente porque se produce en medio de una difícil situación financiera. La exconsejera regional, Elizabeth Prado Montoya, criticó la medida, recordando que, en el mismo periodo, varios sectores del gobierno regional, como <strong>Prider,</strong> Agricultura y Salud, sufrieron recortes de presupuesto por un total de 43 millones de soles. Además, advirtió que <i><strong>para 2025 se anticipa una nueva reducción presupuestal.</strong></i></p>
<blockquote>
<p>“Estando en un espacio crítico, por el mal manejo de planificación y presupuesto, ahora vemos este incremento remunerativo. Además, vemos que para el 2025 vamos va tener también una reducción de presupuesto y crisis a nivel regional”, mencionó.</p>
</blockquote>
<p>Prado Montoya instó al presidente del Consejo Regional, Cristian Navarrete, a ejercer un mayor control político sobre las gestiones de planificación y presupuesto, debido a que la correcta administración de los recursos es clave para el desarrollo regional.</p>
<p><strong>DATO.</strong> El 2024, el Gobierno Regional de Ayacucho <strong>(GRA) anunció un déficit presupuestal</strong>, que llevó a la <a href="https://jornada.com.pe/esperamos-el-reinicio-de-obras-paralizadas-para-el-2025/">suspensión de obras</a>, incumplimiento de pagos a los obreros y asignación a favor de los gobiernos locales por dos años consecutivos.</p>
<blockquote>
<p>“Mientras hay obras paralizadas, deudas pendientes, incumplimiento de asignaciones y reducción de recursos se incrementó la remuneración de funcionarios”.</p>
</blockquote>
<h4>&nbsp;</h4>
<p>Lea la nota original <a href="https://jornada.com.pe?p=62932">aquí</a> o visita el medio <a href="https://jornada.com.pe">Diario Jornada</a></p>
<p>&nbsp;</p>
<p>La entrada <a href="https://elbuho.pe/2025/02/gore-aprueban-incremento-remunerativo-para-funcionarios-f5-y-f4-pese-a-crisis-economica/">GORE aprueban incremento remunerativo para funcionarios F5 y F4 pese a crisis económica</a> aparece primero en <a href="https://elbuho.pe">El Búho</a>.</p>
]]></content:encoded>
					
		
		
			</item>
		<item>
		<title>Pacientes graves del hospital de EsSalud Salcedo sufren por la falta de tomógrafo</title>
		<link>https://elbuho.pe/2025/02/pacientes-graves-del-hospital-de-essalud-salcedo-sufren-por-la-falta-de-tomografo/</link>
		
		<dc:creator><![CDATA[Red de Medios Regionales del Perú]]></dc:creator>
		<pubDate>Tue, 18 Feb 2025 22:35:24 +0000</pubDate>
				<category><![CDATA[Red de Medios Regionales del Perú]]></category>
		<category><![CDATA[Hospital de EsSalud Salcedo]]></category>
		<category><![CDATA[Puno]]></category>
		<category><![CDATA[Titular]]></category>
		<category><![CDATA[tomógrafo]]></category>
		<guid isPermaLink="false">https://elbuho.pe/2025/02/pacientes-graves-del-hospital-de-essalud-salcedo-sufren-por-la-falta-de-tomografo/</guid>

					<description><![CDATA[<p>En Puno, un problema que lleva meses afectando a los pacientes más graves del hospital Essalud Salcedo está pasando desapercibido para muchos, pero es un drama para los que lo viven día a día. El tomógrafo, una máquina crucial para detectar enfermedades graves como cáncer o problemas en el cerebro, columna o pulmones, está fuera [&#8230;]</p>
<p>La entrada <a href="https://elbuho.pe/2025/02/pacientes-graves-del-hospital-de-essalud-salcedo-sufren-por-la-falta-de-tomografo/">Pacientes graves del hospital de EsSalud Salcedo sufren por la falta de tomógrafo</a> aparece primero en <a href="https://elbuho.pe">El Búho</a>.</p>
]]></description>
										<content:encoded><![CDATA[<p><img decoding="async" width="889" height="500" src="https://elbuho.pe/wp-content/uploads/2025/02/tomo-1.jpg" class="attachment-full size-full wp-post-image" alt="" style="float:right; margin:0 0 10px 10px;" srcset="https://elbuho.pe/wp-content/uploads/2025/02/tomo-1.jpg 889w, https://elbuho.pe/wp-content/uploads/2025/02/tomo-1-150x84.jpg 150w, https://elbuho.pe/wp-content/uploads/2025/02/tomo-1-300x169.jpg 300w, https://elbuho.pe/wp-content/uploads/2025/02/tomo-1-600x337.jpg 600w, https://elbuho.pe/wp-content/uploads/2025/02/tomo-1-696x391.jpg 696w" sizes="(max-width: 889px) 100vw, 889px" /></p>
<p>En Puno, un problema que lleva meses afectando a los pacientes más graves del hospital Essalud Salcedo está pasando desapercibido para muchos, pero es un drama para los que lo viven día a día. El tomógrafo, una máquina crucial para detectar enfermedades graves como cáncer o problemas en el cerebro, columna o pulmones, está fuera de servicio desde hace casi un año. Y con ello, más de 50 pacientes al día se quedan sin la atención que necesitan.</p>
<p><strong>La falta de un equipo vital</strong>&nbsp;</p>
<p>Alrededor de 50 pacientes diarios, en su mayoría con problemas graves de salud, se ven obligados a enfrentar la falta de tomógrafo. La queja de los pacientes y sus familiares es generalizada: &#8220;Vengo a hacerme un examen urgente, y me dicen que no hay tomógrafo&#8221;.</p>
<p>Desde hace casi un año, el tomógrafo de este hospital no funciona, lo que ha obligado a la derivación de los pacientes más graves a otras ciudades, específicamente al Hospital Base III de Juliaca, para poder realizarse los exámenes. Este traslado no solo retrasa los diagnósticos, sino que implica un gasto adicional y ocasiona preocupación para las personas enfermas y sus familias.</p>
<p>El tomógrafo, que es clave para realizar tomografías cerebrales, de columna, pulmones, abdomen, riñones, huesos y tórax, también tiene una función fundamental en el seguimiento de los pacientes oncológicos. Aquellos que están recibiendo tratamiento contra el cáncer necesitan realizarse tomografías periódicas para monitorear la evolución de sus tumores, y la falta de este equipo pone en riesgo la salud de estos pacientes, quienes dependen de una atención médica oportuna y de calidad.</p>
<p><strong>El impacto en los pacientes</strong> El impacto de la falta de este equipo va más allá de los inconvenientes logísticos. Para los pacientes, especialmente los de tratamientos oncológicos o con enfermedades graves, la demora en la realización de los exámenes es un asunto de vida o muerte. Muchos de ellos deben esperar días o semanas para poder ser derivados al Hospital Base de Juliaca, lo que retrasa la toma de decisiones médicas cruciales.</p>
<p>Debido a la falta de un tomógrafo en el Hospital de EsSalud Salcedo en Puno, los médicos se ven obligados a recomendar a los pacientes que acudan a clínicas privadas, donde el costo de un examen de tomografía alcanza los 700 soles. Este elevado precio es inaccesible para muchos de los afectados, quienes se ven forzados a esperar hasta dos meses para ser referidos al tomógrafo de la ciudad de Juliaca.</p>
<p><strong>Soluciones a la vista</strong> A pesar de que el personal del hospital reconoce el problema, los recursos para reparar o reemplazar el tomógrafo parecen no estar disponibles o existe mucha demora. Esto deja a los pacientes en un limbo, sin saber cuándo podrán acceder a los exámenes que tanto necesitan.</p>
<p><strong>Tomografía un derecho humano</strong> La falta de un tomógrafo en el Hospital III Salcedo pone en evidencia la necesidad urgente de mejorar la calidad de los servicios de salud. Los pacientes, especialmente los asegurados, merecen una atención adecuada y equipos médicos en buen estado para poder enfrentar sus enfermedades con dignidad.</p>
<p>&nbsp;</p>
<p>Lea la nota original <a href="https://www.elobjetivo.pe?p=43183">aquí</a> o visita el medio <a href="https://www.elobjetivo.pe">El Objetivo</a></p>
<p>&nbsp;</p>
<p>La entrada <a href="https://elbuho.pe/2025/02/pacientes-graves-del-hospital-de-essalud-salcedo-sufren-por-la-falta-de-tomografo/">Pacientes graves del hospital de EsSalud Salcedo sufren por la falta de tomógrafo</a> aparece primero en <a href="https://elbuho.pe">El Búho</a>.</p>
]]></content:encoded>
					
		
		
			</item>
		<item>
		<title>Las nueve provincias de la región Junín en alerta por lluvias intensas</title>
		<link>https://elbuho.pe/2025/02/las-nueve-provincias-de-la-region-junin-en-alerta-por-lluvias-intensas/</link>
		
		<dc:creator><![CDATA[Red de Medios Regionales del Perú]]></dc:creator>
		<pubDate>Tue, 18 Feb 2025 22:25:36 +0000</pubDate>
				<category><![CDATA[Red de Medios Regionales del Perú]]></category>
		<category><![CDATA[Chanchamayo]]></category>
		<category><![CDATA[lluvias]]></category>
		<category><![CDATA[Satipo]]></category>
		<guid isPermaLink="false">https://elbuho.pe/2025/02/las-nueve-provincias-de-la-region-junin-en-alerta-por-lluvias-intensas/</guid>

					<description><![CDATA[<p>El Servicio Nacional de Meteorología e Hidrología del Perú (Senamhi) emitió una alerta por la ocurrencia de lluvias intensas en la región Junín hasta este 18 de febrero. El aviso de nivel naranja advierte sobre precipitaciones de moderada a fuerte intensidad que podrían generar aniegos, inundaciones y deslizamientos en varias provincias. Según el pronóstico, las [&#8230;]</p>
<p>La entrada <a href="https://elbuho.pe/2025/02/las-nueve-provincias-de-la-region-junin-en-alerta-por-lluvias-intensas/">Las nueve provincias de la región Junín en alerta por lluvias intensas</a> aparece primero en <a href="https://elbuho.pe">El Búho</a>.</p>
]]></description>
										<content:encoded><![CDATA[<p><img decoding="async" width="1200" height="630" src="https://elbuho.pe/wp-content/uploads/2025/02/Las-intensas-lluvias-continuaran-en-la-region-Junin-alerta-el-Senamhi.jpg" class="attachment-full size-full wp-post-image" alt="" style="float:right; margin:0 0 10px 10px;" srcset="https://elbuho.pe/wp-content/uploads/2025/02/Las-intensas-lluvias-continuaran-en-la-region-Junin-alerta-el-Senamhi.jpg 1200w, https://elbuho.pe/wp-content/uploads/2025/02/Las-intensas-lluvias-continuaran-en-la-region-Junin-alerta-el-Senamhi-150x79.jpg 150w, https://elbuho.pe/wp-content/uploads/2025/02/Las-intensas-lluvias-continuaran-en-la-region-Junin-alerta-el-Senamhi-300x158.jpg 300w, https://elbuho.pe/wp-content/uploads/2025/02/Las-intensas-lluvias-continuaran-en-la-region-Junin-alerta-el-Senamhi-600x315.jpg 600w, https://elbuho.pe/wp-content/uploads/2025/02/Las-intensas-lluvias-continuaran-en-la-region-Junin-alerta-el-Senamhi-696x365.jpg 696w, https://elbuho.pe/wp-content/uploads/2025/02/Las-intensas-lluvias-continuaran-en-la-region-Junin-alerta-el-Senamhi-1068x561.jpg 1068w" sizes="(max-width: 1200px) 100vw, 1200px" /></p>
<p>El <a href="https://hytimes.pe/tag/senamhi/">Servicio Nacional de Meteorología e Hidrología del Perú (Senamhi)</a> emitió una alerta por la ocurrencia de <strong>lluvias intensas en la región Junín</strong> hasta este 18 de febrero. El aviso de <strong>nivel naranja</strong> advierte sobre precipitaciones de moderada a fuerte intensidad que podrían generar aniegos, inundaciones y deslizamientos en varias provincias.</p>
<p>Según el pronóstico, las lluvias estarán acompañadas de descargas eléctricas y ráfagas de viento, afectando a las provincias de <strong>Chanchamayo</strong>, <strong>Chupaca</strong>, <strong>Concepción</strong>, <strong>Huancayo</strong>, <strong>Jauja</strong>, <strong>Junín,</strong> <a href="https://hytimes.pe/2025/02/17/satipo-rio-ene-ahora-inunda-a-14-comunidades-y-autoridades-piden-estado-de-emergencia/">Satipo</a>, <strong>Tarma</strong> y <strong>Yauli.</strong> Las zonas más vulnerables, como las <strong>cuencas de los ríos Perené y Ene</strong>, en <strong>Satipo</strong> y <strong>Chanchamayo</strong>, podrían experimentar un aumento significativo de sus caudales.</p>
<p>El <strong>Senamhi</strong> también prevé la ocurrencia de <strong>granizo en áreas ubicadas sobre los 2800 m s. n. m</strong>. y nevadas en localidades por encima de los 4000 m. s. n. m., lo que afectará a las zonas altoandinas de la región.</p>
<p>En la <strong>Selva Central</strong>, se espera la ocurrencia de lluvias y chubascos de moderada a fuerte intensidad, acompañados de descargas eléctricas y ráfagas de viento. Las provincias de <strong>Chanchamayo y Satipo</strong>, donde se encuentran diversas comunidades nativas, podrían ser las más afectadas por el incremento del caudal de ríos y posibles deslizamientos de tierra en zonas vulnerables.</p>
<p>En los últimos días, la región ha sufrido eventos climáticos adversos que han afectado gravemente a diversas comunidades, especialmente en Satipo. Ochocientas familias de comunidades asháninkas en la cuenca del río Ene, distrito de Río Tambo, han sido afectadas por el desbordamiento del río y sus afluentes.&nbsp;</p>
<p>El último reporte de Defensa Civil indica que las lluvias en la selva central han provocado que 14 comunidades indígenas sean inundadas por el desborde del río Ene, que ha dañado al menos 1,000 hectáreas de cultivos de yuca, plátano, cacao y otros en el distrito de Río Tambo.</p>
<p>Ante la magnitud de la emergencia, la presidenta Dina Boluarte y ministros se trasladarán al distrito de Río Tambo para evaluar la situación y coordinar acciones de apoyo a las comunidades afectadas. Las autoridades locales y regionales han solicitado la declaratoria de estado de emergencia para las zonas afectadas, con el fin de agilizar la asistencia y recursos necesarios para atender a las familias damnificadas y mitigar los daños causados por las inundaciones.</p>
<p>&nbsp;</p>
<blockquote>
<p>De acuerdo al pronóstico del <a href="https://twitter.com/senamhi?ref_src=twsrc%5Etfw">@Senamhi</a>, se presentarían <a href="https://twitter.com/hashtag/LluviasIntensas?src=hash&amp;ref_src=twsrc%5Etfw">#LluviasIntensas</a> (nivel naranja) en 23 departamentos hasta el 18/02. <a href="https://t.co/tXLjVJxcEX">pic.twitter.com/tXLjVJxcEX</a></p>
<p>— COEN &#8211; INDECI (@COENPeru) <a href="https://twitter.com/COENPeru/status/1891589138710765904?ref_src=twsrc%5Etfw">February 17, 2025</a></p>
</blockquote>
<p>&nbsp;</p>
<p>Lea la nota original <a href="https://hytimes.pe?p=51282">aquí</a> o visita el medio <a href="https://hytimes.pe">HYTIMES.PE</a></p>
<p>&nbsp;</p>
<p>La entrada <a href="https://elbuho.pe/2025/02/las-nueve-provincias-de-la-region-junin-en-alerta-por-lluvias-intensas/">Las nueve provincias de la región Junín en alerta por lluvias intensas</a> aparece primero en <a href="https://elbuho.pe">El Búho</a>.</p>
]]></content:encoded>
					
		
		
			</item>
		<item>
		<title>Congresistas ningunean a Mirtha Vásquez: querían que responda denuncia de Merino (VIDEO)</title>
		<link>https://elbuho.pe/2025/02/congresistas-ningunean-a-mirtha-vasquez-querian-que-responda-denuncia-de-merino-video/</link>
		
		<dc:creator><![CDATA[Redacción El Búho]]></dc:creator>
		<pubDate>Tue, 18 Feb 2025 22:21:05 +0000</pubDate>
				<category><![CDATA[Política]]></category>
		<category><![CDATA[Congreso de la República]]></category>
		<category><![CDATA[crisis política en Perú]]></category>
		<category><![CDATA[Mirtha Vásquez]]></category>
		<guid isPermaLink="false">https://elbuho.pe/?p=375580</guid>

					<description><![CDATA[<p>Vásquez solicitó que se respetara el debido proceso, señalando que se le había negado el acceso a los documentos por los cuales se le está denunciando.</p>
<p>La entrada <a href="https://elbuho.pe/2025/02/congresistas-ningunean-a-mirtha-vasquez-querian-que-responda-denuncia-de-merino-video/">Congresistas ningunean a Mirtha Vásquez: querían que responda denuncia de Merino (VIDEO)</a> aparece primero en <a href="https://elbuho.pe">El Búho</a>.</p>
]]></description>
										<content:encoded><![CDATA[<img decoding="async" width="1280" height="720" src="https://elbuho.pe/wp-content/uploads/2025/02/mirtha-vasquez-martha-moyano-noticias-manuel-merino-congreso.jpg" class="attachment-full size-full wp-post-image" alt="" style="float:right; margin:0 0 10px 10px;" srcset="https://elbuho.pe/wp-content/uploads/2025/02/mirtha-vasquez-martha-moyano-noticias-manuel-merino-congreso.jpg 1280w, https://elbuho.pe/wp-content/uploads/2025/02/mirtha-vasquez-martha-moyano-noticias-manuel-merino-congreso-150x84.jpg 150w, https://elbuho.pe/wp-content/uploads/2025/02/mirtha-vasquez-martha-moyano-noticias-manuel-merino-congreso-300x169.jpg 300w, https://elbuho.pe/wp-content/uploads/2025/02/mirtha-vasquez-martha-moyano-noticias-manuel-merino-congreso-600x338.jpg 600w, https://elbuho.pe/wp-content/uploads/2025/02/mirtha-vasquez-martha-moyano-noticias-manuel-merino-congreso-696x392.jpg 696w, https://elbuho.pe/wp-content/uploads/2025/02/mirtha-vasquez-martha-moyano-noticias-manuel-merino-congreso-1068x601.jpg 1068w" sizes="(max-width: 1280px) 100vw, 1280px" /><p>La Subcomisión de Acusaciones Constitucionales se burló del pedido de la expresidenta del Consejo de Ministros, Mirtha Vásquez, <strong>quien enfrenta una denuncia constitucional presentada por Manuel Merino desde su etapa como presidenta del Congreso.</strong></p>
<p>Vásquez solicitó que se respetara el debido proceso, señalando que se le había negado el acceso a los documentos por los cuales se le está denunciando. Sin embargo, la presidenta de la Subcomisión, María Acuña Peralta (APP), desestimó su reclamo y le respondió que <strong>debía acercarse al Congreso por su cuenta para enterarse de los cargos en su contra, sugiriendo que fue un descubierto de su parte.</strong></p>
<p>A regañadientes, la Subcomisión tuvo que acceder a suspender la citación, pero en medio de un tenso intercambio de palabras con la congresista fujimorista Martha Moyano, quien terminó alzándole la voz a Vásquez y exigiéndole “respeto” para la Subcomisión.</p>
<p><a href="https://www.youtube.com/watch?v=SE_dhsdy_eE">El video ¡AUTORITARISMO PURO! Congresistas ningunean a Mirtha Vásquez: quería que responda denuncia de Merino se publicó en YouTube en este enlace</a></p>


<div class="wp-block-group"><div class="wp-block-group__inner-container is-layout-constrained wp-block-group-is-layout-constrained">
<h4 class="wp-block-heading" id="h-siguenos-tambien-en-nuestras-redes-sociales-nbsp"><strong>Síguenos también en nuestras redes sociales:&nbsp;</strong></h4>



<p>Búscanos en&nbsp;<a href="https://www.facebook.com/ElBuho.pe/">Facebook</a>,&nbsp;<a href="https://twitter.com/elbuho_pe">Twitter</a>,&nbsp;<a href="https://www.instagram.com/elbuho.pe/">Instagram</a>&nbsp;y&nbsp;<a href="https://www.youtube.com/user/SemanarioElBuho">YouTube</a>.</p>
</div></div>
<p>La entrada <a href="https://elbuho.pe/2025/02/congresistas-ningunean-a-mirtha-vasquez-querian-que-responda-denuncia-de-merino-video/">Congresistas ningunean a Mirtha Vásquez: querían que responda denuncia de Merino (VIDEO)</a> aparece primero en <a href="https://elbuho.pe">El Búho</a>.</p>
]]></content:encoded>
					
		
		
			</item>
		<item>
		<title>Ayacucho: inundaciones dejan a cientos de familias en la intemperie en el Vraem &#124; Pasó en el Perú (VIDEO)</title>
		<link>https://elbuho.pe/2025/02/ayacucho-inundaciones-dejan-a-cientos-de-familias-en-la-intemperie-en-el-vraem-paso-en-el-peru-video/</link>
		
		<dc:creator><![CDATA[Redacción El Búho]]></dc:creator>
		<pubDate>Tue, 18 Feb 2025 22:08:48 +0000</pubDate>
				<category><![CDATA[Noticia]]></category>
		<category><![CDATA[Ayacucho]]></category>
		<category><![CDATA[lluvias en Ayacucho]]></category>
		<guid isPermaLink="false">https://elbuho.pe/?p=375576</guid>

					<description><![CDATA[<p>En los distritos de Ayna, Kimbiri y San Francisco, decenas de familias han tenido que evacuar sus hogares ante la crecida del caudal.</p>
<p>La entrada <a href="https://elbuho.pe/2025/02/ayacucho-inundaciones-dejan-a-cientos-de-familias-en-la-intemperie-en-el-vraem-paso-en-el-peru-video/">Ayacucho: inundaciones dejan a cientos de familias en la intemperie en el Vraem | Pasó en el Perú (VIDEO)</a> aparece primero en <a href="https://elbuho.pe">El Búho</a>.</p>
]]></description>
										<content:encoded><![CDATA[<img decoding="async" width="1280" height="720" src="https://elbuho.pe/wp-content/uploads/2025/02/1739909336_maxresdefault.jpg" class="attachment-full size-full wp-post-image" alt="Ayacucho: inundaciones dejan a cientos de familias en la intemperie en el Vraem | Pasó en el Perú (VIDEO)" style="float:right; margin:0 0 10px 10px;" srcset="https://elbuho.pe/wp-content/uploads/2025/02/1739909336_maxresdefault.jpg 1280w, https://elbuho.pe/wp-content/uploads/2025/02/1739909336_maxresdefault-150x84.jpg 150w, https://elbuho.pe/wp-content/uploads/2025/02/1739909336_maxresdefault-300x169.jpg 300w, https://elbuho.pe/wp-content/uploads/2025/02/1739909336_maxresdefault-600x338.jpg 600w, https://elbuho.pe/wp-content/uploads/2025/02/1739909336_maxresdefault-696x392.jpg 696w, https://elbuho.pe/wp-content/uploads/2025/02/1739909336_maxresdefault-1068x601.jpg 1068w" sizes="(max-width: 1280px) 100vw, 1280px" /><p>Las intensas lluvias de los últimos días han provocado el desborde del río Apurímac, dejando bajo el agua a comunidades enteras en Ayacucho. <strong>En los distritos de Ayna, Kimbiri y San Francisco, decenas de familias han tenido que evacuar sus hogares ante la crecida del caudal.</strong> En Manitea, las localidades de Lobo Tahuantinsuyo, Sirenachayooc y Pugiriari han sido gravemente afectadas, con viviendas sumergidas y cultivos destruidos.<br />Programa de la Red de Medios Regionales del Perú</p>
<p><a href="https://www.youtube.com/watch?v=Eaqnc0EMr6k">El video Ayacucho: inundaciones dejan a cientos de familias en la intemperie en el Vraem | Pasó en el Perú se publicó en YouTube en este enlace</a></p>


<div class="wp-block-group"><div class="wp-block-group__inner-container is-layout-constrained wp-block-group-is-layout-constrained">
<h4 class="wp-block-heading" id="h-siguenos-tambien-en-nuestras-redes-sociales-nbsp"><strong>Síguenos también en nuestras redes sociales:&nbsp;</strong></h4>



<p>Búscanos en&nbsp;<a href="https://www.facebook.com/ElBuho.pe/">Facebook</a>,&nbsp;<a href="https://twitter.com/elbuho_pe">Twitter</a>,&nbsp;<a href="https://www.instagram.com/elbuho.pe/">Instagram</a>&nbsp;y&nbsp;<a href="https://www.youtube.com/user/SemanarioElBuho">YouTube</a>.</p>
</div></div>
<p>La entrada <a href="https://elbuho.pe/2025/02/ayacucho-inundaciones-dejan-a-cientos-de-familias-en-la-intemperie-en-el-vraem-paso-en-el-peru-video/">Ayacucho: inundaciones dejan a cientos de familias en la intemperie en el Vraem | Pasó en el Perú (VIDEO)</a> aparece primero en <a href="https://elbuho.pe">El Búho</a>.</p>
]]></content:encoded>
					
		
		
			</item>
		<item>
		<title>Cusco: Autoridades en alerta por incremento de lluvias en Cusco &#124; Pasó en el Perú (VIDEO)</title>
		<link>https://elbuho.pe/2025/02/cusco-autoridades-en-alerta-por-incremento-de-lluvias-en-cusco-paso-en-el-peru-video/</link>
		
		<dc:creator><![CDATA[Redacción El Búho]]></dc:creator>
		<pubDate>Tue, 18 Feb 2025 22:03:38 +0000</pubDate>
				<category><![CDATA[Noticia]]></category>
		<category><![CDATA[Cusco]]></category>
		<category><![CDATA[Lluvias en Cusco]]></category>
		<guid isPermaLink="false">https://elbuho.pe/?p=375574</guid>

					<description><![CDATA[<p>Las intensas lluvias en Cusco han generado emergencias en 20 distritos, incluyendo Acomayo, Anta, Taray y Cusco.</p>
<p>La entrada <a href="https://elbuho.pe/2025/02/cusco-autoridades-en-alerta-por-incremento-de-lluvias-en-cusco-paso-en-el-peru-video/">Cusco: Autoridades en alerta por incremento de lluvias en Cusco | Pasó en el Perú (VIDEO)</a> aparece primero en <a href="https://elbuho.pe">El Búho</a>.</p>
]]></description>
										<content:encoded><![CDATA[<img decoding="async" width="1280" height="720" src="https://elbuho.pe/wp-content/uploads/2025/02/1739907486_maxresdefault.jpg" class="attachment-full size-full wp-post-image" alt="Cusco: Autoridades en alerta por incremento de lluvias en Cusco | Pasó en el Perú (VIDEO)" style="float:right; margin:0 0 10px 10px;" srcset="https://elbuho.pe/wp-content/uploads/2025/02/1739907486_maxresdefault.jpg 1280w, https://elbuho.pe/wp-content/uploads/2025/02/1739907486_maxresdefault-150x84.jpg 150w, https://elbuho.pe/wp-content/uploads/2025/02/1739907486_maxresdefault-300x169.jpg 300w, https://elbuho.pe/wp-content/uploads/2025/02/1739907486_maxresdefault-600x338.jpg 600w, https://elbuho.pe/wp-content/uploads/2025/02/1739907486_maxresdefault-696x392.jpg 696w, https://elbuho.pe/wp-content/uploads/2025/02/1739907486_maxresdefault-1068x601.jpg 1068w" sizes="(max-width: 1280px) 100vw, 1280px" /><p>Las intensas lluvias en Cusco han generado emergencias en 20 distritos, <strong>incluyendo Acomayo, Anta, Taray y Cusco.</strong> Según el secretario de gestión de riesgo y desastre del Consejo de Ministros los deslizamientos y desbordes de ríos han afectado gravemente a la población.<br />Programa de la Red de Medios Regionales del Perú</p>
<p><a href="https://www.youtube.com/watch?v=n-0YoiM8BBU">El video Cusco: Autoridades en alerta por incremento de lluvias en Cusco | Pasó en el Perú se publicó en YouTube en este enlace</a></p>


<div class="wp-block-group"><div class="wp-block-group__inner-container is-layout-constrained wp-block-group-is-layout-constrained">
<h4 class="wp-block-heading" id="h-siguenos-tambien-en-nuestras-redes-sociales-nbsp"><strong>Síguenos también en nuestras redes sociales:&nbsp;</strong></h4>



<p>Búscanos en&nbsp;<a href="https://www.facebook.com/ElBuho.pe/">Facebook</a>,&nbsp;<a href="https://twitter.com/elbuho_pe">Twitter</a>,&nbsp;<a href="https://www.instagram.com/elbuho.pe/">Instagram</a>&nbsp;y&nbsp;<a href="https://www.youtube.com/user/SemanarioElBuho">YouTube</a>.</p>
</div></div>
<p>La entrada <a href="https://elbuho.pe/2025/02/cusco-autoridades-en-alerta-por-incremento-de-lluvias-en-cusco-paso-en-el-peru-video/">Cusco: Autoridades en alerta por incremento de lluvias en Cusco | Pasó en el Perú (VIDEO)</a> aparece primero en <a href="https://elbuho.pe">El Búho</a>.</p>
]]></content:encoded>
					
		
		
			</item>
		<item>
		<title>Lluvias en Arequipa: Selva Alegre cancela carnavales tras 40 viviendas colapsadas</title>
		<link>https://elbuho.pe/2025/02/lluvias-en-arequipa-selva-alegre-cancela-carnavales-tras-40-viviendas-colapsadas/</link>
		
		<dc:creator><![CDATA[Lorena Begazo Núñez]]></dc:creator>
		<pubDate>Tue, 18 Feb 2025 21:56:33 +0000</pubDate>
				<category><![CDATA[Distritos]]></category>
		<category><![CDATA[Alto Selva Alegre]]></category>
		<category><![CDATA[Arequipa]]></category>
		<category><![CDATA[emergencia]]></category>
		<category><![CDATA[lluvias]]></category>
		<guid isPermaLink="false">https://elbuho.pe/?p=375547</guid>

					<description><![CDATA[<p>El sector de Villa Ecológica fue severamente afectado.</p>
<p>La entrada <a href="https://elbuho.pe/2025/02/lluvias-en-arequipa-selva-alegre-cancela-carnavales-tras-40-viviendas-colapsadas/">Lluvias en Arequipa: Selva Alegre cancela carnavales tras 40 viviendas colapsadas</a> aparece primero en <a href="https://elbuho.pe">El Búho</a>.</p>
]]></description>
										<content:encoded><![CDATA[<img decoding="async" width="1200" height="675" src="https://elbuho.pe/wp-content/uploads/2025/02/480364644_938116121835755_1779841131007305684_n-1.jpg" class="attachment-full size-full wp-post-image" alt="Alto Selva Alegre" style="float:right; margin:0 0 10px 10px;" srcset="https://elbuho.pe/wp-content/uploads/2025/02/480364644_938116121835755_1779841131007305684_n-1.jpg 1200w, https://elbuho.pe/wp-content/uploads/2025/02/480364644_938116121835755_1779841131007305684_n-1-150x84.jpg 150w, https://elbuho.pe/wp-content/uploads/2025/02/480364644_938116121835755_1779841131007305684_n-1-300x169.jpg 300w, https://elbuho.pe/wp-content/uploads/2025/02/480364644_938116121835755_1779841131007305684_n-1-600x338.jpg 600w, https://elbuho.pe/wp-content/uploads/2025/02/480364644_938116121835755_1779841131007305684_n-1-696x392.jpg 696w, https://elbuho.pe/wp-content/uploads/2025/02/480364644_938116121835755_1779841131007305684_n-1-1068x601.jpg 1068w" sizes="(max-width: 1200px) 100vw, 1200px" />
<p>Debido a las intensas <a href="https://elbuho.pe/2025/02/lluvias-en-arequipa-la-urgencia-de-declarar-103-distritos-en-emergencia-por-graves-afectaciones/">lluvias</a> registradas el último fin de semana, <strong>vecinos de la parte alta del distrito de Alto Selva Alegre se han visto afectados y se han presentado emergencias</strong>. Las calles del distrito estaban inundadas, lo que provocaba un riesgo tanto para los transportistas como para los vecinos.</p>



<p>Desde el sábado 15 de febrero se han realizado trabajos de limpieza y habilitación de distintos puntos del distrito en un trabajo conjunto con los serenos y personal de limpieza.<strong> El sector de Villa Ecológica fue severamente afectado.</strong></p>



<p>El alcalde del distrito, Alfredo Benavente Godoy, indicó que estos trabajos de limpieza y habilitación con maquinaria pesada el día domingo 16 y la además de la entrega de sacos de arena. <strong>Se convocó a trabajadores de la municipalidad para ayudar con la limpieza de diferentes hogares afectados.</strong></p>



<figure class="wp-block-pullquote"><blockquote><p><em>“Fueron 50 trabajadores de la municipalidad que ayudaron y auxiliaron las viviendas afectadas, nosotros también hemos estado permanente”</em></p><cite>Alcalde de Alto Selva Alegre, Alfredo Benavente Godoy</cite></blockquote></figure>



<figure class="wp-block-embed is-type-wp-embed is-provider-el-b-ho wp-block-embed-el-b-ho"><div class="wp-block-embed__wrapper">
<blockquote class="wp-embedded-content" data-secret="ftu1V4oB0l"><a href="https://elbuho.pe/2025/02/lluvias-en-arequipa-yarabamba-sufre-riesgo-de-perder-cultivos-por-colapso-de-canales-de-riego/">Lluvias en Arequipa: Yarabamba sufre riesgo de perder cultivos por colapso de canales de riego</a></blockquote><iframe loading="lazy" class="wp-embedded-content" sandbox="allow-scripts" security="restricted"  title="«Lluvias en Arequipa: Yarabamba sufre riesgo de perder cultivos por colapso de canales de riego» — El Búho" src="https://elbuho.pe/2025/02/lluvias-en-arequipa-yarabamba-sufre-riesgo-de-perder-cultivos-por-colapso-de-canales-de-riego/embed/#?secret=vUt9JznToR#?secret=ftu1V4oB0l" data-secret="ftu1V4oB0l" width="600" height="338" frameborder="0" marginwidth="0" marginheight="0" scrolling="no"></iframe>
</div></figure>



<h2 class="wp-block-heading" id="h-personas-afectadas-en-selva-alegre-arequipa">Personas afectadas en Selva Alegre (Arequipa)</h2>



<p>Los trabajos de maquinaria pesada van a continuar en el distrito para la limpieza de las zonas afectadas. La municipalidad ha hecho entrega de 8 mil 100 sacos terreros <strong>que se han puesto a disposición de los vecinos y personas damnificadas.</strong></p>



<p>En el sector de Villa Ecológica se han registrado<strong> 40 personas cuyos hogares han colapsado, 120 personas afectadas y 8 damnificadas de nivel 4 por la reactivación de la quebrada “El Pato”</strong>. Este sería el reporte de daños por las lluvias presentado por el alcalde del distrito de Alto Selva Alegre.</p>



<p>El alcalde ha reconocido que no es un trabajo suficiente y que aún hay zonas afectadas, por lo que se va a continuar con los trabajos durante toda la semana para ayudar a los vecinos. Se brindará ayuda con alimentos de primera necesidad<strong> para atender a las familias y se coordinará con Indeci para brindar más ayuda.</strong></p>



<figure class="wp-block-embed is-type-wp-embed is-provider-el-b-ho wp-block-embed-el-b-ho"><div class="wp-block-embed__wrapper">
<blockquote class="wp-embedded-content" data-secret="5nv52MeBs3"><a href="https://elbuho.pe/2025/02/arequipa-pnp-incauta-arsenal-y-drogas-en-centro-comercial-la-isla/">Arequipa: PNP incauta arsenal y drogas en centro comercial La Isla</a></blockquote><iframe loading="lazy" class="wp-embedded-content" sandbox="allow-scripts" security="restricted"  title="«Arequipa: PNP incauta arsenal y drogas en centro comercial La Isla» — El Búho" src="https://elbuho.pe/2025/02/arequipa-pnp-incauta-arsenal-y-drogas-en-centro-comercial-la-isla/embed/#?secret=BUYTlLRtJ1#?secret=5nv52MeBs3" data-secret="5nv52MeBs3" width="600" height="338" frameborder="0" marginwidth="0" marginheight="0" scrolling="no"></iframe>
</div></figure>



<h2 class="wp-block-heading" id="h-cancelacion-del-carnavalegre-2025-en-arequipa">Cancelación del Carnavalegre 2025 en Arequipa</h2>



<p>El alcalde Alfredo Benavente Godoy, mencionó que<strong> no se podrá realizar un pasacalle de celebración mientras vecinos de la parte alta sufren los estragos de la naturaleza.</strong> Informó que se buscará una fecha el próximo año para realizar este evento.</p>



<div class="wp-block-group"><div class="wp-block-group__inner-container is-layout-constrained wp-block-group-is-layout-constrained">
<h4 class="wp-block-heading" id="h-siguenos-tambien-en-nuestras-redes-sociales-nbsp"><strong>Síguenos también en nuestras redes sociales:&nbsp;</strong></h4>



<p>Búscanos en <a href="https://www.facebook.com/ElBuho.pe/">Facebook</a>, <a href="https://twitter.com/elbuho_pe">Twitter</a>, <a href="https://www.instagram.com/elbuho.pe/">Instagram</a> y <a href="https://www.youtube.com/user/SemanarioElBuho">YouTube</a>.</p>
</div></div>
<p>La entrada <a href="https://elbuho.pe/2025/02/lluvias-en-arequipa-selva-alegre-cancela-carnavales-tras-40-viviendas-colapsadas/">Lluvias en Arequipa: Selva Alegre cancela carnavales tras 40 viviendas colapsadas</a> aparece primero en <a href="https://elbuho.pe">El Búho</a>.</p>
]]></content:encoded>
					
		
		
			</item>
		<item>
		<title>Dañan a golpes histórica piedra de los 12 ángulos en Cusco y capturan al responsable (VIDEO)</title>
		<link>https://elbuho.pe/2025/02/sujeto-atenta-contra-historica-piedra-de-los-12-angulos-en-cusco-y-es-capturado-video/</link>
		
		<dc:creator><![CDATA[Redacción El Búho]]></dc:creator>
		<pubDate>Tue, 18 Feb 2025 19:31:10 +0000</pubDate>
				<category><![CDATA[Nacional]]></category>
		<category><![CDATA[Cusco]]></category>
		<category><![CDATA[piedra de los 12 ángulos]]></category>
		<guid isPermaLink="false">https://elbuho.pe/?p=375553</guid>

					<description><![CDATA[<p>En horas de la madrugada de este martes, un sujeto aún no identificado uso una herramienta para golpear repetidas veces esta joya arquitectónica situada en pleno corazón de la ciudad imperial.</p>
<p>La entrada <a href="https://elbuho.pe/2025/02/sujeto-atenta-contra-historica-piedra-de-los-12-angulos-en-cusco-y-es-capturado-video/">Dañan a golpes histórica piedra de los 12 ángulos en Cusco y capturan al responsable (VIDEO)</a> aparece primero en <a href="https://elbuho.pe">El Búho</a>.</p>
]]></description>
										<content:encoded><![CDATA[<img decoding="async" width="1200" height="675" src="https://elbuho.pe/wp-content/uploads/2025/02/piedra-12-angulos-atentado-indignacion-patrimonio.jpg" class="attachment-full size-full wp-post-image" alt="Cusco" style="float:right; margin:0 0 10px 10px;" srcset="https://elbuho.pe/wp-content/uploads/2025/02/piedra-12-angulos-atentado-indignacion-patrimonio.jpg 1200w, https://elbuho.pe/wp-content/uploads/2025/02/piedra-12-angulos-atentado-indignacion-patrimonio-150x84.jpg 150w, https://elbuho.pe/wp-content/uploads/2025/02/piedra-12-angulos-atentado-indignacion-patrimonio-300x169.jpg 300w, https://elbuho.pe/wp-content/uploads/2025/02/piedra-12-angulos-atentado-indignacion-patrimonio-600x338.jpg 600w, https://elbuho.pe/wp-content/uploads/2025/02/piedra-12-angulos-atentado-indignacion-patrimonio-696x392.jpg 696w, https://elbuho.pe/wp-content/uploads/2025/02/piedra-12-angulos-atentado-indignacion-patrimonio-1068x601.jpg 1068w" sizes="(max-width: 1200px) 100vw, 1200px" /><p>Un ataque vandálico perpetrado contra la histórica piedra de los 12 ángulos ha despertado la indignación en Cusco. En horas de la madrugada de este martes, un sujeto aún no identificado usó una herramienta para golpear repetidas veces esta joya arquitectónica situada en pleno corazón de la ciudad imperial. <strong>El hombre ya fue detenido por la Policía. Autoridades afirman que podría recibir hasta 6 años de cárcel.</strong></p>
<p><a href="https://www.youtube.com/watch?v=otwlQiTl0Iw">El video ¡DAÑO IRREVERSIBLE!| Sujeto atenta contra histórica piedra de los 12 ángulos en Cusco y es capturado se publicó en YouTube en este enlace</a></p>


<div class="wp-block-group"><div class="wp-block-group__inner-container is-layout-constrained wp-block-group-is-layout-constrained">
<h4 class="wp-block-heading" id="h-siguenos-tambien-en-nuestras-redes-sociales-nbsp"><strong>Síguenos también en nuestras redes sociales:&nbsp;</strong></h4>



<p>Búscanos en&nbsp;<a href="https://www.facebook.com/ElBuho.pe/">Facebook</a>,&nbsp;<a href="https://twitter.com/elbuho_pe">Twitter</a>,&nbsp;<a href="https://www.instagram.com/elbuho.pe/">Instagram</a>&nbsp;y&nbsp;<a href="https://www.youtube.com/user/SemanarioElBuho">YouTube</a>.</p>
</div></div>
<p>La entrada <a href="https://elbuho.pe/2025/02/sujeto-atenta-contra-historica-piedra-de-los-12-angulos-en-cusco-y-es-capturado-video/">Dañan a golpes histórica piedra de los 12 ángulos en Cusco y capturan al responsable (VIDEO)</a> aparece primero en <a href="https://elbuho.pe">El Búho</a>.</p>
]]></content:encoded>
					
		
		
			</item>
		<item>
		<title>Genio y excentricidad de Glenn Gould</title>
		<link>https://elbuho.pe/2025/02/genio-y-excentricidad-de-glenn-gould/</link>
		
		<dc:creator><![CDATA[Manuel Rosas Quispe]]></dc:creator>
		<pubDate>Tue, 18 Feb 2025 19:14:19 +0000</pubDate>
				<category><![CDATA[Música]]></category>
		<category><![CDATA[Glenn Gould]]></category>
		<guid isPermaLink="false">https://elbuho.pe/?p=375563</guid>

					<description><![CDATA[<p>"Un hombre de oído absoluto que jamás necesitó de práctica ni de técnica, sino que le bastó con su profunda e inigualable comprensión del sonido. Llegó un día (eso era inevitable) en que abandonaría la interpretación para encerrarse en un mundo puramente intelectual de comprensión de la música".</p>
<p>La entrada <a href="https://elbuho.pe/2025/02/genio-y-excentricidad-de-glenn-gould/">Genio y excentricidad de Glenn Gould</a> aparece primero en <a href="https://elbuho.pe">El Búho</a>.</p>
]]></description>
										<content:encoded><![CDATA[<img decoding="async" width="1200" height="675" src="https://elbuho.pe/wp-content/uploads/2025/02/glend.jpeg" class="attachment-full size-full wp-post-image" alt="Glenn Gould" style="float:right; margin:0 0 10px 10px;" srcset="https://elbuho.pe/wp-content/uploads/2025/02/glend.jpeg 1200w, https://elbuho.pe/wp-content/uploads/2025/02/glend-150x84.jpeg 150w, https://elbuho.pe/wp-content/uploads/2025/02/glend-300x169.jpeg 300w, https://elbuho.pe/wp-content/uploads/2025/02/glend-600x338.jpeg 600w, https://elbuho.pe/wp-content/uploads/2025/02/glend-696x392.jpeg 696w, https://elbuho.pe/wp-content/uploads/2025/02/glend-1068x601.jpeg 1068w" sizes="(max-width: 1200px) 100vw, 1200px" />
<p>“No, no soy en absoluto un excéntrico” (“Non, je ne suis pas du tout un excentrique”, Fayard, 1986) es una semblanza del controvertido pianista canadiense Glenn Gould, <strong>que Bruno Monsaigeon elaboró con la devoción y el aprecio propios de un “gouldiano” de corazón.</strong> Acantilado publicó la traducción en 2017.</p>



<p>Hay dos puntos que llaman la atención en este libro:</p>



<p>1. Los distintos registros que usa Monsaigeon <strong>para brindarnos un retrato ajustado de Gould</strong>. En la presentación, el autor nos relata cómo se gestó la obra (“Todo comenzó con una botella que arrojé al mar en 1971”). Después recurre al reportaje periodístico (con sus respectivas ilustraciones de época, en las que podemos ver, por ejemplo, a un jovencísimo Glenn Gould, meditabundo en una playa solitaria, como un romántico letraherida que se complaciese en la soledad y el abandono).</p>



<p>Después pasamos a la zona de entrevistas, empezando por la que le hicieron para el diario Star of Toronto, en marzo de 1959, cuando tras su gira por la Unión Soviética, había alcanzado un prestigio internacional y también su fama de excéntrico había empezado a sonar con mayor fuerza. En este apartado es especialmente interesante la entrevista que le hace John Jessop, autor de un estudio especializado en las técnicas radiofónicas de Gould. <strong>Para mí fue primera noticia saber que Gould también había incursionado, con su talento y su punto de vista inusuales, en el mundo de la radio a través de un extenso documental dividido en tres partes</strong>; “Trilogía de la Soledad” se llamó el proyecto (del que quizá la primera parte “La Idea del Norte” sea la más conocida) en el que se escuchan voces, pitidos de un tren, sonidos ambientales, una homilía, en fin, múltiples sonidos que, bajo la forma de un <em>ostinato</em> se nos revelan como una composición musical. En esta entrevista, Gould desmenuza los pormenores técnicos de realización y grabación de este singular proyecto haciendo uso de una jerga especializada que brinda muy valiosa información.</p>



<p>Tras la sección de entrevistas, se abre una segunda parte del libro titulada “Videoconferencia”. Desde que Gould se retiró de los escenarios y de la vida pública, en 1964, utilizó este sistema, el de la videoconferencia, para comunicarse con periodistas e investigadores que querían saber qué estaba tramando el pianista desde esa especie de autoexilio que se había impuesto. Monsaingeon, no sin un tono de humor, reúne esas videoconferencias en una sola y la antecede de un “dramatis personae” que nos informa quiénes (y a qué publicación especializada o a qué institución representan) harán las preguntas. En este punto es donde Gould se explaya en sus sorprendentes críticas a vacas sagradas como Chopin o Mozart. <strong>La tercera parte del libro, final, ofrece un curioso cuestionario que Gould completó a los 19 años y una memoria</strong>, muy evocadora y personal, de la Orquesta Filarmónica de Toronto, institución capital en la que Gould dio sus primeros pasos.</p>



<p>2. Lo segundo que sorprende en el libro es la figura increíblemente iconoclasta y fascinante de Glenn Gould. Sus manías y sus convicciones son expuestas con absoluta franqueza y son muy provocadoras. Tras leer el libro, uno entiende que la cita que le da título es irónica porque sí que era un excéntrico y, hasta podríamos decir, una especie de extraterrestre.<strong> Un hombre de oído absoluto que jamás necesitó de práctica ni de técnica, sino que le bastó con su profunda e inigualable comprensión del sonido. </strong>Llegó un día (eso era inevitable) en que abandonaría la interpretación para encerrarse en un mundo puramente intelectual de comprensión de la música. </p>



<p>Desde esa dichosa atalaya, Gould pudo decir que Chopin no tenía la capacidad para moverse en composiciones de estructuras más ambiciosas, pero con sus polonesas y mazurcas lo hizo bien. También dijo que a Mozart lo consideró siempre un niño. Un niño caprichoso que allí donde tenía que haber -por ejemplo- escrito un cambio tonal, prefirió colocar un <em>tutti</em>, sólo por capricho.<strong> A quien alaba con fervor es a Bach. Los ditirambos a favor del compositor alemán son de antología: revelan un amor y una comprensión muy profundos.</strong></p>



<p>Por supuesto, si a uno no le gusta Gould, poca gracia le va a hacer este libro. Pero yo creo que basta con escuchar las grabaciones que hizo para Columbia de las partitas 5 y 6 de Bach para cambiar de opinión. Podemos estar en total desacuerdo con su visión de la música (también dice cosas que suenan muy duras contra Alban Berg), pero no podemos negar que las dice desde la sinceridad y la absoluta franqueza. A mí, desde luego, me ha brindado un enfoque distinto sobre ciertos músicos que no me llamaban demasiado la atención (Felix Mendelssohn y Richard Strauss, en esencia) y que, a partir de ahora, escucharé tratando de entender o de sentir lo que Glenn experimentaba. </p>



<h4 class="wp-block-heading" id="h-siguenos-tambien-en-nuestras-redes-sociales-nbsp"><strong>Síguenos también en nuestras redes sociales:&nbsp;</strong></h4>



<p>Búscanos en&nbsp;<a href="https://www.facebook.com/ElBuho.pe/">Facebook</a>,&nbsp;<a href="https://twitter.com/elbuho_pe">Twitter</a>,&nbsp;<a href="https://www.instagram.com/elbuho.pe/">Instagram</a>&nbsp;y&nbsp;<a href="https://www.youtube.com/user/SemanarioElBuho">YouTube</a>.</p>
<p>La entrada <a href="https://elbuho.pe/2025/02/genio-y-excentricidad-de-glenn-gould/">Genio y excentricidad de Glenn Gould</a> aparece primero en <a href="https://elbuho.pe">El Búho</a>.</p>
]]></content:encoded>
					
		
		
			</item>
		<item>
		<title>Apostando al futuro: El Blockchain transforma la seguridad de las apuestas online</title>
		<link>https://elbuho.pe/2025/02/apostando-al-futuro-el-blockchain-transforma-la-seguridad-de-las-apuestas-online/</link>
		
		<dc:creator><![CDATA[Redacción El Búho]]></dc:creator>
		<pubDate>Tue, 18 Feb 2025 18:58:40 +0000</pubDate>
				<category><![CDATA[Entretenimiento]]></category>
		<category><![CDATA[Apuestas online]]></category>
		<guid isPermaLink="false">https://elbuho.pe/?p=375558</guid>

					<description><![CDATA[<p>El blockchain actúa como un guardián incansable, protegiendo cada centavo que mueves. Es como tener un sistema de seguridad de última generación.</p>
<p>La entrada <a href="https://elbuho.pe/2025/02/apostando-al-futuro-el-blockchain-transforma-la-seguridad-de-las-apuestas-online/">Apostando al futuro: El Blockchain transforma la seguridad de las apuestas online</a> aparece primero en <a href="https://elbuho.pe">El Búho</a>.</p>
]]></description>
										<content:encoded><![CDATA[<img decoding="async" width="1200" height="675" src="https://elbuho.pe/wp-content/uploads/2025/02/apuestas-1.png" class="attachment-full size-full wp-post-image" alt="Blockchain" style="float:right; margin:0 0 10px 10px;" srcset="https://elbuho.pe/wp-content/uploads/2025/02/apuestas-1.png 1200w, https://elbuho.pe/wp-content/uploads/2025/02/apuestas-1-150x84.png 150w, https://elbuho.pe/wp-content/uploads/2025/02/apuestas-1-300x169.png 300w, https://elbuho.pe/wp-content/uploads/2025/02/apuestas-1-600x338.png 600w, https://elbuho.pe/wp-content/uploads/2025/02/apuestas-1-696x392.png 696w, https://elbuho.pe/wp-content/uploads/2025/02/apuestas-1-1068x601.png 1068w" sizes="(max-width: 1200px) 100vw, 1200px" />
<p>¿Recuerdas esa época cuando escondíamos los billetes bajo el colchón? Esos tiempos donde el BCP parecía nuestra única salvación para guardar los ahorros. Bueno, prepárate, porque el mundo ha dado más vueltas que trompo en mano de niño.</p>



<p>La revolución blockchain llegó a las apuestas online pisando fuerte, como quien entra bailando a una fiesta. Esta tecnología no solo está transformando el panorama digital &#8211; está redefiniendo lo que entendemos por seguridad en las apuestas virtuales.</p>



<p>Imagina poder apostar en tu <a href="https://www.casasdeapuestas.io/pe/casinos/">casino en línea</a> favorito con la misma tranquilidad con la que tomas café en domingo. El blockchain actúa como un guardián incansable, protegiendo cada centavo que mueves. Es como tener un sistema de seguridad de última generación, pero sin las alarmas ruidosas ni los guardias malhumorados.</p>



<p>La magia está en los detalles. Cada operación queda registrada con una precisión quirúrgica, cada movimiento es más transparente que agua de manantial. El sistema funciona con la exactitud de un reloj suizo, pero con la calidez de una sobremesa familiar.</p>



<p>Esta revolución tecnológica no solo está cambiando las reglas del juego &#8211; está creando un nuevo juego por completo.</p>



<p>Veamos cómo esta maravilla tecnológica está cambiando el juego, literalmente.</p>



<h2 class="wp-block-heading" id="h-seguridad-blockchain-en-apuestas-mas-confiable-que-candado-de-banco"><a></a>Seguridad Blockchain en Apuestas: Más Confiable que Candado de Banco</h2>



<h3 class="wp-block-heading" id="h-proteccion-nivel-dios-tu-plata-mas-segura-que-nunca"><a></a>Protección Nivel Dios: Tu Plata Más Segura que Nunca</h3>



<p>¿Te has preguntado cómo protege el blockchain tu dinero? Imagina una caja fuerte digital con más capas de seguridad que cebolla en escabeche. Cada transacción queda grabada en piedra digital &#8211; más inmutable que jeroglíficos en huaca antigua.</p>



<p>Cuando mueves tu plata, el sistema la protege mejor que mamá cuidando la olla del domingo. Cada movimiento deja un rastro más claro que huellas en arena mojada, pero solo para los que deben verlo. Ni el hacker más mosca puede meter mano sin que salten más alarmas que en banco en pleno asalto.</p>



<h3 class="wp-block-heading" id="h-tu-privacidad-mas-protegida-que-secreto-de-confesion"><a></a>Tu Privacidad: Más Protegida que Secreto de Confesión</h3>



<p>¿Te preocupa que todo el barrio se entere de tus apuestas? Tranqui, causa. El <a href="https://elbuho.pe/?s=blockchain+">Blockchain</a> maneja tu privacidad mejor que bodeguero guardando su caja chica. Tus datos están más escondidos que caleta de pirata:</p>



<ul class="wp-block-list">
<li>Tu identidad: más protegida que billetera en mercado</li>



<li>Tus movimientos: más discretos que detective privado</li>



<li>Tu información: más segura que bóveda del BCR</li>
</ul>



<h3 class="wp-block-heading" id="h-seguridad-sin-precedentes-en-el-mundo-digital"><a></a>Seguridad sin Precedentes en el Mundo Digital</h3>



<p>¿Alguna vez te has preguntado qué hace al blockchain tan especial? No estamos hablando de cualquier sistema de seguridad digital. Imagina un nivel de protección tan robusto y sofisticado que haría parecer básica la seguridad de una bóveda bancaria tradicional.</p>



<p>En el mundo de las apuestas online, cada transacción cuenta con:</p>



<p>&#8211; Encriptación avanzada que protege cada operación</p>



<p>&#8211; Verificación continua de cada movimiento</p>



<p>&#8211; Registro inmutable de todas las transacciones</p>



<p>&#8211; Supervisión automatizada 24/7</p>



<h2 class="wp-block-heading" id="h-la-experiencia-de-apostar-con-confianza"><a></a>La Experiencia de Apostar con Confianza</h2>



<p>Cuando organizas tu noche de casino online, sea solo o con amigos, el blockchain te ofrece una tranquilidad incomparable. Es como tener un sistema de seguridad de última generación cuidando cada centavo de tu inversión.</p>



<p>La tecnología blockchain representa un salto cuántico en la seguridad de las apuestas online. No es solo una mejora &#8211; es una revolución completa en la forma de proteger tus activos digitales.</p>



<p>Con blockchain, cada sesión de juego está respaldada por la tecnología más avanzada en seguridad digital. Es la diferencia entre confiar y tener la certeza absoluta de que tus fondos están protegidos.</p>



<p>La próxima vez que entres a tu casa de apuestas favorita u organices una <a href="https://eltiempo.pe/deportes/de-la-chela-al-chip-guia-para-organizar-una-noche-de-casino-online-con-amigos-en-peru/">Noche de Casino Online con Amigos</a>, hazlo con blockchain. Vas a estar más tranquilo que gato echado al sol. Tu plata estará más protegida que guiso de la abuela en táper con nombre.</p>



<h4 class="wp-block-heading" id="h-siguenos-tambien-en-nuestras-redes-sociales-nbsp"><strong>Síguenos también en nuestras redes sociales:&nbsp;</strong></h4>



<p>Búscanos en&nbsp;<a href="https://www.facebook.com/ElBuho.pe/">Facebook</a>,&nbsp;<a href="https://twitter.com/elbuho_pe">Twitter</a>,&nbsp;<a href="https://www.instagram.com/elbuho.pe/">Instagram</a>&nbsp;y&nbsp;<a href="https://www.youtube.com/user/SemanarioElBuho">YouTube</a>.</p>
<p>La entrada <a href="https://elbuho.pe/2025/02/apostando-al-futuro-el-blockchain-transforma-la-seguridad-de-las-apuestas-online/">Apostando al futuro: El Blockchain transforma la seguridad de las apuestas online</a> aparece primero en <a href="https://elbuho.pe">El Búho</a>.</p>
]]></content:encoded>
					
		
		
			</item>
	</channel>
</rss>
